
*** Running vivado
    with args -log design_1_output_pin_0_0.vds -m64 -product Vivado -mode batch -messageDb vivado.pb -notrace -source design_1_output_pin_0_0.tcl


****** Vivado v2022.1 (64-bit)
  **** SW Build 3526262 on Mon Apr 18 15:47:01 MDT 2022
  **** IP Build 3524634 on Mon Apr 18 20:55:01 MDT 2022
    ** Copyright 1986-2022 Xilinx, Inc. All Rights Reserved.

source design_1_output_pin_0_0.tcl -notrace
INFO: [IP_Flow 19-234] Refreshing IP repositories
INFO: [IP_Flow 19-1700] Loaded user IP repository '/home/josh/caravel-soc_fpga/vivado/vitis_prj/hls_caravel_ps'.
INFO: [IP_Flow 19-1700] Loaded user IP repository '/home/josh/caravel-soc_fpga/vivado/vitis_prj/hls_output_pin'.
INFO: [IP_Flow 19-1700] Loaded user IP repository '/home/josh/caravel-soc_fpga/vivado/vitis_prj/hls_read_romcode'.
INFO: [IP_Flow 19-2313] Loaded Vivado IP repository '/mnt/X/tools/Xilinx/Vivado/2022.1/data/ip'.
Command: synth_design -top design_1_output_pin_0_0 -part xc7z020clg400-1 -incremental_mode off -mode out_of_context
Starting synth_design
Attempting to get a license for feature 'Synthesis' and/or device 'xc7z020'
INFO: [Common 17-349] Got license for feature 'Synthesis' and/or device 'xc7z020'
INFO: [Device 21-403] Loading part xc7z020clg400-1
INFO: [Synth 8-7079] Multithreading enabled for synth_design using a maximum of 4 processes.
INFO: [Synth 8-7078] Launching helper process for spawning children vivado processes
INFO: [Synth 8-7075] Helper process launched with PID 186990
---------------------------------------------------------------------------------
Starting RTL Elaboration : Time (s): cpu = 00:00:04 ; elapsed = 00:00:05 . Memory (MB): peak = 2875.652 ; gain = 0.000 ; free physical = 2091 ; free virtual = 8262
---------------------------------------------------------------------------------
INFO: [Synth 8-6157] synthesizing module 'design_1_output_pin_0_0' [/home/josh/caravel-soc_fpga/vivado/vvd_caravel_fpga/vvd_caravel_fpga.gen/sources_1/bd/design_1/ip/design_1_output_pin_0_0/synth/design_1_output_pin_0_0.v:53]
INFO: [Synth 8-6157] synthesizing module 'output_pin' [/home/josh/caravel-soc_fpga/vivado/vvd_caravel_fpga/vvd_caravel_fpga.gen/sources_1/bd/design_1/ipshared/9bff/hdl/verilog/output_pin.v:10]
INFO: [Synth 8-6157] synthesizing module 'output_pin_control_s_axi' [/home/josh/caravel-soc_fpga/vivado/vvd_caravel_fpga/vvd_caravel_fpga.gen/sources_1/bd/design_1/ipshared/9bff/hdl/verilog/output_pin_control_s_axi.v:7]
INFO: [Synth 8-155] case statement is not full and has no default [/home/josh/caravel-soc_fpga/vivado/vvd_caravel_fpga/vvd_caravel_fpga.gen/sources_1/bd/design_1/ipshared/9bff/hdl/verilog/output_pin_control_s_axi.v:163]
INFO: [Synth 8-6155] done synthesizing module 'output_pin_control_s_axi' (0#1) [/home/josh/caravel-soc_fpga/vivado/vvd_caravel_fpga/vvd_caravel_fpga.gen/sources_1/bd/design_1/ipshared/9bff/hdl/verilog/output_pin_control_s_axi.v:7]
INFO: [Synth 8-6155] done synthesizing module 'output_pin' (0#1) [/home/josh/caravel-soc_fpga/vivado/vvd_caravel_fpga/vvd_caravel_fpga.gen/sources_1/bd/design_1/ipshared/9bff/hdl/verilog/output_pin.v:10]
INFO: [Synth 8-6155] done synthesizing module 'design_1_output_pin_0_0' (0#1) [/home/josh/caravel-soc_fpga/vivado/vvd_caravel_fpga/vvd_caravel_fpga.gen/sources_1/bd/design_1/ip/design_1_output_pin_0_0/synth/design_1_output_pin_0_0.v:53]
WARNING: [Synth 8-7129] Port WDATA[31] in module output_pin_control_s_axi is either unconnected or has no load
WARNING: [Synth 8-7129] Port WDATA[30] in module output_pin_control_s_axi is either unconnected or has no load
WARNING: [Synth 8-7129] Port WDATA[29] in module output_pin_control_s_axi is either unconnected or has no load
WARNING: [Synth 8-7129] Port WDATA[28] in module output_pin_control_s_axi is either unconnected or has no load
WARNING: [Synth 8-7129] Port WDATA[27] in module output_pin_control_s_axi is either unconnected or has no load
WARNING: [Synth 8-7129] Port WDATA[26] in module output_pin_control_s_axi is either unconnected or has no load
WARNING: [Synth 8-7129] Port WDATA[25] in module output_pin_control_s_axi is either unconnected or has no load
WARNING: [Synth 8-7129] Port WDATA[24] in module output_pin_control_s_axi is either unconnected or has no load
WARNING: [Synth 8-7129] Port WDATA[23] in module output_pin_control_s_axi is either unconnected or has no load
WARNING: [Synth 8-7129] Port WDATA[22] in module output_pin_control_s_axi is either unconnected or has no load
WARNING: [Synth 8-7129] Port WDATA[21] in module output_pin_control_s_axi is either unconnected or has no load
WARNING: [Synth 8-7129] Port WDATA[20] in module output_pin_control_s_axi is either unconnected or has no load
WARNING: [Synth 8-7129] Port WDATA[19] in module output_pin_control_s_axi is either unconnected or has no load
WARNING: [Synth 8-7129] Port WDATA[18] in module output_pin_control_s_axi is either unconnected or has no load
WARNING: [Synth 8-7129] Port WDATA[17] in module output_pin_control_s_axi is either unconnected or has no load
WARNING: [Synth 8-7129] Port WDATA[16] in module output_pin_control_s_axi is either unconnected or has no load
WARNING: [Synth 8-7129] Port WDATA[15] in module output_pin_control_s_axi is either unconnected or has no load
WARNING: [Synth 8-7129] Port WDATA[14] in module output_pin_control_s_axi is either unconnected or has no load
WARNING: [Synth 8-7129] Port WDATA[13] in module output_pin_control_s_axi is either unconnected or has no load
WARNING: [Synth 8-7129] Port WDATA[12] in module output_pin_control_s_axi is either unconnected or has no load
WARNING: [Synth 8-7129] Port WDATA[11] in module output_pin_control_s_axi is either unconnected or has no load
WARNING: [Synth 8-7129] Port WDATA[10] in module output_pin_control_s_axi is either unconnected or has no load
WARNING: [Synth 8-7129] Port WDATA[9] in module output_pin_control_s_axi is either unconnected or has no load
WARNING: [Synth 8-7129] Port WDATA[8] in module output_pin_control_s_axi is either unconnected or has no load
WARNING: [Synth 8-7129] Port WDATA[7] in module output_pin_control_s_axi is either unconnected or has no load
WARNING: [Synth 8-7129] Port WDATA[6] in module output_pin_control_s_axi is either unconnected or has no load
WARNING: [Synth 8-7129] Port WDATA[5] in module output_pin_control_s_axi is either unconnected or has no load
WARNING: [Synth 8-7129] Port WDATA[4] in module output_pin_control_s_axi is either unconnected or has no load
WARNING: [Synth 8-7129] Port WDATA[3] in module output_pin_control_s_axi is either unconnected or has no load
WARNING: [Synth 8-7129] Port WDATA[2] in module output_pin_control_s_axi is either unconnected or has no load
WARNING: [Synth 8-7129] Port WDATA[1] in module output_pin_control_s_axi is either unconnected or has no load
---------------------------------------------------------------------------------
Finished RTL Elaboration : Time (s): cpu = 00:00:06 ; elapsed = 00:00:06 . Memory (MB): peak = 2875.652 ; gain = 0.000 ; free physical = 3424 ; free virtual = 9591
---------------------------------------------------------------------------------
---------------------------------------------------------------------------------
Start Handling Custom Attributes
---------------------------------------------------------------------------------
---------------------------------------------------------------------------------
Finished Handling Custom Attributes : Time (s): cpu = 00:00:06 ; elapsed = 00:00:07 . Memory (MB): peak = 2875.652 ; gain = 0.000 ; free physical = 3491 ; free virtual = 9658
---------------------------------------------------------------------------------
---------------------------------------------------------------------------------
Finished RTL Optimization Phase 1 : Time (s): cpu = 00:00:06 ; elapsed = 00:00:07 . Memory (MB): peak = 2875.652 ; gain = 0.000 ; free physical = 3491 ; free virtual = 9658
---------------------------------------------------------------------------------
Netlist sorting complete. Time (s): cpu = 00:00:00 ; elapsed = 00:00:00 . Memory (MB): peak = 2875.652 ; gain = 0.000 ; free physical = 3494 ; free virtual = 9661
INFO: [Project 1-570] Preparing netlist for logic optimization

Processing XDC Constraints
Initializing timing engine
Parsing XDC File [/home/josh/caravel-soc_fpga/vivado/vvd_caravel_fpga/vvd_caravel_fpga.gen/sources_1/bd/design_1/ip/design_1_output_pin_0_0/constraints/output_pin_ooc.xdc] for cell 'inst'
Finished Parsing XDC File [/home/josh/caravel-soc_fpga/vivado/vvd_caravel_fpga/vvd_caravel_fpga.gen/sources_1/bd/design_1/ip/design_1_output_pin_0_0/constraints/output_pin_ooc.xdc] for cell 'inst'
Parsing XDC File [/home/josh/caravel-soc_fpga/vivado/vvd_caravel_fpga/vvd_caravel_fpga.runs/design_1_output_pin_0_0_synth_1/dont_touch.xdc]
Finished Parsing XDC File [/home/josh/caravel-soc_fpga/vivado/vvd_caravel_fpga/vvd_caravel_fpga.runs/design_1_output_pin_0_0_synth_1/dont_touch.xdc]
Completed Processing XDC Constraints

Netlist sorting complete. Time (s): cpu = 00:00:00 ; elapsed = 00:00:00 . Memory (MB): peak = 2907.668 ; gain = 0.000 ; free physical = 3414 ; free virtual = 9573
INFO: [Project 1-111] Unisim Transformation Summary:
No Unisim elements were transformed.

Constraint Validation Runtime : Time (s): cpu = 00:00:00.02 ; elapsed = 00:00:00.02 . Memory (MB): peak = 2907.668 ; gain = 0.000 ; free physical = 3414 ; free virtual = 9573
INFO: [Designutils 20-5008] Incremental synthesis strategy off
---------------------------------------------------------------------------------
Finished Constraint Validation : Time (s): cpu = 00:00:12 ; elapsed = 00:00:13 . Memory (MB): peak = 2907.668 ; gain = 32.016 ; free physical = 5800 ; free virtual = 11960
---------------------------------------------------------------------------------
---------------------------------------------------------------------------------
Start Loading Part and Timing Information
---------------------------------------------------------------------------------
Loading part: xc7z020clg400-1
---------------------------------------------------------------------------------
Finished Loading Part and Timing Information : Time (s): cpu = 00:00:12 ; elapsed = 00:00:13 . Memory (MB): peak = 2907.668 ; gain = 32.016 ; free physical = 5800 ; free virtual = 11960
---------------------------------------------------------------------------------
---------------------------------------------------------------------------------
Start Applying 'set_property' XDC Constraints
---------------------------------------------------------------------------------
Applied set_property KEEP_HIERARCHY = SOFT for inst. (constraint file  /home/josh/caravel-soc_fpga/vivado/vvd_caravel_fpga/vvd_caravel_fpga.runs/design_1_output_pin_0_0_synth_1/dont_touch.xdc, line 9).
---------------------------------------------------------------------------------
Finished applying 'set_property' XDC Constraints : Time (s): cpu = 00:00:12 ; elapsed = 00:00:13 . Memory (MB): peak = 2907.668 ; gain = 32.016 ; free physical = 5800 ; free virtual = 11960
---------------------------------------------------------------------------------
INFO: [Synth 8-802] inferred FSM for state register 'wstate_reg' in module 'output_pin_control_s_axi'
INFO: [Synth 8-802] inferred FSM for state register 'rstate_reg' in module 'output_pin_control_s_axi'
---------------------------------------------------------------------------------------------------
                   State |                     New Encoding |                Previous Encoding 
---------------------------------------------------------------------------------------------------
                  iSTATE |                             0001 |                               11
*
                  WRIDLE |                             0010 |                               00
                  WRDATA |                             0100 |                               01
                  WRRESP |                             1000 |                               10
---------------------------------------------------------------------------------------------------
INFO: [Synth 8-3354] encoded FSM with state register 'wstate_reg' using encoding 'one-hot' in module 'output_pin_control_s_axi'
---------------------------------------------------------------------------------------------------
                   State |                     New Encoding |                Previous Encoding 
---------------------------------------------------------------------------------------------------
                  iSTATE |                              001 |                               10
*
                  RDIDLE |                              010 |                               00
                  RDDATA |                              100 |                               01
---------------------------------------------------------------------------------------------------
INFO: [Synth 8-3354] encoded FSM with state register 'rstate_reg' using encoding 'one-hot' in module 'output_pin_control_s_axi'
---------------------------------------------------------------------------------
Finished RTL Optimization Phase 2 : Time (s): cpu = 00:00:12 ; elapsed = 00:00:13 . Memory (MB): peak = 2907.668 ; gain = 32.016 ; free physical = 5800 ; free virtual = 11961
---------------------------------------------------------------------------------
---------------------------------------------------------------------------------
Start RTL Component Statistics 
---------------------------------------------------------------------------------
Detailed RTL Component Info : 
+---Registers : 
	               32 Bit    Registers := 1     
	                5 Bit    Registers := 1     
	                1 Bit    Registers := 1     
+---Muxes : 
	   2 Input   32 Bit        Muxes := 2     
	   4 Input    4 Bit        Muxes := 1     
	   2 Input    4 Bit        Muxes := 3     
	   3 Input    3 Bit        Muxes := 1     
	   2 Input    3 Bit        Muxes := 2     
	   2 Input    1 Bit        Muxes := 1     
---------------------------------------------------------------------------------
Finished RTL Component Statistics 
---------------------------------------------------------------------------------
---------------------------------------------------------------------------------
Start Part Resource Summary
---------------------------------------------------------------------------------
Part Resources:
DSPs: 220 (col length:60)
BRAMs: 280 (col length: RAMB18 60 RAMB36 30)
---------------------------------------------------------------------------------
Finished Part Resource Summary
---------------------------------------------------------------------------------
---------------------------------------------------------------------------------
Start Cross Boundary and Area Optimization
---------------------------------------------------------------------------------
WARNING: [Synth 8-7080] Parallel synthesis criteria is not met
WARNING: [Synth 8-7129] Port s_axi_control_WDATA[31] in module output_pin is either unconnected or has no load
WARNING: [Synth 8-7129] Port s_axi_control_WDATA[30] in module output_pin is either unconnected or has no load
WARNING: [Synth 8-7129] Port s_axi_control_WDATA[29] in module output_pin is either unconnected or has no load
WARNING: [Synth 8-7129] Port s_axi_control_WDATA[28] in module output_pin is either unconnected or has no load
WARNING: [Synth 8-7129] Port s_axi_control_WDATA[27] in module output_pin is either unconnected or has no load
WARNING: [Synth 8-7129] Port s_axi_control_WDATA[26] in module output_pin is either unconnected or has no load
WARNING: [Synth 8-7129] Port s_axi_control_WDATA[25] in module output_pin is either unconnected or has no load
WARNING: [Synth 8-7129] Port s_axi_control_WDATA[24] in module output_pin is either unconnected or has no load
WARNING: [Synth 8-7129] Port s_axi_control_WDATA[23] in module output_pin is either unconnected or has no load
WARNING: [Synth 8-7129] Port s_axi_control_WDATA[22] in module output_pin is either unconnected or has no load
WARNING: [Synth 8-7129] Port s_axi_control_WDATA[21] in module output_pin is either unconnected or has no load
WARNING: [Synth 8-7129] Port s_axi_control_WDATA[20] in module output_pin is either unconnected or has no load
WARNING: [Synth 8-7129] Port s_axi_control_WDATA[19] in module output_pin is either unconnected or has no load
WARNING: [Synth 8-7129] Port s_axi_control_WDATA[18] in module output_pin is either unconnected or has no load
WARNING: [Synth 8-7129] Port s_axi_control_WDATA[17] in module output_pin is either unconnected or has no load
WARNING: [Synth 8-7129] Port s_axi_control_WDATA[16] in module output_pin is either unconnected or has no load
WARNING: [Synth 8-7129] Port s_axi_control_WDATA[15] in module output_pin is either unconnected or has no load
WARNING: [Synth 8-7129] Port s_axi_control_WDATA[14] in module output_pin is either unconnected or has no load
WARNING: [Synth 8-7129] Port s_axi_control_WDATA[13] in module output_pin is either unconnected or has no load
WARNING: [Synth 8-7129] Port s_axi_control_WDATA[12] in module output_pin is either unconnected or has no load
WARNING: [Synth 8-7129] Port s_axi_control_WDATA[11] in module output_pin is either unconnected or has no load
WARNING: [Synth 8-7129] Port s_axi_control_WDATA[10] in module output_pin is either unconnected or has no load
WARNING: [Synth 8-7129] Port s_axi_control_WDATA[9] in module output_pin is either unconnected or has no load
WARNING: [Synth 8-7129] Port s_axi_control_WDATA[8] in module output_pin is either unconnected or has no load
WARNING: [Synth 8-7129] Port s_axi_control_WDATA[7] in module output_pin is either unconnected or has no load
WARNING: [Synth 8-7129] Port s_axi_control_WDATA[6] in module output_pin is either unconnected or has no load
WARNING: [Synth 8-7129] Port s_axi_control_WDATA[5] in module output_pin is either unconnected or has no load
WARNING: [Synth 8-7129] Port s_axi_control_WDATA[4] in module output_pin is either unconnected or has no load
WARNING: [Synth 8-7129] Port s_axi_control_WDATA[3] in module output_pin is either unconnected or has no load
WARNING: [Synth 8-7129] Port s_axi_control_WDATA[2] in module output_pin is either unconnected or has no load
WARNING: [Synth 8-7129] Port s_axi_control_WDATA[1] in module output_pin is either unconnected or has no load
WARNING: [Synth 8-7129] Port s_axi_control_WSTRB[3] in module output_pin is either unconnected or has no load
WARNING: [Synth 8-7129] Port s_axi_control_WSTRB[2] in module output_pin is either unconnected or has no load
WARNING: [Synth 8-7129] Port s_axi_control_WSTRB[1] in module output_pin is either unconnected or has no load
WARNING: [Synth 8-3332] Sequential element (control_s_axi_U/FSM_onehot_wstate_reg[0]) is unused and will be removed from module output_pin.
WARNING: [Synth 8-3332] Sequential element (control_s_axi_U/FSM_onehot_rstate_reg[0]) is unused and will be removed from module output_pin.
---------------------------------------------------------------------------------
Finished Cross Boundary and Area Optimization : Time (s): cpu = 00:00:13 ; elapsed = 00:00:14 . Memory (MB): peak = 2907.668 ; gain = 32.016 ; free physical = 5773 ; free virtual = 11937
---------------------------------------------------------------------------------
---------------------------------------------------------------------------------
Start Applying XDC Timing Constraints
---------------------------------------------------------------------------------
---------------------------------------------------------------------------------
Finished Applying XDC Timing Constraints : Time (s): cpu = 00:00:18 ; elapsed = 00:00:19 . Memory (MB): peak = 2907.668 ; gain = 32.016 ; free physical = 5663 ; free virtual = 11827
---------------------------------------------------------------------------------
---------------------------------------------------------------------------------
Start Timing Optimization
---------------------------------------------------------------------------------
---------------------------------------------------------------------------------
Finished Timing Optimization : Time (s): cpu = 00:00:18 ; elapsed = 00:00:19 . Memory (MB): peak = 2907.668 ; gain = 32.016 ; free physical = 5663 ; free virtual = 11827
---------------------------------------------------------------------------------
---------------------------------------------------------------------------------
Start Technology Mapping
---------------------------------------------------------------------------------
---------------------------------------------------------------------------------
Finished Technology Mapping : Time (s): cpu = 00:00:18 ; elapsed = 00:00:19 . Memory (MB): peak = 2907.668 ; gain = 32.016 ; free physical = 5647 ; free virtual = 11812
---------------------------------------------------------------------------------
---------------------------------------------------------------------------------
Start IO Insertion
---------------------------------------------------------------------------------
---------------------------------------------------------------------------------
Start Flattening Before IO Insertion
---------------------------------------------------------------------------------
---------------------------------------------------------------------------------
Finished Flattening Before IO Insertion
---------------------------------------------------------------------------------
---------------------------------------------------------------------------------
Start Final Netlist Cleanup
---------------------------------------------------------------------------------
---------------------------------------------------------------------------------
Finished Final Netlist Cleanup
---------------------------------------------------------------------------------
---------------------------------------------------------------------------------
Finished IO Insertion : Time (s): cpu = 00:00:22 ; elapsed = 00:00:23 . Memory (MB): peak = 2907.668 ; gain = 32.016 ; free physical = 5648 ; free virtual = 11812
---------------------------------------------------------------------------------
---------------------------------------------------------------------------------
Start Renaming Generated Instances
---------------------------------------------------------------------------------
---------------------------------------------------------------------------------
Finished Renaming Generated Instances : Time (s): cpu = 00:00:22 ; elapsed = 00:00:23 . Memory (MB): peak = 2907.668 ; gain = 32.016 ; free physical = 5648 ; free virtual = 11812
---------------------------------------------------------------------------------
---------------------------------------------------------------------------------
Start Rebuilding User Hierarchy
---------------------------------------------------------------------------------
---------------------------------------------------------------------------------
Finished Rebuilding User Hierarchy : Time (s): cpu = 00:00:22 ; elapsed = 00:00:23 . Memory (MB): peak = 2907.668 ; gain = 32.016 ; free physical = 5648 ; free virtual = 11812
---------------------------------------------------------------------------------
---------------------------------------------------------------------------------
Start Renaming Generated Ports
---------------------------------------------------------------------------------
---------------------------------------------------------------------------------
Finished Renaming Generated Ports : Time (s): cpu = 00:00:22 ; elapsed = 00:00:23 . Memory (MB): peak = 2907.668 ; gain = 32.016 ; free physical = 5648 ; free virtual = 11812
---------------------------------------------------------------------------------
---------------------------------------------------------------------------------
Start Handling Custom Attributes
---------------------------------------------------------------------------------
---------------------------------------------------------------------------------
Finished Handling Custom Attributes : Time (s): cpu = 00:00:22 ; elapsed = 00:00:23 . Memory (MB): peak = 2907.668 ; gain = 32.016 ; free physical = 5648 ; free virtual = 11812
---------------------------------------------------------------------------------
---------------------------------------------------------------------------------
Start Renaming Generated Nets
---------------------------------------------------------------------------------
---------------------------------------------------------------------------------
Finished Renaming Generated Nets : Time (s): cpu = 00:00:22 ; elapsed = 00:00:23 . Memory (MB): peak = 2907.668 ; gain = 32.016 ; free physical = 5648 ; free virtual = 11812
---------------------------------------------------------------------------------
---------------------------------------------------------------------------------
Start Writing Synthesis Report
---------------------------------------------------------------------------------

Report BlackBoxes: 
+-+--------------+----------+
| |BlackBox name |Instances |
+-+--------------+----------+
+-+--------------+----------+

Report Cell Usage: 
+------+-----+------+
|      |Cell |Count |
+------+-----+------+
|1     |LUT1 |     1|
|2     |LUT2 |     1|
|3     |LUT4 |     4|
|4     |LUT5 |     4|
|5     |LUT6 |     1|
|6     |FDRE |    12|
+------+-----+------+
---------------------------------------------------------------------------------
Finished Writing Synthesis Report : Time (s): cpu = 00:00:22 ; elapsed = 00:00:23 . Memory (MB): peak = 2907.668 ; gain = 32.016 ; free physical = 5648 ; free virtual = 11812
---------------------------------------------------------------------------------
Synthesis finished with 0 errors, 0 critical warnings and 37 warnings.
Synthesis Optimization Runtime : Time (s): cpu = 00:00:20 ; elapsed = 00:00:21 . Memory (MB): peak = 2907.668 ; gain = 0.000 ; free physical = 5713 ; free virtual = 11878
Synthesis Optimization Complete : Time (s): cpu = 00:00:22 ; elapsed = 00:00:23 . Memory (MB): peak = 2907.676 ; gain = 32.016 ; free physical = 5713 ; free virtual = 11877
INFO: [Project 1-571] Translating synthesized netlist
Netlist sorting complete. Time (s): cpu = 00:00:00 ; elapsed = 00:00:00 . Memory (MB): peak = 2907.676 ; gain = 0.000 ; free physical = 5709 ; free virtual = 11873
INFO: [Project 1-570] Preparing netlist for logic optimization
INFO: [Opt 31-138] Pushed 0 inverter(s) to 0 load pin(s).
Netlist sorting complete. Time (s): cpu = 00:00:00 ; elapsed = 00:00:00 . Memory (MB): peak = 2907.676 ; gain = 0.000 ; free physical = 5753 ; free virtual = 11917
INFO: [Project 1-111] Unisim Transformation Summary:
No Unisim elements were transformed.

Synth Design complete, checksum: 5cf502c0
INFO: [Common 17-83] Releasing license: Synthesis
29 Infos, 68 Warnings, 0 Critical Warnings and 0 Errors encountered.
synth_design completed successfully
synth_design: Time (s): cpu = 00:00:32 ; elapsed = 00:00:29 . Memory (MB): peak = 2907.676 ; gain = 32.023 ; free physical = 5950 ; free virtual = 12115
INFO: [Common 17-1381] The checkpoint '/home/josh/caravel-soc_fpga/vivado/vvd_caravel_fpga/vvd_caravel_fpga.runs/design_1_output_pin_0_0_synth_1/design_1_output_pin_0_0.dcp' has been generated.
INFO: [Coretcl 2-1648] Added synthesis output to IP cache for IP design_1_output_pin_0_0, cache-ID = 1f1f46d8f918cf1b
INFO: [Coretcl 2-1174] Renamed 2 cell refs.
INFO: [Common 17-1381] The checkpoint '/home/josh/caravel-soc_fpga/vivado/vvd_caravel_fpga/vvd_caravel_fpga.runs/design_1_output_pin_0_0_synth_1/design_1_output_pin_0_0.dcp' has been generated.
INFO: [runtcl-4] Executing : report_utilization -file design_1_output_pin_0_0_utilization_synth.rpt -pb design_1_output_pin_0_0_utilization_synth.pb
INFO: [Common 17-206] Exiting Vivado at Fri Jun  2 19:20:04 2023...
