
counter_la_fir.elf:     file format elf32-littleriscv


Disassembly of section .text:

10000000 <_ftext>:
10000000:	0b00006f          	j	100000b0 <crt_init>
10000004:	00000013          	nop
10000008:	00000013          	nop
1000000c:	00000013          	nop
10000010:	00000013          	nop
10000014:	00000013          	nop
10000018:	00000013          	nop
1000001c:	00000013          	nop

10000020 <trap_entry>:
10000020:	fe112e23          	sw	ra,-4(sp)
10000024:	fe512c23          	sw	t0,-8(sp)
10000028:	fe612a23          	sw	t1,-12(sp)
1000002c:	fe712823          	sw	t2,-16(sp)
10000030:	fea12623          	sw	a0,-20(sp)
10000034:	feb12423          	sw	a1,-24(sp)
10000038:	fec12223          	sw	a2,-28(sp)
1000003c:	fed12023          	sw	a3,-32(sp)
10000040:	fce12e23          	sw	a4,-36(sp)
10000044:	fcf12c23          	sw	a5,-40(sp)
10000048:	fd012a23          	sw	a6,-44(sp)
1000004c:	fd112823          	sw	a7,-48(sp)
10000050:	fdc12623          	sw	t3,-52(sp)
10000054:	fdd12423          	sw	t4,-56(sp)
10000058:	fde12223          	sw	t5,-60(sp)
1000005c:	fdf12023          	sw	t6,-64(sp)
10000060:	fc010113          	addi	sp,sp,-64
10000064:	0e4000ef          	jal	ra,10000148 <isr>
10000068:	03c12083          	lw	ra,60(sp)
1000006c:	03812283          	lw	t0,56(sp)
10000070:	03412303          	lw	t1,52(sp)
10000074:	03012383          	lw	t2,48(sp)
10000078:	02c12503          	lw	a0,44(sp)
1000007c:	02812583          	lw	a1,40(sp)
10000080:	02412603          	lw	a2,36(sp)
10000084:	02012683          	lw	a3,32(sp)
10000088:	01c12703          	lw	a4,28(sp)
1000008c:	01812783          	lw	a5,24(sp)
10000090:	01412803          	lw	a6,20(sp)
10000094:	01012883          	lw	a7,16(sp)
10000098:	00c12e03          	lw	t3,12(sp)
1000009c:	00812e83          	lw	t4,8(sp)
100000a0:	00412f03          	lw	t5,4(sp)
100000a4:	00012f83          	lw	t6,0(sp)
100000a8:	04010113          	addi	sp,sp,64
100000ac:	30200073          	mret

100000b0 <crt_init>:
100000b0:	60000113          	li	sp,1536
100000b4:	00000517          	auipc	a0,0x0
100000b8:	f6c50513          	addi	a0,a0,-148 # 10000020 <trap_entry>
100000bc:	30551073          	csrw	mtvec,a0

100000c0 <sram_init>:
100000c0:	28000517          	auipc	a0,0x28000
100000c4:	f4050513          	addi	a0,a0,-192 # 38000000 <initfir>
100000c8:	28000597          	auipc	a1,0x28000
100000cc:	06c58593          	addi	a1,a1,108 # 38000134 <_esram>
100000d0:	00000617          	auipc	a2,0x0
100000d4:	15860613          	addi	a2,a2,344 # 10000228 <_esram_rom>

100000d8 <sram_loop>:
100000d8:	00b50c63          	beq	a0,a1,100000f0 <data_init>
100000dc:	00062683          	lw	a3,0(a2)
100000e0:	00d52023          	sw	a3,0(a0)
100000e4:	00450513          	addi	a0,a0,4
100000e8:	00460613          	addi	a2,a2,4
100000ec:	fedff06f          	j	100000d8 <sram_loop>

100000f0 <data_init>:
100000f0:	00000513          	li	a0,0
100000f4:	03000593          	li	a1,48
100000f8:	00000617          	auipc	a2,0x0
100000fc:	10060613          	addi	a2,a2,256 # 100001f8 <_erodata>

10000100 <data_loop>:
10000100:	00b50c63          	beq	a0,a1,10000118 <bss_init>
10000104:	00062683          	lw	a3,0(a2)
10000108:	00d52023          	sw	a3,0(a0)
1000010c:	00450513          	addi	a0,a0,4
10000110:	00460613          	addi	a2,a2,4
10000114:	fedff06f          	j	10000100 <data_loop>

10000118 <bss_init>:
10000118:	03000513          	li	a0,48
1000011c:	13800593          	li	a1,312

10000120 <bss_loop>:
10000120:	00b50863          	beq	a0,a1,10000130 <bss_done>
10000124:	00052023          	sw	zero,0(a0)
10000128:	00450513          	addi	a0,a0,4
1000012c:	ff5ff06f          	j	10000120 <bss_loop>

10000130 <bss_done>:
10000130:	00001537          	lui	a0,0x1
10000134:	88050513          	addi	a0,a0,-1920 # 880 <_fstack+0x280>
10000138:	30451073          	csrw	mie,a0
1000013c:	28000097          	auipc	ra,0x28000
10000140:	f70080e7          	jalr	-144(ra) # 380000ac <main>

10000144 <infinit_loop>:
10000144:	0000006f          	j	10000144 <infinit_loop>

10000148 <isr>:
10000148:	00000793          	li	a5,0
1000014c:	bc079073          	csrw	0xbc0,a5
10000150:	f00037b7          	lui	a5,0xf0003
10000154:	00a00713          	li	a4,10
10000158:	02e7ac23          	sw	a4,56(a5) # f0003038 <_esram+0xb8002f04>
1000015c:	00020737          	lui	a4,0x20
10000160:	02e7ae23          	sw	a4,60(a5)
10000164:	00100713          	li	a4,1
10000168:	02e01823          	sh	a4,48(zero) # 30 <flag>
1000016c:	00008067          	ret

10000170 <putchar>:
10000170:	ff010113          	addi	sp,sp,-16
10000174:	00112623          	sw	ra,12(sp)
10000178:	00812423          	sw	s0,8(sp)
1000017c:	00050413          	mv	s0,a0
10000180:	00a00793          	li	a5,10
10000184:	02f50663          	beq	a0,a5,100001b0 <putchar+0x40>
10000188:	f00066b7          	lui	a3,0xf0006
1000018c:	00100713          	li	a4,1
10000190:	8046a783          	lw	a5,-2044(a3) # f0005804 <_esram+0xb80056d0>
10000194:	fee78ee3          	beq	a5,a4,10000190 <putchar+0x20>
10000198:	f00067b7          	lui	a5,0xf0006
1000019c:	8087a023          	sw	s0,-2048(a5) # f0005800 <_esram+0xb80056cc>
100001a0:	00c12083          	lw	ra,12(sp)
100001a4:	00812403          	lw	s0,8(sp)
100001a8:	01010113          	addi	sp,sp,16
100001ac:	00008067          	ret
100001b0:	00d00513          	li	a0,13
100001b4:	fbdff0ef          	jal	ra,10000170 <putchar>
100001b8:	fd1ff06f          	j	10000188 <putchar+0x18>

100001bc <print>:
100001bc:	ff010113          	addi	sp,sp,-16
100001c0:	00112623          	sw	ra,12(sp)
100001c4:	00812423          	sw	s0,8(sp)
100001c8:	00050413          	mv	s0,a0
100001cc:	00054503          	lbu	a0,0(a0)
100001d0:	00050a63          	beqz	a0,100001e4 <print+0x28>
100001d4:	00140413          	addi	s0,s0,1
100001d8:	f99ff0ef          	jal	ra,10000170 <putchar>
100001dc:	00044503          	lbu	a0,0(s0)
100001e0:	fe051ae3          	bnez	a0,100001d4 <print+0x18>
100001e4:	00c12083          	lw	ra,12(sp)
100001e8:	00812403          	lw	s0,8(sp)
100001ec:	01010113          	addi	sp,sp,16
100001f0:	00008067          	ret

Disassembly of section .rodata:

100001f4 <_erodata-0x4>:
100001f4:	0000                	.2byte	0x0
	...

Disassembly of section .data:

00000000 <taps>:
   0:	0000                	.2byte	0x0
   2:	0000                	.2byte	0x0
   4:	fff6                	.2byte	0xfff6
   6:	ffff                	.2byte	0xffff
   8:	fffffff7          	.4byte	0xfffffff7
   c:	00000017          	auipc	zero,0x0
  10:	0038                	.2byte	0x38
  12:	0000                	.2byte	0x0
  14:	0000003f 00000038 	.8byte	0x380000003f
  1c:	00000017          	auipc	zero,0x0
  20:	fffffff7          	.4byte	0xfffffff7
  24:	fff6                	.2byte	0xfff6
  26:	ffff                	.2byte	0xffff
	...

Disassembly of section .bss:

00000030 <flag>:
  30:	0000                	.2byte	0x0
	...

00000034 <outputsignal>:
	...

Disassembly of section .mprjram:

38000000 <initfir>:
38000000:	300007b7          	lui	a5,0x30000
38000004:	04000713          	li	a4,64
38000008:	00e7a823          	sw	a4,16(a5) # 30000010 <_esram_rom+0x1ffffde8>
3800000c:	00000713          	li	a4,0
38000010:	02c70593          	addi	a1,a4,44 # 2002c <_fstack+0x1fa2c>
38000014:	00000793          	li	a5,0
38000018:	30000637          	lui	a2,0x30000
3800001c:	04060613          	addi	a2,a2,64 # 30000040 <_esram_rom+0x1ffffe18>
38000020:	40e60633          	sub	a2,a2,a4
38000024:	00f60733          	add	a4,a2,a5
38000028:	0007a683          	lw	a3,0(a5)
3800002c:	00d72023          	sw	a3,0(a4)
38000030:	00478793          	addi	a5,a5,4
38000034:	feb798e3          	bne	a5,a1,38000024 <initfir+0x24>
38000038:	00008067          	ret

3800003c <fir_excute>:
3800003c:	260007b7          	lui	a5,0x26000
38000040:	00a50737          	lui	a4,0xa50
38000044:	00e7a623          	sw	a4,12(a5) # 2600000c <_esram_rom+0x15fffde4>
38000048:	300007b7          	lui	a5,0x30000
3800004c:	00100713          	li	a4,1
38000050:	00e7a023          	sw	a4,0(a5) # 30000000 <_esram_rom+0x1ffffdd8>
38000054:	0807a023          	sw	zero,128(a5)
38000058:	08e7a023          	sw	a4,128(a5)
3800005c:	03800713          	li	a4,56
38000060:	00200793          	li	a5,2
38000064:	300006b7          	lui	a3,0x30000
38000068:	04000593          	li	a1,64
3800006c:	0846a603          	lw	a2,132(a3) # 30000084 <_esram_rom+0x1ffffe5c>
38000070:	00c72023          	sw	a2,0(a4) # a50000 <_fstack+0xa4fa00>
38000074:	08f6a023          	sw	a5,128(a3)
38000078:	00178793          	addi	a5,a5,1
3800007c:	00470713          	addi	a4,a4,4
38000080:	feb796e3          	bne	a5,a1,3800006c <fir_excute+0x30>
38000084:	30000737          	lui	a4,0x30000
38000088:	08472783          	lw	a5,132(a4) # 30000084 <_esram_rom+0x1ffffe5c>
3800008c:	12f02823          	sw	a5,304(zero) # 130 <outputsignal+0xfc>
38000090:	00072703          	lw	a4,0(a4)
38000094:	01879793          	slli	a5,a5,0x18
38000098:	005a0737          	lui	a4,0x5a0
3800009c:	00e7e7b3          	or	a5,a5,a4
380000a0:	26000737          	lui	a4,0x26000
380000a4:	00f72623          	sw	a5,12(a4) # 2600000c <_esram_rom+0x15fffde4>
380000a8:	00008067          	ret

380000ac <main>:
380000ac:	ff010113          	addi	sp,sp,-16
380000b0:	00112623          	sw	ra,12(sp)
380000b4:	26000737          	lui	a4,0x26000
380000b8:	000027b7          	lui	a5,0x2
380000bc:	80978793          	addi	a5,a5,-2039 # 1809 <_fstack+0x1209>
380000c0:	0af72023          	sw	a5,160(a4) # 260000a0 <_esram_rom+0x15fffe78>
380000c4:	08f72e23          	sw	a5,156(a4)
380000c8:	08f72c23          	sw	a5,152(a4)
380000cc:	08f72a23          	sw	a5,148(a4)
380000d0:	08f72823          	sw	a5,144(a4)
380000d4:	08f72623          	sw	a5,140(a4)
380000d8:	08f72423          	sw	a5,136(a4)
380000dc:	08f72223          	sw	a5,132(a4)
380000e0:	08f72023          	sw	a5,128(a4)
380000e4:	06f72e23          	sw	a5,124(a4)
380000e8:	06f72c23          	sw	a5,120(a4)
380000ec:	06f72a23          	sw	a5,116(a4)
380000f0:	06f72823          	sw	a5,112(a4)
380000f4:	06f72623          	sw	a5,108(a4)
380000f8:	06f72423          	sw	a5,104(a4)
380000fc:	06f72223          	sw	a5,100(a4)
38000100:	00100793          	li	a5,1
38000104:	00f72023          	sw	a5,0(a4)
38000108:	260006b7          	lui	a3,0x26000
3800010c:	00100713          	li	a4,1
38000110:	0006a783          	lw	a5,0(a3) # 26000000 <_esram_rom+0x15fffdd8>
38000114:	fee78ee3          	beq	a5,a4,38000110 <main+0x64>
38000118:	ee9ff0ef          	jal	ra,38000000 <initfir>
3800011c:	f21ff0ef          	jal	ra,3800003c <fir_excute>
38000120:	f1dff0ef          	jal	ra,3800003c <fir_excute>
38000124:	f19ff0ef          	jal	ra,3800003c <fir_excute>
38000128:	00c12083          	lw	ra,12(sp)
3800012c:	01010113          	addi	sp,sp,16
38000130:	00008067          	ret

Disassembly of section .riscv.attributes:

00000000 <.riscv.attributes>:
   0:	1f41                	.2byte	0x1f41
   2:	0000                	.2byte	0x0
   4:	7200                	.2byte	0x7200
   6:	7369                	.2byte	0x7369
   8:	01007663          	bgeu	zero,a6,14 <taps+0x14>
   c:	0015                	.2byte	0x15
   e:	0000                	.2byte	0x0
  10:	1004                	.2byte	0x1004
  12:	7205                	.2byte	0x7205
  14:	3376                	.2byte	0x3376
  16:	6932                	.2byte	0x6932
  18:	7032                	.2byte	0x7032
  1a:	0030                	.2byte	0x30
  1c:	0108                	.2byte	0x108
  1e:	0b0a                	.2byte	0xb0a

Disassembly of section .comment:

00000000 <.comment>:
   0:	3a434347          	.4byte	0x3a434347
   4:	2820                	.2byte	0x2820
   6:	61653167          	.4byte	0x61653167
   a:	3739                	.2byte	0x3739
   c:	6538                	.2byte	0x6538
   e:	36363033          	.4byte	0x36363033
  12:	2029                	.2byte	0x2029
  14:	3231                	.2byte	0x3231
  16:	312e                	.2byte	0x312e
  18:	302e                	.2byte	0x302e
	...

Disassembly of section .debug_line:

00000000 <.debug_line>:
   0:	0200                	.2byte	0x200
   2:	0000                	.2byte	0x0
   4:	0005                	.2byte	0x5
   6:	0004                	.2byte	0x4
   8:	002e                	.2byte	0x2e
   a:	0000                	.2byte	0x0
   c:	0101                	.2byte	0x101
   e:	fb01                	.2byte	0xfb01
  10:	0d0e                	.2byte	0xd0e
  12:	0100                	.2byte	0x100
  14:	0101                	.2byte	0x101
  16:	0001                	.2byte	0x1
  18:	0000                	.2byte	0x0
  1a:	0001                	.2byte	0x1
  1c:	0100                	.2byte	0x100
  1e:	0101                	.2byte	0x101
  20:	021f 0000 0000      	.byte	0x1f, 0x02, 0x00, 0x00, 0x00, 0x00
  26:	0044                	.2byte	0x44
  28:	0000                	.2byte	0x0
  2a:	0102                	.2byte	0x102
  2c:	021f 020f 0053      	.byte	0x1f, 0x02, 0x0f, 0x02, 0x53, 0x00
  32:	0000                	.2byte	0x0
  34:	5301                	.2byte	0x5301
  36:	0000                	.2byte	0x0
  38:	0100                	.2byte	0x100
  3a:	0500                	.2byte	0x500
  3c:	0002                	.2byte	0x2
  3e:	0000                	.2byte	0x0
  40:	1710                	.2byte	0x1710
  42:	04090103          	lb	sp,64(s2)
  46:	0100                	.2byte	0x100
  48:	04090103          	lb	sp,64(s2)
  4c:	0100                	.2byte	0x100
  4e:	04090103          	lb	sp,64(s2)
  52:	0100                	.2byte	0x100
  54:	04090103          	lb	sp,64(s2)
  58:	0100                	.2byte	0x100
  5a:	04090103          	lb	sp,64(s2)
  5e:	0100                	.2byte	0x100
  60:	04090103          	lb	sp,64(s2)
  64:	0100                	.2byte	0x100
  66:	04090103          	lb	sp,64(s2)
  6a:	0100                	.2byte	0x100
  6c:	04090403          	lb	s0,64(s2)
  70:	0100                	.2byte	0x100
  72:	04090103          	lb	sp,64(s2)
  76:	0100                	.2byte	0x100
  78:	04090103          	lb	sp,64(s2)
  7c:	0100                	.2byte	0x100
  7e:	04090103          	lb	sp,64(s2)
  82:	0100                	.2byte	0x100
  84:	04090103          	lb	sp,64(s2)
  88:	0100                	.2byte	0x100
  8a:	04090103          	lb	sp,64(s2)
  8e:	0100                	.2byte	0x100
  90:	04090103          	lb	sp,64(s2)
  94:	0100                	.2byte	0x100
  96:	04090103          	lb	sp,64(s2)
  9a:	0100                	.2byte	0x100
  9c:	04090103          	lb	sp,64(s2)
  a0:	0100                	.2byte	0x100
  a2:	04090103          	lb	sp,64(s2)
  a6:	0100                	.2byte	0x100
  a8:	04090103          	lb	sp,64(s2)
  ac:	0100                	.2byte	0x100
  ae:	04090103          	lb	sp,64(s2)
  b2:	0100                	.2byte	0x100
  b4:	04090103          	lb	sp,64(s2)
  b8:	0100                	.2byte	0x100
  ba:	04090103          	lb	sp,64(s2)
  be:	0100                	.2byte	0x100
  c0:	04090103          	lb	sp,64(s2)
  c4:	0100                	.2byte	0x100
  c6:	04090103          	lb	sp,64(s2)
  ca:	0100                	.2byte	0x100
  cc:	04090103          	lb	sp,64(s2)
  d0:	0100                	.2byte	0x100
  d2:	04090103          	lb	sp,64(s2)
  d6:	0100                	.2byte	0x100
  d8:	04090103          	lb	sp,64(s2)
  dc:	0100                	.2byte	0x100
  de:	04090103          	lb	sp,64(s2)
  e2:	0100                	.2byte	0x100
  e4:	04090103          	lb	sp,64(s2)
  e8:	0100                	.2byte	0x100
  ea:	04090103          	lb	sp,64(s2)
  ee:	0100                	.2byte	0x100
  f0:	04090103          	lb	sp,64(s2)
  f4:	0100                	.2byte	0x100
  f6:	04090103          	lb	sp,64(s2)
  fa:	0100                	.2byte	0x100
  fc:	04090103          	lb	sp,64(s2)
 100:	0100                	.2byte	0x100
 102:	04090103          	lb	sp,64(s2)
 106:	0100                	.2byte	0x100
 108:	04090103          	lb	sp,64(s2)
 10c:	0100                	.2byte	0x100
 10e:	04090103          	lb	sp,64(s2)
 112:	0100                	.2byte	0x100
 114:	04090103          	lb	sp,64(s2)
 118:	0100                	.2byte	0x100
 11a:	04090103          	lb	sp,64(s2)
 11e:	0100                	.2byte	0x100
 120:	04090103          	lb	sp,64(s2)
 124:	0100                	.2byte	0x100
 126:	04090103          	lb	sp,64(s2)
 12a:	0100                	.2byte	0x100
 12c:	04090103          	lb	sp,64(s2)
 130:	0100                	.2byte	0x100
 132:	04090103          	lb	sp,64(s2)
 136:	0100                	.2byte	0x100
 138:	04090103          	lb	sp,64(s2)
 13c:	0100                	.2byte	0x100
 13e:	04090103          	lb	sp,64(s2)
 142:	0100                	.2byte	0x100
 144:	04090503          	lb	a0,64(s2)
 148:	0100                	.2byte	0x100
 14a:	04090103          	lb	sp,64(s2)
 14e:	0100                	.2byte	0x100
 150:	08090103          	lb	sp,128(s2)
 154:	0100                	.2byte	0x100
 156:	04090303          	lb	t1,64(s2)
 15a:	0100                	.2byte	0x100
 15c:	08090103          	lb	sp,128(s2)
 160:	0100                	.2byte	0x100
 162:	08090103          	lb	sp,128(s2)
 166:	0100                	.2byte	0x100
 168:	08090203          	lb	tp,128(s2)
 16c:	0100                	.2byte	0x100
 16e:	04090103          	lb	sp,64(s2)
 172:	0100                	.2byte	0x100
 174:	04090103          	lb	sp,64(s2)
 178:	0100                	.2byte	0x100
 17a:	04090103          	lb	sp,64(s2)
 17e:	0100                	.2byte	0x100
 180:	04090103          	lb	sp,64(s2)
 184:	0100                	.2byte	0x100
 186:	04090103          	lb	sp,64(s2)
 18a:	0100                	.2byte	0x100
 18c:	04090403          	lb	s0,64(s2)
 190:	0100                	.2byte	0x100
 192:	04090103          	lb	sp,64(s2)
 196:	0100                	.2byte	0x100
 198:	04090103          	lb	sp,64(s2)
 19c:	0100                	.2byte	0x100
 19e:	08090203          	lb	tp,128(s2)
 1a2:	0100                	.2byte	0x100
 1a4:	04090103          	lb	sp,64(s2)
 1a8:	0100                	.2byte	0x100
 1aa:	04090103          	lb	sp,64(s2)
 1ae:	0100                	.2byte	0x100
 1b0:	04090103          	lb	sp,64(s2)
 1b4:	0100                	.2byte	0x100
 1b6:	04090103          	lb	sp,64(s2)
 1ba:	0100                	.2byte	0x100
 1bc:	04090103          	lb	sp,64(s2)
 1c0:	0100                	.2byte	0x100
 1c2:	04090403          	lb	s0,64(s2)
 1c6:	0100                	.2byte	0x100
 1c8:	04090103          	lb	sp,64(s2)
 1cc:	0100                	.2byte	0x100
 1ce:	04090203          	lb	tp,64(s2)
 1d2:	0100                	.2byte	0x100
 1d4:	04090103          	lb	sp,64(s2)
 1d8:	0100                	.2byte	0x100
 1da:	04090103          	lb	sp,64(s2)
 1de:	0100                	.2byte	0x100
 1e0:	04090203          	lb	tp,64(s2)
 1e4:	0100                	.2byte	0x100
 1e6:	04090403          	lb	s0,64(s2)
 1ea:	0100                	.2byte	0x100
 1ec:	08090103          	lb	sp,128(s2)
 1f0:	0100                	.2byte	0x100
 1f2:	04090203          	lb	tp,64(s2)
 1f6:	0100                	.2byte	0x100
 1f8:	08090203          	lb	tp,128(s2)
 1fc:	0100                	.2byte	0x100
 1fe:	0409                	.2byte	0x409
 200:	0000                	.2byte	0x0
 202:	0101                	.2byte	0x101
 204:	000000af          	.4byte	0xaf
 208:	0005                	.2byte	0x5
 20a:	0004                	.2byte	0x4
 20c:	003c                	.2byte	0x3c
 20e:	0000                	.2byte	0x0
 210:	0101                	.2byte	0x101
 212:	fb01                	.2byte	0xfb01
 214:	0d0e                	.2byte	0xd0e
 216:	0100                	.2byte	0x100
 218:	0101                	.2byte	0x101
 21a:	0001                	.2byte	0x1
 21c:	0000                	.2byte	0x0
 21e:	0001                	.2byte	0x1
 220:	0100                	.2byte	0x100
 222:	0101                	.2byte	0x101
 224:	031f 0000 0000      	.byte	0x1f, 0x03, 0x00, 0x00, 0x00, 0x00
 22a:	0044                	.2byte	0x44
 22c:	0000                	.2byte	0x0
 22e:	00000073          	ecall
 232:	0102                	.2byte	0x102
 234:	021f 040f 006d      	.byte	0x1f, 0x02, 0x0f, 0x04, 0x6d, 0x00
 23a:	0000                	.2byte	0x0
 23c:	6d01                	.2byte	0x6d01
 23e:	0000                	.2byte	0x0
 240:	0100                	.2byte	0x100
 242:	00a9                	.2byte	0xa9
 244:	0000                	.2byte	0x0
 246:	b301                	.2byte	0xb301
 248:	0000                	.2byte	0x0
 24a:	0200                	.2byte	0x200
 24c:	0105                	.2byte	0x105
 24e:	0500                	.2byte	0x500
 250:	4802                	.2byte	0x4802
 252:	0001                	.2byte	0x1
 254:	0310                	.2byte	0x310
 256:	0110                	.2byte	0x110
 258:	0205                	.2byte	0x205
 25a:	00090503          	lb	a0,0(s2)
 25e:	0100                	.2byte	0x100
 260:	0204                	.2byte	0x204
 262:	00090903          	lb	s2,0(s2)
 266:	0100                	.2byte	0x100
 268:	0104                	.2byte	0x104
 26a:	0405                	.2byte	0x405
 26c:	08090103          	lb	sp,128(s2)
 270:	0100                	.2byte	0x100
 272:	3a05                	.2byte	0x3a05
 274:	0306                	.2byte	0x306
 276:	0900                	.2byte	0x900
 278:	0000                	.2byte	0x0
 27a:	0501                	.2byte	0x501
 27c:	0604                	.2byte	0x604
 27e:	0c090103          	lb	sp,192(s2)
 282:	0100                	.2byte	0x100
 284:	3b05                	.2byte	0x3b05
 286:	0306                	.2byte	0x306
 288:	0900                	.2byte	0x900
 28a:	0000                	.2byte	0x0
 28c:	0501                	.2byte	0x501
 28e:	0604                	.2byte	0x604
 290:	08090103          	lb	sp,128(s2)
 294:	0100                	.2byte	0x100
 296:	0905                	.2byte	0x905
 298:	0306                	.2byte	0x306
 29a:	0900                	.2byte	0x900
 29c:	0000                	.2byte	0x0
 29e:	0501                	.2byte	0x501
 2a0:	0605                	.2byte	0x605
 2a2:	08090803          	lb	a6,128(s2)
 2a6:	0100                	.2byte	0x100
 2a8:	0105                	.2byte	0x105
 2aa:	0306                	.2byte	0x306
 2ac:	0906                	.2byte	0x906
 2ae:	0000                	.2byte	0x0
 2b0:	0901                	.2byte	0x901
 2b2:	0004                	.2byte	0x4
 2b4:	0100                	.2byte	0x100
 2b6:	f501                	.2byte	0xf501
 2b8:	0001                	.2byte	0x1
 2ba:	0500                	.2byte	0x500
 2bc:	0400                	.2byte	0x400
 2be:	3800                	.2byte	0x3800
 2c0:	0000                	.2byte	0x0
 2c2:	0100                	.2byte	0x100
 2c4:	0101                	.2byte	0x101
 2c6:	000d0efb          	.4byte	0xd0efb
 2ca:	0101                	.2byte	0x101
 2cc:	0101                	.2byte	0x101
 2ce:	0000                	.2byte	0x0
 2d0:	0100                	.2byte	0x100
 2d2:	0000                	.2byte	0x0
 2d4:	0101                	.2byte	0x101
 2d6:	1f01                	.2byte	0x1f01
 2d8:	0002                	.2byte	0x2
 2da:	0000                	.2byte	0x0
 2dc:	7300                	.2byte	0x7300
 2de:	0000                	.2byte	0x0
 2e0:	0200                	.2byte	0x200
 2e2:	1f01                	.2byte	0x1f01
 2e4:	0f02                	.2byte	0xf02
 2e6:	c004                	.2byte	0xc004
 2e8:	0000                	.2byte	0x0
 2ea:	0000                	.2byte	0x0
 2ec:	00c0                	.2byte	0xc0
 2ee:	0000                	.2byte	0x0
 2f0:	c600                	.2byte	0xc600
 2f2:	0000                	.2byte	0x0
 2f4:	0000                	.2byte	0x0
 2f6:	000000b3          	add	ra,zero,zero
 2fa:	0501                	.2byte	0x501
 2fc:	003d                	.2byte	0x3d
 2fe:	0205                	.2byte	0x205
 300:	0000                	.2byte	0x0
 302:	3800                	.2byte	0x3800
 304:	0515                	.2byte	0x515
 306:	0302                	.2byte	0x302
 308:	00000903          	lb	s2,0(zero) # 0 <taps>
 30c:	0501                	.2byte	0x501
 30e:	0626                	.2byte	0x626
 310:	00090003          	lb	zero,0(s2)
 314:	0100                	.2byte	0x100
 316:	0205                	.2byte	0x205
 318:	0306                	.2byte	0x306
 31a:	000c0903          	lb	s2,0(s8)
 31e:	0501                	.2byte	0x501
 320:	09000307          	.4byte	0x9000307
 324:	0000                	.2byte	0x0
 326:	0501                	.2byte	0x501
 328:	0319                	.2byte	0x319
 32a:	0900                	.2byte	0x900
 32c:	0000                	.2byte	0x0
 32e:	0501                	.2byte	0x501
 330:	0626                	.2byte	0x626
 332:	08097d03          	.4byte	0x8097d03
 336:	0100                	.2byte	0x100
 338:	0505                	.2byte	0x505
 33a:	04090403          	lb	s0,64(s2)
 33e:	0100                	.2byte	0x100
 340:	0305                	.2byte	0x305
 342:	0200                	.2byte	0x200
 344:	0304                	.2byte	0x304
 346:	0306                	.2byte	0x306
 348:	0900                	.2byte	0x900
 34a:	000c                	.2byte	0xc
 34c:	0501                	.2byte	0x501
 34e:	0005                	.2byte	0x5
 350:	0402                	.2byte	0x402
 352:	00030603          	lb	a2,0(t1)
 356:	0009                	.2byte	0x9
 358:	0100                	.2byte	0x100
 35a:	3505                	.2byte	0x3505
 35c:	0200                	.2byte	0x200
 35e:	0304                	.2byte	0x304
 360:	04090003          	lb	zero,64(s2)
 364:	0100                	.2byte	0x100
 366:	2f05                	.2byte	0x2f05
 368:	0200                	.2byte	0x200
 36a:	0304                	.2byte	0x304
 36c:	04090003          	lb	zero,64(s2)
 370:	0100                	.2byte	0x100
 372:	2005                	.2byte	0x2005
 374:	0200                	.2byte	0x200
 376:	0304                	.2byte	0x304
 378:	0306                	.2byte	0x306
 37a:	097f                	.2byte	0x97f
 37c:	0004                	.2byte	0x4
 37e:	0501                	.2byte	0x501
 380:	0019                	.2byte	0x19
 382:	0402                	.2byte	0x402
 384:	09000303          	lb	t1,144(zero) # 90 <outputsignal+0x5c>
 388:	0000                	.2byte	0x0
 38a:	0501                	.2byte	0x501
 38c:	0601                	.2byte	0x601
 38e:	08090403          	lb	s0,128(s2)
 392:	0100                	.2byte	0x100
 394:	4005                	.2byte	0x4005
 396:	0306                	.2byte	0x306
 398:	0902                	.2byte	0x902
 39a:	0004                	.2byte	0x4
 39c:	0501                	.2byte	0x501
 39e:	0302                	.2byte	0x302
 3a0:	0902                	.2byte	0x902
 3a2:	0000                	.2byte	0x0
 3a4:	0501                	.2byte	0x501
 3a6:	0626                	.2byte	0x626
 3a8:	00090003          	lb	zero,0(s2)
 3ac:	0100                	.2byte	0x100
 3ae:	0205                	.2byte	0x205
 3b0:	0306                	.2byte	0x306
 3b2:	000c0903          	lb	s2,0(s8)
 3b6:	0501                	.2byte	0x501
 3b8:	0626                	.2byte	0x626
 3ba:	00090003          	lb	zero,0(s2)
 3be:	0100                	.2byte	0x100
 3c0:	0205                	.2byte	0x205
 3c2:	0306                	.2byte	0x306
 3c4:	0902                	.2byte	0x902
 3c6:	000c                	.2byte	0xc
 3c8:	0301                	.2byte	0x301
 3ca:	0902                	.2byte	0x902
 3cc:	0000                	.2byte	0x0
 3ce:	0501                	.2byte	0x501
 3d0:	0626                	.2byte	0x626
 3d2:	00090003          	lb	zero,0(s2)
 3d6:	0100                	.2byte	0x100
 3d8:	0205                	.2byte	0x205
 3da:	0306                	.2byte	0x306
 3dc:	0902                	.2byte	0x902
 3de:	0004                	.2byte	0x4
 3e0:	0301                	.2byte	0x301
 3e2:	0902                	.2byte	0x902
 3e4:	0000                	.2byte	0x0
 3e6:	0501                	.2byte	0x501
 3e8:	0626                	.2byte	0x626
 3ea:	00090003          	lb	zero,0(s2)
 3ee:	0100                	.2byte	0x100
 3f0:	0205                	.2byte	0x205
 3f2:	0306                	.2byte	0x306
 3f4:	0902                	.2byte	0x902
 3f6:	0004                	.2byte	0x4
 3f8:	0501                	.2byte	0x501
 3fa:	0900030b          	.4byte	0x900030b
 3fe:	0000                	.2byte	0x0
 400:	0501                	.2byte	0x501
 402:	0626                	.2byte	0x626
 404:	04097e03          	.4byte	0x4097e03
 408:	0100                	.2byte	0x100
 40a:	1605                	.2byte	0x1605
 40c:	04090303          	lb	t1,64(s2)
 410:	0100                	.2byte	0x100
 412:	0b05                	.2byte	0xb05
 414:	04097f03          	.4byte	0x4097f03
 418:	0100                	.2byte	0x100
 41a:	0305                	.2byte	0x305
 41c:	0306                	.2byte	0x306
 41e:	0901                	.2byte	0x901
 420:	0004                	.2byte	0x4
 422:	0501                	.2byte	0x501
 424:	0616                	.2byte	0x616
 426:	00090003          	lb	zero,0(s2)
 42a:	0100                	.2byte	0x100
 42c:	1305                	.2byte	0x1305
 42e:	04090003          	lb	zero,64(s2)
 432:	0100                	.2byte	0x100
 434:	0305                	.2byte	0x305
 436:	0306                	.2byte	0x306
 438:	0902                	.2byte	0x902
 43a:	0004                	.2byte	0x4
 43c:	0301                	.2byte	0x301
 43e:	0902                	.2byte	0x902
 440:	0000                	.2byte	0x0
 442:	0501                	.2byte	0x501
 444:	00030627          	.4byte	0x30627
 448:	0009                	.2byte	0x9
 44a:	0100                	.2byte	0x100
 44c:	0b05                	.2byte	0xb05
 44e:	0306                	.2byte	0x306
 450:	0004097b          	.4byte	0x4097b
 454:	0501                	.2byte	0x501
 456:	0302                	.2byte	0x302
 458:	0908                	.2byte	0x908
 45a:	000c                	.2byte	0xc
 45c:	0501                	.2byte	0x501
 45e:	0619                	.2byte	0x619
 460:	00090003          	lb	zero,0(s2)
 464:	0100                	.2byte	0x100
 466:	1605                	.2byte	0x1605
 468:	08090003          	lb	zero,128(s2)
 46c:	0100                	.2byte	0x100
 46e:	0205                	.2byte	0x205
 470:	0306                	.2byte	0x306
 472:	0906                	.2byte	0x906
 474:	0004                	.2byte	0x4
 476:	0501                	.2byte	0x501
 478:	00030603          	lb	a2,0(t1)
 47c:	0009                	.2byte	0x9
 47e:	0100                	.2byte	0x100
 480:	0205                	.2byte	0x205
 482:	0306                	.2byte	0x306
 484:	0901                	.2byte	0x901
 486:	0004                	.2byte	0x4
 488:	0501                	.2byte	0x501
 48a:	063c                	.2byte	0x63c
 48c:	00090003          	lb	zero,0(s2)
 490:	0100                	.2byte	0x100
 492:	4205                	.2byte	0x4205
 494:	04090003          	lb	zero,64(s2)
 498:	0100                	.2byte	0x100
 49a:	2605                	.2byte	0x2605
 49c:	08090003          	lb	zero,128(s2)
 4a0:	0100                	.2byte	0x100
 4a2:	0105                	.2byte	0x105
 4a4:	08090103          	lb	sp,128(s2)
 4a8:	0100                	.2byte	0x100
 4aa:	0409                	.2byte	0x409
 4ac:	0000                	.2byte	0x0
 4ae:	0101                	.2byte	0x101
 4b0:	02fa                	.2byte	0x2fa
 4b2:	0000                	.2byte	0x0
 4b4:	0005                	.2byte	0x5
 4b6:	0004                	.2byte	0x4
 4b8:	003c                	.2byte	0x3c
 4ba:	0000                	.2byte	0x0
 4bc:	0101                	.2byte	0x101
 4be:	fb01                	.2byte	0xfb01
 4c0:	0d0e                	.2byte	0xd0e
 4c2:	0100                	.2byte	0x100
 4c4:	0101                	.2byte	0x101
 4c6:	0001                	.2byte	0x1
 4c8:	0000                	.2byte	0x0
 4ca:	0001                	.2byte	0x1
 4cc:	0100                	.2byte	0x100
 4ce:	0101                	.2byte	0x101
 4d0:	031f 0000 0000      	.byte	0x1f, 0x03, 0x00, 0x00, 0x00, 0x00
 4d6:	0044                	.2byte	0x44
 4d8:	0000                	.2byte	0x0
 4da:	00000073          	ecall
 4de:	0102                	.2byte	0x102
 4e0:	021f 040f 00cc      	.byte	0x1f, 0x02, 0x0f, 0x04, 0xcc, 0x00
 4e6:	0000                	.2byte	0x0
 4e8:	da00                	.2byte	0xda00
 4ea:	0000                	.2byte	0x0
 4ec:	0100                	.2byte	0x100
 4ee:	00cc                	.2byte	0xcc
 4f0:	0000                	.2byte	0x0
 4f2:	b300                	.2byte	0xb300
 4f4:	0000                	.2byte	0x0
 4f6:	0200                	.2byte	0x200
 4f8:	0105                	.2byte	0x105
 4fa:	0500                	.2byte	0x500
 4fc:	7002                	.2byte	0x7002
 4fe:	0001                	.2byte	0x1
 500:	0310                	.2byte	0x310
 502:	0112                	.2byte	0x112
 504:	0205                	.2byte	0x205
 506:	10090103          	lb	sp,256(s2)
 50a:	0100                	.2byte	0x100
 50c:	0505                	.2byte	0x505
 50e:	0306                	.2byte	0x306
 510:	0900                	.2byte	0x900
 512:	0000                	.2byte	0x0
 514:	0501                	.2byte	0x501
 516:	000d                	.2byte	0xd
 518:	0402                	.2byte	0x402
 51a:	0301                	.2byte	0x301
 51c:	0902                	.2byte	0x902
 51e:	0008                	.2byte	0x8
 520:	0501                	.2byte	0x501
 522:	003c                	.2byte	0x3c
 524:	0402                	.2byte	0x402
 526:	0301                	.2byte	0x301
 528:	0900                	.2byte	0x900
 52a:	0004                	.2byte	0x4
 52c:	0001                	.2byte	0x1
 52e:	0402                	.2byte	0x402
 530:	0601                	.2byte	0x601
 532:	04090003          	lb	zero,64(s2)
 536:	0100                	.2byte	0x100
 538:	0d05                	.2byte	0xd05
 53a:	0200                	.2byte	0x200
 53c:	0104                	.2byte	0x104
 53e:	0306                	.2byte	0x306
 540:	0900                	.2byte	0x900
 542:	0000                	.2byte	0x0
 544:	0501                	.2byte	0x501
 546:	003c                	.2byte	0x3c
 548:	0402                	.2byte	0x402
 54a:	0301                	.2byte	0x301
 54c:	0900                	.2byte	0x900
 54e:	0004                	.2byte	0x4
 550:	0501                	.2byte	0x501
 552:	0602                	.2byte	0x602
 554:	04090103          	lb	sp,64(s2)
 558:	0100                	.2byte	0x100
 55a:	3205                	.2byte	0x3205
 55c:	0306                	.2byte	0x306
 55e:	0900                	.2byte	0x900
 560:	0000                	.2byte	0x0
 562:	0501                	.2byte	0x501
 564:	0301                	.2byte	0x301
 566:	0901                	.2byte	0x901
 568:	0008                	.2byte	0x8
 56a:	0501                	.2byte	0x501
 56c:	7d030603          	lb	a2,2000(t1)
 570:	1009                	.2byte	0x1009
 572:	0100                	.2byte	0x100
 574:	0105                	.2byte	0x105
 576:	0c090603          	lb	a2,192(s2)
 57a:	0100                	.2byte	0x100
 57c:	0205                	.2byte	0x205
 57e:	10090103          	lb	sp,256(s2)
 582:	0100                	.2byte	0x100
 584:	0905                	.2byte	0x905
 586:	00090003          	lb	zero,0(s2)
 58a:	0100                	.2byte	0x100
 58c:	0305                	.2byte	0x305
 58e:	08090103          	lb	sp,128(s2)
 592:	0100                	.2byte	0x100
 594:	0e05                	.2byte	0xe05
 596:	0306                	.2byte	0x306
 598:	0900                	.2byte	0x900
 59a:	0000                	.2byte	0x0
 59c:	0501                	.2byte	0x501
 59e:	09000303          	lb	t1,144(zero) # 90 <outputsignal+0x5c>
 5a2:	0004                	.2byte	0x4
 5a4:	0501                	.2byte	0x501
 5a6:	0609                	.2byte	0x609
 5a8:	04097f03          	.4byte	0x4097f03
 5ac:	0100                	.2byte	0x100
 5ae:	0105                	.2byte	0x105
 5b0:	0306                	.2byte	0x306
 5b2:	0902                	.2byte	0x902
 5b4:	0008                	.2byte	0x8
 5b6:	0901                	.2byte	0x901
 5b8:	0010                	.2byte	0x10
 5ba:	0100                	.2byte	0x100
 5bc:	0401                	.2byte	0x401
 5be:	0502                	.2byte	0x502
 5c0:	0001                	.2byte	0x1
 5c2:	0205                	.2byte	0x205
 5c4:	00ac                	.2byte	0xac
 5c6:	3800                	.2byte	0x3800
 5c8:	0519                	.2byte	0x519
 5ca:	0309                	.2byte	0x309
 5cc:	00080903          	lb	s2,0(a6)
 5d0:	0501                	.2byte	0x501
 5d2:	0003062b          	.4byte	0x3062b
 5d6:	0009                	.2byte	0x9
 5d8:	0100                	.2byte	0x100
 5da:	0905                	.2byte	0x905
 5dc:	0306                	.2byte	0x306
 5de:	0901                	.2byte	0x901
 5e0:	0010                	.2byte	0x10
 5e2:	0501                	.2byte	0x501
 5e4:	0003062b          	.4byte	0x3062b
 5e8:	0009                	.2byte	0x9
 5ea:	0100                	.2byte	0x100
 5ec:	0905                	.2byte	0x905
 5ee:	0306                	.2byte	0x306
 5f0:	0901                	.2byte	0x901
 5f2:	0004                	.2byte	0x4
 5f4:	0501                	.2byte	0x501
 5f6:	0003062b          	.4byte	0x3062b
 5fa:	0009                	.2byte	0x9
 5fc:	0100                	.2byte	0x100
 5fe:	0905                	.2byte	0x905
 600:	0306                	.2byte	0x306
 602:	0901                	.2byte	0x901
 604:	0004                	.2byte	0x4
 606:	0501                	.2byte	0x501
 608:	0003062b          	.4byte	0x3062b
 60c:	0009                	.2byte	0x9
 60e:	0100                	.2byte	0x100
 610:	0905                	.2byte	0x905
 612:	0306                	.2byte	0x306
 614:	0901                	.2byte	0x901
 616:	0004                	.2byte	0x4
 618:	0501                	.2byte	0x501
 61a:	0003062b          	.4byte	0x3062b
 61e:	0009                	.2byte	0x9
 620:	0100                	.2byte	0x100
 622:	0905                	.2byte	0x905
 624:	0306                	.2byte	0x306
 626:	0901                	.2byte	0x901
 628:	0004                	.2byte	0x4
 62a:	0501                	.2byte	0x501
 62c:	0003062b          	.4byte	0x3062b
 630:	0009                	.2byte	0x9
 632:	0100                	.2byte	0x100
 634:	0905                	.2byte	0x905
 636:	0306                	.2byte	0x306
 638:	0901                	.2byte	0x901
 63a:	0004                	.2byte	0x4
 63c:	0501                	.2byte	0x501
 63e:	0003062b          	.4byte	0x3062b
 642:	0009                	.2byte	0x9
 644:	0100                	.2byte	0x100
 646:	0905                	.2byte	0x905
 648:	0306                	.2byte	0x306
 64a:	0901                	.2byte	0x901
 64c:	0004                	.2byte	0x4
 64e:	0501                	.2byte	0x501
 650:	0003062b          	.4byte	0x3062b
 654:	0009                	.2byte	0x9
 656:	0100                	.2byte	0x100
 658:	0905                	.2byte	0x905
 65a:	0306                	.2byte	0x306
 65c:	0901                	.2byte	0x901
 65e:	0004                	.2byte	0x4
 660:	0501                	.2byte	0x501
 662:	0003062b          	.4byte	0x3062b
 666:	0009                	.2byte	0x9
 668:	0100                	.2byte	0x100
 66a:	0905                	.2byte	0x905
 66c:	0306                	.2byte	0x306
 66e:	0901                	.2byte	0x901
 670:	0004                	.2byte	0x4
 672:	0501                	.2byte	0x501
 674:	0003062b          	.4byte	0x3062b
 678:	0009                	.2byte	0x9
 67a:	0100                	.2byte	0x100
 67c:	0905                	.2byte	0x905
 67e:	0306                	.2byte	0x306
 680:	0901                	.2byte	0x901
 682:	0004                	.2byte	0x4
 684:	0501                	.2byte	0x501
 686:	0003062b          	.4byte	0x3062b
 68a:	0009                	.2byte	0x9
 68c:	0100                	.2byte	0x100
 68e:	0905                	.2byte	0x905
 690:	0306                	.2byte	0x306
 692:	0901                	.2byte	0x901
 694:	0004                	.2byte	0x4
 696:	0501                	.2byte	0x501
 698:	0003062b          	.4byte	0x3062b
 69c:	0009                	.2byte	0x9
 69e:	0100                	.2byte	0x100
 6a0:	0905                	.2byte	0x905
 6a2:	0306                	.2byte	0x306
 6a4:	0901                	.2byte	0x901
 6a6:	0004                	.2byte	0x4
 6a8:	0501                	.2byte	0x501
 6aa:	0003062b          	.4byte	0x3062b
 6ae:	0009                	.2byte	0x9
 6b0:	0100                	.2byte	0x100
 6b2:	0905                	.2byte	0x905
 6b4:	0306                	.2byte	0x306
 6b6:	0901                	.2byte	0x901
 6b8:	0004                	.2byte	0x4
 6ba:	0501                	.2byte	0x501
 6bc:	0003062b          	.4byte	0x3062b
 6c0:	0009                	.2byte	0x9
 6c2:	0100                	.2byte	0x100
 6c4:	0905                	.2byte	0x905
 6c6:	0306                	.2byte	0x306
 6c8:	0901                	.2byte	0x901
 6ca:	0004                	.2byte	0x4
 6cc:	0501                	.2byte	0x501
 6ce:	0003062b          	.4byte	0x3062b
 6d2:	0009                	.2byte	0x9
 6d4:	0100                	.2byte	0x100
 6d6:	0905                	.2byte	0x905
 6d8:	0306                	.2byte	0x306
 6da:	0901                	.2byte	0x901
 6dc:	0004                	.2byte	0x4
 6de:	0501                	.2byte	0x501
 6e0:	0003062b          	.4byte	0x3062b
 6e4:	0009                	.2byte	0x9
 6e6:	0100                	.2byte	0x100
 6e8:	0905                	.2byte	0x905
 6ea:	0306                	.2byte	0x306
 6ec:	0916                	.2byte	0x916
 6ee:	0004                	.2byte	0x4
 6f0:	0501                	.2byte	0x501
 6f2:	0003062b          	.4byte	0x3062b
 6f6:	0009                	.2byte	0x9
 6f8:	0100                	.2byte	0x100
 6fa:	0905                	.2byte	0x905
 6fc:	0306                	.2byte	0x306
 6fe:	0901                	.2byte	0x901
 700:	0008                	.2byte	0x8
 702:	0501                	.2byte	0x501
 704:	0611                	.2byte	0x611
 706:	00090003          	lb	zero,0(s2)
 70a:	0100                	.2byte	0x100
 70c:	3205                	.2byte	0x3205
 70e:	04090003          	lb	zero,64(s2)
 712:	0100                	.2byte	0x100
 714:	0200                	.2byte	0x200
 716:	0104                	.2byte	0x104
 718:	0306                	.2byte	0x306
 71a:	0900                	.2byte	0x900
 71c:	0004                	.2byte	0x4
 71e:	0501                	.2byte	0x501
 720:	0011                	.2byte	0x11
 722:	0402                	.2byte	0x402
 724:	0601                	.2byte	0x601
 726:	00090003          	lb	zero,0(s2)
 72a:	0100                	.2byte	0x100
 72c:	3205                	.2byte	0x3205
 72e:	0200                	.2byte	0x200
 730:	0104                	.2byte	0x104
 732:	04090003          	lb	zero,64(s2)
 736:	0100                	.2byte	0x100
 738:	0205                	.2byte	0x205
 73a:	0306                	.2byte	0x306
 73c:	0902                	.2byte	0x902
 73e:	0004                	.2byte	0x4
 740:	0301                	.2byte	0x301
 742:	0902                	.2byte	0x902
 744:	0004                	.2byte	0x4
 746:	0501                	.2byte	0x501
 748:	09000307          	.4byte	0x9000307
 74c:	0000                	.2byte	0x0
 74e:	0501                	.2byte	0x501
 750:	0314                	.2byte	0x314
 752:	0900                	.2byte	0x900
 754:	0000                	.2byte	0x0
 756:	0501                	.2byte	0x501
 758:	09010303          	lb	t1,144(sp)
 75c:	0000                	.2byte	0x0
 75e:	0501                	.2byte	0x501
 760:	031a                	.2byte	0x31a
 762:	097f                	.2byte	0x97f
 764:	0004                	.2byte	0x4
 766:	0501                	.2byte	0x501
 768:	0314                	.2byte	0x314
 76a:	0900                	.2byte	0x900
 76c:	0000                	.2byte	0x0
 76e:	0501                	.2byte	0x501
 770:	09010303          	lb	t1,144(sp)
 774:	0000                	.2byte	0x0
 776:	0501                	.2byte	0x501
 778:	031a                	.2byte	0x31a
 77a:	097f                	.2byte	0x97f
 77c:	0004                	.2byte	0x4
 77e:	0501                	.2byte	0x501
 780:	0314                	.2byte	0x314
 782:	0900                	.2byte	0x900
 784:	0000                	.2byte	0x0
 786:	0501                	.2byte	0x501
 788:	09010303          	lb	t1,144(sp)
 78c:	0000                	.2byte	0x0
 78e:	0501                	.2byte	0x501
 790:	031a                	.2byte	0x31a
 792:	097f                	.2byte	0x97f
 794:	0004                	.2byte	0x4
 796:	0501                	.2byte	0x501
 798:	0314                	.2byte	0x314
 79a:	0900                	.2byte	0x900
 79c:	0000                	.2byte	0x0
 79e:	0501                	.2byte	0x501
 7a0:	0601                	.2byte	0x601
 7a2:	00090403          	lb	s0,0(s2)
 7a6:	0100                	.2byte	0x100
 7a8:	0c09                	.2byte	0xc09
 7aa:	0000                	.2byte	0x0
 7ac:	0101                	.2byte	0x101

Disassembly of section .debug_line_str:

00000000 <.debug_line_str>:
   0:	6d6f682f          	.4byte	0x6d6f682f
   4:	2f65                	.2byte	0x2f65
   6:	6275                	.2byte	0x6275
   8:	6e75                	.2byte	0x6e75
   a:	7574                	.2byte	0x7574
   c:	62616c2f          	.4byte	0x62616c2f
  10:	345f 325f 6f5f      	.byte	0x5f, 0x34, 0x5f, 0x32, 0x5f, 0x6f
  16:	7470                	.2byte	0x7470
  18:	6d69                	.2byte	0x6d69
  1a:	62616c2f          	.4byte	0x62616c2f
  1e:	632d                	.2byte	0x632d
  20:	7261                	.2byte	0x7261
  22:	7661                	.2byte	0x7661
  24:	6c65                	.2byte	0x6c65
  26:	665f 7269 742f      	.byte	0x5f, 0x66, 0x69, 0x72, 0x2f, 0x74
  2c:	7365                	.2byte	0x7365
  2e:	6274                	.2byte	0x6274
  30:	6e65                	.2byte	0x6e65
  32:	632f6863          	bltu	t5,s2,662 <_fstack+0x62>
  36:	746e756f          	jal	a0,e777c <_fstack+0xe717c>
  3a:	7265                	.2byte	0x7265
  3c:	6c5f 5f61 6966      	.byte	0x5f, 0x6c, 0x61, 0x5f, 0x66, 0x69
  42:	0072                	.2byte	0x72
  44:	2e2e                	.2byte	0x2e2e
  46:	2f2e2e2f          	.4byte	0x2f2e2e2f
  4a:	6966                	.2byte	0x6966
  4c:	6d72                	.2byte	0x6d72
  4e:	65726177          	.4byte	0x65726177
  52:	6300                	.2byte	0x6300
  54:	7472                	.2byte	0x7472
  56:	5f30                	.2byte	0x5f30
  58:	6576                	.2byte	0x6576
  5a:	2e78                	.2byte	0x2e78
  5c:	2e2e0053          	.4byte	0x2e2e0053
  60:	2f2e2e2f          	.4byte	0x2f2e2e2f
  64:	6966                	.2byte	0x6966
  66:	6d72                	.2byte	0x6d72
  68:	65726177          	.4byte	0x65726177
  6c:	7273692f          	.4byte	0x7273692f
  70:	632e                	.2byte	0x632e
  72:	2f00                	.2byte	0x2f00
  74:	2f74706f          	j	47b6a <_fstack+0x4756a>
  78:	6972                	.2byte	0x6972
  7a:	2f766373          	csrrsi	t1,0x2f7,12
  7e:	696c                	.2byte	0x696c
  80:	2f62                	.2byte	0x2f62
  82:	2f636367          	.4byte	0x2f636367
  86:	6972                	.2byte	0x6972
  88:	33766373          	csrrsi	t1,mhpmevent23,12
  8c:	2d32                	.2byte	0x2d32
  8e:	6e75                	.2byte	0x6e75
  90:	776f6e6b          	.4byte	0x776f6e6b
  94:	2d6e                	.2byte	0x2d6e
  96:	6c65                	.2byte	0x6c65
  98:	2f66                	.2byte	0x2f66
  9a:	3231                	.2byte	0x3231
  9c:	312e                	.2byte	0x312e
  9e:	302e                	.2byte	0x302e
  a0:	636e692f          	.4byte	0x636e692f
  a4:	756c                	.2byte	0x756c
  a6:	6564                	.2byte	0x6564
  a8:	6900                	.2byte	0x6900
  aa:	7172                	.2byte	0x7172
  ac:	765f 7865 682e      	.byte	0x5f, 0x76, 0x65, 0x78, 0x2e, 0x68
  b2:	7300                	.2byte	0x7300
  b4:	6474                	.2byte	0x6474
  b6:	6e69                	.2byte	0x6e69
  b8:	2d74                	.2byte	0x2d74
  ba:	2e636367          	.4byte	0x2e636367
  be:	0068                	.2byte	0x68
  c0:	6966                	.2byte	0x6966
  c2:	2e72                	.2byte	0x2e72
  c4:	69660063          	beq	a2,s6,744 <_fstack+0x144>
  c8:	2e72                	.2byte	0x2e72
  ca:	0068                	.2byte	0x68
  cc:	6966                	.2byte	0x6966
  ce:	5f72                	.2byte	0x5f72
  d0:	746e6f63          	bltu	t3,t1,82e <_fstack+0x22e>
  d4:	6f72                	.2byte	0x6f72
  d6:	2e6c                	.2byte	0x2e6c
  d8:	74730063          	beq	t1,t2,818 <_fstack+0x218>
  dc:	6275                	.2byte	0x6275
  de:	632e                	.2byte	0x632e
	...

Disassembly of section .debug_info:

00000000 <.debug_info>:
   0:	0021                	.2byte	0x21
   2:	0000                	.2byte	0x0
   4:	0005                	.2byte	0x5
   6:	0401                	.2byte	0x401
   8:	0000                	.2byte	0x0
   a:	0000                	.2byte	0x0
   c:	0001                	.2byte	0x1
   e:	0000                	.2byte	0x0
  10:	0000                	.2byte	0x0
  12:	0000                	.2byte	0x0
  14:	e010                	.2byte	0xe010
  16:	0002                	.2byte	0x2
  18:	0000                	.2byte	0x0
  1a:	1a00                	.2byte	0x1a00
  1c:	0000                	.2byte	0x0
  1e:	5e00                	.2byte	0x5e00
  20:	0000                	.2byte	0x0
  22:	0100                	.2byte	0x100
  24:	d880                	.2byte	0xd880
  26:	0000                	.2byte	0x0
  28:	0500                	.2byte	0x500
  2a:	0100                	.2byte	0x100
  2c:	1404                	.2byte	0x1404
  2e:	0000                	.2byte	0x0
  30:	0300                	.2byte	0x300
  32:	006a                	.2byte	0x6a
  34:	0000                	.2byte	0x0
  36:	5e1d                	.2byte	0x5e1d
  38:	0000                	.2byte	0x0
  3a:	0000                	.2byte	0x0
  3c:	0000                	.2byte	0x0
  3e:	4800                	.2byte	0x4800
  40:	0001                	.2byte	0x1
  42:	2810                	.2byte	0x2810
  44:	0000                	.2byte	0x0
  46:	0400                	.2byte	0x400
  48:	0002                	.2byte	0x2
  4a:	0100                	.2byte	0x100
  4c:	0601                	.2byte	0x601
  4e:	000000c7          	.4byte	0xc7
  52:	0201                	.2byte	0x201
  54:	1c05                	.2byte	0x1c05
  56:	0001                	.2byte	0x1
  58:	0100                	.2byte	0x100
  5a:	0504                	.2byte	0x504
  5c:	00000113          	li	sp,0
  60:	0801                	.2byte	0x801
  62:	0e05                	.2byte	0xe05
  64:	0001                	.2byte	0x1
  66:	0100                	.2byte	0x100
  68:	0801                	.2byte	0x801
  6a:	00c5                	.2byte	0xc5
  6c:	0000                	.2byte	0x0
  6e:	2602                	.2byte	0x2602
  70:	0001                	.2byte	0x1
  72:	3100                	.2byte	0x3100
  74:	541c                	.2byte	0x541c
  76:	0000                	.2byte	0x0
  78:	0100                	.2byte	0x100
  7a:	0702                	.2byte	0x702
  7c:	000000d3          	.4byte	0xd3
  80:	2f02                	.2byte	0x2f02
  82:	0001                	.2byte	0x1
  84:	3400                	.2byte	0x3400
  86:	0000661b          	.4byte	0x661b
  8a:	0100                	.2byte	0x100
  8c:	0704                	.2byte	0x704
  8e:	00fc                	.2byte	0xfc
  90:	0000                	.2byte	0x0
  92:	0801                	.2byte	0x801
  94:	0000f707          	.4byte	0xf707
  98:	0400                	.2byte	0x400
  9a:	0504                	.2byte	0x504
  9c:	6e69                	.2byte	0x6e69
  9e:	0074                	.2byte	0x74
  a0:	0401                	.2byte	0x401
  a2:	00010107          	.4byte	0x10107
  a6:	0500                	.2byte	0x500
  a8:	00f2                	.2byte	0xf2
  aa:	0000                	.2byte	0x0
  ac:	0e01                	.2byte	0xe01
  ae:	490a                	.2byte	0x490a
  b0:	0000                	.2byte	0x0
  b2:	0500                	.2byte	0x500
  b4:	00003003          	.4byte	0x3003
  b8:	0600                	.2byte	0x600
  ba:	7369                	.2byte	0x7369
  bc:	0072                	.2byte	0x72
  be:	1001                	.2byte	0x1001
  c0:	4806                	.2byte	0x4806
  c2:	0001                	.2byte	0x1
  c4:	2810                	.2byte	0x2810
  c6:	0000                	.2byte	0x0
  c8:	0100                	.2byte	0x100
  ca:	c59c                	.2byte	0xc59c
  cc:	0000                	.2byte	0x0
  ce:	0700                	.2byte	0x700
  d0:	00c5                	.2byte	0xc5
  d2:	0000                	.2byte	0x0
  d4:	0148                	.2byte	0x148
  d6:	1000                	.2byte	0x1000
  d8:	0008                	.2byte	0x8
  da:	0000                	.2byte	0x0
  dc:	1601                	.2byte	0x1601
  de:	0802                	.2byte	0x802
  e0:	00ce                	.2byte	0xce
  e2:	0000                	.2byte	0x0
  e4:	000c                	.2byte	0xc
  e6:	0000                	.2byte	0x0
  e8:	0000                	.2byte	0x0
  ea:	e609                	.2byte	0xe609
  ec:	0000                	.2byte	0x0
  ee:	0200                	.2byte	0x200
  f0:	141d                	.2byte	0x141d
  f2:	00ed0a03          	lb	s4,14(s10)
  f6:	0000                	.2byte	0x0
  f8:	1d02                	.2byte	0x1d02
  fa:	7b2d                	.2byte	0x7b2d
  fc:	0000                	.2byte	0x0
  fe:	0000                	.2byte	0x0
 100:	0900                	.2byte	0x900
 102:	0001                	.2byte	0x1
 104:	0500                	.2byte	0x500
 106:	0100                	.2byte	0x100
 108:	b604                	.2byte	0xb604
 10a:	0000                	.2byte	0x0
 10c:	0700                	.2byte	0x700
 10e:	006a                	.2byte	0x6a
 110:	0000                	.2byte	0x0
 112:	c01d                	.2byte	0xc01d
 114:	0000                	.2byte	0x0
 116:	0000                	.2byte	0x0
 118:	0000                	.2byte	0x0
 11a:	1f00                	.2byte	0x1f00
 11c:	0000                	.2byte	0x0
 11e:	0000                	.2byte	0x0
 120:	0000                	.2byte	0x0
 122:	b700                	.2byte	0xb700
 124:	0002                	.2byte	0x2
 126:	0200                	.2byte	0x200
 128:	003d                	.2byte	0x3d
 12a:	0000                	.2byte	0x0
 12c:	0036                	.2byte	0x36
 12e:	0000                	.2byte	0x0
 130:	00003603          	.4byte	0x3603
 134:	0a00                	.2byte	0xa00
 136:	0100                	.2byte	0x100
 138:	0704                	.2byte	0x704
 13a:	0101                	.2byte	0x101
 13c:	0000                	.2byte	0x0
 13e:	0408                	.2byte	0x408
 140:	6905                	.2byte	0x6905
 142:	746e                	.2byte	0x746e
 144:	0400                	.2byte	0x400
 146:	0138                	.2byte	0x138
 148:	0000                	.2byte	0x0
 14a:	2612                	.2byte	0x2612
 14c:	0000                	.2byte	0x0
 14e:	0500                	.2byte	0x500
 150:	00000003          	lb	zero,0(zero) # 0 <taps>
 154:	0200                	.2byte	0x200
 156:	003d                	.2byte	0x3d
 158:	0000                	.2byte	0x0
 15a:	0064                	.2byte	0x64
 15c:	0000                	.2byte	0x0
 15e:	00003603          	.4byte	0x3603
 162:	3f00                	.2byte	0x3f00
 164:	0400                	.2byte	0x400
 166:	013d                	.2byte	0x13d
 168:	0000                	.2byte	0x0
 16a:	5414                	.2byte	0x5414
 16c:	0000                	.2byte	0x0
 16e:	0500                	.2byte	0x500
 170:	00003403          	.4byte	0x3403
 174:	0100                	.2byte	0x100
 176:	0601                	.2byte	0x601
 178:	000000c7          	.4byte	0xc7
 17c:	0201                	.2byte	0x201
 17e:	1c05                	.2byte	0x1c05
 180:	0001                	.2byte	0x1
 182:	0100                	.2byte	0x100
 184:	0504                	.2byte	0x504
 186:	00000113          	li	sp,0
 18a:	0801                	.2byte	0x801
 18c:	0e05                	.2byte	0xe05
 18e:	0001                	.2byte	0x1
 190:	0500                	.2byte	0x500
 192:	014a                	.2byte	0x14a
 194:	0000                	.2byte	0x0
 196:	172e                	.2byte	0x172e
 198:	0000009b          	.4byte	0x9b
 19c:	0101                	.2byte	0x101
 19e:	c508                	.2byte	0xc508
 1a0:	0000                	.2byte	0x0
 1a2:	0100                	.2byte	0x100
 1a4:	0702                	.2byte	0x702
 1a6:	000000d3          	.4byte	0xd3
 1aa:	2f05                	.2byte	0x2f05
 1ac:	0001                	.2byte	0x1
 1ae:	3400                	.2byte	0x3400
 1b0:	0000b41b          	.4byte	0xb41b
 1b4:	0100                	.2byte	0x100
 1b6:	0704                	.2byte	0x704
 1b8:	00fc                	.2byte	0xfc
 1ba:	0000                	.2byte	0x0
 1bc:	0801                	.2byte	0x801
 1be:	0000f707          	.4byte	0xf707
 1c2:	0900                	.2byte	0x900
 1c4:	015a                	.2byte	0x15a
 1c6:	0000                	.2byte	0x0
 1c8:	1001                	.2byte	0x1001
 1ca:	00003c33          	snez	s8,zero
 1ce:	7038                	.2byte	0x7038
 1d0:	0000                	.2byte	0x0
 1d2:	0100                	.2byte	0x100
 1d4:	e69c                	.2byte	0xe69c
 1d6:	0000                	.2byte	0x0
 1d8:	0600                	.2byte	0x600
 1da:	0074                	.2byte	0x74
 1dc:	00901317          	auipc	t1,0x901
 1e0:	0000                	.2byte	0x0
 1e2:	0025                	.2byte	0x25
 1e4:	0000                	.2byte	0x0
 1e6:	0a00                	.2byte	0xa00
 1e8:	0152                	.2byte	0x152
 1ea:	0000                	.2byte	0x0
 1ec:	0401                	.2byte	0x401
 1ee:	00000033          	add	zero,zero,zero
 1f2:	3c38                	.2byte	0x3c38
 1f4:	0000                	.2byte	0x0
 1f6:	0100                	.2byte	0x100
 1f8:	0b9c                	.2byte	0xb9c
 1fa:	000c                	.2byte	0xc
 1fc:	0000                	.2byte	0x0
 1fe:	6906                	.2byte	0x6906
 200:	0a00                	.2byte	0xa00
 202:	a910                	.2byte	0xa910
 204:	0000                	.2byte	0x0
 206:	5600                	.2byte	0x5600
 208:	0000                	.2byte	0x0
 20a:	0000                	.2byte	0x0
 20c:	0000                	.2byte	0x0
 20e:	015e                	.2byte	0x15e
 210:	0000                	.2byte	0x0
 212:	0005                	.2byte	0x5
 214:	0401                	.2byte	0x401
 216:	0160                	.2byte	0x160
 218:	0000                	.2byte	0x0
 21a:	00006a07          	.4byte	0x6a07
 21e:	1d00                	.2byte	0x1d00
 220:	00cc                	.2byte	0xcc
 222:	0000                	.2byte	0x0
 224:	0000                	.2byte	0x0
 226:	0000                	.2byte	0x0
 228:	003e                	.2byte	0x3e
 22a:	0000                	.2byte	0x0
 22c:	0000                	.2byte	0x0
 22e:	0000                	.2byte	0x0
 230:	04b0                	.2byte	0x4b0
 232:	0000                	.2byte	0x0
 234:	0101                	.2byte	0x101
 236:	c706                	.2byte	0xc706
 238:	0000                	.2byte	0x0
 23a:	0100                	.2byte	0x100
 23c:	0502                	.2byte	0x502
 23e:	011c                	.2byte	0x11c
 240:	0000                	.2byte	0x0
 242:	0401                	.2byte	0x401
 244:	1305                	.2byte	0x1305
 246:	0001                	.2byte	0x1
 248:	0100                	.2byte	0x100
 24a:	0508                	.2byte	0x508
 24c:	010e                	.2byte	0x10e
 24e:	0000                	.2byte	0x0
 250:	0101                	.2byte	0x101
 252:	c508                	.2byte	0xc508
 254:	0000                	.2byte	0x0
 256:	0100                	.2byte	0x100
 258:	0702                	.2byte	0x702
 25a:	000000d3          	.4byte	0xd3
 25e:	2f08                	.2byte	0x2f08
 260:	0001                	.2byte	0x1
 262:	0300                	.2byte	0x300
 264:	1b34                	.2byte	0x1b34
 266:	005c                	.2byte	0x5c
 268:	0000                	.2byte	0x0
 26a:	0401                	.2byte	0x401
 26c:	0000fc07          	.4byte	0xfc07
 270:	0100                	.2byte	0x100
 272:	0708                	.2byte	0x708
 274:	000000f7          	.4byte	0xf7
 278:	0409                	.2byte	0x409
 27a:	6905                	.2byte	0x6905
 27c:	746e                	.2byte	0x746e
 27e:	0100                	.2byte	0x100
 280:	0704                	.2byte	0x704
 282:	0101                	.2byte	0x101
 284:	0000                	.2byte	0x0
 286:	00015a03          	lhu	s4,0(sp)
 28a:	0500                	.2byte	0x500
 28c:	0088                	.2byte	0x88
 28e:	0000                	.2byte	0x0
 290:	0088                	.2byte	0x88
 292:	0000                	.2byte	0x0
 294:	0004                	.2byte	0x4
 296:	6a05                	.2byte	0x6a05
 298:	0000                	.2byte	0x0
 29a:	0300                	.2byte	0x300
 29c:	0152                	.2byte	0x152
 29e:	0000                	.2byte	0x0
 2a0:	8804                	.2byte	0x8804
 2a2:	0000                	.2byte	0x0
 2a4:	9d00                	.2byte	0x9d00
 2a6:	0000                	.2byte	0x0
 2a8:	0400                	.2byte	0x400
 2aa:	0a00                	.2byte	0xa00
 2ac:	016d                	.2byte	0x16d
 2ae:	0000                	.2byte	0x0
 2b0:	0702                	.2byte	0x702
 2b2:	0000ac33          	sltz	s8,ra
 2b6:	8838                	.2byte	0x8838
 2b8:	0000                	.2byte	0x0
 2ba:	0100                	.2byte	0x100
 2bc:	f49c                	.2byte	0xf49c
 2be:	0000                	.2byte	0x0
 2c0:	0b00                	.2byte	0xb00
 2c2:	011c                	.2byte	0x11c
 2c4:	3800                	.2byte	0x3800
 2c6:	000c                	.2byte	0xc
 2c8:	0000                	.2byte	0x0
 2ca:	00ea                	.2byte	0xea
 2cc:	0000                	.2byte	0x0
 2ce:	690c                	.2byte	0x690c
 2d0:	0200                	.2byte	0x200
 2d2:	0b35                	.2byte	0xb35
 2d4:	006a                	.2byte	0x6a
 2d6:	0000                	.2byte	0x0
 2d8:	0000006f          	j	2d8 <_ebss+0x1a0>
 2dc:	2002                	.2byte	0x2002
 2de:	0001                	.2byte	0x1
 2e0:	7838                	.2byte	0x7838
 2e2:	0000                	.2byte	0x0
 2e4:	0200                	.2byte	0x200
 2e6:	0124                	.2byte	0x124
 2e8:	3800                	.2byte	0x3800
 2ea:	0078                	.2byte	0x78
 2ec:	0000                	.2byte	0x0
 2ee:	2802                	.2byte	0x2802
 2f0:	0001                	.2byte	0x1
 2f2:	7838                	.2byte	0x7838
 2f4:	0000                	.2byte	0x0
 2f6:	0000                	.2byte	0x0
 2f8:	1c02                	.2byte	0x1c02
 2fa:	0001                	.2byte	0x1
 2fc:	8d38                	.2byte	0x8d38
 2fe:	0000                	.2byte	0x0
 300:	0000                	.2byte	0x0
 302:	720d                	.2byte	0x720d
 304:	0001                	.2byte	0x1
 306:	0100                	.2byte	0x100
 308:	061a                	.2byte	0x61a
 30a:	01bc                	.2byte	0x1bc
 30c:	1000                	.2byte	0x1000
 30e:	0038                	.2byte	0x38
 310:	0000                	.2byte	0x0
 312:	9c01                	.2byte	0x9c01
 314:	0121                	.2byte	0x121
 316:	0000                	.2byte	0x0
 318:	7006                	.2byte	0x7006
 31a:	1a00                	.2byte	0x1a00
 31c:	2118                	.2byte	0x2118
 31e:	0001                	.2byte	0x1
 320:	a000                	.2byte	0xa000
 322:	0000                	.2byte	0x0
 324:	0200                	.2byte	0x200
 326:	01dc                	.2byte	0x1dc
 328:	1000                	.2byte	0x1000
 32a:	0132                	.2byte	0x132
 32c:	0000                	.2byte	0x0
 32e:	0500                	.2byte	0x500
 330:	012d                	.2byte	0x12d
 332:	0000                	.2byte	0x0
 334:	0101                	.2byte	0x101
 336:	ce08                	.2byte	0xce08
 338:	0000                	.2byte	0x0
 33a:	0e00                	.2byte	0xe00
 33c:	0126                	.2byte	0x126
 33e:	0000                	.2byte	0x0
 340:	0001650f          	.4byte	0x1650f
 344:	0100                	.2byte	0x100
 346:	0612                	.2byte	0x612
 348:	0170                	.2byte	0x170
 34a:	1000                	.2byte	0x1000
 34c:	004c                	.2byte	0x4c
 34e:	0000                	.2byte	0x0
 350:	9c01                	.2byte	0x9c01
 352:	6306                	.2byte	0x6306
 354:	1200                	.2byte	0x1200
 356:	00012613          	slti	a2,sp,0
 35a:	b700                	.2byte	0xb700
 35c:	0000                	.2byte	0x0
 35e:	1000                	.2byte	0x1000
 360:	01b8                	.2byte	0x1b8
 362:	1000                	.2byte	0x1000
 364:	0132                	.2byte	0x132
 366:	0000                	.2byte	0x0
 368:	0111                	.2byte	0x111
 36a:	015a                	.2byte	0x15a
 36c:	003d                	.2byte	0x3d
	...

Disassembly of section .debug_abbrev:

00000000 <.debug_abbrev>:
   0:	1101                	.2byte	0x1101
   2:	1000                	.2byte	0x1000
   4:	12011117          	auipc	sp,0x12011
   8:	1b0e030f          	.4byte	0x1b0e030f
   c:	250e                	.2byte	0x250e
   e:	130e                	.2byte	0x130e
  10:	0005                	.2byte	0x5
  12:	0000                	.2byte	0x0
  14:	2401                	.2byte	0x2401
  16:	0b00                	.2byte	0xb00
  18:	030b3e0b          	.4byte	0x30b3e0b
  1c:	000e                	.2byte	0xe
  1e:	0200                	.2byte	0x200
  20:	0016                	.2byte	0x16
  22:	213a0e03          	lb	t3,531(s4)
  26:	390b3b03          	.4byte	0x390b3b03
  2a:	0013490b          	.4byte	0x13490b
  2e:	0300                	.2byte	0x300
  30:	0111                	.2byte	0x111
  32:	0e25                	.2byte	0xe25
  34:	1f030b13          	addi	s6,t1,496 # 9013cc <_fstack+0x900dcc>
  38:	01111f1b          	.4byte	0x1111f1b
  3c:	0612                	.2byte	0x612
  3e:	1710                	.2byte	0x1710
  40:	0000                	.2byte	0x0
  42:	2404                	.2byte	0x2404
  44:	0b00                	.2byte	0xb00
  46:	030b3e0b          	.4byte	0x30b3e0b
  4a:	0008                	.2byte	0x8
  4c:	0500                	.2byte	0x500
  4e:	0034                	.2byte	0x34
  50:	0b3a0e03          	lb	t3,179(s4)
  54:	0b390b3b          	.4byte	0xb390b3b
  58:	1349                	.2byte	0x1349
  5a:	1802193f 2e060000 	.8byte	0x2e0600001802193f
  62:	3f01                	.2byte	0x3f01
  64:	0319                	.2byte	0x319
  66:	3a08                	.2byte	0x3a08
  68:	390b3b0b          	.4byte	0x390b3b0b
  6c:	1119270b          	.4byte	0x1119270b
  70:	1201                	.2byte	0x1201
  72:	4006                	.2byte	0x4006
  74:	7a18                	.2byte	0x7a18
  76:	0119                	.2byte	0x119
  78:	07000013          	li	zero,112
  7c:	011d                	.2byte	0x11d
  7e:	1331                	.2byte	0x1331
  80:	0111                	.2byte	0x111
  82:	0612                	.2byte	0x612
  84:	0b58                	.2byte	0xb58
  86:	0b59                	.2byte	0xb59
  88:	00000b57          	.4byte	0xb57
  8c:	0508                	.2byte	0x508
  8e:	3100                	.2byte	0x3100
  90:	00170213          	addi	tp,a4,1
  94:	0900                	.2byte	0x900
  96:	012e                	.2byte	0x12e
  98:	0b3a0e03          	lb	t3,179(s4)
  9c:	0b390b3b          	.4byte	0xb390b3b
  a0:	0b201927          	.4byte	0xb201927
  a4:	0000                	.2byte	0x0
  a6:	050a                	.2byte	0x50a
  a8:	0300                	.2byte	0x300
  aa:	3a0e                	.2byte	0x3a0e
  ac:	390b3b0b          	.4byte	0x390b3b0b
  b0:	0013490b          	.4byte	0x13490b
  b4:	0000                	.2byte	0x0
  b6:	2401                	.2byte	0x2401
  b8:	0b00                	.2byte	0xb00
  ba:	030b3e0b          	.4byte	0x30b3e0b
  be:	000e                	.2byte	0xe
  c0:	0200                	.2byte	0x200
  c2:	0101                	.2byte	0x101
  c4:	1349                	.2byte	0x1349
  c6:	1301                	.2byte	0x1301
  c8:	0000                	.2byte	0x0
  ca:	49002103          	lw	sp,1168(zero) # 490 <_ebss+0x358>
  ce:	000b2f13          	slti	t5,s6,0
  d2:	0400                	.2byte	0x400
  d4:	0034                	.2byte	0x34
  d6:	213a0e03          	lb	t3,531(s4)
  da:	3b02                	.2byte	0x3b02
  dc:	0521390b          	.4byte	0x521390b
  e0:	1349                	.2byte	0x1349
  e2:	1802193f 16050000 	.8byte	0x160500001802193f
  ea:	0300                	.2byte	0x300
  ec:	3a0e                	.2byte	0x3a0e
  ee:	0321                	.2byte	0x321
  f0:	0b390b3b          	.4byte	0xb390b3b
  f4:	1349                	.2byte	0x1349
  f6:	0000                	.2byte	0x0
  f8:	3406                	.2byte	0x3406
  fa:	0300                	.2byte	0x300
  fc:	3a08                	.2byte	0x3a08
  fe:	0121                	.2byte	0x121
 100:	0b390b3b          	.4byte	0xb390b3b
 104:	1349                	.2byte	0x1349
 106:	1702                	.2byte	0x1702
 108:	0000                	.2byte	0x0
 10a:	25011107          	.4byte	0x25011107
 10e:	130e                	.2byte	0x130e
 110:	1b1f030b          	.4byte	0x1b1f030b
 114:	551f 1117 1001      	.byte	0x1f, 0x55, 0x17, 0x11, 0x01, 0x10
 11a:	08000017          	auipc	zero,0x8000
 11e:	0024                	.2byte	0x24
 120:	0b3e0b0b          	.4byte	0xb3e0b0b
 124:	00000803          	lb	a6,0(zero) # 0 <taps>
 128:	2e09                	.2byte	0x2e09
 12a:	3f01                	.2byte	0x3f01
 12c:	0319                	.2byte	0x319
 12e:	3a0e                	.2byte	0x3a0e
 130:	390b3b0b          	.4byte	0x390b3b0b
 134:	1201110b          	.4byte	0x1201110b
 138:	4006                	.2byte	0x4006
 13a:	7a18                	.2byte	0x7a18
 13c:	0119                	.2byte	0x119
 13e:	0a000013          	li	zero,160
 142:	012e                	.2byte	0x12e
 144:	0e03193f 0b3b0b3a 	.8byte	0xb3b0b3a0e03193f
 14c:	0b39                	.2byte	0xb39
 14e:	0111                	.2byte	0x111
 150:	0612                	.2byte	0x612
 152:	1840                	.2byte	0x1840
 154:	197a                	.2byte	0x197a
 156:	0000                	.2byte	0x0
 158:	55010b0b          	.4byte	0x55010b0b
 15c:	00000017          	auipc	zero,0x0
 160:	2401                	.2byte	0x2401
 162:	0b00                	.2byte	0xb00
 164:	030b3e0b          	.4byte	0x30b3e0b
 168:	000e                	.2byte	0xe
 16a:	0200                	.2byte	0x200
 16c:	0048                	.2byte	0x48
 16e:	017d                	.2byte	0x17d
 170:	137f                	.2byte	0x137f
 172:	0000                	.2byte	0x0
 174:	3f012e03          	lw	t3,1008(sp) # 120113f4 <_esram_rom+0x20111cc>
 178:	0319                	.2byte	0x319
 17a:	3a0e                	.2byte	0x3a0e
 17c:	0221                	.2byte	0x221
 17e:	21390b3b          	.4byte	0x21390b3b
 182:	490d                	.2byte	0x490d
 184:	01193c13          	sltiu	s8,s2,17
 188:	04000013          	li	zero,64
 18c:	0018                	.2byte	0x18
 18e:	0000                	.2byte	0x0
 190:	0f05                	.2byte	0xf05
 192:	0b00                	.2byte	0xb00
 194:	0421                	.2byte	0x421
 196:	1349                	.2byte	0x1349
 198:	0000                	.2byte	0x0
 19a:	0506                	.2byte	0x506
 19c:	0300                	.2byte	0x300
 19e:	3a08                	.2byte	0x3a08
 1a0:	0121                	.2byte	0x121
 1a2:	0b390b3b          	.4byte	0xb390b3b
 1a6:	1349                	.2byte	0x1349
 1a8:	1702                	.2byte	0x1702
 1aa:	0000                	.2byte	0x0
 1ac:	25011107          	.4byte	0x25011107
 1b0:	130e                	.2byte	0x130e
 1b2:	1b1f030b          	.4byte	0x1b1f030b
 1b6:	551f 1117 1001      	.byte	0x1f, 0x55, 0x17, 0x11, 0x01, 0x10
 1bc:	08000017          	auipc	zero,0x8000
 1c0:	0016                	.2byte	0x16
 1c2:	0b3a0e03          	lb	t3,179(s4)
 1c6:	0b390b3b          	.4byte	0xb390b3b
 1ca:	1349                	.2byte	0x1349
 1cc:	0000                	.2byte	0x0
 1ce:	2409                	.2byte	0x2409
 1d0:	0b00                	.2byte	0xb00
 1d2:	030b3e0b          	.4byte	0x30b3e0b
 1d6:	0008                	.2byte	0x8
 1d8:	0a00                	.2byte	0xa00
 1da:	012e                	.2byte	0x12e
 1dc:	0e03193f 0b3b0b3a 	.8byte	0xb3b0b3a0e03193f
 1e4:	0b39                	.2byte	0xb39
 1e6:	0111                	.2byte	0x111
 1e8:	0612                	.2byte	0x612
 1ea:	1840                	.2byte	0x1840
 1ec:	197a                	.2byte	0x197a
 1ee:	1301                	.2byte	0x1301
 1f0:	0000                	.2byte	0x0
 1f2:	11010b0b          	.4byte	0x11010b0b
 1f6:	1201                	.2byte	0x1201
 1f8:	0106                	.2byte	0x106
 1fa:	0c000013          	li	zero,192
 1fe:	0034                	.2byte	0x34
 200:	0b3a0803          	lb	a6,179(s4)
 204:	0b390b3b          	.4byte	0xb390b3b
 208:	1349                	.2byte	0x1349
 20a:	1702                	.2byte	0x1702
 20c:	0000                	.2byte	0x0
 20e:	2e0d                	.2byte	0x2e0d
 210:	3f01                	.2byte	0x3f01
 212:	0319                	.2byte	0x319
 214:	3a0e                	.2byte	0x3a0e
 216:	390b3b0b          	.4byte	0x390b3b0b
 21a:	1119270b          	.4byte	0x1119270b
 21e:	1201                	.2byte	0x1201
 220:	4006                	.2byte	0x4006
 222:	7a18                	.2byte	0x7a18
 224:	0119                	.2byte	0x119
 226:	0e000013          	li	zero,224
 22a:	0026                	.2byte	0x26
 22c:	1349                	.2byte	0x1349
 22e:	0000                	.2byte	0x0
 230:	3f012e0f          	.4byte	0x3f012e0f
 234:	0319                	.2byte	0x319
 236:	3a0e                	.2byte	0x3a0e
 238:	390b3b0b          	.4byte	0x390b3b0b
 23c:	1119270b          	.4byte	0x1119270b
 240:	1201                	.2byte	0x1201
 242:	4006                	.2byte	0x4006
 244:	7a18                	.2byte	0x7a18
 246:	0019                	.2byte	0x19
 248:	1000                	.2byte	0x1000
 24a:	0148                	.2byte	0x148
 24c:	017d                	.2byte	0x17d
 24e:	137f                	.2byte	0x137f
 250:	0000                	.2byte	0x0
 252:	4911                	.2byte	0x4911
 254:	0200                	.2byte	0x200
 256:	7e18                	.2byte	0x7e18
 258:	0018                	.2byte	0x18
	...

Disassembly of section .debug_aranges:

00000000 <.debug_aranges>:
   0:	001c                	.2byte	0x1c
   2:	0000                	.2byte	0x0
   4:	0002                	.2byte	0x2
   6:	0000                	.2byte	0x0
   8:	0000                	.2byte	0x0
   a:	0004                	.2byte	0x4
   c:	0000                	.2byte	0x0
   e:	0000                	.2byte	0x0
  10:	0000                	.2byte	0x0
  12:	1000                	.2byte	0x1000
  14:	0148                	.2byte	0x148
	...
  1e:	0000                	.2byte	0x0
  20:	001c                	.2byte	0x1c
  22:	0000                	.2byte	0x0
  24:	0002                	.2byte	0x2
  26:	0025                	.2byte	0x25
  28:	0000                	.2byte	0x0
  2a:	0004                	.2byte	0x4
  2c:	0000                	.2byte	0x0
  2e:	0000                	.2byte	0x0
  30:	0148                	.2byte	0x148
  32:	1000                	.2byte	0x1000
  34:	0028                	.2byte	0x28
	...
  3e:	0000                	.2byte	0x0
  40:	0024                	.2byte	0x24
  42:	0000                	.2byte	0x0
  44:	0002                	.2byte	0x2
  46:	0101                	.2byte	0x101
  48:	0000                	.2byte	0x0
  4a:	0004                	.2byte	0x4
  4c:	0000                	.2byte	0x0
  4e:	0000                	.2byte	0x0
  50:	0000                	.2byte	0x0
  52:	3800                	.2byte	0x3800
  54:	003c                	.2byte	0x3c
  56:	0000                	.2byte	0x0
  58:	003c                	.2byte	0x3c
  5a:	3800                	.2byte	0x3800
  5c:	0070                	.2byte	0x70
	...
  66:	0000                	.2byte	0x0
  68:	0024                	.2byte	0x24
  6a:	0000                	.2byte	0x0
  6c:	0002                	.2byte	0x2
  6e:	020e                	.2byte	0x20e
  70:	0000                	.2byte	0x0
  72:	0004                	.2byte	0x4
  74:	0000                	.2byte	0x0
  76:	0000                	.2byte	0x0
  78:	0170                	.2byte	0x170
  7a:	1000                	.2byte	0x1000
  7c:	0084                	.2byte	0x84
  7e:	0000                	.2byte	0x0
  80:	00ac                	.2byte	0xac
  82:	3800                	.2byte	0x3800
  84:	0088                	.2byte	0x88
	...

Disassembly of section .debug_str:

00000000 <.debug_str>:
   0:	2e2e                	.2byte	0x2e2e
   2:	2f2e2e2f          	.4byte	0x2f2e2e2f
   6:	6966                	.2byte	0x6966
   8:	6d72                	.2byte	0x6d72
   a:	65726177          	.4byte	0x65726177
   e:	7472632f          	.4byte	0x7472632f
  12:	5f30                	.2byte	0x5f30
  14:	6576                	.2byte	0x6576
  16:	2e78                	.2byte	0x2e78
  18:	682f0053          	.4byte	0x682f0053
  1c:	2f656d6f          	jal	s10,56312 <_fstack+0x55d12>
  20:	6275                	.2byte	0x6275
  22:	6e75                	.2byte	0x6e75
  24:	7574                	.2byte	0x7574
  26:	62616c2f          	.4byte	0x62616c2f
  2a:	345f 325f 6f5f      	.byte	0x5f, 0x34, 0x5f, 0x32, 0x5f, 0x6f
  30:	7470                	.2byte	0x7470
  32:	6d69                	.2byte	0x6d69
  34:	62616c2f          	.4byte	0x62616c2f
  38:	632d                	.2byte	0x632d
  3a:	7261                	.2byte	0x7261
  3c:	7661                	.2byte	0x7661
  3e:	6c65                	.2byte	0x6c65
  40:	665f 7269 742f      	.byte	0x5f, 0x66, 0x69, 0x72, 0x2f, 0x74
  46:	7365                	.2byte	0x7365
  48:	6274                	.2byte	0x6274
  4a:	6e65                	.2byte	0x6e65
  4c:	632f6863          	bltu	t5,s2,67c <_fstack+0x7c>
  50:	746e756f          	jal	a0,e7796 <_fstack+0xe7196>
  54:	7265                	.2byte	0x7265
  56:	6c5f 5f61 6966      	.byte	0x5f, 0x6c, 0x61, 0x5f, 0x66, 0x69
  5c:	0072                	.2byte	0x72
  5e:	20554e47          	.4byte	0x20554e47
  62:	5341                	.2byte	0x5341
  64:	3220                	.2byte	0x3220
  66:	332e                	.2byte	0x332e
  68:	0039                	.2byte	0x39
  6a:	20554e47          	.4byte	0x20554e47
  6e:	20373143          	.4byte	0x20373143
  72:	3231                	.2byte	0x3231
  74:	312e                	.2byte	0x312e
  76:	302e                	.2byte	0x302e
  78:	2d20                	.2byte	0x2d20
  7a:	616d                	.2byte	0x616d
  7c:	6962                	.2byte	0x6962
  7e:	693d                	.2byte	0x693d
  80:	706c                	.2byte	0x706c
  82:	2d203233          	.4byte	0x2d203233
  86:	746d                	.2byte	0x746d
  88:	6e75                	.2byte	0x6e75
  8a:	3d65                	.2byte	0x3d65
  8c:	6f72                	.2byte	0x6f72
  8e:	74656b63          	bltu	a0,t1,7e4 <_fstack+0x1e4>
  92:	2d20                	.2byte	0x2d20
  94:	696d                	.2byte	0x696d
  96:	732d6173          	csrrsi	sp,mhpmevent18h,26
  9a:	6570                	.2byte	0x6570
  9c:	2e323d63          	.4byte	0x2e323d63
  a0:	2032                	.2byte	0x2032
  a2:	6d2d                	.2byte	0x6d2d
  a4:	7261                	.2byte	0x7261
  a6:	723d6863          	bltu	s10,gp,7d6 <_fstack+0x1d6>
  aa:	3376                	.2byte	0x3376
  ac:	6932                	.2byte	0x6932
  ae:	2d20                	.2byte	0x2d20
  b0:	4f2d2067          	.4byte	0x4f2d2067
  b4:	2031                	.2byte	0x2031
  b6:	662d                	.2byte	0x662d
  b8:	7266                	.2byte	0x7266
  ba:	6565                	.2byte	0x6565
  bc:	6e617473          	csrrci	s0,0x6e6,2
  c0:	6964                	.2byte	0x6964
  c2:	676e                	.2byte	0x676e
  c4:	7500                	.2byte	0x7500
  c6:	736e                	.2byte	0x736e
  c8:	6769                	.2byte	0x6769
  ca:	656e                	.2byte	0x656e
  cc:	2064                	.2byte	0x2064
  ce:	72616863          	bltu	sp,t1,7fe <_fstack+0x1fe>
  d2:	7300                	.2byte	0x7300
  d4:	6f68                	.2byte	0x6f68
  d6:	7472                	.2byte	0x7472
  d8:	7520                	.2byte	0x7520
  da:	736e                	.2byte	0x736e
  dc:	6769                	.2byte	0x6769
  de:	656e                	.2byte	0x656e
  e0:	2064                	.2byte	0x2064
  e2:	6e69                	.2byte	0x6e69
  e4:	0074                	.2byte	0x74
  e6:	7269                	.2byte	0x7269
  e8:	5f71                	.2byte	0x5f71
  ea:	6d746573          	csrrsi	a0,0x6d7,8
  ee:	7361                	.2byte	0x7361
  f0:	6c66006b          	.4byte	0x6c66006b
  f4:	6761                	.2byte	0x6761
  f6:	6c00                	.2byte	0x6c00
  f8:	20676e6f          	jal	t3,762fe <_fstack+0x75cfe>
  fc:	6f6c                	.2byte	0x6f6c
  fe:	676e                	.2byte	0x676e
 100:	7520                	.2byte	0x7520
 102:	736e                	.2byte	0x736e
 104:	6769                	.2byte	0x6769
 106:	656e                	.2byte	0x656e
 108:	2064                	.2byte	0x2064
 10a:	6e69                	.2byte	0x6e69
 10c:	0074                	.2byte	0x74
 10e:	6f6c                	.2byte	0x6f6c
 110:	676e                	.2byte	0x676e
 112:	6c20                	.2byte	0x6c20
 114:	20676e6f          	jal	t3,7631a <_fstack+0x75d1a>
 118:	6e69                	.2byte	0x6e69
 11a:	0074                	.2byte	0x74
 11c:	726f6873          	csrrsi	a6,mhpmevent6h,30
 120:	2074                	.2byte	0x2074
 122:	6e69                	.2byte	0x6e69
 124:	0074                	.2byte	0x74
 126:	6975                	.2byte	0x6975
 128:	746e                	.2byte	0x746e
 12a:	3631                	.2byte	0x3631
 12c:	745f 7500 6e69      	.byte	0x5f, 0x74, 0x00, 0x75, 0x69, 0x6e
 132:	3374                	.2byte	0x3374
 134:	5f32                	.2byte	0x5f32
 136:	0074                	.2byte	0x74
 138:	6174                	.2byte	0x6174
 13a:	7370                	.2byte	0x7370
 13c:	6f00                	.2byte	0x6f00
 13e:	7475                	.2byte	0x7475
 140:	7570                	.2byte	0x7570
 142:	7374                	.2byte	0x7374
 144:	6769                	.2byte	0x6769
 146:	616e                	.2byte	0x616e
 148:	006c                	.2byte	0x6c
 14a:	6975                	.2byte	0x6975
 14c:	746e                	.2byte	0x746e
 14e:	5f38                	.2byte	0x5f38
 150:	0074                	.2byte	0x74
 152:	6e69                	.2byte	0x6e69
 154:	7469                	.2byte	0x7469
 156:	6966                	.2byte	0x6966
 158:	0072                	.2byte	0x72
 15a:	6966                	.2byte	0x6966
 15c:	5f72                	.2byte	0x5f72
 15e:	7865                	.2byte	0x7865
 160:	65747563          	bgeu	s0,s7,7aa <_fstack+0x1aa>
 164:	7000                	.2byte	0x7000
 166:	7475                	.2byte	0x7475
 168:	72616863          	bltu	sp,t1,898 <_fstack+0x298>
 16c:	6d00                	.2byte	0x6d00
 16e:	6961                	.2byte	0x6961
 170:	006e                	.2byte	0x6e
 172:	7270                	.2byte	0x7270
 174:	6e69                	.2byte	0x6e69
 176:	0074                	.2byte	0x74

Disassembly of section .debug_loclists:

00000000 <.debug_loclists>:
   0:	0015                	.2byte	0x15
   2:	0000                	.2byte	0x0
   4:	0005                	.2byte	0x5
   6:	0004                	.2byte	0x4
   8:	0000                	.2byte	0x0
   a:	0000                	.2byte	0x0
   c:	00014807          	.4byte	0x14807
  10:	5010                	.2byte	0x5010
  12:	0001                	.2byte	0x1
  14:	0210                	.2byte	0x210
  16:	9f30                	.2byte	0x9f30
  18:	4600                	.2byte	0x4600
  1a:	0000                	.2byte	0x0
  1c:	0500                	.2byte	0x500
  1e:	0400                	.2byte	0x400
  20:	0000                	.2byte	0x0
  22:	0000                	.2byte	0x0
  24:	0700                	.2byte	0x700
  26:	0054                	.2byte	0x54
  28:	3800                	.2byte	0x3800
  2a:	0058                	.2byte	0x58
  2c:	3800                	.2byte	0x3800
  2e:	3002                	.2byte	0x3002
  30:	079f 0058 3800      	.byte	0x9f, 0x07, 0x58, 0x00, 0x00, 0x38
  36:	006c                	.2byte	0x6c
  38:	3800                	.2byte	0x3800
  3a:	3102                	.2byte	0x3102
  3c:	079f 006c 3800      	.byte	0x9f, 0x07, 0x6c, 0x00, 0x00, 0x38
  42:	0074                	.2byte	0x74
  44:	3800                	.2byte	0x3800
  46:	9f7f7f03          	.4byte	0x9f7f7f03
  4a:	00007407          	.4byte	0x7407
  4e:	7c38                	.2byte	0x7c38
  50:	0000                	.2byte	0x0
  52:	0138                	.2byte	0x138
  54:	005f 0c07 0000      	.byte	0x5f, 0x00, 0x07, 0x0c, 0x00, 0x00
  5a:	2438                	.2byte	0x2438
  5c:	0000                	.2byte	0x0
  5e:	0238                	.2byte	0x238
  60:	9f30                	.2byte	0x9f30
  62:	8300                	.2byte	0x8300
  64:	0000                	.2byte	0x0
  66:	0500                	.2byte	0x500
  68:	0400                	.2byte	0x400
  6a:	0000                	.2byte	0x0
  6c:	0000                	.2byte	0x0
  6e:	0700                	.2byte	0x700
  70:	011c                	.2byte	0x11c
  72:	3800                	.2byte	0x3800
  74:	0120                	.2byte	0x120
  76:	3800                	.2byte	0x3800
  78:	3002                	.2byte	0x3002
  7a:	079f 0120 3800      	.byte	0x9f, 0x07, 0x20, 0x01, 0x00, 0x38
  80:	0124                	.2byte	0x124
  82:	3800                	.2byte	0x3800
  84:	3102                	.2byte	0x3102
  86:	079f 0124 3800      	.byte	0x9f, 0x07, 0x24, 0x01, 0x00, 0x38
  8c:	0128                	.2byte	0x128
  8e:	3800                	.2byte	0x3800
  90:	3202                	.2byte	0x3202
  92:	079f 0128 3800      	.byte	0x9f, 0x07, 0x28, 0x01, 0x00, 0x38
  98:	0134                	.2byte	0x134
  9a:	3800                	.2byte	0x3800
  9c:	3302                	.2byte	0x3302
  9e:	009f bc07 0001      	.byte	0x9f, 0x00, 0x07, 0xbc, 0x01, 0x00
  a4:	d010                	.2byte	0xd010
  a6:	0001                	.2byte	0x1
  a8:	0110                	.2byte	0x110
  aa:	075a                	.2byte	0x75a
  ac:	01d0                	.2byte	0x1d0
  ae:	1000                	.2byte	0x1000
  b0:	01ec                	.2byte	0x1ec
  b2:	1000                	.2byte	0x1000
  b4:	5801                	.2byte	0x5801
  b6:	0700                	.2byte	0x700
  b8:	0170                	.2byte	0x170
  ba:	1000                	.2byte	0x1000
  bc:	0188                	.2byte	0x188
  be:	1000                	.2byte	0x1000
  c0:	5a01                	.2byte	0x5a01
  c2:	00018807          	.4byte	0x18807
  c6:	b010                	.2byte	0xb010
  c8:	0001                	.2byte	0x1
  ca:	0410                	.2byte	0x410
  cc:	9f5a01a3          	sb	s5,-1565(s4)
  d0:	0001b007          	.4byte	0x1b007
  d4:	b410                	.2byte	0xb410
  d6:	0001                	.2byte	0x1
  d8:	0110                	.2byte	0x110
  da:	075a                	.2byte	0x75a
  dc:	01b4                	.2byte	0x1b4
  de:	1000                	.2byte	0x1000
  e0:	01bc                	.2byte	0x1bc
  e2:	1000                	.2byte	0x1000
  e4:	a304                	.2byte	0xa304
  e6:	5a01                	.2byte	0x5a01
  e8:	9f 00             	Address 0x00000000000000e8 is out of bounds.


Disassembly of section .debug_frame:

00000000 <.debug_frame>:
   0:	000c                	.2byte	0xc
   2:	0000                	.2byte	0x0
   4:	ffff                	.2byte	0xffff
   6:	ffff                	.2byte	0xffff
   8:	7c010003          	lb	zero,1984(sp)
   c:	0d01                	.2byte	0xd01
   e:	0002                	.2byte	0x2
  10:	000c                	.2byte	0xc
  12:	0000                	.2byte	0x0
  14:	0000                	.2byte	0x0
  16:	0000                	.2byte	0x0
  18:	0148                	.2byte	0x148
  1a:	1000                	.2byte	0x1000
  1c:	0028                	.2byte	0x28
  1e:	0000                	.2byte	0x0
  20:	000c                	.2byte	0xc
  22:	0000                	.2byte	0x0
  24:	ffff                	.2byte	0xffff
  26:	ffff                	.2byte	0xffff
  28:	7c010003          	lb	zero,1984(sp)
  2c:	0d01                	.2byte	0xd01
  2e:	0002                	.2byte	0x2
  30:	000c                	.2byte	0xc
  32:	0000                	.2byte	0x0
  34:	0020                	.2byte	0x20
  36:	0000                	.2byte	0x0
  38:	0000                	.2byte	0x0
  3a:	3800                	.2byte	0x3800
  3c:	003c                	.2byte	0x3c
  3e:	0000                	.2byte	0x0
  40:	000c                	.2byte	0xc
  42:	0000                	.2byte	0x0
  44:	0020                	.2byte	0x20
  46:	0000                	.2byte	0x0
  48:	003c                	.2byte	0x3c
  4a:	3800                	.2byte	0x3800
  4c:	0070                	.2byte	0x70
  4e:	0000                	.2byte	0x0
  50:	000c                	.2byte	0xc
  52:	0000                	.2byte	0x0
  54:	ffff                	.2byte	0xffff
  56:	ffff                	.2byte	0xffff
  58:	7c010003          	lb	zero,1984(sp)
  5c:	0d01                	.2byte	0xd01
  5e:	0002                	.2byte	0x2
  60:	0020                	.2byte	0x20
  62:	0000                	.2byte	0x0
  64:	0050                	.2byte	0x50
  66:	0000                	.2byte	0x0
  68:	0170                	.2byte	0x170
  6a:	1000                	.2byte	0x1000
  6c:	004c                	.2byte	0x4c
  6e:	0000                	.2byte	0x0
  70:	0e44                	.2byte	0xe44
  72:	4810                	.2byte	0x4810
  74:	0181                	.2byte	0x181
  76:	0288                	.2byte	0x288
  78:	0a68                	.2byte	0xa68
  7a:	44c1                	.2byte	0x44c1
  7c:	44c8                	.2byte	0x44c8
  7e:	000e                	.2byte	0xe
  80:	0b44                	.2byte	0xb44
  82:	0000                	.2byte	0x0
  84:	001c                	.2byte	0x1c
  86:	0000                	.2byte	0x0
  88:	0050                	.2byte	0x50
  8a:	0000                	.2byte	0x0
  8c:	01bc                	.2byte	0x1bc
  8e:	1000                	.2byte	0x1000
  90:	0038                	.2byte	0x38
  92:	0000                	.2byte	0x0
  94:	0e44                	.2byte	0xe44
  96:	4810                	.2byte	0x4810
  98:	0181                	.2byte	0x181
  9a:	0288                	.2byte	0x288
  9c:	c160                	.2byte	0xc160
  9e:	c844                	.2byte	0xc844
  a0:	0e44                	.2byte	0xe44
  a2:	0000                	.2byte	0x0
  a4:	0018                	.2byte	0x18
  a6:	0000                	.2byte	0x0
  a8:	0050                	.2byte	0x50
  aa:	0000                	.2byte	0x0
  ac:	00ac                	.2byte	0xac
  ae:	3800                	.2byte	0x3800
  b0:	0088                	.2byte	0x88
  b2:	0000                	.2byte	0x0
  b4:	0e44                	.2byte	0xe44
  b6:	4410                	.2byte	0x4410
  b8:	0181                	.2byte	0x181
  ba:	7802                	.2byte	0x7802
  bc:	44c1                	.2byte	0x44c1
  be:	000e                	.2byte	0xe

Disassembly of section .debug_rnglists:

00000000 <.debug_rnglists>:
   0:	002e                	.2byte	0x2e
   2:	0000                	.2byte	0x0
   4:	0005                	.2byte	0x5
   6:	0004                	.2byte	0x4
   8:	0000                	.2byte	0x0
   a:	0000                	.2byte	0x0
   c:	0c06                	.2byte	0xc06
   e:	0000                	.2byte	0x0
  10:	1438                	.2byte	0x1438
  12:	0000                	.2byte	0x0
  14:	0638                	.2byte	0x638
  16:	0018                	.2byte	0x18
  18:	3800                	.2byte	0x3800
  1a:	0038                	.2byte	0x38
  1c:	3800                	.2byte	0x3800
  1e:	0600                	.2byte	0x600
  20:	0000                	.2byte	0x0
  22:	3800                	.2byte	0x3800
  24:	003c                	.2byte	0x3c
  26:	3800                	.2byte	0x3800
  28:	3c06                	.2byte	0x3c06
  2a:	0000                	.2byte	0x0
  2c:	ac38                	.2byte	0xac38
  2e:	0000                	.2byte	0x0
  30:	0038                	.2byte	0x38
  32:	0000001b          	.4byte	0x1b
  36:	0005                	.2byte	0x5
  38:	0004                	.2byte	0x4
  3a:	0000                	.2byte	0x0
  3c:	0000                	.2byte	0x0
  3e:	7006                	.2byte	0x7006
  40:	0001                	.2byte	0x1
  42:	f410                	.2byte	0xf410
  44:	0001                	.2byte	0x1
  46:	0610                	.2byte	0x610
  48:	00ac                	.2byte	0xac
  4a:	3800                	.2byte	0x3800
  4c:	0134                	.2byte	0x134
  4e:	3800                	.2byte	0x3800
	...
