

================================================================
== Vitis HLS Report for 'paralleltostreamwithburst'
================================================================
* Date:           Thu Dec 14 14:20:44 2023

* Version:        2022.1 (Build 3526262 on Mon Apr 18 15:48:16 MDT 2022)
* Project:        userdma_upsb_1204_refine
* Solution:       solution1 (Vivado IP Flow Target)
* Product family: zynq
* Target device:  xc7z020-clg400-1


================================================================
== Performance Estimates
================================================================
+ Timing: 
    * Summary: 
    +--------+----------+----------+------------+
    |  Clock |  Target  | Estimated| Uncertainty|
    +--------+----------+----------+------------+
    |ap_clk  |  10.00 ns|  7.300 ns|     2.70 ns|
    +--------+----------+----------+------------+

+ Latency: 
    * Summary: 
    +---------+---------+----------+----------+-----+-----+---------+
    |  Latency (cycles) |  Latency (absolute) |  Interval | Pipeline|
    |   min   |   max   |    min   |    max   | min | max |   Type  |
    +---------+---------+----------+----------+-----+-----+---------+
    |        ?|        ?|         ?|         ?|    ?|    ?|       no|
    +---------+---------+----------+----------+-----+-----+---------+

    + Detail: 
        * Instance: 
        +----------------------------------------------------------------+-----------------------------------------------------+---------+---------+-----------+----------+-----+-----+---------+
        |                                                                |                                                     |  Latency (cycles) |  Latency (absolute)  |  Interval | Pipeline|
        |                            Instance                            |                        Module                       |   min   |   max   |    min    |    max   | min | max |   Type  |
        +----------------------------------------------------------------+-----------------------------------------------------+---------+---------+-----------+----------+-----+-----+---------+
        |grp_paralleltostreamwithburst_Pipeline_VITIS_LOOP_107_2_fu_173  |paralleltostreamwithburst_Pipeline_VITIS_LOOP_107_2  |        4|        ?|  40.000 ns|         ?|    4|    ?|       no|
        +----------------------------------------------------------------+-----------------------------------------------------+---------+---------+-----------+----------+-----+-----+---------+

        * Loop: 
        +-------------------+---------+---------+----------+-----------+-----------+------+----------+
        |                   |  Latency (cycles) | Iteration|  Initiation Interval  | Trip |          |
        |     Loop Name     |   min   |   max   |  Latency |  achieved |   target  | Count| Pipelined|
        +-------------------+---------+---------+----------+-----------+-----------+------+----------+
        |- VITIS_LOOP_99_1  |        ?|        ?|     3 ~ ?|          -|          -|     ?|        no|
        +-------------------+---------+---------+----------+-----------+-----------+------+----------+



================================================================
== Utilization Estimates
================================================================
* Summary: 
+-----------------+---------+-----+--------+-------+-----+
|       Name      | BRAM_18K| DSP |   FF   |  LUT  | URAM|
+-----------------+---------+-----+--------+-------+-----+
|DSP              |        -|    -|       -|      -|    -|
|Expression       |        -|    -|       0|    282|    -|
|FIFO             |        -|    -|       -|      -|    -|
|Instance         |        -|    -|     139|    321|    -|
|Memory           |        -|    -|       -|      -|    -|
|Multiplexer      |        -|    -|       -|    381|    -|
|Register         |        -|    -|     375|      -|    -|
+-----------------+---------+-----+--------+-------+-----+
|Total            |        0|    0|     514|    984|    0|
+-----------------+---------+-----+--------+-------+-----+
|Available        |      280|  220|  106400|  53200|    0|
+-----------------+---------+-----+--------+-------+-----+
|Utilization (%)  |        0|    0|      ~0|      1|    0|
+-----------------+---------+-----+--------+-------+-----+

+ Detail: 
    * Instance: 
    +----------------------------------------------------------------+-----------------------------------------------------+---------+----+-----+-----+-----+
    |                            Instance                            |                        Module                       | BRAM_18K| DSP|  FF | LUT | URAM|
    +----------------------------------------------------------------+-----------------------------------------------------+---------+----+-----+-----+-----+
    |grp_paralleltostreamwithburst_Pipeline_VITIS_LOOP_107_2_fu_173  |paralleltostreamwithburst_Pipeline_VITIS_LOOP_107_2  |        0|   0|  139|  321|    0|
    +----------------------------------------------------------------+-----------------------------------------------------+---------+----+-----+-----+-----+
    |Total                                                           |                                                     |        0|   0|  139|  321|    0|
    +----------------------------------------------------------------+-----------------------------------------------------+---------+----+-----+-----+-----+

    * DSP: 
    N/A

    * Memory: 
    N/A

    * FIFO: 
    N/A

    * Expression: 
    +----------------------+----------+----+---+----+------------+------------+
    |     Variable Name    | Operation| DSP| FF| LUT| Bitwidth P0| Bitwidth P1|
    +----------------------+----------+----+---+----+------------+------------+
    |add_ln107_fu_272_p2   |         +|   0|  0|  71|          64|          64|
    |add_ln132_fu_305_p2   |         +|   0|  0|  71|          64|          64|
    |sub_fu_254_p2         |         +|   0|  0|  38|          31|           2|
    |sub_i_i_fu_218_p2     |         +|   0|  0|  40|          33|           2|
    |ap_block_state22      |       and|   0|  0|   2|           1|           1|
    |ap_condition_298      |       and|   0|  0|   2|           1|           1|
    |ap_condition_507      |       and|   0|  0|   2|           1|           1|
    |icmp_ln100_fu_238_p2  |      icmp|   0|  0|  18|          32|           5|
    |icmp_ln107_fu_260_p2  |      icmp|   0|  0|  18|          32|           1|
    |icmp_ln134_fu_311_p2  |      icmp|   0|  0|  18|          32|           1|
    |ap_block_state1       |        or|   0|  0|   2|           1|           1|
    +----------------------+----------+----+---+----+------------+------------+
    |Total                 |          |   0|  0| 282|         292|         143|
    +----------------------+----------+----+---+----+------------+------------+

    * Multiplexer: 
    +-----------------------------------+-----+-----------+-----+-----------+
    |                Name               | LUT | Input Size| Bits| Total Bits|
    +-----------------------------------+-----+-----------+-----+-----------+
    |ap_NS_fsm                          |  113|         23|    1|         23|
    |ap_done                            |    9|          2|    1|          2|
    |ap_phi_mux_count_1_phi_fu_156_p4   |   14|          3|   32|         96|
    |ap_phi_mux_empty_58_phi_fu_167_p4  |    9|          2|   32|         64|
    |ap_sig_allocacmp_m2s_len_load      |    9|          2|   32|         64|
    |count_1_reg_151                    |    9|          2|   32|         64|
    |count_fu_102                       |    9|          2|   32|         64|
    |empty_58_reg_164                   |    9|          2|   32|         64|
    |gmem1_blk_n_AR                     |    9|          2|    1|          2|
    |grp_load_fu_191_p1                 |   14|          3|   32|         96|
    |idx_fu_98                          |    9|          2|   64|        128|
    |m2s_enb_clrsts_c_blk_n             |    9|          2|    1|          2|
    |m2s_len                            |    9|          2|   32|         64|
    |m_axi_gmem1_ARADDR                 |   14|          3|   64|        192|
    |m_axi_gmem1_ARBURST                |    9|          2|    2|          4|
    |m_axi_gmem1_ARCACHE                |    9|          2|    4|          8|
    |m_axi_gmem1_ARID                   |    9|          2|    1|          2|
    |m_axi_gmem1_ARLEN                  |   14|          3|   32|         96|
    |m_axi_gmem1_ARLOCK                 |    9|          2|    2|          4|
    |m_axi_gmem1_ARPROT                 |    9|          2|    3|          6|
    |m_axi_gmem1_ARQOS                  |    9|          2|    4|          8|
    |m_axi_gmem1_ARREGION               |    9|          2|    4|          8|
    |m_axi_gmem1_ARSIZE                 |    9|          2|    3|          6|
    |m_axi_gmem1_ARUSER                 |    9|          2|    1|          2|
    |m_axi_gmem1_ARVALID                |   14|          3|    1|          3|
    |m_axi_gmem1_RREADY                 |    9|          2|    1|          2|
    |outbuf_write                       |    9|          2|    1|          2|
    |outcount48_blk_n                   |    9|          2|    1|          2|
    +-----------------------------------+-----+-----------+-----+-----------+
    |Total                              |  381|         82|  448|       1078|
    +-----------------------------------+-----+-----------+-----+-----------+

    * Register: 
    +-----------------------------------------------------------------------------+----+----+-----+-----------+
    |                                     Name                                    | FF | LUT| Bits| Const Bits|
    +-----------------------------------------------------------------------------+----+----+-----+-----------+
    |ap_CS_fsm                                                                    |  22|   0|   22|          0|
    |ap_done_reg                                                                  |   1|   0|    1|          0|
    |count_1_reg_151                                                              |  32|   0|   32|          0|
    |count_fu_102                                                                 |  32|   0|   32|          0|
    |empty_58_reg_164                                                             |  32|   0|   32|          0|
    |first                                                                        |   1|   0|    1|          0|
    |grp_paralleltostreamwithburst_Pipeline_VITIS_LOOP_107_2_fu_173_ap_start_reg  |   1|   0|    1|          0|
    |icmp_ln107_reg_382                                                           |   1|   0|    1|          0|
    |idx_fu_98                                                                    |  64|   0|   64|          0|
    |m2s_len                                                                      |  32|   0|   32|          0|
    |sub_i_i_reg_364                                                              |  33|   0|   33|          0|
    |sub_reg_377                                                                  |  31|   0|   31|          0|
    |trunc_ln1_reg_386                                                            |  62|   0|   62|          0|
    |trunc_ln87_reg_372                                                           |  31|   0|   31|          0|
    +-----------------------------------------------------------------------------+----+----+-----+-----------+
    |Total                                                                        | 375|   0|  375|          0|
    +-----------------------------------------------------------------------------+----+----+-----+-----------+



================================================================
== Interface
================================================================
* Summary: 
+---------------------------------+-----+-----+------------+---------------------------+--------------+
|            RTL Ports            | Dir | Bits|  Protocol  |       Source Object       |    C Type    |
+---------------------------------+-----+-----+------------+---------------------------+--------------+
|ap_clk                           |   in|    1|  ap_ctrl_hs|  paralleltostreamwithburst|  return value|
|ap_rst                           |   in|    1|  ap_ctrl_hs|  paralleltostreamwithburst|  return value|
|ap_start                         |   in|    1|  ap_ctrl_hs|  paralleltostreamwithburst|  return value|
|ap_done                          |  out|    1|  ap_ctrl_hs|  paralleltostreamwithburst|  return value|
|ap_continue                      |   in|    1|  ap_ctrl_hs|  paralleltostreamwithburst|  return value|
|ap_idle                          |  out|    1|  ap_ctrl_hs|  paralleltostreamwithburst|  return value|
|ap_ready                         |  out|    1|  ap_ctrl_hs|  paralleltostreamwithburst|  return value|
|m_axi_gmem1_AWVALID              |  out|    1|       m_axi|                      gmem1|       pointer|
|m_axi_gmem1_AWREADY              |   in|    1|       m_axi|                      gmem1|       pointer|
|m_axi_gmem1_AWADDR               |  out|   64|       m_axi|                      gmem1|       pointer|
|m_axi_gmem1_AWID                 |  out|    1|       m_axi|                      gmem1|       pointer|
|m_axi_gmem1_AWLEN                |  out|   32|       m_axi|                      gmem1|       pointer|
|m_axi_gmem1_AWSIZE               |  out|    3|       m_axi|                      gmem1|       pointer|
|m_axi_gmem1_AWBURST              |  out|    2|       m_axi|                      gmem1|       pointer|
|m_axi_gmem1_AWLOCK               |  out|    2|       m_axi|                      gmem1|       pointer|
|m_axi_gmem1_AWCACHE              |  out|    4|       m_axi|                      gmem1|       pointer|
|m_axi_gmem1_AWPROT               |  out|    3|       m_axi|                      gmem1|       pointer|
|m_axi_gmem1_AWQOS                |  out|    4|       m_axi|                      gmem1|       pointer|
|m_axi_gmem1_AWREGION             |  out|    4|       m_axi|                      gmem1|       pointer|
|m_axi_gmem1_AWUSER               |  out|    1|       m_axi|                      gmem1|       pointer|
|m_axi_gmem1_WVALID               |  out|    1|       m_axi|                      gmem1|       pointer|
|m_axi_gmem1_WREADY               |   in|    1|       m_axi|                      gmem1|       pointer|
|m_axi_gmem1_WDATA                |  out|   32|       m_axi|                      gmem1|       pointer|
|m_axi_gmem1_WSTRB                |  out|    4|       m_axi|                      gmem1|       pointer|
|m_axi_gmem1_WLAST                |  out|    1|       m_axi|                      gmem1|       pointer|
|m_axi_gmem1_WID                  |  out|    1|       m_axi|                      gmem1|       pointer|
|m_axi_gmem1_WUSER                |  out|    1|       m_axi|                      gmem1|       pointer|
|m_axi_gmem1_ARVALID              |  out|    1|       m_axi|                      gmem1|       pointer|
|m_axi_gmem1_ARREADY              |   in|    1|       m_axi|                      gmem1|       pointer|
|m_axi_gmem1_ARADDR               |  out|   64|       m_axi|                      gmem1|       pointer|
|m_axi_gmem1_ARID                 |  out|    1|       m_axi|                      gmem1|       pointer|
|m_axi_gmem1_ARLEN                |  out|   32|       m_axi|                      gmem1|       pointer|
|m_axi_gmem1_ARSIZE               |  out|    3|       m_axi|                      gmem1|       pointer|
|m_axi_gmem1_ARBURST              |  out|    2|       m_axi|                      gmem1|       pointer|
|m_axi_gmem1_ARLOCK               |  out|    2|       m_axi|                      gmem1|       pointer|
|m_axi_gmem1_ARCACHE              |  out|    4|       m_axi|                      gmem1|       pointer|
|m_axi_gmem1_ARPROT               |  out|    3|       m_axi|                      gmem1|       pointer|
|m_axi_gmem1_ARQOS                |  out|    4|       m_axi|                      gmem1|       pointer|
|m_axi_gmem1_ARREGION             |  out|    4|       m_axi|                      gmem1|       pointer|
|m_axi_gmem1_ARUSER               |  out|    1|       m_axi|                      gmem1|       pointer|
|m_axi_gmem1_RVALID               |   in|    1|       m_axi|                      gmem1|       pointer|
|m_axi_gmem1_RREADY               |  out|    1|       m_axi|                      gmem1|       pointer|
|m_axi_gmem1_RDATA                |   in|   32|       m_axi|                      gmem1|       pointer|
|m_axi_gmem1_RLAST                |   in|    1|       m_axi|                      gmem1|       pointer|
|m_axi_gmem1_RID                  |   in|    1|       m_axi|                      gmem1|       pointer|
|m_axi_gmem1_RFIFONUM             |   in|    9|       m_axi|                      gmem1|       pointer|
|m_axi_gmem1_RUSER                |   in|    1|       m_axi|                      gmem1|       pointer|
|m_axi_gmem1_RRESP                |   in|    2|       m_axi|                      gmem1|       pointer|
|m_axi_gmem1_BVALID               |   in|    1|       m_axi|                      gmem1|       pointer|
|m_axi_gmem1_BREADY               |  out|    1|       m_axi|                      gmem1|       pointer|
|m_axi_gmem1_BRESP                |   in|    2|       m_axi|                      gmem1|       pointer|
|m_axi_gmem1_BID                  |   in|    1|       m_axi|                      gmem1|       pointer|
|m_axi_gmem1_BUSER                |   in|    1|       m_axi|                      gmem1|       pointer|
|in_memory                        |   in|   64|     ap_none|                  in_memory|        scalar|
|in_en_clrsts                     |   in|    1|     ap_none|               in_en_clrsts|        scalar|
|in_Img_width                     |   in|   32|     ap_none|               in_Img_width|        scalar|
|in_m2s_len                       |   in|   32|     ap_none|                 in_m2s_len|        scalar|
|outbuf_din                       |  out|   40|     ap_fifo|                     outbuf|       pointer|
|outbuf_num_data_valid            |   in|    8|     ap_fifo|                     outbuf|       pointer|
|outbuf_fifo_cap                  |   in|    8|     ap_fifo|                     outbuf|       pointer|
|outbuf_full_n                    |   in|    1|     ap_fifo|                     outbuf|       pointer|
|outbuf_write                     |  out|    1|     ap_fifo|                     outbuf|       pointer|
|outcount48_din                   |  out|   32|     ap_fifo|                 outcount48|       pointer|
|outcount48_num_data_valid        |   in|    4|     ap_fifo|                 outcount48|       pointer|
|outcount48_fifo_cap              |   in|    4|     ap_fifo|                 outcount48|       pointer|
|outcount48_full_n                |   in|    1|     ap_fifo|                 outcount48|       pointer|
|outcount48_write                 |  out|    1|     ap_fifo|                 outcount48|       pointer|
|m2s_enb_clrsts_c_din             |  out|    1|     ap_fifo|           m2s_enb_clrsts_c|       pointer|
|m2s_enb_clrsts_c_num_data_valid  |   in|    2|     ap_fifo|           m2s_enb_clrsts_c|       pointer|
|m2s_enb_clrsts_c_fifo_cap        |   in|    2|     ap_fifo|           m2s_enb_clrsts_c|       pointer|
|m2s_enb_clrsts_c_full_n          |   in|    1|     ap_fifo|           m2s_enb_clrsts_c|       pointer|
|m2s_enb_clrsts_c_write           |  out|    1|     ap_fifo|           m2s_enb_clrsts_c|       pointer|
+---------------------------------+-----+-----+------------+---------------------------+--------------+

