

================================================================
== Vitis HLS Report for 'paralleltostreamwithburst_Pipeline_VITIS_LOOP_107_2'
================================================================
* Date:           Thu Dec 14 14:20:43 2023

* Version:        2022.1 (Build 3526262 on Mon Apr 18 15:48:16 MDT 2022)
* Project:        userdma_upsb_1204_refine
* Solution:       solution1 (Vivado IP Flow Target)
* Product family: zynq
* Target device:  xc7z020-clg400-1


================================================================
== Performance Estimates
================================================================
+ Timing: 
    * Summary: 
    +--------+----------+----------+------------+
    |  Clock |  Target  | Estimated| Uncertainty|
    +--------+----------+----------+------------+
    |ap_clk  |  10.00 ns|  7.300 ns|     2.70 ns|
    +--------+----------+----------+------------+

+ Latency: 
    * Summary: 
    +---------+---------+-----------+----------+-----+-----+---------+
    |  Latency (cycles) |  Latency (absolute)  |  Interval | Pipeline|
    |   min   |   max   |    min    |    max   | min | max |   Type  |
    +---------+---------+-----------+----------+-----+-----+---------+
    |        4|        ?|  40.000 ns|         ?|    4|    ?|       no|
    +---------+---------+-----------+----------+-----+-----+---------+

    + Detail: 
        * Instance: 
        N/A

        * Loop: 
        +--------------------+---------+---------+----------+-----------+-----------+-------+----------+
        |                    |  Latency (cycles) | Iteration|  Initiation Interval  |  Trip |          |
        |      Loop Name     |   min   |   max   |  Latency |  achieved |   target  | Count | Pipelined|
        +--------------------+---------+---------+----------+-----------+-----------+-------+----------+
        |- VITIS_LOOP_107_2  |        2|        ?|         3|          1|          1|  1 ~ ?|       yes|
        +--------------------+---------+---------+----------+-----------+-----------+-------+----------+



================================================================
== Utilization Estimates
================================================================
* Summary: 
+-----------------+---------+-----+--------+-------+-----+
|       Name      | BRAM_18K| DSP |   FF   |  LUT  | URAM|
+-----------------+---------+-----+--------+-------+-----+
|DSP              |        -|    -|       -|      -|    -|
|Expression       |        -|    -|       0|    258|    -|
|FIFO             |        -|    -|       -|      -|    -|
|Instance         |        -|    -|       -|      -|    -|
|Memory           |        -|    -|       -|      -|    -|
|Multiplexer      |        -|    -|       -|     63|    -|
|Register         |        -|    -|     139|      -|    -|
+-----------------+---------+-----+--------+-------+-----+
|Total            |        0|    0|     139|    321|    0|
+-----------------+---------+-----+--------+-------+-----+
|Available        |      280|  220|  106400|  53200|    0|
+-----------------+---------+-----+--------+-------+-----+
|Utilization (%)  |        0|    0|      ~0|     ~0|    0|
+-----------------+---------+-----+--------+-------+-----+

+ Detail: 
    * Instance: 
    N/A

    * DSP: 
    N/A

    * Memory: 
    N/A

    * FIFO: 
    N/A

    * Expression: 
    +----------------------------------+----------+----+---+----+------------+------------+
    |           Variable Name          | Operation| DSP| FF| LUT| Bitwidth P0| Bitwidth P1|
    +----------------------------------+----------+----+---+----+------------+------------+
    |add_ln107_fu_169_p2               |         +|   0|  0|  38|          31|           1|
    |add_ln125_fu_217_p2               |         +|   0|  0|  39|          32|           1|
    |add_ln129_fu_237_p2               |         +|   0|  0|  39|          32|           2|
    |ap_block_state2_pp0_stage0_iter1  |       and|   0|  0|   2|           1|           1|
    |out_val_last_V_fu_191_p2          |       and|   0|  0|   2|           1|           1|
    |icmp_ln1065_fu_211_p2             |      icmp|   0|  0|  18|          33|          33|
    |icmp_ln107_fu_163_p2              |      icmp|   0|  0|  17|          31|          31|
    |icmp_ln111_1_fu_185_p2            |      icmp|   0|  0|  17|          31|          31|
    |icmp_ln111_fu_179_p2              |      icmp|   0|  0|  18|          32|           5|
    |icmp_ln116_fu_197_p2              |      icmp|   0|  0|  18|          32|          32|
    |ap_block_pp0_stage0_01001         |        or|   0|  0|   2|           1|           1|
    |select_ln1065_1_fu_291_p3         |    select|   0|  0|   7|           1|           7|
    |select_ln1065_fu_223_p3           |    select|   0|  0|  32|           1|           1|
    |select_ln120_1_fu_272_p3          |    select|   0|  0|   3|           1|           3|
    |select_ln120_fu_265_p3            |    select|   0|  0|   4|           1|           4|
    |ap_enable_pp0                     |       xor|   0|  0|   2|           1|           2|
    +----------------------------------+----------+----+---+----+------------+------------+
    |Total                             |          |   0|  0| 258|         262|         156|
    +----------------------------------+----------+----+---+----+------------+------------+

    * Multiplexer: 
    +-------------------------+----+-----------+-----+-----------+
    |           Name          | LUT| Input Size| Bits| Total Bits|
    +-------------------------+----+-----------+-----+-----------+
    |ap_done_int              |   9|          2|    1|          2|
    |ap_enable_reg_pp0_iter2  |   9|          2|    1|          2|
    |ap_sig_allocacmp_i_2     |   9|          2|   31|         62|
    |gmem1_blk_n_R            |   9|          2|    1|          2|
    |i_fu_98                  |   9|          2|   31|         62|
    |m2s_len_o                |   9|          2|   32|         64|
    |outbuf_blk_n             |   9|          2|    1|          2|
    +-------------------------+----+-----------+-----+-----------+
    |Total                    |  63|         14|   98|        196|
    +-------------------------+----+-----------+-----+-----------+

    * Register: 
    +--------------------------------------+----+----+-----+-----------+
    |                 Name                 | FF | LUT| Bits| Const Bits|
    +--------------------------------------+----+----+-----+-----------+
    |Img_width_count                       |  32|   0|   32|          0|
    |ap_CS_fsm                             |   1|   0|    1|          0|
    |ap_done_reg                           |   1|   0|    1|          0|
    |ap_enable_reg_pp0_iter1               |   1|   0|    1|          0|
    |ap_enable_reg_pp0_iter2               |   1|   0|    1|          0|
    |ap_loop_exit_ready_pp0_iter1_reg      |   1|   0|    1|          0|
    |dec_phi_fu_94                         |  32|   0|   32|          0|
    |i_fu_98                               |  31|   0|   31|          0|
    |icmp_ln1065_reg_344                   |   1|   0|    1|          0|
    |icmp_ln1065_reg_344_pp0_iter1_reg     |   1|   0|    1|          0|
    |icmp_ln107_reg_329                    |   1|   0|    1|          0|
    |icmp_ln116_reg_338                    |   1|   0|    1|          0|
    |icmp_ln116_reg_338_pp0_iter1_reg      |   1|   0|    1|          0|
    |out_val_data_filed_V_reg_349          |  32|   0|   32|          0|
    |out_val_last_V_reg_333                |   1|   0|    1|          0|
    |out_val_last_V_reg_333_pp0_iter1_reg  |   1|   0|    1|          0|
    +--------------------------------------+----+----+-----+-----------+
    |Total                                 | 139|   0|  139|          0|
    +--------------------------------------+----+----+-----+-----------+



================================================================
== Interface
================================================================
* Summary: 
+-----------------------+-----+-----+------------+-----------------------------------------------------+--------------+
|       RTL Ports       | Dir | Bits|  Protocol  |                    Source Object                    |    C Type    |
+-----------------------+-----+-----+------------+-----------------------------------------------------+--------------+
|ap_clk                 |   in|    1|  ap_ctrl_hs|  paralleltostreamwithburst_Pipeline_VITIS_LOOP_107_2|  return value|
|ap_rst                 |   in|    1|  ap_ctrl_hs|  paralleltostreamwithburst_Pipeline_VITIS_LOOP_107_2|  return value|
|ap_start               |   in|    1|  ap_ctrl_hs|  paralleltostreamwithburst_Pipeline_VITIS_LOOP_107_2|  return value|
|ap_done                |  out|    1|  ap_ctrl_hs|  paralleltostreamwithburst_Pipeline_VITIS_LOOP_107_2|  return value|
|ap_idle                |  out|    1|  ap_ctrl_hs|  paralleltostreamwithburst_Pipeline_VITIS_LOOP_107_2|  return value|
|ap_ready               |  out|    1|  ap_ctrl_hs|  paralleltostreamwithburst_Pipeline_VITIS_LOOP_107_2|  return value|
|m_axi_gmem1_AWVALID    |  out|    1|       m_axi|                                                gmem1|       pointer|
|m_axi_gmem1_AWREADY    |   in|    1|       m_axi|                                                gmem1|       pointer|
|m_axi_gmem1_AWADDR     |  out|   64|       m_axi|                                                gmem1|       pointer|
|m_axi_gmem1_AWID       |  out|    1|       m_axi|                                                gmem1|       pointer|
|m_axi_gmem1_AWLEN      |  out|   32|       m_axi|                                                gmem1|       pointer|
|m_axi_gmem1_AWSIZE     |  out|    3|       m_axi|                                                gmem1|       pointer|
|m_axi_gmem1_AWBURST    |  out|    2|       m_axi|                                                gmem1|       pointer|
|m_axi_gmem1_AWLOCK     |  out|    2|       m_axi|                                                gmem1|       pointer|
|m_axi_gmem1_AWCACHE    |  out|    4|       m_axi|                                                gmem1|       pointer|
|m_axi_gmem1_AWPROT     |  out|    3|       m_axi|                                                gmem1|       pointer|
|m_axi_gmem1_AWQOS      |  out|    4|       m_axi|                                                gmem1|       pointer|
|m_axi_gmem1_AWREGION   |  out|    4|       m_axi|                                                gmem1|       pointer|
|m_axi_gmem1_AWUSER     |  out|    1|       m_axi|                                                gmem1|       pointer|
|m_axi_gmem1_WVALID     |  out|    1|       m_axi|                                                gmem1|       pointer|
|m_axi_gmem1_WREADY     |   in|    1|       m_axi|                                                gmem1|       pointer|
|m_axi_gmem1_WDATA      |  out|   32|       m_axi|                                                gmem1|       pointer|
|m_axi_gmem1_WSTRB      |  out|    4|       m_axi|                                                gmem1|       pointer|
|m_axi_gmem1_WLAST      |  out|    1|       m_axi|                                                gmem1|       pointer|
|m_axi_gmem1_WID        |  out|    1|       m_axi|                                                gmem1|       pointer|
|m_axi_gmem1_WUSER      |  out|    1|       m_axi|                                                gmem1|       pointer|
|m_axi_gmem1_ARVALID    |  out|    1|       m_axi|                                                gmem1|       pointer|
|m_axi_gmem1_ARREADY    |   in|    1|       m_axi|                                                gmem1|       pointer|
|m_axi_gmem1_ARADDR     |  out|   64|       m_axi|                                                gmem1|       pointer|
|m_axi_gmem1_ARID       |  out|    1|       m_axi|                                                gmem1|       pointer|
|m_axi_gmem1_ARLEN      |  out|   32|       m_axi|                                                gmem1|       pointer|
|m_axi_gmem1_ARSIZE     |  out|    3|       m_axi|                                                gmem1|       pointer|
|m_axi_gmem1_ARBURST    |  out|    2|       m_axi|                                                gmem1|       pointer|
|m_axi_gmem1_ARLOCK     |  out|    2|       m_axi|                                                gmem1|       pointer|
|m_axi_gmem1_ARCACHE    |  out|    4|       m_axi|                                                gmem1|       pointer|
|m_axi_gmem1_ARPROT     |  out|    3|       m_axi|                                                gmem1|       pointer|
|m_axi_gmem1_ARQOS      |  out|    4|       m_axi|                                                gmem1|       pointer|
|m_axi_gmem1_ARREGION   |  out|    4|       m_axi|                                                gmem1|       pointer|
|m_axi_gmem1_ARUSER     |  out|    1|       m_axi|                                                gmem1|       pointer|
|m_axi_gmem1_RVALID     |   in|    1|       m_axi|                                                gmem1|       pointer|
|m_axi_gmem1_RREADY     |  out|    1|       m_axi|                                                gmem1|       pointer|
|m_axi_gmem1_RDATA      |   in|   32|       m_axi|                                                gmem1|       pointer|
|m_axi_gmem1_RLAST      |   in|    1|       m_axi|                                                gmem1|       pointer|
|m_axi_gmem1_RID        |   in|    1|       m_axi|                                                gmem1|       pointer|
|m_axi_gmem1_RFIFONUM   |   in|    9|       m_axi|                                                gmem1|       pointer|
|m_axi_gmem1_RUSER      |   in|    1|       m_axi|                                                gmem1|       pointer|
|m_axi_gmem1_RRESP      |   in|    2|       m_axi|                                                gmem1|       pointer|
|m_axi_gmem1_BVALID     |   in|    1|       m_axi|                                                gmem1|       pointer|
|m_axi_gmem1_BREADY     |  out|    1|       m_axi|                                                gmem1|       pointer|
|m_axi_gmem1_BRESP      |   in|    2|       m_axi|                                                gmem1|       pointer|
|m_axi_gmem1_BID        |   in|    1|       m_axi|                                                gmem1|       pointer|
|m_axi_gmem1_BUSER      |   in|    1|       m_axi|                                                gmem1|       pointer|
|outbuf_din             |  out|   40|     ap_fifo|                                               outbuf|       pointer|
|outbuf_num_data_valid  |   in|    8|     ap_fifo|                                               outbuf|       pointer|
|outbuf_fifo_cap        |   in|    8|     ap_fifo|                                               outbuf|       pointer|
|outbuf_full_n          |   in|    1|     ap_fifo|                                               outbuf|       pointer|
|outbuf_write           |  out|    1|     ap_fifo|                                               outbuf|       pointer|
|sext_ln107             |   in|   62|     ap_none|                                           sext_ln107|        scalar|
|trunc_ln               |   in|   31|     ap_none|                                             trunc_ln|        scalar|
|sub                    |   in|   31|     ap_none|                                                  sub|        scalar|
|in_m2s_len             |   in|   32|     ap_none|                                           in_m2s_len|        scalar|
|sub_i_i                |   in|   33|     ap_none|                                              sub_i_i|        scalar|
|dec_phi_out            |  out|   32|      ap_vld|                                          dec_phi_out|       pointer|
|dec_phi_out_ap_vld     |  out|    1|      ap_vld|                                          dec_phi_out|       pointer|
|m2s_len_i              |   in|   32|     ap_ovld|                                              m2s_len|       pointer|
|m2s_len_o              |  out|   32|     ap_ovld|                                              m2s_len|       pointer|
|m2s_len_o_ap_vld       |  out|    1|     ap_ovld|                                              m2s_len|       pointer|
+-----------------------+-----+-----+------------+-----------------------------------------------------+--------------+

