

================================================================
== Vitis HLS Report for 'sendoutstream_Pipeline_VITIS_LOOP_151_2'
================================================================
* Date:           Thu Dec 14 14:20:44 2023

* Version:        2022.1 (Build 3526262 on Mon Apr 18 15:48:16 MDT 2022)
* Project:        userdma_upsb_1204_refine
* Solution:       solution1 (Vivado IP Flow Target)
* Product family: zynq
* Target device:  xc7z020-clg400-1


================================================================
== Performance Estimates
================================================================
+ Timing: 
    * Summary: 
    +--------+----------+----------+------------+
    |  Clock |  Target  | Estimated| Uncertainty|
    +--------+----------+----------+------------+
    |ap_clk  |  10.00 ns|  4.110 ns|     2.70 ns|
    +--------+----------+----------+------------+

+ Latency: 
    * Summary: 
    +---------+---------+----------+----------+-----+-----+---------+
    |  Latency (cycles) |  Latency (absolute) |  Interval | Pipeline|
    |   min   |   max   |    min   |    max   | min | max |   Type  |
    +---------+---------+----------+----------+-----+-----+---------+
    |        ?|        ?|         ?|         ?|    ?|    ?|       no|
    +---------+---------+----------+----------+-----+-----+---------+

    + Detail: 
        * Instance: 
        N/A

        * Loop: 
        +--------------------+---------+---------+----------+-----------+-----------+------+----------+
        |                    |  Latency (cycles) | Iteration|  Initiation Interval  | Trip |          |
        |      Loop Name     |   min   |   max   |  Latency |  achieved |   target  | Count| Pipelined|
        +--------------------+---------+---------+----------+-----------+-----------+------+----------+
        |- VITIS_LOOP_151_2  |        ?|        ?|         2|          1|          1|     ?|       yes|
        +--------------------+---------+---------+----------+-----------+-----------+------+----------+



================================================================
== Utilization Estimates
================================================================
* Summary: 
+-----------------+---------+-----+--------+-------+-----+
|       Name      | BRAM_18K| DSP |   FF   |  LUT  | URAM|
+-----------------+---------+-----+--------+-------+-----+
|DSP              |        -|    -|       -|      -|    -|
|Expression       |        -|    -|       0|     68|    -|
|FIFO             |        -|    -|       -|      -|    -|
|Instance         |        -|    -|       -|      -|    -|
|Memory           |        -|    -|       -|      -|    -|
|Multiplexer      |        -|    -|       -|     75|    -|
|Register         |        -|    -|      39|      -|    -|
+-----------------+---------+-----+--------+-------+-----+
|Total            |        0|    0|      39|    143|    0|
+-----------------+---------+-----+--------+-------+-----+
|Available        |      280|  220|  106400|  53200|    0|
+-----------------+---------+-----+--------+-------+-----+
|Utilization (%)  |        0|    0|      ~0|     ~0|    0|
+-----------------+---------+-----+--------+-------+-----+

+ Detail: 
    * Instance: 
    N/A

    * DSP: 
    N/A

    * Memory: 
    N/A

    * FIFO: 
    N/A

    * Expression: 
    +----------------------------------+----------+----+---+----+------------+------------+
    |           Variable Name          | Operation| DSP| FF| LUT| Bitwidth P0| Bitwidth P1|
    +----------------------------------+----------+----+---+----+------------+------------+
    |add_ln151_fu_144_p2               |         +|   0|  0|  38|          31|           1|
    |ap_block_pp0_stage0_01001         |       and|   0|  0|   2|           1|           1|
    |ap_block_pp0_stage0_11001         |       and|   0|  0|   2|           1|           1|
    |ap_block_state3_io                |       and|   0|  0|   2|           1|           1|
    |icmp_ln151_fu_139_p2              |      icmp|   0|  0|  18|          32|          32|
    |ap_block_state3_pp0_stage0_iter1  |        or|   0|  0|   2|           1|           1|
    |ap_enable_pp0                     |       xor|   0|  0|   2|           1|           2|
    |ap_enable_reg_pp0_iter1           |       xor|   0|  0|   2|           2|           1|
    +----------------------------------+----------+----+---+----+------------+------------+
    |Total                             |          |   0|  0|  68|          70|          40|
    +----------------------------------+----------+----+---+----+------------+------------+

    * Multiplexer: 
    +--------------------------+----+-----------+-----+-----------+
    |           Name           | LUT| Input Size| Bits| Total Bits|
    +--------------------------+----+-----------+-----+-----------+
    |ap_NS_fsm                 |  25|          5|    1|          5|
    |ap_enable_reg_pp0_iter1   |  14|          3|    1|          3|
    |i_fu_66                   |   9|          2|   31|         62|
    |outStreamTop_TDATA_blk_n  |   9|          2|    1|          2|
    |outbuf_blk_n              |   9|          2|    1|          2|
    |p_phi_reg_116             |   9|          2|    1|          2|
    +--------------------------+----+-----------+-----+-----------+
    |Total                     |  75|         16|   36|         76|
    +--------------------------+----+-----------+-----+-----------+

    * Register: 
    +-------------------------+----+----+-----+-----------+
    |           Name          | FF | LUT| Bits| Const Bits|
    +-------------------------+----+----+-----+-----------+
    |ap_CS_fsm                |   4|   0|    4|          0|
    |ap_enable_reg_pp0_iter0  |   1|   0|    1|          0|
    |ap_enable_reg_pp0_iter1  |   1|   0|    1|          0|
    |i_fu_66                  |  31|   0|   31|          0|
    |icmp_ln151_reg_197       |   1|   0|    1|          0|
    |p_phi_reg_116            |   1|   0|    1|          0|
    +-------------------------+----+----+-----+-----------+
    |Total                    |  39|   0|   39|          0|
    +-------------------------+----+----+-----+-----------+



================================================================
== Interface
================================================================
* Summary: 
+-----------------------+-----+-----+------------+-----------------------------------------+--------------+
|       RTL Ports       | Dir | Bits|  Protocol  |              Source Object              |    C Type    |
+-----------------------+-----+-----+------------+-----------------------------------------+--------------+
|ap_clk                 |   in|    1|  ap_ctrl_hs|  sendoutstream_Pipeline_VITIS_LOOP_151_2|  return value|
|ap_rst                 |   in|    1|  ap_ctrl_hs|  sendoutstream_Pipeline_VITIS_LOOP_151_2|  return value|
|ap_start               |   in|    1|  ap_ctrl_hs|  sendoutstream_Pipeline_VITIS_LOOP_151_2|  return value|
|ap_done                |  out|    1|  ap_ctrl_hs|  sendoutstream_Pipeline_VITIS_LOOP_151_2|  return value|
|ap_idle                |  out|    1|  ap_ctrl_hs|  sendoutstream_Pipeline_VITIS_LOOP_151_2|  return value|
|ap_ready               |  out|    1|  ap_ctrl_hs|  sendoutstream_Pipeline_VITIS_LOOP_151_2|  return value|
|out_val_last_V         |   in|    1|     ap_none|                           out_val_last_V|        scalar|
|tmp                    |   in|   32|     ap_none|                                      tmp|        scalar|
|outbuf_dout            |   in|   40|     ap_fifo|                                   outbuf|       pointer|
|outbuf_num_data_valid  |   in|    8|     ap_fifo|                                   outbuf|       pointer|
|outbuf_fifo_cap        |   in|    8|     ap_fifo|                                   outbuf|       pointer|
|outbuf_empty_n         |   in|    1|     ap_fifo|                                   outbuf|       pointer|
|outbuf_read            |  out|    1|     ap_fifo|                                   outbuf|       pointer|
|outStreamTop_TDATA     |  out|   32|        axis|                    outStreamTop_V_data_V|       pointer|
|outStreamTop_TREADY    |   in|    1|        axis|                    outStreamTop_V_data_V|       pointer|
|outStreamTop_TVALID    |  out|    1|        axis|                    outStreamTop_V_last_V|       pointer|
|outStreamTop_TLAST     |  out|    1|        axis|                    outStreamTop_V_last_V|       pointer|
|outStreamTop_TKEEP     |  out|    4|        axis|                    outStreamTop_V_keep_V|       pointer|
|outStreamTop_TSTRB     |  out|    4|        axis|                    outStreamTop_V_strb_V|       pointer|
|outStreamTop_TUSER     |  out|    7|        axis|                    outStreamTop_V_user_V|       pointer|
|p_phi_out              |  out|    1|      ap_vld|                                p_phi_out|       pointer|
|p_phi_out_ap_vld       |  out|    1|      ap_vld|                                p_phi_out|       pointer|
+-----------------------+-----+-----+------------+-----------------------------------------+--------------+

