

================================================================
== Vitis HLS Report for 'streamtoparallelwithburst'
================================================================
* Date:           Thu Dec 14 14:20:43 2023

* Version:        2022.1 (Build 3526262 on Mon Apr 18 15:48:16 MDT 2022)
* Project:        userdma_upsb_1204_refine
* Solution:       solution1 (Vivado IP Flow Target)
* Product family: zynq
* Target device:  xc7z020-clg400-1


================================================================
== Performance Estimates
================================================================
+ Timing: 
    * Summary: 
    +--------+----------+----------+------------+
    |  Clock |  Target  | Estimated| Uncertainty|
    +--------+----------+----------+------------+
    |ap_clk  |  10.00 ns|  7.300 ns|     2.70 ns|
    +--------+----------+----------+------------+

+ Latency: 
    * Summary: 
    +---------+---------+----------+----------+-----+-----+---------+
    |  Latency (cycles) |  Latency (absolute) |  Interval | Pipeline|
    |   min   |   max   |    min   |    max   | min | max |   Type  |
    +---------+---------+----------+----------+-----+-----+---------+
    |        ?|        ?|         ?|         ?|    ?|    ?|       no|
    +---------+---------+----------+----------+-----+-----+---------+

    + Detail: 
        * Instance: 
        +---------------------------------------------------------------+----------------------------------------------------+---------+---------+-----------+----------+-----+-----+---------+
        |                                                               |                                                    |  Latency (cycles) |  Latency (absolute)  |  Interval | Pipeline|
        |                            Instance                           |                       Module                       |   min   |   max   |    min    |    max   | min | max |   Type  |
        +---------------------------------------------------------------+----------------------------------------------------+---------+---------+-----------+----------+-----+-----+---------+
        |grp_streamtoparallelwithburst_Pipeline_VITIS_LOOP_23_2_fu_148  |streamtoparallelwithburst_Pipeline_VITIS_LOOP_23_2  |        4|        ?|  40.000 ns|         ?|    4|    ?|       no|
        +---------------------------------------------------------------+----------------------------------------------------+---------+---------+-----------+----------+-----+-----+---------+

        * Loop: 
        +-------------------+---------+---------+----------+-----------+-----------+------+----------+
        |                   |  Latency (cycles) | Iteration|  Initiation Interval  | Trip |          |
        |     Loop Name     |   min   |   max   |  Latency |  achieved |   target  | Count| Pipelined|
        +-------------------+---------+---------+----------+-----------+-----------+------+----------+
        |- VITIS_LOOP_20_1  |        ?|        ?|     2 ~ ?|          -|          -|     ?|        no|
        +-------------------+---------+---------+----------+-----------+-----------+------+----------+



================================================================
== Utilization Estimates
================================================================
* Summary: 
+-----------------+---------+-----+--------+-------+-----+
|       Name      | BRAM_18K| DSP |   FF   |  LUT  | URAM|
+-----------------+---------+-----+--------+-------+-----+
|DSP              |        -|    -|       -|      -|    -|
|Expression       |        -|    -|       0|    239|    -|
|FIFO             |        -|    -|       -|      -|    -|
|Instance         |        -|    -|      69|    117|    -|
|Memory           |        -|    -|       -|      -|    -|
|Multiplexer      |        -|    -|       -|    408|    -|
|Register         |        -|    -|     346|      -|    -|
+-----------------+---------+-----+--------+-------+-----+
|Total            |        0|    0|     415|    764|    0|
+-----------------+---------+-----+--------+-------+-----+
|Available        |      280|  220|  106400|  53200|    0|
+-----------------+---------+-----+--------+-------+-----+
|Utilization (%)  |        0|    0|      ~0|      1|    0|
+-----------------+---------+-----+--------+-------+-----+

+ Detail: 
    * Instance: 
    +---------------------------------------------------------------+----------------------------------------------------+---------+----+----+-----+-----+
    |                            Instance                           |                       Module                       | BRAM_18K| DSP| FF | LUT | URAM|
    +---------------------------------------------------------------+----------------------------------------------------+---------+----+----+-----+-----+
    |grp_streamtoparallelwithburst_Pipeline_VITIS_LOOP_23_2_fu_148  |streamtoparallelwithburst_Pipeline_VITIS_LOOP_23_2  |        0|   0|  69|  117|    0|
    +---------------------------------------------------------------+----------------------------------------------------+---------+----+----+-----+-----+
    |Total                                                          |                                                    |        0|   0|  69|  117|    0|
    +---------------------------------------------------------------+----------------------------------------------------+---------+----+----+-----+-----+

    * DSP: 
    N/A

    * Memory: 
    N/A

    * FIFO: 
    N/A

    * Expression: 
    +-----------------------+----------+----+---+----+------------+------------+
    |     Variable Name     | Operation| DSP| FF| LUT| Bitwidth P0| Bitwidth P1|
    +-----------------------+----------+----+---+----+------------+------------+
    |add_ln23_fu_194_p2     |         +|   0|  0|  71|          64|          64|
    |add_ln28_fu_226_p2     |         +|   0|  0|  71|          64|          64|
    |add_ln886_fu_236_p2    |         +|   0|  0|  39|          32|          32|
    |ap_block_state19       |       and|   0|  0|   2|           1|           1|
    |icmp_ln1065_fu_247_p2  |      icmp|   0|  0|  18|          32|          32|
    |icmp_ln1073_fu_258_p2  |      icmp|   0|  0|  18|          32|          16|
    |icmp_ln23_fu_182_p2    |      icmp|   0|  0|  18|          32|           1|
    |ap_block_state1        |        or|   0|  0|   2|           1|           1|
    +-----------------------+----------+----+---+----+------------+------------+
    |Total                  |          |   0|  0| 239|         258|         211|
    +-----------------------+----------+----+---+----+------------+------------+

    * Multiplexer: 
    +-------------------------------------+-----+-----------+-----+-----------+
    |                 Name                | LUT | Input Size| Bits| Total Bits|
    +-------------------------------------+-----+-----------+-----+-----------+
    |ap_NS_fsm                            |  113|         22|    1|         22|
    |ap_done                              |    9|          2|    1|          2|
    |ap_phi_mux_storemerge_phi_fu_141_p4  |    9|          2|    1|          2|
    |ap_sig_allocacmp_out_sts_load_1      |    9|          2|    1|          2|
    |final_s2m_len_V                      |    9|          2|   32|         64|
    |gmem0_blk_n_AW                       |    9|          2|    1|          2|
    |gmem0_blk_n_B                        |    9|          2|    1|          2|
    |grp_load_fu_161_p1                   |   14|          3|    1|          3|
    |idx_fu_90                            |    9|          2|   64|        128|
    |in_en_clrsts_blk_n                   |    9|          2|    1|          2|
    |in_s2m_len_blk_n                     |    9|          2|    1|          2|
    |inbuf_read                           |    9|          2|    1|          2|
    |incount47_blk_n                      |    9|          2|    1|          2|
    |m_axi_gmem0_AWADDR                   |   14|          3|   64|        192|
    |m_axi_gmem0_AWBURST                  |    9|          2|    2|          4|
    |m_axi_gmem0_AWCACHE                  |    9|          2|    4|          8|
    |m_axi_gmem0_AWID                     |    9|          2|    1|          2|
    |m_axi_gmem0_AWLEN                    |   14|          3|   32|         96|
    |m_axi_gmem0_AWLOCK                   |    9|          2|    2|          4|
    |m_axi_gmem0_AWPROT                   |    9|          2|    3|          6|
    |m_axi_gmem0_AWQOS                    |    9|          2|    4|          8|
    |m_axi_gmem0_AWREGION                 |    9|          2|    4|          8|
    |m_axi_gmem0_AWSIZE                   |    9|          2|    3|          6|
    |m_axi_gmem0_AWUSER                   |    9|          2|    1|          2|
    |m_axi_gmem0_AWVALID                  |   14|          3|    1|          3|
    |m_axi_gmem0_BREADY                   |   14|          3|    1|          3|
    |m_axi_gmem0_WVALID                   |    9|          2|    1|          2|
    |out_memory_blk_n                     |    9|          2|    1|          2|
    |s2m_buf_sts                          |    9|          2|    1|          2|
    |storemerge_reg_138                   |    9|          2|    1|          2|
    |sts_clear_blk_n                      |    9|          2|    1|          2|
    +-------------------------------------+-----+-----------+-----+-----------+
    |Total                                |  408|         87|  234|        587|
    +-------------------------------------+-----+-----------+-----+-----------+

    * Register: 
    +----------------------------------------------------------------------------+----+----+-----+-----------+
    |                                    Name                                    | FF | LUT| Bits| Const Bits|
    +----------------------------------------------------------------------------+----+----+-----+-----------+
    |ap_CS_fsm                                                                   |  21|   0|   21|          0|
    |ap_done_reg                                                                 |   1|   0|    1|          0|
    |final_s2m_len_V                                                             |  32|   0|   32|          0|
    |grp_streamtoparallelwithburst_Pipeline_VITIS_LOOP_23_2_fu_148_ap_start_reg  |   1|   0|    1|          0|
    |icmp_ln23_reg_301                                                           |   1|   0|    1|          0|
    |idx_fu_90                                                                   |  64|   0|   64|          0|
    |in_en_clrsts_read_reg_274                                                   |   1|   0|    1|          0|
    |in_s2m_len_read_reg_278                                                     |  32|   0|   32|          0|
    |out_memory_read_reg_269                                                     |  64|   0|   64|          0|
    |out_sts                                                                     |   1|   0|    1|          0|
    |out_sts_load_1_reg_324                                                      |   1|   0|    1|          0|
    |s2m_buf_sts_preg                                                            |   1|   0|    1|          0|
    |storemerge_reg_138                                                          |   1|   0|    1|          0|
    |tmp_reg_293                                                                 |  32|   0|   32|          0|
    |trunc_ln23_reg_316                                                          |  31|   0|   31|          0|
    |trunc_ln_reg_305                                                            |  62|   0|   62|          0|
    +----------------------------------------------------------------------------+----+----+-----+-----------+
    |Total                                                                       | 346|   0|  346|          0|
    +----------------------------------------------------------------------------+----+----+-----+-----------+



================================================================
== Interface
================================================================
* Summary: 
+-----------------------------+-----+-----+------------+---------------------------+--------------+
|          RTL Ports          | Dir | Bits|  Protocol  |       Source Object       |    C Type    |
+-----------------------------+-----+-----+------------+---------------------------+--------------+
|ap_clk                       |   in|    1|  ap_ctrl_hs|  streamtoparallelwithburst|  return value|
|ap_rst                       |   in|    1|  ap_ctrl_hs|  streamtoparallelwithburst|  return value|
|ap_start                     |   in|    1|  ap_ctrl_hs|  streamtoparallelwithburst|  return value|
|ap_done                      |  out|    1|  ap_ctrl_hs|  streamtoparallelwithburst|  return value|
|ap_continue                  |   in|    1|  ap_ctrl_hs|  streamtoparallelwithburst|  return value|
|ap_idle                      |  out|    1|  ap_ctrl_hs|  streamtoparallelwithburst|  return value|
|ap_ready                     |  out|    1|  ap_ctrl_hs|  streamtoparallelwithburst|  return value|
|inbuf_dout                   |   in|   33|     ap_fifo|                      inbuf|       pointer|
|inbuf_num_data_valid         |   in|    8|     ap_fifo|                      inbuf|       pointer|
|inbuf_fifo_cap               |   in|    8|     ap_fifo|                      inbuf|       pointer|
|inbuf_empty_n                |   in|    1|     ap_fifo|                      inbuf|       pointer|
|inbuf_read                   |  out|    1|     ap_fifo|                      inbuf|       pointer|
|incount47_dout               |   in|   32|     ap_fifo|                  incount47|       pointer|
|incount47_num_data_valid     |   in|    4|     ap_fifo|                  incount47|       pointer|
|incount47_fifo_cap           |   in|    4|     ap_fifo|                  incount47|       pointer|
|incount47_empty_n            |   in|    1|     ap_fifo|                  incount47|       pointer|
|incount47_read               |  out|    1|     ap_fifo|                  incount47|       pointer|
|in_en_clrsts_dout            |   in|    1|     ap_fifo|               in_en_clrsts|       pointer|
|in_en_clrsts_num_data_valid  |   in|    2|     ap_fifo|               in_en_clrsts|       pointer|
|in_en_clrsts_fifo_cap        |   in|    2|     ap_fifo|               in_en_clrsts|       pointer|
|in_en_clrsts_empty_n         |   in|    1|     ap_fifo|               in_en_clrsts|       pointer|
|in_en_clrsts_read            |  out|    1|     ap_fifo|               in_en_clrsts|       pointer|
|s2m_buf_sts                  |  out|    1|      ap_vld|                s2m_buf_sts|       pointer|
|s2m_buf_sts_ap_vld           |  out|    1|      ap_vld|                s2m_buf_sts|       pointer|
|sts_clear_dout               |   in|    1|     ap_fifo|                  sts_clear|       pointer|
|sts_clear_num_data_valid     |   in|    3|     ap_fifo|                  sts_clear|       pointer|
|sts_clear_fifo_cap           |   in|    3|     ap_fifo|                  sts_clear|       pointer|
|sts_clear_empty_n            |   in|    1|     ap_fifo|                  sts_clear|       pointer|
|sts_clear_read               |  out|    1|     ap_fifo|                  sts_clear|       pointer|
|in_s2m_len_dout              |   in|   32|     ap_fifo|                 in_s2m_len|       pointer|
|in_s2m_len_num_data_valid    |   in|    2|     ap_fifo|                 in_s2m_len|       pointer|
|in_s2m_len_fifo_cap          |   in|    2|     ap_fifo|                 in_s2m_len|       pointer|
|in_s2m_len_empty_n           |   in|    1|     ap_fifo|                 in_s2m_len|       pointer|
|in_s2m_len_read              |  out|    1|     ap_fifo|                 in_s2m_len|       pointer|
|m_axi_gmem0_AWVALID          |  out|    1|       m_axi|                      gmem0|       pointer|
|m_axi_gmem0_AWREADY          |   in|    1|       m_axi|                      gmem0|       pointer|
|m_axi_gmem0_AWADDR           |  out|   64|       m_axi|                      gmem0|       pointer|
|m_axi_gmem0_AWID             |  out|    1|       m_axi|                      gmem0|       pointer|
|m_axi_gmem0_AWLEN            |  out|   32|       m_axi|                      gmem0|       pointer|
|m_axi_gmem0_AWSIZE           |  out|    3|       m_axi|                      gmem0|       pointer|
|m_axi_gmem0_AWBURST          |  out|    2|       m_axi|                      gmem0|       pointer|
|m_axi_gmem0_AWLOCK           |  out|    2|       m_axi|                      gmem0|       pointer|
|m_axi_gmem0_AWCACHE          |  out|    4|       m_axi|                      gmem0|       pointer|
|m_axi_gmem0_AWPROT           |  out|    3|       m_axi|                      gmem0|       pointer|
|m_axi_gmem0_AWQOS            |  out|    4|       m_axi|                      gmem0|       pointer|
|m_axi_gmem0_AWREGION         |  out|    4|       m_axi|                      gmem0|       pointer|
|m_axi_gmem0_AWUSER           |  out|    1|       m_axi|                      gmem0|       pointer|
|m_axi_gmem0_WVALID           |  out|    1|       m_axi|                      gmem0|       pointer|
|m_axi_gmem0_WREADY           |   in|    1|       m_axi|                      gmem0|       pointer|
|m_axi_gmem0_WDATA            |  out|   32|       m_axi|                      gmem0|       pointer|
|m_axi_gmem0_WSTRB            |  out|    4|       m_axi|                      gmem0|       pointer|
|m_axi_gmem0_WLAST            |  out|    1|       m_axi|                      gmem0|       pointer|
|m_axi_gmem0_WID              |  out|    1|       m_axi|                      gmem0|       pointer|
|m_axi_gmem0_WUSER            |  out|    1|       m_axi|                      gmem0|       pointer|
|m_axi_gmem0_ARVALID          |  out|    1|       m_axi|                      gmem0|       pointer|
|m_axi_gmem0_ARREADY          |   in|    1|       m_axi|                      gmem0|       pointer|
|m_axi_gmem0_ARADDR           |  out|   64|       m_axi|                      gmem0|       pointer|
|m_axi_gmem0_ARID             |  out|    1|       m_axi|                      gmem0|       pointer|
|m_axi_gmem0_ARLEN            |  out|   32|       m_axi|                      gmem0|       pointer|
|m_axi_gmem0_ARSIZE           |  out|    3|       m_axi|                      gmem0|       pointer|
|m_axi_gmem0_ARBURST          |  out|    2|       m_axi|                      gmem0|       pointer|
|m_axi_gmem0_ARLOCK           |  out|    2|       m_axi|                      gmem0|       pointer|
|m_axi_gmem0_ARCACHE          |  out|    4|       m_axi|                      gmem0|       pointer|
|m_axi_gmem0_ARPROT           |  out|    3|       m_axi|                      gmem0|       pointer|
|m_axi_gmem0_ARQOS            |  out|    4|       m_axi|                      gmem0|       pointer|
|m_axi_gmem0_ARREGION         |  out|    4|       m_axi|                      gmem0|       pointer|
|m_axi_gmem0_ARUSER           |  out|    1|       m_axi|                      gmem0|       pointer|
|m_axi_gmem0_RVALID           |   in|    1|       m_axi|                      gmem0|       pointer|
|m_axi_gmem0_RREADY           |  out|    1|       m_axi|                      gmem0|       pointer|
|m_axi_gmem0_RDATA            |   in|   32|       m_axi|                      gmem0|       pointer|
|m_axi_gmem0_RLAST            |   in|    1|       m_axi|                      gmem0|       pointer|
|m_axi_gmem0_RID              |   in|    1|       m_axi|                      gmem0|       pointer|
|m_axi_gmem0_RFIFONUM         |   in|    9|       m_axi|                      gmem0|       pointer|
|m_axi_gmem0_RUSER            |   in|    1|       m_axi|                      gmem0|       pointer|
|m_axi_gmem0_RRESP            |   in|    2|       m_axi|                      gmem0|       pointer|
|m_axi_gmem0_BVALID           |   in|    1|       m_axi|                      gmem0|       pointer|
|m_axi_gmem0_BREADY           |  out|    1|       m_axi|                      gmem0|       pointer|
|m_axi_gmem0_BRESP            |   in|    2|       m_axi|                      gmem0|       pointer|
|m_axi_gmem0_BID              |   in|    1|       m_axi|                      gmem0|       pointer|
|m_axi_gmem0_BUSER            |   in|    1|       m_axi|                      gmem0|       pointer|
|out_memory_dout              |   in|   64|     ap_fifo|                 out_memory|       pointer|
|out_memory_num_data_valid    |   in|    3|     ap_fifo|                 out_memory|       pointer|
|out_memory_fifo_cap          |   in|    3|     ap_fifo|                 out_memory|       pointer|
|out_memory_empty_n           |   in|    1|     ap_fifo|                 out_memory|       pointer|
|out_memory_read              |  out|    1|     ap_fifo|                 out_memory|       pointer|
+-----------------------------+-----+-----+------------+---------------------------+--------------+

