

================================================================
== Vitis HLS Report for 'userdma'
================================================================
* Date:           Thu Dec 14 14:20:46 2023

* Version:        2022.1 (Build 3526262 on Mon Apr 18 15:48:16 MDT 2022)
* Project:        userdma_upsb_1204_refine
* Solution:       solution1 (Vivado IP Flow Target)
* Product family: zynq
* Target device:  xc7z020-clg400-1


================================================================
== Performance Estimates
================================================================
+ Timing: 
    * Summary: 
    +--------+----------+----------+------------+
    |  Clock |  Target  | Estimated| Uncertainty|
    +--------+----------+----------+------------+
    |ap_clk  |  10.00 ns|  7.300 ns|     2.70 ns|
    +--------+----------+----------+------------+

+ Latency: 
    * Summary: 
    +---------+---------+----------+----------+-----+-----+----------+
    |  Latency (cycles) |  Latency (absolute) |  Interval | Pipeline |
    |   min   |   max   |    min   |    max   | min | max |   Type   |
    +---------+---------+----------+----------+-----+-----+----------+
    |        ?|        ?|         ?|         ?|    ?|    ?|  dataflow|
    +---------+---------+----------+----------+-----+-----+----------+

    + Detail: 
        * Instance: 
        +------------------------------+---------------------------+---------+---------+----------+----------+-----+-----+---------+
        |                              |                           |  Latency (cycles) |  Latency (absolute) |  Interval | Pipeline|
        |           Instance           |           Module          |   min   |   max   |    min   |    max   | min | max |   Type  |
        +------------------------------+---------------------------+---------+---------+----------+----------+-----+-----+---------+
        |entry_proc_U0                 |entry_proc                 |        0|        0|      0 ns|      0 ns|    0|    0|       no|
        |getinstream_U0                |getinstream                |        ?|        ?|         ?|         ?|    ?|    ?|       no|
        |paralleltostreamwithburst_U0  |paralleltostreamwithburst  |        ?|        ?|         ?|         ?|    ?|    ?|       no|
        |streamtoparallelwithburst_U0  |streamtoparallelwithburst  |        ?|        ?|         ?|         ?|    ?|    ?|       no|
        |sendoutstream_U0              |sendoutstream              |        ?|        ?|         ?|         ?|    ?|    ?|       no|
        +------------------------------+---------------------------+---------+---------+----------+----------+-----+-----+---------+

        * Loop: 
        N/A



================================================================
== Utilization Estimates
================================================================
* Summary: 
+-----------------+---------+-----+--------+-------+-----+
|       Name      | BRAM_18K| DSP |   FF   |  LUT  | URAM|
+-----------------+---------+-----+--------+-------+-----+
|DSP              |        -|    -|       -|      -|    -|
|Expression       |        -|    -|       0|     20|    -|
|FIFO             |        5|    -|    1106|    690|    -|
|Instance         |        0|    -|    3083|   7382|    -|
|Memory           |        -|    -|       -|      -|    -|
|Multiplexer      |        -|    -|       -|     27|    -|
|Register         |        -|    -|       3|      -|    -|
+-----------------+---------+-----+--------+-------+-----+
|Total            |        5|    0|    4192|   8119|    0|
+-----------------+---------+-----+--------+-------+-----+
|Available        |      280|  220|  106400|  53200|    0|
+-----------------+---------+-----+--------+-------+-----+
|Utilization (%)  |        1|    0|       3|     15|    0|
+-----------------+---------+-----+--------+-------+-----+

+ Detail: 
    * Instance: 
    +------------------------------+---------------------------+---------+----+-----+------+-----+
    |           Instance           |           Module          | BRAM_18K| DSP|  FF |  LUT | URAM|
    +------------------------------+---------------------------+---------+----+-----+------+-----+
    |control_s_axi_U               |control_s_axi              |        0|   0|  339|   502|    0|
    |entry_proc_U0                 |entry_proc                 |        0|   0|    3|    47|    0|
    |getinstream_U0                |getinstream                |        0|   0|  244|   544|    0|
    |gmem0_m_axi_U                 |gmem0_m_axi                |        0|   0|  743|  2152|    0|
    |gmem1_m_axi_U                 |gmem1_m_axi                |        0|   0|  743|  2152|    0|
    |paralleltostreamwithburst_U0  |paralleltostreamwithburst  |        0|   0|  514|   984|    0|
    |sendoutstream_U0              |sendoutstream              |        0|   0|   82|   237|    0|
    |streamtoparallelwithburst_U0  |streamtoparallelwithburst  |        0|   0|  415|   764|    0|
    +------------------------------+---------------------------+---------+----+-----+------+-----+
    |Total                         |                           |        0|   0| 3083|  7382|    0|
    +------------------------------+---------------------------+---------+----+-----+------+-----+

    * DSP: 
    N/A

    * Memory: 
    N/A

    * FIFO: 
    +--------------------+---------+-----+----+-----+------+-----+---------+
    |        Name        | BRAM_18K|  FF | LUT| URAM| Depth| Bits| Size:D*B|
    +--------------------+---------+-----+----+-----+------+-----+---------+
    |inbuf_U             |        2|  157|   0|    -|   128|   33|     4224|
    |incount_U           |        0|   99|   0|    -|     8|   32|      256|
    |m2s_enb_clrsts_c_U  |        0|   99|   0|    -|     2|    1|        2|
    |m2s_sts_clear_c_U   |        0|   99|   0|    -|     3|    1|        3|
    |outbuf_U            |        3|  157|   0|    -|   128|   40|     5120|
    |outcount_U          |        0|   99|   0|    -|     8|   32|      256|
    |s2m_enb_clrsts_c_U  |        0|   99|   0|    -|     2|    1|        2|
    |s2m_len_c_U         |        0|   99|   0|    -|     2|   32|       64|
    |s2m_sts_clear_c_U   |        0|   99|   0|    -|     3|    1|        3|
    |s2mbuf_c_U          |        0|   99|   0|    -|     3|   64|      192|
    +--------------------+---------+-----+----+-----+------+-----+---------+
    |Total               |        5| 1106|   0|    0|   287|  237|    10122|
    +--------------------+---------+-----+----+-----+------+-----+---------+

    * Expression: 
    +-----------------------------------------------+----------+----+---+----+------------+------------+
    |                 Variable Name                 | Operation| DSP| FF| LUT| Bitwidth P0| Bitwidth P1|
    +-----------------------------------------------+----------+----+---+----+------------+------------+
    |ap_idle                                        |       and|   0|  0|   2|           1|           1|
    |ap_sync_done                                   |       and|   0|  0|   2|           1|           1|
    |ap_sync_ready                                  |       and|   0|  0|   2|           1|           1|
    |entry_proc_U0_ap_start                         |       and|   0|  0|   2|           1|           1|
    |entry_proc_U0_start_full_n                     |       and|   0|  0|   2|           1|           1|
    |getinstream_U0_ap_start                        |       and|   0|  0|   2|           1|           1|
    |paralleltostreamwithburst_U0_ap_start          |       and|   0|  0|   2|           1|           1|
    |ap_sync_entry_proc_U0_ap_ready                 |        or|   0|  0|   2|           1|           1|
    |ap_sync_getinstream_U0_ap_ready                |        or|   0|  0|   2|           1|           1|
    |ap_sync_paralleltostreamwithburst_U0_ap_ready  |        or|   0|  0|   2|           1|           1|
    +-----------------------------------------------+----------+----+---+----+------------+------------+
    |Total                                          |          |   0|  0|  20|          10|          10|
    +-----------------------------------------------+----------+----+---+----+------------+------------+

    * Multiplexer: 
    +---------------------------------------------------+----+-----------+-----+-----------+
    |                        Name                       | LUT| Input Size| Bits| Total Bits|
    +---------------------------------------------------+----+-----------+-----+-----------+
    |ap_sync_reg_entry_proc_U0_ap_ready                 |   9|          2|    1|          2|
    |ap_sync_reg_getinstream_U0_ap_ready                |   9|          2|    1|          2|
    |ap_sync_reg_paralleltostreamwithburst_U0_ap_ready  |   9|          2|    1|          2|
    +---------------------------------------------------+----+-----------+-----+-----------+
    |Total                                              |  27|          6|    3|          6|
    +---------------------------------------------------+----+-----------+-----+-----------+

    * Register: 
    +---------------------------------------------------+---+----+-----+-----------+
    |                        Name                       | FF| LUT| Bits| Const Bits|
    +---------------------------------------------------+---+----+-----+-----------+
    |ap_sync_reg_entry_proc_U0_ap_ready                 |  1|   0|    1|          0|
    |ap_sync_reg_getinstream_U0_ap_ready                |  1|   0|    1|          0|
    |ap_sync_reg_paralleltostreamwithburst_U0_ap_ready  |  1|   0|    1|          0|
    +---------------------------------------------------+---+----+-----+-----------+
    |Total                                              |  3|   0|    3|          0|
    +---------------------------------------------------+---+----+-----+-----------+



================================================================
== Interface
================================================================
* Summary: 
+-----------------------+-----+-----+------------+-----------------------+--------------+
|       RTL Ports       | Dir | Bits|  Protocol  |     Source Object     |    C Type    |
+-----------------------+-----+-----+------------+-----------------------+--------------+
|s_axi_control_AWVALID  |   in|    1|       s_axi|                control|        scalar|
|s_axi_control_AWREADY  |  out|    1|       s_axi|                control|        scalar|
|s_axi_control_AWADDR   |   in|    8|       s_axi|                control|        scalar|
|s_axi_control_WVALID   |   in|    1|       s_axi|                control|        scalar|
|s_axi_control_WREADY   |  out|    1|       s_axi|                control|        scalar|
|s_axi_control_WDATA    |   in|   32|       s_axi|                control|        scalar|
|s_axi_control_WSTRB    |   in|    4|       s_axi|                control|        scalar|
|s_axi_control_ARVALID  |   in|    1|       s_axi|                control|        scalar|
|s_axi_control_ARREADY  |  out|    1|       s_axi|                control|        scalar|
|s_axi_control_ARADDR   |   in|    8|       s_axi|                control|        scalar|
|s_axi_control_RVALID   |  out|    1|       s_axi|                control|        scalar|
|s_axi_control_RREADY   |   in|    1|       s_axi|                control|        scalar|
|s_axi_control_RDATA    |  out|   32|       s_axi|                control|        scalar|
|s_axi_control_RRESP    |  out|    2|       s_axi|                control|        scalar|
|s_axi_control_BVALID   |  out|    1|       s_axi|                control|        scalar|
|s_axi_control_BREADY   |   in|    1|       s_axi|                control|        scalar|
|s_axi_control_BRESP    |  out|    2|       s_axi|                control|        scalar|
|ap_clk                 |   in|    1|  ap_ctrl_hs|                userdma|  return value|
|ap_rst_n               |   in|    1|  ap_ctrl_hs|                userdma|  return value|
|interrupt              |  out|    1|  ap_ctrl_hs|                userdma|  return value|
|m_axi_gmem0_AWVALID    |  out|    1|       m_axi|                  gmem0|       pointer|
|m_axi_gmem0_AWREADY    |   in|    1|       m_axi|                  gmem0|       pointer|
|m_axi_gmem0_AWADDR     |  out|   64|       m_axi|                  gmem0|       pointer|
|m_axi_gmem0_AWID       |  out|    1|       m_axi|                  gmem0|       pointer|
|m_axi_gmem0_AWLEN      |  out|    8|       m_axi|                  gmem0|       pointer|
|m_axi_gmem0_AWSIZE     |  out|    3|       m_axi|                  gmem0|       pointer|
|m_axi_gmem0_AWBURST    |  out|    2|       m_axi|                  gmem0|       pointer|
|m_axi_gmem0_AWLOCK     |  out|    2|       m_axi|                  gmem0|       pointer|
|m_axi_gmem0_AWCACHE    |  out|    4|       m_axi|                  gmem0|       pointer|
|m_axi_gmem0_AWPROT     |  out|    3|       m_axi|                  gmem0|       pointer|
|m_axi_gmem0_AWQOS      |  out|    4|       m_axi|                  gmem0|       pointer|
|m_axi_gmem0_AWREGION   |  out|    4|       m_axi|                  gmem0|       pointer|
|m_axi_gmem0_AWUSER     |  out|    1|       m_axi|                  gmem0|       pointer|
|m_axi_gmem0_WVALID     |  out|    1|       m_axi|                  gmem0|       pointer|
|m_axi_gmem0_WREADY     |   in|    1|       m_axi|                  gmem0|       pointer|
|m_axi_gmem0_WDATA      |  out|   32|       m_axi|                  gmem0|       pointer|
|m_axi_gmem0_WSTRB      |  out|    4|       m_axi|                  gmem0|       pointer|
|m_axi_gmem0_WLAST      |  out|    1|       m_axi|                  gmem0|       pointer|
|m_axi_gmem0_WID        |  out|    1|       m_axi|                  gmem0|       pointer|
|m_axi_gmem0_WUSER      |  out|    1|       m_axi|                  gmem0|       pointer|
|m_axi_gmem0_ARVALID    |  out|    1|       m_axi|                  gmem0|       pointer|
|m_axi_gmem0_ARREADY    |   in|    1|       m_axi|                  gmem0|       pointer|
|m_axi_gmem0_ARADDR     |  out|   64|       m_axi|                  gmem0|       pointer|
|m_axi_gmem0_ARID       |  out|    1|       m_axi|                  gmem0|       pointer|
|m_axi_gmem0_ARLEN      |  out|    8|       m_axi|                  gmem0|       pointer|
|m_axi_gmem0_ARSIZE     |  out|    3|       m_axi|                  gmem0|       pointer|
|m_axi_gmem0_ARBURST    |  out|    2|       m_axi|                  gmem0|       pointer|
|m_axi_gmem0_ARLOCK     |  out|    2|       m_axi|                  gmem0|       pointer|
|m_axi_gmem0_ARCACHE    |  out|    4|       m_axi|                  gmem0|       pointer|
|m_axi_gmem0_ARPROT     |  out|    3|       m_axi|                  gmem0|       pointer|
|m_axi_gmem0_ARQOS      |  out|    4|       m_axi|                  gmem0|       pointer|
|m_axi_gmem0_ARREGION   |  out|    4|       m_axi|                  gmem0|       pointer|
|m_axi_gmem0_ARUSER     |  out|    1|       m_axi|                  gmem0|       pointer|
|m_axi_gmem0_RVALID     |   in|    1|       m_axi|                  gmem0|       pointer|
|m_axi_gmem0_RREADY     |  out|    1|       m_axi|                  gmem0|       pointer|
|m_axi_gmem0_RDATA      |   in|   32|       m_axi|                  gmem0|       pointer|
|m_axi_gmem0_RLAST      |   in|    1|       m_axi|                  gmem0|       pointer|
|m_axi_gmem0_RID        |   in|    1|       m_axi|                  gmem0|       pointer|
|m_axi_gmem0_RUSER      |   in|    1|       m_axi|                  gmem0|       pointer|
|m_axi_gmem0_RRESP      |   in|    2|       m_axi|                  gmem0|       pointer|
|m_axi_gmem0_BVALID     |   in|    1|       m_axi|                  gmem0|       pointer|
|m_axi_gmem0_BREADY     |  out|    1|       m_axi|                  gmem0|       pointer|
|m_axi_gmem0_BRESP      |   in|    2|       m_axi|                  gmem0|       pointer|
|m_axi_gmem0_BID        |   in|    1|       m_axi|                  gmem0|       pointer|
|m_axi_gmem0_BUSER      |   in|    1|       m_axi|                  gmem0|       pointer|
|m_axi_gmem1_AWVALID    |  out|    1|       m_axi|                  gmem1|       pointer|
|m_axi_gmem1_AWREADY    |   in|    1|       m_axi|                  gmem1|       pointer|
|m_axi_gmem1_AWADDR     |  out|   64|       m_axi|                  gmem1|       pointer|
|m_axi_gmem1_AWID       |  out|    1|       m_axi|                  gmem1|       pointer|
|m_axi_gmem1_AWLEN      |  out|    8|       m_axi|                  gmem1|       pointer|
|m_axi_gmem1_AWSIZE     |  out|    3|       m_axi|                  gmem1|       pointer|
|m_axi_gmem1_AWBURST    |  out|    2|       m_axi|                  gmem1|       pointer|
|m_axi_gmem1_AWLOCK     |  out|    2|       m_axi|                  gmem1|       pointer|
|m_axi_gmem1_AWCACHE    |  out|    4|       m_axi|                  gmem1|       pointer|
|m_axi_gmem1_AWPROT     |  out|    3|       m_axi|                  gmem1|       pointer|
|m_axi_gmem1_AWQOS      |  out|    4|       m_axi|                  gmem1|       pointer|
|m_axi_gmem1_AWREGION   |  out|    4|       m_axi|                  gmem1|       pointer|
|m_axi_gmem1_AWUSER     |  out|    1|       m_axi|                  gmem1|       pointer|
|m_axi_gmem1_WVALID     |  out|    1|       m_axi|                  gmem1|       pointer|
|m_axi_gmem1_WREADY     |   in|    1|       m_axi|                  gmem1|       pointer|
|m_axi_gmem1_WDATA      |  out|   32|       m_axi|                  gmem1|       pointer|
|m_axi_gmem1_WSTRB      |  out|    4|       m_axi|                  gmem1|       pointer|
|m_axi_gmem1_WLAST      |  out|    1|       m_axi|                  gmem1|       pointer|
|m_axi_gmem1_WID        |  out|    1|       m_axi|                  gmem1|       pointer|
|m_axi_gmem1_WUSER      |  out|    1|       m_axi|                  gmem1|       pointer|
|m_axi_gmem1_ARVALID    |  out|    1|       m_axi|                  gmem1|       pointer|
|m_axi_gmem1_ARREADY    |   in|    1|       m_axi|                  gmem1|       pointer|
|m_axi_gmem1_ARADDR     |  out|   64|       m_axi|                  gmem1|       pointer|
|m_axi_gmem1_ARID       |  out|    1|       m_axi|                  gmem1|       pointer|
|m_axi_gmem1_ARLEN      |  out|    8|       m_axi|                  gmem1|       pointer|
|m_axi_gmem1_ARSIZE     |  out|    3|       m_axi|                  gmem1|       pointer|
|m_axi_gmem1_ARBURST    |  out|    2|       m_axi|                  gmem1|       pointer|
|m_axi_gmem1_ARLOCK     |  out|    2|       m_axi|                  gmem1|       pointer|
|m_axi_gmem1_ARCACHE    |  out|    4|       m_axi|                  gmem1|       pointer|
|m_axi_gmem1_ARPROT     |  out|    3|       m_axi|                  gmem1|       pointer|
|m_axi_gmem1_ARQOS      |  out|    4|       m_axi|                  gmem1|       pointer|
|m_axi_gmem1_ARREGION   |  out|    4|       m_axi|                  gmem1|       pointer|
|m_axi_gmem1_ARUSER     |  out|    1|       m_axi|                  gmem1|       pointer|
|m_axi_gmem1_RVALID     |   in|    1|       m_axi|                  gmem1|       pointer|
|m_axi_gmem1_RREADY     |  out|    1|       m_axi|                  gmem1|       pointer|
|m_axi_gmem1_RDATA      |   in|   32|       m_axi|                  gmem1|       pointer|
|m_axi_gmem1_RLAST      |   in|    1|       m_axi|                  gmem1|       pointer|
|m_axi_gmem1_RID        |   in|    1|       m_axi|                  gmem1|       pointer|
|m_axi_gmem1_RUSER      |   in|    1|       m_axi|                  gmem1|       pointer|
|m_axi_gmem1_RRESP      |   in|    2|       m_axi|                  gmem1|       pointer|
|m_axi_gmem1_BVALID     |   in|    1|       m_axi|                  gmem1|       pointer|
|m_axi_gmem1_BREADY     |  out|    1|       m_axi|                  gmem1|       pointer|
|m_axi_gmem1_BRESP      |   in|    2|       m_axi|                  gmem1|       pointer|
|m_axi_gmem1_BID        |   in|    1|       m_axi|                  gmem1|       pointer|
|m_axi_gmem1_BUSER      |   in|    1|       m_axi|                  gmem1|       pointer|
|inStreamTop_TDATA      |   in|   32|        axis|   inStreamTop_V_data_V|       pointer|
|inStreamTop_TKEEP      |   in|    4|        axis|   inStreamTop_V_keep_V|       pointer|
|inStreamTop_TSTRB      |   in|    4|        axis|   inStreamTop_V_strb_V|       pointer|
|inStreamTop_TUSER      |   in|    7|        axis|   inStreamTop_V_user_V|       pointer|
|inStreamTop_TLAST      |   in|    1|        axis|   inStreamTop_V_last_V|       pointer|
|inStreamTop_TVALID     |   in|    1|        axis|   inStreamTop_V_last_V|       pointer|
|inStreamTop_TREADY     |  out|    1|        axis|   inStreamTop_V_last_V|       pointer|
|outStreamTop_TDATA     |  out|   32|        axis|  outStreamTop_V_data_V|       pointer|
|outStreamTop_TKEEP     |  out|    4|        axis|  outStreamTop_V_keep_V|       pointer|
|outStreamTop_TSTRB     |  out|    4|        axis|  outStreamTop_V_strb_V|       pointer|
|outStreamTop_TUSER     |  out|    7|        axis|  outStreamTop_V_user_V|       pointer|
|outStreamTop_TLAST     |  out|    1|        axis|  outStreamTop_V_last_V|       pointer|
|outStreamTop_TVALID    |  out|    1|        axis|  outStreamTop_V_last_V|       pointer|
|outStreamTop_TREADY    |   in|    1|        axis|  outStreamTop_V_last_V|       pointer|
+-----------------------+-----+-----+------------+-----------------------+--------------+

