

================================================================
== Vitis HLS Report for 'mmult_Pipeline_init'
================================================================
* Date:           Wed Dec  4 13:26:14 2024

* Version:        2022.1 (Build 3526262 on Mon Apr 18 15:47:01 MDT 2022)
* Project:        SA_propagating
* Solution:       solution1 (Vivado IP Flow Target)
* Product family: virtexuplus
* Target device:  xcu50-fsvh2104-2-e


================================================================
== Performance Estimates
================================================================
+ Timing: 
    * Summary: 
    +--------+----------+----------+------------+
    |  Clock |  Target  | Estimated| Uncertainty|
    +--------+----------+----------+------------+
    |ap_clk  |  10.00 ns|  1.094 ns|     2.70 ns|
    +--------+----------+----------+------------+

+ Latency: 
    * Summary: 
    +---------+---------+----------+----------+-----+-----+---------+
    |  Latency (cycles) |  Latency (absolute) |  Interval | Pipeline|
    |   min   |   max   |    min   |    max   | min | max |   Type  |
    +---------+---------+----------+----------+-----+-----+---------+
    |       18|       18|  0.180 us|  0.180 us|   18|   18|       no|
    +---------+---------+----------+----------+-----+-----+---------+

    + Detail: 
        * Instance: 
        N/A

        * Loop: 
        +----------+---------+---------+----------+-----------+-----------+------+----------+
        |          |  Latency (cycles) | Iteration|  Initiation Interval  | Trip |          |
        | Loop Name|   min   |   max   |  Latency |  achieved |   target  | Count| Pipelined|
        +----------+---------+---------+----------+-----------+-----------+------+----------+
        |- init    |       16|       16|         1|          1|          1|    16|       yes|
        +----------+---------+---------+----------+-----------+-----------+------+----------+

============================================================
+ Verbose Summary: Synthesis Manager
============================================================
InlineROM: 1
ExposeGlobal: 0
============================================================
+ Verbose Summary: CDFG Model
============================================================
IsTopModel: 0
ResetActiveHigh: 1
IsCombinational: 0
IsDatapathOnly: 0
HasWiredReturn: 1
HasMFsm: 2
HasVarLatency: 1
IsPipeline: 0
IsRtlPipelined: 0
IsInstanceOverlapped: 0
IsDontTouch: 0
HasImplIP: 0
IsGatedGlobalClock: 0

+ Individual pipeline summary: 
  * Pipeline-0: initiation interval (II) = 1, depth = 1


============================================================
+ Verbose Summary: Schedule
============================================================
* Number of FSM states : 1
* Pipeline : 1
  Pipeline-0 : II = 1, D = 1, States = { 1 }
* Dataflow Pipeline: 0

* FSM state transitions: 
1 --> 

* FSM state operations: 

State 1 <SV = 0> <Delay = 1.09>
ST_1 : Operation 4 [1/1] (0.00ns)   --->   "%i = alloca i32 1"   --->   Operation 4 'alloca' 'i' <Predicate = true> <Delay = 0.00>
ST_1 : Operation 5 [1/1] (0.00ns)   --->   "%arrayidx2224_15226_promoted = alloca i32 1"   --->   Operation 5 'alloca' 'arrayidx2224_15226_promoted' <Predicate = true> <Delay = 0.00>
ST_1 : Operation 6 [1/1] (0.00ns)   --->   "%arrayidx2224_1_15_promoted = alloca i32 1"   --->   Operation 6 'alloca' 'arrayidx2224_1_15_promoted' <Predicate = true> <Delay = 0.00>
ST_1 : Operation 7 [1/1] (0.00ns)   --->   "%arrayidx2224_2_15_promoted = alloca i32 1"   --->   Operation 7 'alloca' 'arrayidx2224_2_15_promoted' <Predicate = true> <Delay = 0.00>
ST_1 : Operation 8 [1/1] (0.00ns)   --->   "%arrayidx2224_3_15_promoted = alloca i32 1"   --->   Operation 8 'alloca' 'arrayidx2224_3_15_promoted' <Predicate = true> <Delay = 0.00>
ST_1 : Operation 9 [1/1] (0.00ns)   --->   "%arrayidx2224_4_15_promoted = alloca i32 1"   --->   Operation 9 'alloca' 'arrayidx2224_4_15_promoted' <Predicate = true> <Delay = 0.00>
ST_1 : Operation 10 [1/1] (0.00ns)   --->   "%arrayidx2224_5_15_promoted = alloca i32 1"   --->   Operation 10 'alloca' 'arrayidx2224_5_15_promoted' <Predicate = true> <Delay = 0.00>
ST_1 : Operation 11 [1/1] (0.00ns)   --->   "%arrayidx2224_6_15_promoted = alloca i32 1"   --->   Operation 11 'alloca' 'arrayidx2224_6_15_promoted' <Predicate = true> <Delay = 0.00>
ST_1 : Operation 12 [1/1] (0.00ns)   --->   "%arrayidx2224_7_15_promoted = alloca i32 1"   --->   Operation 12 'alloca' 'arrayidx2224_7_15_promoted' <Predicate = true> <Delay = 0.00>
ST_1 : Operation 13 [1/1] (0.00ns)   --->   "%arrayidx2224_8_15_promoted = alloca i32 1"   --->   Operation 13 'alloca' 'arrayidx2224_8_15_promoted' <Predicate = true> <Delay = 0.00>
ST_1 : Operation 14 [1/1] (0.00ns)   --->   "%arrayidx2224_9_15_promoted = alloca i32 1"   --->   Operation 14 'alloca' 'arrayidx2224_9_15_promoted' <Predicate = true> <Delay = 0.00>
ST_1 : Operation 15 [1/1] (0.00ns)   --->   "%arrayidx2224_10_15_promoted = alloca i32 1"   --->   Operation 15 'alloca' 'arrayidx2224_10_15_promoted' <Predicate = true> <Delay = 0.00>
ST_1 : Operation 16 [1/1] (0.00ns)   --->   "%arrayidx2224_11_15_promoted = alloca i32 1"   --->   Operation 16 'alloca' 'arrayidx2224_11_15_promoted' <Predicate = true> <Delay = 0.00>
ST_1 : Operation 17 [1/1] (0.00ns)   --->   "%arrayidx2224_12_15_promoted = alloca i32 1"   --->   Operation 17 'alloca' 'arrayidx2224_12_15_promoted' <Predicate = true> <Delay = 0.00>
ST_1 : Operation 18 [1/1] (0.00ns)   --->   "%arrayidx2224_13_15_promoted = alloca i32 1"   --->   Operation 18 'alloca' 'arrayidx2224_13_15_promoted' <Predicate = true> <Delay = 0.00>
ST_1 : Operation 19 [1/1] (0.00ns)   --->   "%arrayidx2224_14_15_promoted = alloca i32 1"   --->   Operation 19 'alloca' 'arrayidx2224_14_15_promoted' <Predicate = true> <Delay = 0.00>
ST_1 : Operation 20 [1/1] (0.00ns)   --->   "%arrayidx2224_15_15_promoted = alloca i32 1"   --->   Operation 20 'alloca' 'arrayidx2224_15_15_promoted' <Predicate = true> <Delay = 0.00>
ST_1 : Operation 21 [1/1] (0.00ns)   --->   "%inA_0 = alloca i32 1"   --->   Operation 21 'alloca' 'inA_0' <Predicate = true> <Delay = 0.00>
ST_1 : Operation 22 [1/1] (0.00ns)   --->   "%inA_15_0 = alloca i32 1"   --->   Operation 22 'alloca' 'inA_15_0' <Predicate = true> <Delay = 0.00>
ST_1 : Operation 23 [1/1] (0.00ns)   --->   "%inA_30_0 = alloca i32 1"   --->   Operation 23 'alloca' 'inA_30_0' <Predicate = true> <Delay = 0.00>
ST_1 : Operation 24 [1/1] (0.00ns)   --->   "%inA_45_0 = alloca i32 1"   --->   Operation 24 'alloca' 'inA_45_0' <Predicate = true> <Delay = 0.00>
ST_1 : Operation 25 [1/1] (0.00ns)   --->   "%inA_60_0 = alloca i32 1"   --->   Operation 25 'alloca' 'inA_60_0' <Predicate = true> <Delay = 0.00>
ST_1 : Operation 26 [1/1] (0.00ns)   --->   "%inA_75_0 = alloca i32 1"   --->   Operation 26 'alloca' 'inA_75_0' <Predicate = true> <Delay = 0.00>
ST_1 : Operation 27 [1/1] (0.00ns)   --->   "%inA_90_0 = alloca i32 1"   --->   Operation 27 'alloca' 'inA_90_0' <Predicate = true> <Delay = 0.00>
ST_1 : Operation 28 [1/1] (0.00ns)   --->   "%inA_105_0 = alloca i32 1"   --->   Operation 28 'alloca' 'inA_105_0' <Predicate = true> <Delay = 0.00>
ST_1 : Operation 29 [1/1] (0.00ns)   --->   "%inA_120_0 = alloca i32 1"   --->   Operation 29 'alloca' 'inA_120_0' <Predicate = true> <Delay = 0.00>
ST_1 : Operation 30 [1/1] (0.00ns)   --->   "%inA_135_0 = alloca i32 1"   --->   Operation 30 'alloca' 'inA_135_0' <Predicate = true> <Delay = 0.00>
ST_1 : Operation 31 [1/1] (0.00ns)   --->   "%inA_150_0 = alloca i32 1"   --->   Operation 31 'alloca' 'inA_150_0' <Predicate = true> <Delay = 0.00>
ST_1 : Operation 32 [1/1] (0.00ns)   --->   "%inA_165_0 = alloca i32 1"   --->   Operation 32 'alloca' 'inA_165_0' <Predicate = true> <Delay = 0.00>
ST_1 : Operation 33 [1/1] (0.00ns)   --->   "%inA_180_0 = alloca i32 1"   --->   Operation 33 'alloca' 'inA_180_0' <Predicate = true> <Delay = 0.00>
ST_1 : Operation 34 [1/1] (0.00ns)   --->   "%inA_195_0 = alloca i32 1"   --->   Operation 34 'alloca' 'inA_195_0' <Predicate = true> <Delay = 0.00>
ST_1 : Operation 35 [1/1] (0.00ns)   --->   "%inA_210_0 = alloca i32 1"   --->   Operation 35 'alloca' 'inA_210_0' <Predicate = true> <Delay = 0.00>
ST_1 : Operation 36 [1/1] (0.00ns)   --->   "%inA_225_0 = alloca i32 1"   --->   Operation 36 'alloca' 'inA_225_0' <Predicate = true> <Delay = 0.00>
ST_1 : Operation 37 [1/1] (0.00ns)   --->   "%inB_0 = alloca i32 1"   --->   Operation 37 'alloca' 'inB_0' <Predicate = true> <Delay = 0.00>
ST_1 : Operation 38 [1/1] (0.00ns)   --->   "%inB_1_0 = alloca i32 1"   --->   Operation 38 'alloca' 'inB_1_0' <Predicate = true> <Delay = 0.00>
ST_1 : Operation 39 [1/1] (0.00ns)   --->   "%inB_2_0 = alloca i32 1"   --->   Operation 39 'alloca' 'inB_2_0' <Predicate = true> <Delay = 0.00>
ST_1 : Operation 40 [1/1] (0.00ns)   --->   "%inB_3_0 = alloca i32 1"   --->   Operation 40 'alloca' 'inB_3_0' <Predicate = true> <Delay = 0.00>
ST_1 : Operation 41 [1/1] (0.00ns)   --->   "%inB_4_0 = alloca i32 1"   --->   Operation 41 'alloca' 'inB_4_0' <Predicate = true> <Delay = 0.00>
ST_1 : Operation 42 [1/1] (0.00ns)   --->   "%inB_5_0 = alloca i32 1"   --->   Operation 42 'alloca' 'inB_5_0' <Predicate = true> <Delay = 0.00>
ST_1 : Operation 43 [1/1] (0.00ns)   --->   "%inB_6_0 = alloca i32 1"   --->   Operation 43 'alloca' 'inB_6_0' <Predicate = true> <Delay = 0.00>
ST_1 : Operation 44 [1/1] (0.00ns)   --->   "%inB_7_0 = alloca i32 1"   --->   Operation 44 'alloca' 'inB_7_0' <Predicate = true> <Delay = 0.00>
ST_1 : Operation 45 [1/1] (0.00ns)   --->   "%inB_8_0 = alloca i32 1"   --->   Operation 45 'alloca' 'inB_8_0' <Predicate = true> <Delay = 0.00>
ST_1 : Operation 46 [1/1] (0.00ns)   --->   "%inB_9_0 = alloca i32 1"   --->   Operation 46 'alloca' 'inB_9_0' <Predicate = true> <Delay = 0.00>
ST_1 : Operation 47 [1/1] (0.00ns)   --->   "%inB_10_0 = alloca i32 1"   --->   Operation 47 'alloca' 'inB_10_0' <Predicate = true> <Delay = 0.00>
ST_1 : Operation 48 [1/1] (0.00ns)   --->   "%inB_11_0 = alloca i32 1"   --->   Operation 48 'alloca' 'inB_11_0' <Predicate = true> <Delay = 0.00>
ST_1 : Operation 49 [1/1] (0.00ns)   --->   "%inB_12_0 = alloca i32 1"   --->   Operation 49 'alloca' 'inB_12_0' <Predicate = true> <Delay = 0.00>
ST_1 : Operation 50 [1/1] (0.00ns)   --->   "%inB_13_0 = alloca i32 1"   --->   Operation 50 'alloca' 'inB_13_0' <Predicate = true> <Delay = 0.00>
ST_1 : Operation 51 [1/1] (0.00ns)   --->   "%inB_14_0 = alloca i32 1"   --->   Operation 51 'alloca' 'inB_14_0' <Predicate = true> <Delay = 0.00>
ST_1 : Operation 52 [1/1] (0.00ns)   --->   "%inB_15_0 = alloca i32 1"   --->   Operation 52 'alloca' 'inB_15_0' <Predicate = true> <Delay = 0.00>
ST_1 : Operation 53 [1/1] (0.38ns)   --->   "%store_ln0 = store i5 0, i5 %i"   --->   Operation 53 'store' 'store_ln0' <Predicate = true> <Delay = 0.38>
ST_1 : Operation 54 [1/1] (0.00ns)   --->   "%br_ln0 = br void %for.inc"   --->   Operation 54 'br' 'br_ln0' <Predicate = true> <Delay = 0.00>
ST_1 : Operation 55 [1/1] (0.00ns)   --->   "%i_3 = load i5 %i" [SA_propagating/src/mmult_explicit.cpp:65]   --->   Operation 55 'load' 'i_3' <Predicate = true> <Delay = 0.00>
ST_1 : Operation 56 [1/1] (0.63ns)   --->   "%icmp_ln62 = icmp_eq  i5 %i_3, i5 16" [SA_propagating/src/mmult_explicit.cpp:62]   --->   Operation 56 'icmp' 'icmp_ln62' <Predicate = true> <Delay = 0.63> <CoreInst = "Cmp">   --->   Core 9 'Cmp' <Latency = 0> <II = 1> <Delay = 0.63> <FuncUnit> <Opcode : 'icmp'> <InPorts = 2> <OutPorts = 1>
ST_1 : Operation 57 [1/1] (0.00ns)   --->   "%speclooptripcount_ln0 = speclooptripcount void @_ssdm_op_SpecLoopTripCount, i64 16, i64 16, i64 16"   --->   Operation 57 'speclooptripcount' 'speclooptripcount_ln0' <Predicate = true> <Delay = 0.00>
ST_1 : Operation 58 [1/1] (0.70ns)   --->   "%add_ln62 = add i5 %i_3, i5 1" [SA_propagating/src/mmult_explicit.cpp:62]   --->   Operation 58 'add' 'add_ln62' <Predicate = true> <Delay = 0.70> <CoreInst = "Adder">   --->   Core 1 'Adder' <Latency = 0> <II = 1> <Delay = 0.70> <FuncUnit> <Opcode : 'add' 'sub'> <InPorts = 2> <OutPorts = 1>
ST_1 : Operation 59 [1/1] (0.00ns)   --->   "%br_ln62 = br i1 %icmp_ln62, void %for.inc.split, void %readA.exitStub" [SA_propagating/src/mmult_explicit.cpp:62]   --->   Operation 59 'br' 'br_ln62' <Predicate = true> <Delay = 0.00>
ST_1 : Operation 60 [1/1] (0.00ns)   --->   "%specpipeline_ln63 = specpipeline void @_ssdm_op_SpecPipeline, i32 4294967295, i32 0, i32 0, i32 0, void @empty_5" [SA_propagating/src/mmult_explicit.cpp:63]   --->   Operation 60 'specpipeline' 'specpipeline_ln63' <Predicate = (!icmp_ln62)> <Delay = 0.00>
ST_1 : Operation 61 [1/1] (0.00ns)   --->   "%specloopname_ln62 = specloopname void @_ssdm_op_SpecLoopName, void @empty_18" [SA_propagating/src/mmult_explicit.cpp:62]   --->   Operation 61 'specloopname' 'specloopname_ln62' <Predicate = (!icmp_ln62)> <Delay = 0.00>
ST_1 : Operation 62 [1/1] (0.00ns)   --->   "%trunc_ln65 = trunc i5 %i_3" [SA_propagating/src/mmult_explicit.cpp:65]   --->   Operation 62 'trunc' 'trunc_ln65' <Predicate = (!icmp_ln62)> <Delay = 0.00>
ST_1 : Operation 63 [1/1] (0.34ns)   --->   "%switch_ln65 = switch i4 %trunc_ln65, void %arrayidx1421.15.case.15, i4 0, void %for.inc.split.arrayidx1421.15.exit_crit_edge, i4 1, void %for.inc.split.arrayidx1421.15.exit_crit_edge1, i4 2, void %arrayidx1421.15.case.2, i4 3, void %arrayidx1421.15.case.3, i4 4, void %arrayidx1421.15.case.4, i4 5, void %arrayidx1421.15.case.5, i4 6, void %arrayidx1421.15.case.6, i4 7, void %arrayidx1421.15.case.7, i4 8, void %arrayidx1421.15.case.8, i4 9, void %arrayidx1421.15.case.9, i4 10, void %arrayidx1421.15.case.10, i4 11, void %arrayidx1421.15.case.11, i4 12, void %arrayidx1421.15.case.12, i4 13, void %arrayidx1421.15.case.13, i4 14, void %arrayidx1421.15.case.14" [SA_propagating/src/mmult_explicit.cpp:65]   --->   Operation 63 'switch' 'switch_ln65' <Predicate = (!icmp_ln62)> <Delay = 0.34>
ST_1 : Operation 64 [1/1] (0.00ns)   --->   "%store_ln67 = store i32 0, i32 %inA_210_0" [SA_propagating/src/mmult_explicit.cpp:67]   --->   Operation 64 'store' 'store_ln67' <Predicate = (!icmp_ln62 & trunc_ln65 == 14)> <Delay = 0.00>
ST_1 : Operation 65 [1/1] (0.00ns)   --->   "%store_ln67 = store i32 0, i32 %arrayidx2224_14_15_promoted" [SA_propagating/src/mmult_explicit.cpp:67]   --->   Operation 65 'store' 'store_ln67' <Predicate = (!icmp_ln62 & trunc_ln65 == 14)> <Delay = 0.00>
ST_1 : Operation 66 [1/1] (0.00ns)   --->   "%br_ln67 = br void %arrayidx1421.15.exit" [SA_propagating/src/mmult_explicit.cpp:67]   --->   Operation 66 'br' 'br_ln67' <Predicate = (!icmp_ln62 & trunc_ln65 == 14)> <Delay = 0.00>
ST_1 : Operation 67 [1/1] (0.00ns)   --->   "%store_ln67 = store i32 0, i32 %inA_195_0" [SA_propagating/src/mmult_explicit.cpp:67]   --->   Operation 67 'store' 'store_ln67' <Predicate = (!icmp_ln62 & trunc_ln65 == 13)> <Delay = 0.00>
ST_1 : Operation 68 [1/1] (0.00ns)   --->   "%store_ln67 = store i32 0, i32 %arrayidx2224_13_15_promoted" [SA_propagating/src/mmult_explicit.cpp:67]   --->   Operation 68 'store' 'store_ln67' <Predicate = (!icmp_ln62 & trunc_ln65 == 13)> <Delay = 0.00>
ST_1 : Operation 69 [1/1] (0.00ns)   --->   "%br_ln67 = br void %arrayidx1421.15.exit" [SA_propagating/src/mmult_explicit.cpp:67]   --->   Operation 69 'br' 'br_ln67' <Predicate = (!icmp_ln62 & trunc_ln65 == 13)> <Delay = 0.00>
ST_1 : Operation 70 [1/1] (0.00ns)   --->   "%store_ln67 = store i32 0, i32 %inA_180_0" [SA_propagating/src/mmult_explicit.cpp:67]   --->   Operation 70 'store' 'store_ln67' <Predicate = (!icmp_ln62 & trunc_ln65 == 12)> <Delay = 0.00>
ST_1 : Operation 71 [1/1] (0.00ns)   --->   "%store_ln67 = store i32 0, i32 %arrayidx2224_12_15_promoted" [SA_propagating/src/mmult_explicit.cpp:67]   --->   Operation 71 'store' 'store_ln67' <Predicate = (!icmp_ln62 & trunc_ln65 == 12)> <Delay = 0.00>
ST_1 : Operation 72 [1/1] (0.00ns)   --->   "%br_ln67 = br void %arrayidx1421.15.exit" [SA_propagating/src/mmult_explicit.cpp:67]   --->   Operation 72 'br' 'br_ln67' <Predicate = (!icmp_ln62 & trunc_ln65 == 12)> <Delay = 0.00>
ST_1 : Operation 73 [1/1] (0.00ns)   --->   "%store_ln67 = store i32 0, i32 %inA_165_0" [SA_propagating/src/mmult_explicit.cpp:67]   --->   Operation 73 'store' 'store_ln67' <Predicate = (!icmp_ln62 & trunc_ln65 == 11)> <Delay = 0.00>
ST_1 : Operation 74 [1/1] (0.00ns)   --->   "%store_ln67 = store i32 0, i32 %arrayidx2224_11_15_promoted" [SA_propagating/src/mmult_explicit.cpp:67]   --->   Operation 74 'store' 'store_ln67' <Predicate = (!icmp_ln62 & trunc_ln65 == 11)> <Delay = 0.00>
ST_1 : Operation 75 [1/1] (0.00ns)   --->   "%br_ln67 = br void %arrayidx1421.15.exit" [SA_propagating/src/mmult_explicit.cpp:67]   --->   Operation 75 'br' 'br_ln67' <Predicate = (!icmp_ln62 & trunc_ln65 == 11)> <Delay = 0.00>
ST_1 : Operation 76 [1/1] (0.00ns)   --->   "%store_ln67 = store i32 0, i32 %inA_150_0" [SA_propagating/src/mmult_explicit.cpp:67]   --->   Operation 76 'store' 'store_ln67' <Predicate = (!icmp_ln62 & trunc_ln65 == 10)> <Delay = 0.00>
ST_1 : Operation 77 [1/1] (0.00ns)   --->   "%store_ln67 = store i32 0, i32 %arrayidx2224_10_15_promoted" [SA_propagating/src/mmult_explicit.cpp:67]   --->   Operation 77 'store' 'store_ln67' <Predicate = (!icmp_ln62 & trunc_ln65 == 10)> <Delay = 0.00>
ST_1 : Operation 78 [1/1] (0.00ns)   --->   "%br_ln67 = br void %arrayidx1421.15.exit" [SA_propagating/src/mmult_explicit.cpp:67]   --->   Operation 78 'br' 'br_ln67' <Predicate = (!icmp_ln62 & trunc_ln65 == 10)> <Delay = 0.00>
ST_1 : Operation 79 [1/1] (0.00ns)   --->   "%store_ln67 = store i32 0, i32 %inA_135_0" [SA_propagating/src/mmult_explicit.cpp:67]   --->   Operation 79 'store' 'store_ln67' <Predicate = (!icmp_ln62 & trunc_ln65 == 9)> <Delay = 0.00>
ST_1 : Operation 80 [1/1] (0.00ns)   --->   "%store_ln67 = store i32 0, i32 %arrayidx2224_9_15_promoted" [SA_propagating/src/mmult_explicit.cpp:67]   --->   Operation 80 'store' 'store_ln67' <Predicate = (!icmp_ln62 & trunc_ln65 == 9)> <Delay = 0.00>
ST_1 : Operation 81 [1/1] (0.00ns)   --->   "%br_ln67 = br void %arrayidx1421.15.exit" [SA_propagating/src/mmult_explicit.cpp:67]   --->   Operation 81 'br' 'br_ln67' <Predicate = (!icmp_ln62 & trunc_ln65 == 9)> <Delay = 0.00>
ST_1 : Operation 82 [1/1] (0.00ns)   --->   "%store_ln67 = store i32 0, i32 %inA_120_0" [SA_propagating/src/mmult_explicit.cpp:67]   --->   Operation 82 'store' 'store_ln67' <Predicate = (!icmp_ln62 & trunc_ln65 == 8)> <Delay = 0.00>
ST_1 : Operation 83 [1/1] (0.00ns)   --->   "%store_ln67 = store i32 0, i32 %arrayidx2224_8_15_promoted" [SA_propagating/src/mmult_explicit.cpp:67]   --->   Operation 83 'store' 'store_ln67' <Predicate = (!icmp_ln62 & trunc_ln65 == 8)> <Delay = 0.00>
ST_1 : Operation 84 [1/1] (0.00ns)   --->   "%br_ln67 = br void %arrayidx1421.15.exit" [SA_propagating/src/mmult_explicit.cpp:67]   --->   Operation 84 'br' 'br_ln67' <Predicate = (!icmp_ln62 & trunc_ln65 == 8)> <Delay = 0.00>
ST_1 : Operation 85 [1/1] (0.00ns)   --->   "%store_ln67 = store i32 0, i32 %inA_105_0" [SA_propagating/src/mmult_explicit.cpp:67]   --->   Operation 85 'store' 'store_ln67' <Predicate = (!icmp_ln62 & trunc_ln65 == 7)> <Delay = 0.00>
ST_1 : Operation 86 [1/1] (0.00ns)   --->   "%store_ln67 = store i32 0, i32 %arrayidx2224_7_15_promoted" [SA_propagating/src/mmult_explicit.cpp:67]   --->   Operation 86 'store' 'store_ln67' <Predicate = (!icmp_ln62 & trunc_ln65 == 7)> <Delay = 0.00>
ST_1 : Operation 87 [1/1] (0.00ns)   --->   "%br_ln67 = br void %arrayidx1421.15.exit" [SA_propagating/src/mmult_explicit.cpp:67]   --->   Operation 87 'br' 'br_ln67' <Predicate = (!icmp_ln62 & trunc_ln65 == 7)> <Delay = 0.00>
ST_1 : Operation 88 [1/1] (0.00ns)   --->   "%store_ln67 = store i32 0, i32 %inA_90_0" [SA_propagating/src/mmult_explicit.cpp:67]   --->   Operation 88 'store' 'store_ln67' <Predicate = (!icmp_ln62 & trunc_ln65 == 6)> <Delay = 0.00>
ST_1 : Operation 89 [1/1] (0.00ns)   --->   "%store_ln67 = store i32 0, i32 %arrayidx2224_6_15_promoted" [SA_propagating/src/mmult_explicit.cpp:67]   --->   Operation 89 'store' 'store_ln67' <Predicate = (!icmp_ln62 & trunc_ln65 == 6)> <Delay = 0.00>
ST_1 : Operation 90 [1/1] (0.00ns)   --->   "%br_ln67 = br void %arrayidx1421.15.exit" [SA_propagating/src/mmult_explicit.cpp:67]   --->   Operation 90 'br' 'br_ln67' <Predicate = (!icmp_ln62 & trunc_ln65 == 6)> <Delay = 0.00>
ST_1 : Operation 91 [1/1] (0.00ns)   --->   "%store_ln67 = store i32 0, i32 %inA_75_0" [SA_propagating/src/mmult_explicit.cpp:67]   --->   Operation 91 'store' 'store_ln67' <Predicate = (!icmp_ln62 & trunc_ln65 == 5)> <Delay = 0.00>
ST_1 : Operation 92 [1/1] (0.00ns)   --->   "%store_ln67 = store i32 0, i32 %arrayidx2224_5_15_promoted" [SA_propagating/src/mmult_explicit.cpp:67]   --->   Operation 92 'store' 'store_ln67' <Predicate = (!icmp_ln62 & trunc_ln65 == 5)> <Delay = 0.00>
ST_1 : Operation 93 [1/1] (0.00ns)   --->   "%br_ln67 = br void %arrayidx1421.15.exit" [SA_propagating/src/mmult_explicit.cpp:67]   --->   Operation 93 'br' 'br_ln67' <Predicate = (!icmp_ln62 & trunc_ln65 == 5)> <Delay = 0.00>
ST_1 : Operation 94 [1/1] (0.00ns)   --->   "%store_ln67 = store i32 0, i32 %inA_60_0" [SA_propagating/src/mmult_explicit.cpp:67]   --->   Operation 94 'store' 'store_ln67' <Predicate = (!icmp_ln62 & trunc_ln65 == 4)> <Delay = 0.00>
ST_1 : Operation 95 [1/1] (0.00ns)   --->   "%store_ln67 = store i32 0, i32 %arrayidx2224_4_15_promoted" [SA_propagating/src/mmult_explicit.cpp:67]   --->   Operation 95 'store' 'store_ln67' <Predicate = (!icmp_ln62 & trunc_ln65 == 4)> <Delay = 0.00>
ST_1 : Operation 96 [1/1] (0.00ns)   --->   "%br_ln67 = br void %arrayidx1421.15.exit" [SA_propagating/src/mmult_explicit.cpp:67]   --->   Operation 96 'br' 'br_ln67' <Predicate = (!icmp_ln62 & trunc_ln65 == 4)> <Delay = 0.00>
ST_1 : Operation 97 [1/1] (0.00ns)   --->   "%store_ln67 = store i32 0, i32 %inA_45_0" [SA_propagating/src/mmult_explicit.cpp:67]   --->   Operation 97 'store' 'store_ln67' <Predicate = (!icmp_ln62 & trunc_ln65 == 3)> <Delay = 0.00>
ST_1 : Operation 98 [1/1] (0.00ns)   --->   "%store_ln67 = store i32 0, i32 %arrayidx2224_3_15_promoted" [SA_propagating/src/mmult_explicit.cpp:67]   --->   Operation 98 'store' 'store_ln67' <Predicate = (!icmp_ln62 & trunc_ln65 == 3)> <Delay = 0.00>
ST_1 : Operation 99 [1/1] (0.00ns)   --->   "%br_ln67 = br void %arrayidx1421.15.exit" [SA_propagating/src/mmult_explicit.cpp:67]   --->   Operation 99 'br' 'br_ln67' <Predicate = (!icmp_ln62 & trunc_ln65 == 3)> <Delay = 0.00>
ST_1 : Operation 100 [1/1] (0.00ns)   --->   "%store_ln67 = store i32 0, i32 %inA_30_0" [SA_propagating/src/mmult_explicit.cpp:67]   --->   Operation 100 'store' 'store_ln67' <Predicate = (!icmp_ln62 & trunc_ln65 == 2)> <Delay = 0.00>
ST_1 : Operation 101 [1/1] (0.00ns)   --->   "%store_ln67 = store i32 0, i32 %arrayidx2224_2_15_promoted" [SA_propagating/src/mmult_explicit.cpp:67]   --->   Operation 101 'store' 'store_ln67' <Predicate = (!icmp_ln62 & trunc_ln65 == 2)> <Delay = 0.00>
ST_1 : Operation 102 [1/1] (0.00ns)   --->   "%br_ln67 = br void %arrayidx1421.15.exit" [SA_propagating/src/mmult_explicit.cpp:67]   --->   Operation 102 'br' 'br_ln67' <Predicate = (!icmp_ln62 & trunc_ln65 == 2)> <Delay = 0.00>
ST_1 : Operation 103 [1/1] (0.00ns)   --->   "%store_ln65 = store i32 0, i32 %inA_15_0" [SA_propagating/src/mmult_explicit.cpp:65]   --->   Operation 103 'store' 'store_ln65' <Predicate = (!icmp_ln62 & trunc_ln65 == 1)> <Delay = 0.00>
ST_1 : Operation 104 [1/1] (0.00ns)   --->   "%store_ln65 = store i32 0, i32 %arrayidx2224_1_15_promoted" [SA_propagating/src/mmult_explicit.cpp:65]   --->   Operation 104 'store' 'store_ln65' <Predicate = (!icmp_ln62 & trunc_ln65 == 1)> <Delay = 0.00>
ST_1 : Operation 105 [1/1] (0.00ns)   --->   "%br_ln65 = br void %arrayidx1421.15.exit" [SA_propagating/src/mmult_explicit.cpp:65]   --->   Operation 105 'br' 'br_ln65' <Predicate = (!icmp_ln62 & trunc_ln65 == 1)> <Delay = 0.00>
ST_1 : Operation 106 [1/1] (0.00ns)   --->   "%store_ln65 = store i32 0, i32 %inB_15_0" [SA_propagating/src/mmult_explicit.cpp:65]   --->   Operation 106 'store' 'store_ln65' <Predicate = (!icmp_ln62 & trunc_ln65 == 0)> <Delay = 0.00>
ST_1 : Operation 107 [1/1] (0.00ns)   --->   "%store_ln65 = store i32 0, i32 %inB_14_0" [SA_propagating/src/mmult_explicit.cpp:65]   --->   Operation 107 'store' 'store_ln65' <Predicate = (!icmp_ln62 & trunc_ln65 == 0)> <Delay = 0.00>
ST_1 : Operation 108 [1/1] (0.00ns)   --->   "%store_ln65 = store i32 0, i32 %inB_13_0" [SA_propagating/src/mmult_explicit.cpp:65]   --->   Operation 108 'store' 'store_ln65' <Predicate = (!icmp_ln62 & trunc_ln65 == 0)> <Delay = 0.00>
ST_1 : Operation 109 [1/1] (0.00ns)   --->   "%store_ln65 = store i32 0, i32 %inB_12_0" [SA_propagating/src/mmult_explicit.cpp:65]   --->   Operation 109 'store' 'store_ln65' <Predicate = (!icmp_ln62 & trunc_ln65 == 0)> <Delay = 0.00>
ST_1 : Operation 110 [1/1] (0.00ns)   --->   "%store_ln65 = store i32 0, i32 %inB_11_0" [SA_propagating/src/mmult_explicit.cpp:65]   --->   Operation 110 'store' 'store_ln65' <Predicate = (!icmp_ln62 & trunc_ln65 == 0)> <Delay = 0.00>
ST_1 : Operation 111 [1/1] (0.00ns)   --->   "%store_ln65 = store i32 0, i32 %inB_10_0" [SA_propagating/src/mmult_explicit.cpp:65]   --->   Operation 111 'store' 'store_ln65' <Predicate = (!icmp_ln62 & trunc_ln65 == 0)> <Delay = 0.00>
ST_1 : Operation 112 [1/1] (0.00ns)   --->   "%store_ln65 = store i32 0, i32 %inB_9_0" [SA_propagating/src/mmult_explicit.cpp:65]   --->   Operation 112 'store' 'store_ln65' <Predicate = (!icmp_ln62 & trunc_ln65 == 0)> <Delay = 0.00>
ST_1 : Operation 113 [1/1] (0.00ns)   --->   "%store_ln65 = store i32 0, i32 %inB_8_0" [SA_propagating/src/mmult_explicit.cpp:65]   --->   Operation 113 'store' 'store_ln65' <Predicate = (!icmp_ln62 & trunc_ln65 == 0)> <Delay = 0.00>
ST_1 : Operation 114 [1/1] (0.00ns)   --->   "%store_ln65 = store i32 0, i32 %inB_7_0" [SA_propagating/src/mmult_explicit.cpp:65]   --->   Operation 114 'store' 'store_ln65' <Predicate = (!icmp_ln62 & trunc_ln65 == 0)> <Delay = 0.00>
ST_1 : Operation 115 [1/1] (0.00ns)   --->   "%store_ln65 = store i32 0, i32 %inB_6_0" [SA_propagating/src/mmult_explicit.cpp:65]   --->   Operation 115 'store' 'store_ln65' <Predicate = (!icmp_ln62 & trunc_ln65 == 0)> <Delay = 0.00>
ST_1 : Operation 116 [1/1] (0.00ns)   --->   "%store_ln65 = store i32 0, i32 %inB_5_0" [SA_propagating/src/mmult_explicit.cpp:65]   --->   Operation 116 'store' 'store_ln65' <Predicate = (!icmp_ln62 & trunc_ln65 == 0)> <Delay = 0.00>
ST_1 : Operation 117 [1/1] (0.00ns)   --->   "%store_ln65 = store i32 0, i32 %inB_4_0" [SA_propagating/src/mmult_explicit.cpp:65]   --->   Operation 117 'store' 'store_ln65' <Predicate = (!icmp_ln62 & trunc_ln65 == 0)> <Delay = 0.00>
ST_1 : Operation 118 [1/1] (0.00ns)   --->   "%store_ln65 = store i32 0, i32 %inB_3_0" [SA_propagating/src/mmult_explicit.cpp:65]   --->   Operation 118 'store' 'store_ln65' <Predicate = (!icmp_ln62 & trunc_ln65 == 0)> <Delay = 0.00>
ST_1 : Operation 119 [1/1] (0.00ns)   --->   "%store_ln65 = store i32 0, i32 %inB_2_0" [SA_propagating/src/mmult_explicit.cpp:65]   --->   Operation 119 'store' 'store_ln65' <Predicate = (!icmp_ln62 & trunc_ln65 == 0)> <Delay = 0.00>
ST_1 : Operation 120 [1/1] (0.00ns)   --->   "%store_ln65 = store i32 0, i32 %inB_1_0" [SA_propagating/src/mmult_explicit.cpp:65]   --->   Operation 120 'store' 'store_ln65' <Predicate = (!icmp_ln62 & trunc_ln65 == 0)> <Delay = 0.00>
ST_1 : Operation 121 [1/1] (0.00ns)   --->   "%store_ln65 = store i32 0, i32 %inB_0" [SA_propagating/src/mmult_explicit.cpp:65]   --->   Operation 121 'store' 'store_ln65' <Predicate = (!icmp_ln62 & trunc_ln65 == 0)> <Delay = 0.00>
ST_1 : Operation 122 [1/1] (0.00ns)   --->   "%store_ln65 = store i32 0, i32 %inA_0" [SA_propagating/src/mmult_explicit.cpp:65]   --->   Operation 122 'store' 'store_ln65' <Predicate = (!icmp_ln62 & trunc_ln65 == 0)> <Delay = 0.00>
ST_1 : Operation 123 [1/1] (0.00ns)   --->   "%store_ln65 = store i32 0, i32 %arrayidx2224_15226_promoted" [SA_propagating/src/mmult_explicit.cpp:65]   --->   Operation 123 'store' 'store_ln65' <Predicate = (!icmp_ln62 & trunc_ln65 == 0)> <Delay = 0.00>
ST_1 : Operation 124 [1/1] (0.00ns)   --->   "%br_ln65 = br void %arrayidx1421.15.exit" [SA_propagating/src/mmult_explicit.cpp:65]   --->   Operation 124 'br' 'br_ln65' <Predicate = (!icmp_ln62 & trunc_ln65 == 0)> <Delay = 0.00>
ST_1 : Operation 125 [1/1] (0.00ns)   --->   "%store_ln67 = store i32 0, i32 %inA_225_0" [SA_propagating/src/mmult_explicit.cpp:67]   --->   Operation 125 'store' 'store_ln67' <Predicate = (!icmp_ln62 & trunc_ln65 == 15)> <Delay = 0.00>
ST_1 : Operation 126 [1/1] (0.00ns)   --->   "%store_ln67 = store i32 0, i32 %arrayidx2224_15_15_promoted" [SA_propagating/src/mmult_explicit.cpp:67]   --->   Operation 126 'store' 'store_ln67' <Predicate = (!icmp_ln62 & trunc_ln65 == 15)> <Delay = 0.00>
ST_1 : Operation 127 [1/1] (0.00ns)   --->   "%br_ln67 = br void %arrayidx1421.15.exit" [SA_propagating/src/mmult_explicit.cpp:67]   --->   Operation 127 'br' 'br_ln67' <Predicate = (!icmp_ln62 & trunc_ln65 == 15)> <Delay = 0.00>
ST_1 : Operation 128 [1/1] (0.38ns)   --->   "%store_ln62 = store i5 %add_ln62, i5 %i" [SA_propagating/src/mmult_explicit.cpp:62]   --->   Operation 128 'store' 'store_ln62' <Predicate = (!icmp_ln62)> <Delay = 0.38>
ST_1 : Operation 129 [1/1] (0.00ns)   --->   "%br_ln62 = br void %for.inc" [SA_propagating/src/mmult_explicit.cpp:62]   --->   Operation 129 'br' 'br_ln62' <Predicate = (!icmp_ln62)> <Delay = 0.00>
ST_1 : Operation 130 [1/1] (0.00ns)   --->   "%arrayidx2224_15226_promoted_load = load i32 %arrayidx2224_15226_promoted"   --->   Operation 130 'load' 'arrayidx2224_15226_promoted_load' <Predicate = (icmp_ln62)> <Delay = 0.00>
ST_1 : Operation 131 [1/1] (0.00ns)   --->   "%arrayidx2224_1_15_promoted_load = load i32 %arrayidx2224_1_15_promoted"   --->   Operation 131 'load' 'arrayidx2224_1_15_promoted_load' <Predicate = (icmp_ln62)> <Delay = 0.00>
ST_1 : Operation 132 [1/1] (0.00ns)   --->   "%arrayidx2224_2_15_promoted_load = load i32 %arrayidx2224_2_15_promoted"   --->   Operation 132 'load' 'arrayidx2224_2_15_promoted_load' <Predicate = (icmp_ln62)> <Delay = 0.00>
ST_1 : Operation 133 [1/1] (0.00ns)   --->   "%arrayidx2224_3_15_promoted_load = load i32 %arrayidx2224_3_15_promoted"   --->   Operation 133 'load' 'arrayidx2224_3_15_promoted_load' <Predicate = (icmp_ln62)> <Delay = 0.00>
ST_1 : Operation 134 [1/1] (0.00ns)   --->   "%arrayidx2224_4_15_promoted_load = load i32 %arrayidx2224_4_15_promoted"   --->   Operation 134 'load' 'arrayidx2224_4_15_promoted_load' <Predicate = (icmp_ln62)> <Delay = 0.00>
ST_1 : Operation 135 [1/1] (0.00ns)   --->   "%arrayidx2224_5_15_promoted_load = load i32 %arrayidx2224_5_15_promoted"   --->   Operation 135 'load' 'arrayidx2224_5_15_promoted_load' <Predicate = (icmp_ln62)> <Delay = 0.00>
ST_1 : Operation 136 [1/1] (0.00ns)   --->   "%arrayidx2224_6_15_promoted_load = load i32 %arrayidx2224_6_15_promoted"   --->   Operation 136 'load' 'arrayidx2224_6_15_promoted_load' <Predicate = (icmp_ln62)> <Delay = 0.00>
ST_1 : Operation 137 [1/1] (0.00ns)   --->   "%arrayidx2224_7_15_promoted_load = load i32 %arrayidx2224_7_15_promoted"   --->   Operation 137 'load' 'arrayidx2224_7_15_promoted_load' <Predicate = (icmp_ln62)> <Delay = 0.00>
ST_1 : Operation 138 [1/1] (0.00ns)   --->   "%arrayidx2224_8_15_promoted_load = load i32 %arrayidx2224_8_15_promoted"   --->   Operation 138 'load' 'arrayidx2224_8_15_promoted_load' <Predicate = (icmp_ln62)> <Delay = 0.00>
ST_1 : Operation 139 [1/1] (0.00ns)   --->   "%arrayidx2224_9_15_promoted_load = load i32 %arrayidx2224_9_15_promoted"   --->   Operation 139 'load' 'arrayidx2224_9_15_promoted_load' <Predicate = (icmp_ln62)> <Delay = 0.00>
ST_1 : Operation 140 [1/1] (0.00ns)   --->   "%arrayidx2224_10_15_promoted_load = load i32 %arrayidx2224_10_15_promoted"   --->   Operation 140 'load' 'arrayidx2224_10_15_promoted_load' <Predicate = (icmp_ln62)> <Delay = 0.00>
ST_1 : Operation 141 [1/1] (0.00ns)   --->   "%arrayidx2224_11_15_promoted_load = load i32 %arrayidx2224_11_15_promoted"   --->   Operation 141 'load' 'arrayidx2224_11_15_promoted_load' <Predicate = (icmp_ln62)> <Delay = 0.00>
ST_1 : Operation 142 [1/1] (0.00ns)   --->   "%arrayidx2224_12_15_promoted_load = load i32 %arrayidx2224_12_15_promoted"   --->   Operation 142 'load' 'arrayidx2224_12_15_promoted_load' <Predicate = (icmp_ln62)> <Delay = 0.00>
ST_1 : Operation 143 [1/1] (0.00ns)   --->   "%arrayidx2224_13_15_promoted_load = load i32 %arrayidx2224_13_15_promoted"   --->   Operation 143 'load' 'arrayidx2224_13_15_promoted_load' <Predicate = (icmp_ln62)> <Delay = 0.00>
ST_1 : Operation 144 [1/1] (0.00ns)   --->   "%arrayidx2224_14_15_promoted_load = load i32 %arrayidx2224_14_15_promoted"   --->   Operation 144 'load' 'arrayidx2224_14_15_promoted_load' <Predicate = (icmp_ln62)> <Delay = 0.00>
ST_1 : Operation 145 [1/1] (0.00ns)   --->   "%arrayidx2224_15_15_promoted_load = load i32 %arrayidx2224_15_15_promoted"   --->   Operation 145 'load' 'arrayidx2224_15_15_promoted_load' <Predicate = (icmp_ln62)> <Delay = 0.00>
ST_1 : Operation 146 [1/1] (0.00ns)   --->   "%inA_0_load = load i32 %inA_0"   --->   Operation 146 'load' 'inA_0_load' <Predicate = (icmp_ln62)> <Delay = 0.00>
ST_1 : Operation 147 [1/1] (0.00ns)   --->   "%inA_15_0_load = load i32 %inA_15_0"   --->   Operation 147 'load' 'inA_15_0_load' <Predicate = (icmp_ln62)> <Delay = 0.00>
ST_1 : Operation 148 [1/1] (0.00ns)   --->   "%inA_30_0_load = load i32 %inA_30_0"   --->   Operation 148 'load' 'inA_30_0_load' <Predicate = (icmp_ln62)> <Delay = 0.00>
ST_1 : Operation 149 [1/1] (0.00ns)   --->   "%inA_45_0_load = load i32 %inA_45_0"   --->   Operation 149 'load' 'inA_45_0_load' <Predicate = (icmp_ln62)> <Delay = 0.00>
ST_1 : Operation 150 [1/1] (0.00ns)   --->   "%inA_60_0_load = load i32 %inA_60_0"   --->   Operation 150 'load' 'inA_60_0_load' <Predicate = (icmp_ln62)> <Delay = 0.00>
ST_1 : Operation 151 [1/1] (0.00ns)   --->   "%inA_75_0_load = load i32 %inA_75_0"   --->   Operation 151 'load' 'inA_75_0_load' <Predicate = (icmp_ln62)> <Delay = 0.00>
ST_1 : Operation 152 [1/1] (0.00ns)   --->   "%inA_90_0_load = load i32 %inA_90_0"   --->   Operation 152 'load' 'inA_90_0_load' <Predicate = (icmp_ln62)> <Delay = 0.00>
ST_1 : Operation 153 [1/1] (0.00ns)   --->   "%inA_105_0_load = load i32 %inA_105_0"   --->   Operation 153 'load' 'inA_105_0_load' <Predicate = (icmp_ln62)> <Delay = 0.00>
ST_1 : Operation 154 [1/1] (0.00ns)   --->   "%inA_120_0_load = load i32 %inA_120_0"   --->   Operation 154 'load' 'inA_120_0_load' <Predicate = (icmp_ln62)> <Delay = 0.00>
ST_1 : Operation 155 [1/1] (0.00ns)   --->   "%inA_135_0_load = load i32 %inA_135_0"   --->   Operation 155 'load' 'inA_135_0_load' <Predicate = (icmp_ln62)> <Delay = 0.00>
ST_1 : Operation 156 [1/1] (0.00ns)   --->   "%inA_150_0_load = load i32 %inA_150_0"   --->   Operation 156 'load' 'inA_150_0_load' <Predicate = (icmp_ln62)> <Delay = 0.00>
ST_1 : Operation 157 [1/1] (0.00ns)   --->   "%inA_165_0_load = load i32 %inA_165_0"   --->   Operation 157 'load' 'inA_165_0_load' <Predicate = (icmp_ln62)> <Delay = 0.00>
ST_1 : Operation 158 [1/1] (0.00ns)   --->   "%inA_180_0_load = load i32 %inA_180_0"   --->   Operation 158 'load' 'inA_180_0_load' <Predicate = (icmp_ln62)> <Delay = 0.00>
ST_1 : Operation 159 [1/1] (0.00ns)   --->   "%inA_195_0_load = load i32 %inA_195_0"   --->   Operation 159 'load' 'inA_195_0_load' <Predicate = (icmp_ln62)> <Delay = 0.00>
ST_1 : Operation 160 [1/1] (0.00ns)   --->   "%inA_210_0_load = load i32 %inA_210_0"   --->   Operation 160 'load' 'inA_210_0_load' <Predicate = (icmp_ln62)> <Delay = 0.00>
ST_1 : Operation 161 [1/1] (0.00ns)   --->   "%inA_225_0_load = load i32 %inA_225_0"   --->   Operation 161 'load' 'inA_225_0_load' <Predicate = (icmp_ln62)> <Delay = 0.00>
ST_1 : Operation 162 [1/1] (0.00ns)   --->   "%inB_0_load = load i32 %inB_0"   --->   Operation 162 'load' 'inB_0_load' <Predicate = (icmp_ln62)> <Delay = 0.00>
ST_1 : Operation 163 [1/1] (0.00ns)   --->   "%inB_1_0_load = load i32 %inB_1_0"   --->   Operation 163 'load' 'inB_1_0_load' <Predicate = (icmp_ln62)> <Delay = 0.00>
ST_1 : Operation 164 [1/1] (0.00ns)   --->   "%inB_2_0_load = load i32 %inB_2_0"   --->   Operation 164 'load' 'inB_2_0_load' <Predicate = (icmp_ln62)> <Delay = 0.00>
ST_1 : Operation 165 [1/1] (0.00ns)   --->   "%inB_3_0_load = load i32 %inB_3_0"   --->   Operation 165 'load' 'inB_3_0_load' <Predicate = (icmp_ln62)> <Delay = 0.00>
ST_1 : Operation 166 [1/1] (0.00ns)   --->   "%inB_4_0_load = load i32 %inB_4_0"   --->   Operation 166 'load' 'inB_4_0_load' <Predicate = (icmp_ln62)> <Delay = 0.00>
ST_1 : Operation 167 [1/1] (0.00ns)   --->   "%inB_5_0_load = load i32 %inB_5_0"   --->   Operation 167 'load' 'inB_5_0_load' <Predicate = (icmp_ln62)> <Delay = 0.00>
ST_1 : Operation 168 [1/1] (0.00ns)   --->   "%inB_6_0_load = load i32 %inB_6_0"   --->   Operation 168 'load' 'inB_6_0_load' <Predicate = (icmp_ln62)> <Delay = 0.00>
ST_1 : Operation 169 [1/1] (0.00ns)   --->   "%inB_7_0_load = load i32 %inB_7_0"   --->   Operation 169 'load' 'inB_7_0_load' <Predicate = (icmp_ln62)> <Delay = 0.00>
ST_1 : Operation 170 [1/1] (0.00ns)   --->   "%inB_8_0_load = load i32 %inB_8_0"   --->   Operation 170 'load' 'inB_8_0_load' <Predicate = (icmp_ln62)> <Delay = 0.00>
ST_1 : Operation 171 [1/1] (0.00ns)   --->   "%inB_9_0_load = load i32 %inB_9_0"   --->   Operation 171 'load' 'inB_9_0_load' <Predicate = (icmp_ln62)> <Delay = 0.00>
ST_1 : Operation 172 [1/1] (0.00ns)   --->   "%inB_10_0_load = load i32 %inB_10_0"   --->   Operation 172 'load' 'inB_10_0_load' <Predicate = (icmp_ln62)> <Delay = 0.00>
ST_1 : Operation 173 [1/1] (0.00ns)   --->   "%inB_11_0_load = load i32 %inB_11_0"   --->   Operation 173 'load' 'inB_11_0_load' <Predicate = (icmp_ln62)> <Delay = 0.00>
ST_1 : Operation 174 [1/1] (0.00ns)   --->   "%inB_12_0_load = load i32 %inB_12_0"   --->   Operation 174 'load' 'inB_12_0_load' <Predicate = (icmp_ln62)> <Delay = 0.00>
ST_1 : Operation 175 [1/1] (0.00ns)   --->   "%inB_13_0_load = load i32 %inB_13_0"   --->   Operation 175 'load' 'inB_13_0_load' <Predicate = (icmp_ln62)> <Delay = 0.00>
ST_1 : Operation 176 [1/1] (0.00ns)   --->   "%inB_14_0_load = load i32 %inB_14_0"   --->   Operation 176 'load' 'inB_14_0_load' <Predicate = (icmp_ln62)> <Delay = 0.00>
ST_1 : Operation 177 [1/1] (0.00ns)   --->   "%inB_15_0_load = load i32 %inB_15_0"   --->   Operation 177 'load' 'inB_15_0_load' <Predicate = (icmp_ln62)> <Delay = 0.00>
ST_1 : Operation 178 [1/1] (0.00ns)   --->   "%write_ln0 = write void @_ssdm_op_Write.ap_auto.i32P0A, i32 %inB_15_0_out, i32 %inB_15_0_load"   --->   Operation 178 'write' 'write_ln0' <Predicate = (icmp_ln62)> <Delay = 0.00>
ST_1 : Operation 179 [1/1] (0.00ns)   --->   "%write_ln0 = write void @_ssdm_op_Write.ap_auto.i32P0A, i32 %inB_14_0_out, i32 %inB_14_0_load"   --->   Operation 179 'write' 'write_ln0' <Predicate = (icmp_ln62)> <Delay = 0.00>
ST_1 : Operation 180 [1/1] (0.00ns)   --->   "%write_ln0 = write void @_ssdm_op_Write.ap_auto.i32P0A, i32 %inB_13_0_out, i32 %inB_13_0_load"   --->   Operation 180 'write' 'write_ln0' <Predicate = (icmp_ln62)> <Delay = 0.00>
ST_1 : Operation 181 [1/1] (0.00ns)   --->   "%write_ln0 = write void @_ssdm_op_Write.ap_auto.i32P0A, i32 %inB_12_0_out, i32 %inB_12_0_load"   --->   Operation 181 'write' 'write_ln0' <Predicate = (icmp_ln62)> <Delay = 0.00>
ST_1 : Operation 182 [1/1] (0.00ns)   --->   "%write_ln0 = write void @_ssdm_op_Write.ap_auto.i32P0A, i32 %inB_11_0_out, i32 %inB_11_0_load"   --->   Operation 182 'write' 'write_ln0' <Predicate = (icmp_ln62)> <Delay = 0.00>
ST_1 : Operation 183 [1/1] (0.00ns)   --->   "%write_ln0 = write void @_ssdm_op_Write.ap_auto.i32P0A, i32 %inB_10_0_out, i32 %inB_10_0_load"   --->   Operation 183 'write' 'write_ln0' <Predicate = (icmp_ln62)> <Delay = 0.00>
ST_1 : Operation 184 [1/1] (0.00ns)   --->   "%write_ln0 = write void @_ssdm_op_Write.ap_auto.i32P0A, i32 %inB_9_0_out, i32 %inB_9_0_load"   --->   Operation 184 'write' 'write_ln0' <Predicate = (icmp_ln62)> <Delay = 0.00>
ST_1 : Operation 185 [1/1] (0.00ns)   --->   "%write_ln0 = write void @_ssdm_op_Write.ap_auto.i32P0A, i32 %inB_8_0_out, i32 %inB_8_0_load"   --->   Operation 185 'write' 'write_ln0' <Predicate = (icmp_ln62)> <Delay = 0.00>
ST_1 : Operation 186 [1/1] (0.00ns)   --->   "%write_ln0 = write void @_ssdm_op_Write.ap_auto.i32P0A, i32 %inB_7_0_out, i32 %inB_7_0_load"   --->   Operation 186 'write' 'write_ln0' <Predicate = (icmp_ln62)> <Delay = 0.00>
ST_1 : Operation 187 [1/1] (0.00ns)   --->   "%write_ln0 = write void @_ssdm_op_Write.ap_auto.i32P0A, i32 %inB_6_0_out, i32 %inB_6_0_load"   --->   Operation 187 'write' 'write_ln0' <Predicate = (icmp_ln62)> <Delay = 0.00>
ST_1 : Operation 188 [1/1] (0.00ns)   --->   "%write_ln0 = write void @_ssdm_op_Write.ap_auto.i32P0A, i32 %inB_5_0_out, i32 %inB_5_0_load"   --->   Operation 188 'write' 'write_ln0' <Predicate = (icmp_ln62)> <Delay = 0.00>
ST_1 : Operation 189 [1/1] (0.00ns)   --->   "%write_ln0 = write void @_ssdm_op_Write.ap_auto.i32P0A, i32 %inB_4_0_out, i32 %inB_4_0_load"   --->   Operation 189 'write' 'write_ln0' <Predicate = (icmp_ln62)> <Delay = 0.00>
ST_1 : Operation 190 [1/1] (0.00ns)   --->   "%write_ln0 = write void @_ssdm_op_Write.ap_auto.i32P0A, i32 %inB_3_0_out, i32 %inB_3_0_load"   --->   Operation 190 'write' 'write_ln0' <Predicate = (icmp_ln62)> <Delay = 0.00>
ST_1 : Operation 191 [1/1] (0.00ns)   --->   "%write_ln0 = write void @_ssdm_op_Write.ap_auto.i32P0A, i32 %inB_2_0_out, i32 %inB_2_0_load"   --->   Operation 191 'write' 'write_ln0' <Predicate = (icmp_ln62)> <Delay = 0.00>
ST_1 : Operation 192 [1/1] (0.00ns)   --->   "%write_ln0 = write void @_ssdm_op_Write.ap_auto.i32P0A, i32 %inB_1_0_out, i32 %inB_1_0_load"   --->   Operation 192 'write' 'write_ln0' <Predicate = (icmp_ln62)> <Delay = 0.00>
ST_1 : Operation 193 [1/1] (0.00ns)   --->   "%write_ln0 = write void @_ssdm_op_Write.ap_auto.i32P0A, i32 %inB_0_out, i32 %inB_0_load"   --->   Operation 193 'write' 'write_ln0' <Predicate = (icmp_ln62)> <Delay = 0.00>
ST_1 : Operation 194 [1/1] (0.00ns)   --->   "%write_ln0 = write void @_ssdm_op_Write.ap_auto.i32P0A, i32 %inA_225_0_out, i32 %inA_225_0_load"   --->   Operation 194 'write' 'write_ln0' <Predicate = (icmp_ln62)> <Delay = 0.00>
ST_1 : Operation 195 [1/1] (0.00ns)   --->   "%write_ln0 = write void @_ssdm_op_Write.ap_auto.i32P0A, i32 %inA_210_0_out, i32 %inA_210_0_load"   --->   Operation 195 'write' 'write_ln0' <Predicate = (icmp_ln62)> <Delay = 0.00>
ST_1 : Operation 196 [1/1] (0.00ns)   --->   "%write_ln0 = write void @_ssdm_op_Write.ap_auto.i32P0A, i32 %inA_195_0_out, i32 %inA_195_0_load"   --->   Operation 196 'write' 'write_ln0' <Predicate = (icmp_ln62)> <Delay = 0.00>
ST_1 : Operation 197 [1/1] (0.00ns)   --->   "%write_ln0 = write void @_ssdm_op_Write.ap_auto.i32P0A, i32 %inA_180_0_out, i32 %inA_180_0_load"   --->   Operation 197 'write' 'write_ln0' <Predicate = (icmp_ln62)> <Delay = 0.00>
ST_1 : Operation 198 [1/1] (0.00ns)   --->   "%write_ln0 = write void @_ssdm_op_Write.ap_auto.i32P0A, i32 %inA_165_0_out, i32 %inA_165_0_load"   --->   Operation 198 'write' 'write_ln0' <Predicate = (icmp_ln62)> <Delay = 0.00>
ST_1 : Operation 199 [1/1] (0.00ns)   --->   "%write_ln0 = write void @_ssdm_op_Write.ap_auto.i32P0A, i32 %inA_150_0_out, i32 %inA_150_0_load"   --->   Operation 199 'write' 'write_ln0' <Predicate = (icmp_ln62)> <Delay = 0.00>
ST_1 : Operation 200 [1/1] (0.00ns)   --->   "%write_ln0 = write void @_ssdm_op_Write.ap_auto.i32P0A, i32 %inA_135_0_out, i32 %inA_135_0_load"   --->   Operation 200 'write' 'write_ln0' <Predicate = (icmp_ln62)> <Delay = 0.00>
ST_1 : Operation 201 [1/1] (0.00ns)   --->   "%write_ln0 = write void @_ssdm_op_Write.ap_auto.i32P0A, i32 %inA_120_0_out, i32 %inA_120_0_load"   --->   Operation 201 'write' 'write_ln0' <Predicate = (icmp_ln62)> <Delay = 0.00>
ST_1 : Operation 202 [1/1] (0.00ns)   --->   "%write_ln0 = write void @_ssdm_op_Write.ap_auto.i32P0A, i32 %inA_105_0_out, i32 %inA_105_0_load"   --->   Operation 202 'write' 'write_ln0' <Predicate = (icmp_ln62)> <Delay = 0.00>
ST_1 : Operation 203 [1/1] (0.00ns)   --->   "%write_ln0 = write void @_ssdm_op_Write.ap_auto.i32P0A, i32 %inA_90_0_out, i32 %inA_90_0_load"   --->   Operation 203 'write' 'write_ln0' <Predicate = (icmp_ln62)> <Delay = 0.00>
ST_1 : Operation 204 [1/1] (0.00ns)   --->   "%write_ln0 = write void @_ssdm_op_Write.ap_auto.i32P0A, i32 %inA_75_0_out, i32 %inA_75_0_load"   --->   Operation 204 'write' 'write_ln0' <Predicate = (icmp_ln62)> <Delay = 0.00>
ST_1 : Operation 205 [1/1] (0.00ns)   --->   "%write_ln0 = write void @_ssdm_op_Write.ap_auto.i32P0A, i32 %inA_60_0_out, i32 %inA_60_0_load"   --->   Operation 205 'write' 'write_ln0' <Predicate = (icmp_ln62)> <Delay = 0.00>
ST_1 : Operation 206 [1/1] (0.00ns)   --->   "%write_ln0 = write void @_ssdm_op_Write.ap_auto.i32P0A, i32 %inA_45_0_out, i32 %inA_45_0_load"   --->   Operation 206 'write' 'write_ln0' <Predicate = (icmp_ln62)> <Delay = 0.00>
ST_1 : Operation 207 [1/1] (0.00ns)   --->   "%write_ln0 = write void @_ssdm_op_Write.ap_auto.i32P0A, i32 %inA_30_0_out, i32 %inA_30_0_load"   --->   Operation 207 'write' 'write_ln0' <Predicate = (icmp_ln62)> <Delay = 0.00>
ST_1 : Operation 208 [1/1] (0.00ns)   --->   "%write_ln0 = write void @_ssdm_op_Write.ap_auto.i32P0A, i32 %inA_15_0_out, i32 %inA_15_0_load"   --->   Operation 208 'write' 'write_ln0' <Predicate = (icmp_ln62)> <Delay = 0.00>
ST_1 : Operation 209 [1/1] (0.00ns)   --->   "%write_ln0 = write void @_ssdm_op_Write.ap_auto.i32P0A, i32 %inA_0_out, i32 %inA_0_load"   --->   Operation 209 'write' 'write_ln0' <Predicate = (icmp_ln62)> <Delay = 0.00>
ST_1 : Operation 210 [1/1] (0.00ns)   --->   "%write_ln0 = write void @_ssdm_op_Write.ap_auto.i32P0A, i32 %arrayidx2224_15_15_promoted_out, i32 %arrayidx2224_15_15_promoted_load"   --->   Operation 210 'write' 'write_ln0' <Predicate = (icmp_ln62)> <Delay = 0.00>
ST_1 : Operation 211 [1/1] (0.00ns)   --->   "%write_ln0 = write void @_ssdm_op_Write.ap_auto.i32P0A, i32 %arrayidx2224_14_15_promoted_out, i32 %arrayidx2224_14_15_promoted_load"   --->   Operation 211 'write' 'write_ln0' <Predicate = (icmp_ln62)> <Delay = 0.00>
ST_1 : Operation 212 [1/1] (0.00ns)   --->   "%write_ln0 = write void @_ssdm_op_Write.ap_auto.i32P0A, i32 %arrayidx2224_13_15_promoted_out, i32 %arrayidx2224_13_15_promoted_load"   --->   Operation 212 'write' 'write_ln0' <Predicate = (icmp_ln62)> <Delay = 0.00>
ST_1 : Operation 213 [1/1] (0.00ns)   --->   "%write_ln0 = write void @_ssdm_op_Write.ap_auto.i32P0A, i32 %arrayidx2224_12_15_promoted_out, i32 %arrayidx2224_12_15_promoted_load"   --->   Operation 213 'write' 'write_ln0' <Predicate = (icmp_ln62)> <Delay = 0.00>
ST_1 : Operation 214 [1/1] (0.00ns)   --->   "%write_ln0 = write void @_ssdm_op_Write.ap_auto.i32P0A, i32 %arrayidx2224_11_15_promoted_out, i32 %arrayidx2224_11_15_promoted_load"   --->   Operation 214 'write' 'write_ln0' <Predicate = (icmp_ln62)> <Delay = 0.00>
ST_1 : Operation 215 [1/1] (0.00ns)   --->   "%write_ln0 = write void @_ssdm_op_Write.ap_auto.i32P0A, i32 %arrayidx2224_10_15_promoted_out, i32 %arrayidx2224_10_15_promoted_load"   --->   Operation 215 'write' 'write_ln0' <Predicate = (icmp_ln62)> <Delay = 0.00>
ST_1 : Operation 216 [1/1] (0.00ns)   --->   "%write_ln0 = write void @_ssdm_op_Write.ap_auto.i32P0A, i32 %arrayidx2224_9_15_promoted_out, i32 %arrayidx2224_9_15_promoted_load"   --->   Operation 216 'write' 'write_ln0' <Predicate = (icmp_ln62)> <Delay = 0.00>
ST_1 : Operation 217 [1/1] (0.00ns)   --->   "%write_ln0 = write void @_ssdm_op_Write.ap_auto.i32P0A, i32 %arrayidx2224_8_15_promoted_out, i32 %arrayidx2224_8_15_promoted_load"   --->   Operation 217 'write' 'write_ln0' <Predicate = (icmp_ln62)> <Delay = 0.00>
ST_1 : Operation 218 [1/1] (0.00ns)   --->   "%write_ln0 = write void @_ssdm_op_Write.ap_auto.i32P0A, i32 %arrayidx2224_7_15_promoted_out, i32 %arrayidx2224_7_15_promoted_load"   --->   Operation 218 'write' 'write_ln0' <Predicate = (icmp_ln62)> <Delay = 0.00>
ST_1 : Operation 219 [1/1] (0.00ns)   --->   "%write_ln0 = write void @_ssdm_op_Write.ap_auto.i32P0A, i32 %arrayidx2224_6_15_promoted_out, i32 %arrayidx2224_6_15_promoted_load"   --->   Operation 219 'write' 'write_ln0' <Predicate = (icmp_ln62)> <Delay = 0.00>
ST_1 : Operation 220 [1/1] (0.00ns)   --->   "%write_ln0 = write void @_ssdm_op_Write.ap_auto.i32P0A, i32 %arrayidx2224_5_15_promoted_out, i32 %arrayidx2224_5_15_promoted_load"   --->   Operation 220 'write' 'write_ln0' <Predicate = (icmp_ln62)> <Delay = 0.00>
ST_1 : Operation 221 [1/1] (0.00ns)   --->   "%write_ln0 = write void @_ssdm_op_Write.ap_auto.i32P0A, i32 %arrayidx2224_4_15_promoted_out, i32 %arrayidx2224_4_15_promoted_load"   --->   Operation 221 'write' 'write_ln0' <Predicate = (icmp_ln62)> <Delay = 0.00>
ST_1 : Operation 222 [1/1] (0.00ns)   --->   "%write_ln0 = write void @_ssdm_op_Write.ap_auto.i32P0A, i32 %arrayidx2224_3_15_promoted_out, i32 %arrayidx2224_3_15_promoted_load"   --->   Operation 222 'write' 'write_ln0' <Predicate = (icmp_ln62)> <Delay = 0.00>
ST_1 : Operation 223 [1/1] (0.00ns)   --->   "%write_ln0 = write void @_ssdm_op_Write.ap_auto.i32P0A, i32 %arrayidx2224_2_15_promoted_out, i32 %arrayidx2224_2_15_promoted_load"   --->   Operation 223 'write' 'write_ln0' <Predicate = (icmp_ln62)> <Delay = 0.00>
ST_1 : Operation 224 [1/1] (0.00ns)   --->   "%write_ln0 = write void @_ssdm_op_Write.ap_auto.i32P0A, i32 %arrayidx2224_1_15_promoted_out, i32 %arrayidx2224_1_15_promoted_load"   --->   Operation 224 'write' 'write_ln0' <Predicate = (icmp_ln62)> <Delay = 0.00>
ST_1 : Operation 225 [1/1] (0.00ns)   --->   "%write_ln0 = write void @_ssdm_op_Write.ap_auto.i32P0A, i32 %arrayidx2224_15226_promoted_out, i32 %arrayidx2224_15226_promoted_load"   --->   Operation 225 'write' 'write_ln0' <Predicate = (icmp_ln62)> <Delay = 0.00>
ST_1 : Operation 226 [1/1] (0.00ns)   --->   "%ret_ln0 = ret"   --->   Operation 226 'ret' 'ret_ln0' <Predicate = (icmp_ln62)> <Delay = 0.00>


============================================================
+ Verbose Summary: Timing violations
============================================================
Target clock period: 10ns, clock uncertainty: 2.7ns.

 <State 1>: 1.09ns
The critical path consists of the following:
	'alloca' operation ('i') [49]  (0 ns)
	'load' operation ('i', SA_propagating/src/mmult_explicit.cpp:65) on local variable 'i' [101]  (0 ns)
	'add' operation ('add_ln62', SA_propagating/src/mmult_explicit.cpp:62) [104]  (0.707 ns)
	'store' operation ('store_ln62', SA_propagating/src/mmult_explicit.cpp:62) of variable 'add_ln62', SA_propagating/src/mmult_explicit.cpp:62 on local variable 'i' [192]  (0.387 ns)


============================================================
+ Verbose Summary: Binding
============================================================
N/A
* FSMD analyzer results:
  - Output states:
 - Input state : 
  - Chain level:
	State 1


============================================================
+ Verbose Summary: Datapath Resource usage 
============================================================
N/A
