

================================================================
== Vitis HLS Report for 'mmult_Pipeline_readB'
================================================================
* Date:           Wed Dec  4 13:26:15 2024

* Version:        2022.1 (Build 3526262 on Mon Apr 18 15:47:01 MDT 2022)
* Project:        SA_propagating
* Solution:       solution1 (Vivado IP Flow Target)
* Product family: virtexuplus
* Target device:  xcu50-fsvh2104-2-e


================================================================
== Performance Estimates
================================================================
+ Timing: 
    * Summary: 
    +--------+----------+----------+------------+
    |  Clock |  Target  | Estimated| Uncertainty|
    +--------+----------+----------+------------+
    |ap_clk  |  10.00 ns|  7.300 ns|     2.70 ns|
    +--------+----------+----------+------------+

+ Latency: 
    * Summary: 
    +---------+---------+----------+----------+-----+-----+---------+
    |  Latency (cycles) |  Latency (absolute) |  Interval | Pipeline|
    |   min   |   max   |    min   |    max   | min | max |   Type  |
    +---------+---------+----------+----------+-----+-----+---------+
    |      265|      265|  2.650 us|  2.650 us|  265|  265|       no|
    +---------+---------+----------+----------+-----+-----+---------+

    + Detail: 
        * Instance: 
        N/A

        * Loop: 
        +----------+---------+---------+----------+-----------+-----------+------+----------+
        |          |  Latency (cycles) | Iteration|  Initiation Interval  | Trip |          |
        | Loop Name|   min   |   max   |  Latency |  achieved |   target  | Count| Pipelined|
        +----------+---------+---------+----------+-----------+-----------+------+----------+
        |- readB   |      257|      257|         3|          1|          1|   256|       yes|
        +----------+---------+---------+----------+-----------+-----------+------+----------+

============================================================
+ Verbose Summary: Synthesis Manager
============================================================
InlineROM: 1
ExposeGlobal: 0
============================================================
+ Verbose Summary: CDFG Model
============================================================
IsTopModel: 0
ResetActiveHigh: 1
IsCombinational: 0
IsDatapathOnly: 0
HasWiredReturn: 1
HasMFsm: 2
HasVarLatency: 1
IsPipeline: 0
IsRtlPipelined: 0
IsInstanceOverlapped: 0
IsDontTouch: 0
HasImplIP: 0
IsGatedGlobalClock: 0

+ Individual pipeline summary: 
  * Pipeline-0: initiation interval (II) = 1, depth = 3


============================================================
+ Verbose Summary: Schedule
============================================================
* Number of FSM states : 11
* Pipeline : 1
  Pipeline-0 : II = 1, D = 3, States = { 8 9 10 }
* Dataflow Pipeline: 0

* FSM state transitions: 
1 --> 2 
2 --> 3 
3 --> 4 
4 --> 5 
5 --> 6 
6 --> 7 
7 --> 8 
8 --> 11 9 
9 --> 10 
10 --> 8 
11 --> 

* FSM state operations: 

State 1 <SV = 0> <Delay = 7.30>
ST_1 : Operation 12 [1/1] (0.00ns)   --->   "%j_2 = alloca i32 1"   --->   Operation 12 'alloca' 'j_2' <Predicate = true> <Delay = 0.00>
ST_1 : Operation 13 [1/1] (0.00ns)   --->   "%i = alloca i32 1"   --->   Operation 13 'alloca' 'i' <Predicate = true> <Delay = 0.00>
ST_1 : Operation 14 [1/1] (0.00ns)   --->   "%loc_1 = alloca i32 1"   --->   Operation 14 'alloca' 'loc_1' <Predicate = true> <Delay = 0.00>
ST_1 : Operation 15 [1/1] (0.00ns)   --->   "%mul60_read = read i32 @_ssdm_op_Read.ap_auto.i32, i32 %mul60"   --->   Operation 15 'read' 'mul60_read' <Predicate = true> <Delay = 0.00>
ST_1 : Operation 16 [1/1] (0.00ns)   --->   "%sext_ln100_read = read i62 @_ssdm_op_Read.ap_auto.i62, i62 %sext_ln100"   --->   Operation 16 'read' 'sext_ln100_read' <Predicate = true> <Delay = 0.00>
ST_1 : Operation 17 [1/1] (0.00ns)   --->   "%sext_ln100_cast = sext i62 %sext_ln100_read"   --->   Operation 17 'sext' 'sext_ln100_cast' <Predicate = true> <Delay = 0.00>
ST_1 : Operation 18 [1/1] (0.00ns)   --->   "%gmem1_addr = getelementptr i32 %gmem1, i64 %sext_ln100_cast" [SA_propagating/src/mmult_explicit.cpp:100]   --->   Operation 18 'getelementptr' 'gmem1_addr' <Predicate = true> <Delay = 0.00>
ST_1 : Operation 19 [7/7] (7.30ns)   --->   "%p_rd_req = readreq i1 @_ssdm_op_ReadReq.m_axi.i32P1A, i32 %gmem1_addr, i32 %mul60_read" [SA_propagating/src/mmult_explicit.cpp:100]   --->   Operation 19 'readreq' 'p_rd_req' <Predicate = true> <Delay = 7.30> <CoreInst = "m_axi">   --->   Core 121 'm_axi' <Latency = 0> <II = 1> <Delay = 1.00> <Adapter> <Opcode : 'read' 'write' 'readreq' 'writereq' 'writeresp'>
ST_1 : Operation 20 [1/1] (0.38ns)   --->   "%store_ln0 = store i32 0, i32 %loc_1"   --->   Operation 20 'store' 'store_ln0' <Predicate = true> <Delay = 0.38>
ST_1 : Operation 21 [1/1] (0.38ns)   --->   "%store_ln0 = store i32 0, i32 %i"   --->   Operation 21 'store' 'store_ln0' <Predicate = true> <Delay = 0.38>
ST_1 : Operation 22 [1/1] (0.38ns)   --->   "%store_ln0 = store i32 0, i32 %j_2"   --->   Operation 22 'store' 'store_ln0' <Predicate = true> <Delay = 0.38>

State 2 <SV = 1> <Delay = 7.30>
ST_2 : Operation 23 [6/7] (7.30ns)   --->   "%p_rd_req = readreq i1 @_ssdm_op_ReadReq.m_axi.i32P1A, i32 %gmem1_addr, i32 %mul60_read" [SA_propagating/src/mmult_explicit.cpp:100]   --->   Operation 23 'readreq' 'p_rd_req' <Predicate = true> <Delay = 7.30> <CoreInst = "m_axi">   --->   Core 121 'm_axi' <Latency = 0> <II = 1> <Delay = 1.00> <Adapter> <Opcode : 'read' 'write' 'readreq' 'writereq' 'writeresp'>

State 3 <SV = 2> <Delay = 7.30>
ST_3 : Operation 24 [5/7] (7.30ns)   --->   "%p_rd_req = readreq i1 @_ssdm_op_ReadReq.m_axi.i32P1A, i32 %gmem1_addr, i32 %mul60_read" [SA_propagating/src/mmult_explicit.cpp:100]   --->   Operation 24 'readreq' 'p_rd_req' <Predicate = true> <Delay = 7.30> <CoreInst = "m_axi">   --->   Core 121 'm_axi' <Latency = 0> <II = 1> <Delay = 1.00> <Adapter> <Opcode : 'read' 'write' 'readreq' 'writereq' 'writeresp'>

State 4 <SV = 3> <Delay = 7.30>
ST_4 : Operation 25 [4/7] (7.30ns)   --->   "%p_rd_req = readreq i1 @_ssdm_op_ReadReq.m_axi.i32P1A, i32 %gmem1_addr, i32 %mul60_read" [SA_propagating/src/mmult_explicit.cpp:100]   --->   Operation 25 'readreq' 'p_rd_req' <Predicate = true> <Delay = 7.30> <CoreInst = "m_axi">   --->   Core 121 'm_axi' <Latency = 0> <II = 1> <Delay = 1.00> <Adapter> <Opcode : 'read' 'write' 'readreq' 'writereq' 'writeresp'>

State 5 <SV = 4> <Delay = 7.30>
ST_5 : Operation 26 [3/7] (7.30ns)   --->   "%p_rd_req = readreq i1 @_ssdm_op_ReadReq.m_axi.i32P1A, i32 %gmem1_addr, i32 %mul60_read" [SA_propagating/src/mmult_explicit.cpp:100]   --->   Operation 26 'readreq' 'p_rd_req' <Predicate = true> <Delay = 7.30> <CoreInst = "m_axi">   --->   Core 121 'm_axi' <Latency = 0> <II = 1> <Delay = 1.00> <Adapter> <Opcode : 'read' 'write' 'readreq' 'writereq' 'writeresp'>

State 6 <SV = 5> <Delay = 7.30>
ST_6 : Operation 27 [2/7] (7.30ns)   --->   "%p_rd_req = readreq i1 @_ssdm_op_ReadReq.m_axi.i32P1A, i32 %gmem1_addr, i32 %mul60_read" [SA_propagating/src/mmult_explicit.cpp:100]   --->   Operation 27 'readreq' 'p_rd_req' <Predicate = true> <Delay = 7.30> <CoreInst = "m_axi">   --->   Core 121 'm_axi' <Latency = 0> <II = 1> <Delay = 1.00> <Adapter> <Opcode : 'read' 'write' 'readreq' 'writereq' 'writeresp'>

State 7 <SV = 6> <Delay = 7.30>
ST_7 : Operation 28 [1/1] (0.00ns)   --->   "%b5 = read i64 @_ssdm_op_Read.ap_auto.i64, i64 %b"   --->   Operation 28 'read' 'b5' <Predicate = true> <Delay = 0.00>
ST_7 : Operation 29 [1/1] (0.00ns)   --->   "%b_col_read = read i32 @_ssdm_op_Read.ap_auto.i32, i32 %b_col"   --->   Operation 29 'read' 'b_col_read' <Predicate = true> <Delay = 0.00>
ST_7 : Operation 30 [1/1] (0.00ns)   --->   "%specinterface_ln0 = specinterface void @_ssdm_op_SpecInterface, i32 %gmem1, void @empty_4, i32 0, i32 0, void @empty_5, i32 0, i32 256, void @empty_13, void @empty_7, void @empty_5, i32 16, i32 16, i32 16, i32 16, void @empty_5, void @empty_5, i32 4294967295, i32 0"   --->   Operation 30 'specinterface' 'specinterface_ln0' <Predicate = true> <Delay = 0.00>
ST_7 : Operation 31 [1/7] (7.30ns)   --->   "%p_rd_req = readreq i1 @_ssdm_op_ReadReq.m_axi.i32P1A, i32 %gmem1_addr, i32 %mul60_read" [SA_propagating/src/mmult_explicit.cpp:100]   --->   Operation 31 'readreq' 'p_rd_req' <Predicate = true> <Delay = 7.30> <CoreInst = "m_axi">   --->   Core 121 'm_axi' <Latency = 0> <II = 1> <Delay = 1.00> <Adapter> <Opcode : 'read' 'write' 'readreq' 'writereq' 'writeresp'>
ST_7 : Operation 32 [1/1] (0.00ns)   --->   "%br_ln0 = br void %for.body63"   --->   Operation 32 'br' 'br_ln0' <Predicate = true> <Delay = 0.00>

State 8 <SV = 7> <Delay = 1.26>
ST_8 : Operation 33 [1/1] (0.00ns)   --->   "%loc = load i32 %loc_1" [SA_propagating/src/mmult_explicit.cpp:93]   --->   Operation 33 'load' 'loc' <Predicate = true> <Delay = 0.00>
ST_8 : Operation 34 [1/1] (0.00ns)   --->   "%specbitsmap_ln0 = specbitsmap void @_ssdm_op_SpecBitsMap, i32 %gmem1"   --->   Operation 34 'specbitsmap' 'specbitsmap_ln0' <Predicate = true> <Delay = 0.00>
ST_8 : Operation 35 [1/1] (0.00ns)   --->   "%specpipeline_ln0 = specpipeline void @_ssdm_op_SpecPipeline, i32 4294967295, i32 0, i32 1, i32 0, void @p_str"   --->   Operation 35 'specpipeline' 'specpipeline_ln0' <Predicate = true> <Delay = 0.00>
ST_8 : Operation 36 [1/1] (0.85ns)   --->   "%icmp_ln93 = icmp_eq  i32 %loc, i32 %mul60_read" [SA_propagating/src/mmult_explicit.cpp:93]   --->   Operation 36 'icmp' 'icmp_ln93' <Predicate = true> <Delay = 0.85> <CoreInst = "Cmp">   --->   Core 9 'Cmp' <Latency = 0> <II = 1> <Delay = 0.85> <FuncUnit> <Opcode : 'icmp'> <InPorts = 2> <OutPorts = 1>
ST_8 : Operation 37 [1/1] (0.88ns)   --->   "%add_ln93 = add i32 %loc, i32 1" [SA_propagating/src/mmult_explicit.cpp:93]   --->   Operation 37 'add' 'add_ln93' <Predicate = true> <Delay = 0.88> <CoreInst = "Adder">   --->   Core 1 'Adder' <Latency = 0> <II = 1> <Delay = 0.88> <FuncUnit> <Opcode : 'add' 'sub'> <InPorts = 2> <OutPorts = 1>
ST_8 : Operation 38 [1/1] (0.00ns)   --->   "%br_ln93 = br i1 %icmp_ln93, void %for.body63.split, void %systolic1.loopexit.exitStub" [SA_propagating/src/mmult_explicit.cpp:93]   --->   Operation 38 'br' 'br_ln93' <Predicate = true> <Delay = 0.00>
ST_8 : Operation 39 [1/1] (0.38ns)   --->   "%store_ln93 = store i32 %add_ln93, i32 %loc_1" [SA_propagating/src/mmult_explicit.cpp:93]   --->   Operation 39 'store' 'store_ln93' <Predicate = (!icmp_ln93)> <Delay = 0.38>

State 9 <SV = 8> <Delay = 7.30>
ST_9 : Operation 40 [1/1] (7.30ns)   --->   "%gmem1_addr_read = read i32 @_ssdm_op_Read.m_axi.i32P1A, i32 %gmem1_addr" [SA_propagating/src/mmult_explicit.cpp:100]   --->   Operation 40 'read' 'gmem1_addr_read' <Predicate = true> <Delay = 7.30> <CoreInst = "m_axi">   --->   Core 121 'm_axi' <Latency = 0> <II = 1> <Delay = 1.00> <Adapter> <Opcode : 'read' 'write' 'readreq' 'writereq' 'writeresp'>

State 10 <SV = 9> <Delay = 2.35>
ST_10 : Operation 41 [1/1] (0.00ns)   --->   "%j_2_load = load i32 %j_2" [SA_propagating/src/mmult_explicit.cpp:96]   --->   Operation 41 'load' 'j_2_load' <Predicate = true> <Delay = 0.00>
ST_10 : Operation 42 [1/1] (0.00ns)   --->   "%i_load = load i32 %i" [SA_propagating/src/mmult_explicit.cpp:97]   --->   Operation 42 'load' 'i_load' <Predicate = true> <Delay = 0.00>
ST_10 : Operation 43 [1/1] (0.00ns)   --->   "%speclooptripcount_ln94 = speclooptripcount void @_ssdm_op_SpecLoopTripCount, i64 256, i64 256, i64 256" [SA_propagating/src/mmult_explicit.cpp:94]   --->   Operation 43 'speclooptripcount' 'speclooptripcount_ln94' <Predicate = true> <Delay = 0.00>
ST_10 : Operation 44 [1/1] (0.00ns)   --->   "%specloopname_ln93 = specloopname void @_ssdm_op_SpecLoopName, void @empty_16" [SA_propagating/src/mmult_explicit.cpp:93]   --->   Operation 44 'specloopname' 'specloopname_ln93' <Predicate = true> <Delay = 0.00>
ST_10 : Operation 45 [1/1] (0.85ns)   --->   "%icmp_ln96 = icmp_eq  i32 %j_2_load, i32 %b_col_read" [SA_propagating/src/mmult_explicit.cpp:96]   --->   Operation 45 'icmp' 'icmp_ln96' <Predicate = true> <Delay = 0.85> <CoreInst = "Cmp">   --->   Core 9 'Cmp' <Latency = 0> <II = 1> <Delay = 0.85> <FuncUnit> <Opcode : 'icmp'> <InPorts = 2> <OutPorts = 1>
ST_10 : Operation 46 [1/1] (0.88ns)   --->   "%add_ln97 = add i32 %i_load, i32 1" [SA_propagating/src/mmult_explicit.cpp:97]   --->   Operation 46 'add' 'add_ln97' <Predicate = true> <Delay = 0.88> <CoreInst = "Adder">   --->   Core 1 'Adder' <Latency = 0> <II = 1> <Delay = 0.88> <FuncUnit> <Opcode : 'add' 'sub'> <InPorts = 2> <OutPorts = 1>
ST_10 : Operation 47 [1/1] (0.22ns)   --->   "%j = select i1 %icmp_ln96, i32 0, i32 %j_2_load" [SA_propagating/src/mmult_explicit.cpp:96]   --->   Operation 47 'select' 'j' <Predicate = true> <Delay = 0.22> <CoreInst = "Sel">   --->   Core 73 'Sel' <Latency = 0> <II = 1> <Delay = 0.22> <FuncUnit> <Opcode : 'select'> <InPorts = 3> <OutPorts = 1>
ST_10 : Operation 48 [1/1] (0.22ns)   --->   "%i_2 = select i1 %icmp_ln96, i32 %add_ln97, i32 %i_load" [SA_propagating/src/mmult_explicit.cpp:96]   --->   Operation 48 'select' 'i_2' <Predicate = true> <Delay = 0.22> <CoreInst = "Sel">   --->   Core 73 'Sel' <Latency = 0> <II = 1> <Delay = 0.22> <FuncUnit> <Opcode : 'select'> <InPorts = 3> <OutPorts = 1>
ST_10 : Operation 49 [1/1] (0.00ns)   --->   "%zext_ln100 = zext i32 %j" [SA_propagating/src/mmult_explicit.cpp:100]   --->   Operation 49 'zext' 'zext_ln100' <Predicate = true> <Delay = 0.00>
ST_10 : Operation 50 [1/1] (0.00ns)   --->   "%localB_addr = getelementptr i32 %localB, i64 0, i64 %zext_ln100" [SA_propagating/src/mmult_explicit.cpp:100]   --->   Operation 50 'getelementptr' 'localB_addr' <Predicate = true> <Delay = 0.00>
ST_10 : Operation 51 [1/1] (0.00ns)   --->   "%localB_1_addr = getelementptr i32 %localB_1, i64 0, i64 %zext_ln100" [SA_propagating/src/mmult_explicit.cpp:100]   --->   Operation 51 'getelementptr' 'localB_1_addr' <Predicate = true> <Delay = 0.00>
ST_10 : Operation 52 [1/1] (0.00ns)   --->   "%localB_2_addr = getelementptr i32 %localB_2, i64 0, i64 %zext_ln100" [SA_propagating/src/mmult_explicit.cpp:100]   --->   Operation 52 'getelementptr' 'localB_2_addr' <Predicate = true> <Delay = 0.00>
ST_10 : Operation 53 [1/1] (0.00ns)   --->   "%localB_3_addr = getelementptr i32 %localB_3, i64 0, i64 %zext_ln100" [SA_propagating/src/mmult_explicit.cpp:100]   --->   Operation 53 'getelementptr' 'localB_3_addr' <Predicate = true> <Delay = 0.00>
ST_10 : Operation 54 [1/1] (0.00ns)   --->   "%localB_4_addr = getelementptr i32 %localB_4, i64 0, i64 %zext_ln100" [SA_propagating/src/mmult_explicit.cpp:100]   --->   Operation 54 'getelementptr' 'localB_4_addr' <Predicate = true> <Delay = 0.00>
ST_10 : Operation 55 [1/1] (0.00ns)   --->   "%localB_5_addr = getelementptr i32 %localB_5, i64 0, i64 %zext_ln100" [SA_propagating/src/mmult_explicit.cpp:100]   --->   Operation 55 'getelementptr' 'localB_5_addr' <Predicate = true> <Delay = 0.00>
ST_10 : Operation 56 [1/1] (0.00ns)   --->   "%localB_6_addr = getelementptr i32 %localB_6, i64 0, i64 %zext_ln100" [SA_propagating/src/mmult_explicit.cpp:100]   --->   Operation 56 'getelementptr' 'localB_6_addr' <Predicate = true> <Delay = 0.00>
ST_10 : Operation 57 [1/1] (0.00ns)   --->   "%localB_7_addr = getelementptr i32 %localB_7, i64 0, i64 %zext_ln100" [SA_propagating/src/mmult_explicit.cpp:100]   --->   Operation 57 'getelementptr' 'localB_7_addr' <Predicate = true> <Delay = 0.00>
ST_10 : Operation 58 [1/1] (0.00ns)   --->   "%localB_8_addr = getelementptr i32 %localB_8, i64 0, i64 %zext_ln100" [SA_propagating/src/mmult_explicit.cpp:100]   --->   Operation 58 'getelementptr' 'localB_8_addr' <Predicate = true> <Delay = 0.00>
ST_10 : Operation 59 [1/1] (0.00ns)   --->   "%localB_9_addr = getelementptr i32 %localB_9, i64 0, i64 %zext_ln100" [SA_propagating/src/mmult_explicit.cpp:100]   --->   Operation 59 'getelementptr' 'localB_9_addr' <Predicate = true> <Delay = 0.00>
ST_10 : Operation 60 [1/1] (0.00ns)   --->   "%localB_10_addr = getelementptr i32 %localB_10, i64 0, i64 %zext_ln100" [SA_propagating/src/mmult_explicit.cpp:100]   --->   Operation 60 'getelementptr' 'localB_10_addr' <Predicate = true> <Delay = 0.00>
ST_10 : Operation 61 [1/1] (0.00ns)   --->   "%localB_11_addr = getelementptr i32 %localB_11, i64 0, i64 %zext_ln100" [SA_propagating/src/mmult_explicit.cpp:100]   --->   Operation 61 'getelementptr' 'localB_11_addr' <Predicate = true> <Delay = 0.00>
ST_10 : Operation 62 [1/1] (0.00ns)   --->   "%localB_12_addr = getelementptr i32 %localB_12, i64 0, i64 %zext_ln100" [SA_propagating/src/mmult_explicit.cpp:100]   --->   Operation 62 'getelementptr' 'localB_12_addr' <Predicate = true> <Delay = 0.00>
ST_10 : Operation 63 [1/1] (0.00ns)   --->   "%localB_13_addr = getelementptr i32 %localB_13, i64 0, i64 %zext_ln100" [SA_propagating/src/mmult_explicit.cpp:100]   --->   Operation 63 'getelementptr' 'localB_13_addr' <Predicate = true> <Delay = 0.00>
ST_10 : Operation 64 [1/1] (0.00ns)   --->   "%localB_14_addr = getelementptr i32 %localB_14, i64 0, i64 %zext_ln100" [SA_propagating/src/mmult_explicit.cpp:100]   --->   Operation 64 'getelementptr' 'localB_14_addr' <Predicate = true> <Delay = 0.00>
ST_10 : Operation 65 [1/1] (0.00ns)   --->   "%localB_15_addr = getelementptr i32 %localB_15, i64 0, i64 %zext_ln100" [SA_propagating/src/mmult_explicit.cpp:100]   --->   Operation 65 'getelementptr' 'localB_15_addr' <Predicate = true> <Delay = 0.00>
ST_10 : Operation 66 [1/1] (0.00ns)   --->   "%trunc_ln100 = trunc i32 %i_2" [SA_propagating/src/mmult_explicit.cpp:100]   --->   Operation 66 'trunc' 'trunc_ln100' <Predicate = true> <Delay = 0.00>
ST_10 : Operation 67 [1/1] (0.34ns)   --->   "%switch_ln100 = switch i4 %trunc_ln100, void %arrayidx7316.case.15, i4 0, void %arrayidx7316.case.0, i4 1, void %arrayidx7316.case.1, i4 2, void %arrayidx7316.case.2, i4 3, void %arrayidx7316.case.3, i4 4, void %arrayidx7316.case.4, i4 5, void %arrayidx7316.case.5, i4 6, void %arrayidx7316.case.6, i4 7, void %arrayidx7316.case.7, i4 8, void %arrayidx7316.case.8, i4 9, void %arrayidx7316.case.9, i4 10, void %arrayidx7316.case.10, i4 11, void %arrayidx7316.case.11, i4 12, void %arrayidx7316.case.12, i4 13, void %arrayidx7316.case.13, i4 14, void %arrayidx7316.case.14" [SA_propagating/src/mmult_explicit.cpp:100]   --->   Operation 67 'switch' 'switch_ln100' <Predicate = true> <Delay = 0.34>
ST_10 : Operation 68 [1/1] (0.69ns)   --->   "%store_ln100 = store i32 %gmem1_addr_read, i4 %localB_14_addr" [SA_propagating/src/mmult_explicit.cpp:100]   --->   Operation 68 'store' 'store_ln100' <Predicate = (trunc_ln100 == 14)> <Delay = 0.69> <CoreInst = "RAM">   --->   Core 83 'RAM' <Latency = 1> <II = 1> <Delay = 0.69> <Storage> <Opcode : 'load' 'store'> <Ports = 2> <Width = 32> <Depth = 16> <RAM>
ST_10 : Operation 69 [1/1] (0.00ns)   --->   "%br_ln100 = br void %arrayidx7316.exit" [SA_propagating/src/mmult_explicit.cpp:100]   --->   Operation 69 'br' 'br_ln100' <Predicate = (trunc_ln100 == 14)> <Delay = 0.00>
ST_10 : Operation 70 [1/1] (0.69ns)   --->   "%store_ln100 = store i32 %gmem1_addr_read, i4 %localB_13_addr" [SA_propagating/src/mmult_explicit.cpp:100]   --->   Operation 70 'store' 'store_ln100' <Predicate = (trunc_ln100 == 13)> <Delay = 0.69> <CoreInst = "RAM">   --->   Core 83 'RAM' <Latency = 1> <II = 1> <Delay = 0.69> <Storage> <Opcode : 'load' 'store'> <Ports = 2> <Width = 32> <Depth = 16> <RAM>
ST_10 : Operation 71 [1/1] (0.00ns)   --->   "%br_ln100 = br void %arrayidx7316.exit" [SA_propagating/src/mmult_explicit.cpp:100]   --->   Operation 71 'br' 'br_ln100' <Predicate = (trunc_ln100 == 13)> <Delay = 0.00>
ST_10 : Operation 72 [1/1] (0.69ns)   --->   "%store_ln100 = store i32 %gmem1_addr_read, i4 %localB_12_addr" [SA_propagating/src/mmult_explicit.cpp:100]   --->   Operation 72 'store' 'store_ln100' <Predicate = (trunc_ln100 == 12)> <Delay = 0.69> <CoreInst = "RAM">   --->   Core 83 'RAM' <Latency = 1> <II = 1> <Delay = 0.69> <Storage> <Opcode : 'load' 'store'> <Ports = 2> <Width = 32> <Depth = 16> <RAM>
ST_10 : Operation 73 [1/1] (0.00ns)   --->   "%br_ln100 = br void %arrayidx7316.exit" [SA_propagating/src/mmult_explicit.cpp:100]   --->   Operation 73 'br' 'br_ln100' <Predicate = (trunc_ln100 == 12)> <Delay = 0.00>
ST_10 : Operation 74 [1/1] (0.69ns)   --->   "%store_ln100 = store i32 %gmem1_addr_read, i4 %localB_11_addr" [SA_propagating/src/mmult_explicit.cpp:100]   --->   Operation 74 'store' 'store_ln100' <Predicate = (trunc_ln100 == 11)> <Delay = 0.69> <CoreInst = "RAM">   --->   Core 83 'RAM' <Latency = 1> <II = 1> <Delay = 0.69> <Storage> <Opcode : 'load' 'store'> <Ports = 2> <Width = 32> <Depth = 16> <RAM>
ST_10 : Operation 75 [1/1] (0.00ns)   --->   "%br_ln100 = br void %arrayidx7316.exit" [SA_propagating/src/mmult_explicit.cpp:100]   --->   Operation 75 'br' 'br_ln100' <Predicate = (trunc_ln100 == 11)> <Delay = 0.00>
ST_10 : Operation 76 [1/1] (0.69ns)   --->   "%store_ln100 = store i32 %gmem1_addr_read, i4 %localB_10_addr" [SA_propagating/src/mmult_explicit.cpp:100]   --->   Operation 76 'store' 'store_ln100' <Predicate = (trunc_ln100 == 10)> <Delay = 0.69> <CoreInst = "RAM">   --->   Core 83 'RAM' <Latency = 1> <II = 1> <Delay = 0.69> <Storage> <Opcode : 'load' 'store'> <Ports = 2> <Width = 32> <Depth = 16> <RAM>
ST_10 : Operation 77 [1/1] (0.00ns)   --->   "%br_ln100 = br void %arrayidx7316.exit" [SA_propagating/src/mmult_explicit.cpp:100]   --->   Operation 77 'br' 'br_ln100' <Predicate = (trunc_ln100 == 10)> <Delay = 0.00>
ST_10 : Operation 78 [1/1] (0.69ns)   --->   "%store_ln100 = store i32 %gmem1_addr_read, i4 %localB_9_addr" [SA_propagating/src/mmult_explicit.cpp:100]   --->   Operation 78 'store' 'store_ln100' <Predicate = (trunc_ln100 == 9)> <Delay = 0.69> <CoreInst = "RAM">   --->   Core 83 'RAM' <Latency = 1> <II = 1> <Delay = 0.69> <Storage> <Opcode : 'load' 'store'> <Ports = 2> <Width = 32> <Depth = 16> <RAM>
ST_10 : Operation 79 [1/1] (0.00ns)   --->   "%br_ln100 = br void %arrayidx7316.exit" [SA_propagating/src/mmult_explicit.cpp:100]   --->   Operation 79 'br' 'br_ln100' <Predicate = (trunc_ln100 == 9)> <Delay = 0.00>
ST_10 : Operation 80 [1/1] (0.69ns)   --->   "%store_ln100 = store i32 %gmem1_addr_read, i4 %localB_8_addr" [SA_propagating/src/mmult_explicit.cpp:100]   --->   Operation 80 'store' 'store_ln100' <Predicate = (trunc_ln100 == 8)> <Delay = 0.69> <CoreInst = "RAM">   --->   Core 83 'RAM' <Latency = 1> <II = 1> <Delay = 0.69> <Storage> <Opcode : 'load' 'store'> <Ports = 2> <Width = 32> <Depth = 16> <RAM>
ST_10 : Operation 81 [1/1] (0.00ns)   --->   "%br_ln100 = br void %arrayidx7316.exit" [SA_propagating/src/mmult_explicit.cpp:100]   --->   Operation 81 'br' 'br_ln100' <Predicate = (trunc_ln100 == 8)> <Delay = 0.00>
ST_10 : Operation 82 [1/1] (0.69ns)   --->   "%store_ln100 = store i32 %gmem1_addr_read, i4 %localB_7_addr" [SA_propagating/src/mmult_explicit.cpp:100]   --->   Operation 82 'store' 'store_ln100' <Predicate = (trunc_ln100 == 7)> <Delay = 0.69> <CoreInst = "RAM">   --->   Core 83 'RAM' <Latency = 1> <II = 1> <Delay = 0.69> <Storage> <Opcode : 'load' 'store'> <Ports = 2> <Width = 32> <Depth = 16> <RAM>
ST_10 : Operation 83 [1/1] (0.00ns)   --->   "%br_ln100 = br void %arrayidx7316.exit" [SA_propagating/src/mmult_explicit.cpp:100]   --->   Operation 83 'br' 'br_ln100' <Predicate = (trunc_ln100 == 7)> <Delay = 0.00>
ST_10 : Operation 84 [1/1] (0.69ns)   --->   "%store_ln100 = store i32 %gmem1_addr_read, i4 %localB_6_addr" [SA_propagating/src/mmult_explicit.cpp:100]   --->   Operation 84 'store' 'store_ln100' <Predicate = (trunc_ln100 == 6)> <Delay = 0.69> <CoreInst = "RAM">   --->   Core 83 'RAM' <Latency = 1> <II = 1> <Delay = 0.69> <Storage> <Opcode : 'load' 'store'> <Ports = 2> <Width = 32> <Depth = 16> <RAM>
ST_10 : Operation 85 [1/1] (0.00ns)   --->   "%br_ln100 = br void %arrayidx7316.exit" [SA_propagating/src/mmult_explicit.cpp:100]   --->   Operation 85 'br' 'br_ln100' <Predicate = (trunc_ln100 == 6)> <Delay = 0.00>
ST_10 : Operation 86 [1/1] (0.69ns)   --->   "%store_ln100 = store i32 %gmem1_addr_read, i4 %localB_5_addr" [SA_propagating/src/mmult_explicit.cpp:100]   --->   Operation 86 'store' 'store_ln100' <Predicate = (trunc_ln100 == 5)> <Delay = 0.69> <CoreInst = "RAM">   --->   Core 83 'RAM' <Latency = 1> <II = 1> <Delay = 0.69> <Storage> <Opcode : 'load' 'store'> <Ports = 2> <Width = 32> <Depth = 16> <RAM>
ST_10 : Operation 87 [1/1] (0.00ns)   --->   "%br_ln100 = br void %arrayidx7316.exit" [SA_propagating/src/mmult_explicit.cpp:100]   --->   Operation 87 'br' 'br_ln100' <Predicate = (trunc_ln100 == 5)> <Delay = 0.00>
ST_10 : Operation 88 [1/1] (0.69ns)   --->   "%store_ln100 = store i32 %gmem1_addr_read, i4 %localB_4_addr" [SA_propagating/src/mmult_explicit.cpp:100]   --->   Operation 88 'store' 'store_ln100' <Predicate = (trunc_ln100 == 4)> <Delay = 0.69> <CoreInst = "RAM">   --->   Core 83 'RAM' <Latency = 1> <II = 1> <Delay = 0.69> <Storage> <Opcode : 'load' 'store'> <Ports = 2> <Width = 32> <Depth = 16> <RAM>
ST_10 : Operation 89 [1/1] (0.00ns)   --->   "%br_ln100 = br void %arrayidx7316.exit" [SA_propagating/src/mmult_explicit.cpp:100]   --->   Operation 89 'br' 'br_ln100' <Predicate = (trunc_ln100 == 4)> <Delay = 0.00>
ST_10 : Operation 90 [1/1] (0.69ns)   --->   "%store_ln100 = store i32 %gmem1_addr_read, i4 %localB_3_addr" [SA_propagating/src/mmult_explicit.cpp:100]   --->   Operation 90 'store' 'store_ln100' <Predicate = (trunc_ln100 == 3)> <Delay = 0.69> <CoreInst = "RAM">   --->   Core 83 'RAM' <Latency = 1> <II = 1> <Delay = 0.69> <Storage> <Opcode : 'load' 'store'> <Ports = 2> <Width = 32> <Depth = 16> <RAM>
ST_10 : Operation 91 [1/1] (0.00ns)   --->   "%br_ln100 = br void %arrayidx7316.exit" [SA_propagating/src/mmult_explicit.cpp:100]   --->   Operation 91 'br' 'br_ln100' <Predicate = (trunc_ln100 == 3)> <Delay = 0.00>
ST_10 : Operation 92 [1/1] (0.69ns)   --->   "%store_ln100 = store i32 %gmem1_addr_read, i4 %localB_2_addr" [SA_propagating/src/mmult_explicit.cpp:100]   --->   Operation 92 'store' 'store_ln100' <Predicate = (trunc_ln100 == 2)> <Delay = 0.69> <CoreInst = "RAM">   --->   Core 83 'RAM' <Latency = 1> <II = 1> <Delay = 0.69> <Storage> <Opcode : 'load' 'store'> <Ports = 2> <Width = 32> <Depth = 16> <RAM>
ST_10 : Operation 93 [1/1] (0.00ns)   --->   "%br_ln100 = br void %arrayidx7316.exit" [SA_propagating/src/mmult_explicit.cpp:100]   --->   Operation 93 'br' 'br_ln100' <Predicate = (trunc_ln100 == 2)> <Delay = 0.00>
ST_10 : Operation 94 [1/1] (0.69ns)   --->   "%store_ln100 = store i32 %gmem1_addr_read, i4 %localB_1_addr" [SA_propagating/src/mmult_explicit.cpp:100]   --->   Operation 94 'store' 'store_ln100' <Predicate = (trunc_ln100 == 1)> <Delay = 0.69> <CoreInst = "RAM">   --->   Core 83 'RAM' <Latency = 1> <II = 1> <Delay = 0.69> <Storage> <Opcode : 'load' 'store'> <Ports = 2> <Width = 32> <Depth = 16> <RAM>
ST_10 : Operation 95 [1/1] (0.00ns)   --->   "%br_ln100 = br void %arrayidx7316.exit" [SA_propagating/src/mmult_explicit.cpp:100]   --->   Operation 95 'br' 'br_ln100' <Predicate = (trunc_ln100 == 1)> <Delay = 0.00>
ST_10 : Operation 96 [1/1] (0.69ns)   --->   "%store_ln100 = store i32 %gmem1_addr_read, i4 %localB_addr" [SA_propagating/src/mmult_explicit.cpp:100]   --->   Operation 96 'store' 'store_ln100' <Predicate = (trunc_ln100 == 0)> <Delay = 0.69> <CoreInst = "RAM">   --->   Core 83 'RAM' <Latency = 1> <II = 1> <Delay = 0.69> <Storage> <Opcode : 'load' 'store'> <Ports = 2> <Width = 32> <Depth = 16> <RAM>
ST_10 : Operation 97 [1/1] (0.00ns)   --->   "%br_ln100 = br void %arrayidx7316.exit" [SA_propagating/src/mmult_explicit.cpp:100]   --->   Operation 97 'br' 'br_ln100' <Predicate = (trunc_ln100 == 0)> <Delay = 0.00>
ST_10 : Operation 98 [1/1] (0.69ns)   --->   "%store_ln100 = store i32 %gmem1_addr_read, i4 %localB_15_addr" [SA_propagating/src/mmult_explicit.cpp:100]   --->   Operation 98 'store' 'store_ln100' <Predicate = (trunc_ln100 == 15)> <Delay = 0.69> <CoreInst = "RAM">   --->   Core 83 'RAM' <Latency = 1> <II = 1> <Delay = 0.69> <Storage> <Opcode : 'load' 'store'> <Ports = 2> <Width = 32> <Depth = 16> <RAM>
ST_10 : Operation 99 [1/1] (0.00ns)   --->   "%br_ln100 = br void %arrayidx7316.exit" [SA_propagating/src/mmult_explicit.cpp:100]   --->   Operation 99 'br' 'br_ln100' <Predicate = (trunc_ln100 == 15)> <Delay = 0.00>
ST_10 : Operation 100 [1/1] (0.88ns)   --->   "%j_3 = add i32 %j, i32 1" [SA_propagating/src/mmult_explicit.cpp:93]   --->   Operation 100 'add' 'j_3' <Predicate = true> <Delay = 0.88> <CoreInst = "Adder">   --->   Core 1 'Adder' <Latency = 0> <II = 1> <Delay = 0.88> <FuncUnit> <Opcode : 'add' 'sub'> <InPorts = 2> <OutPorts = 1>
ST_10 : Operation 101 [1/1] (0.38ns)   --->   "%store_ln93 = store i32 %i_2, i32 %i" [SA_propagating/src/mmult_explicit.cpp:93]   --->   Operation 101 'store' 'store_ln93' <Predicate = true> <Delay = 0.38>
ST_10 : Operation 102 [1/1] (0.38ns)   --->   "%store_ln93 = store i32 %j_3, i32 %j_2" [SA_propagating/src/mmult_explicit.cpp:93]   --->   Operation 102 'store' 'store_ln93' <Predicate = true> <Delay = 0.38>
ST_10 : Operation 103 [1/1] (0.00ns)   --->   "%br_ln93 = br void %for.body63" [SA_propagating/src/mmult_explicit.cpp:93]   --->   Operation 103 'br' 'br_ln93' <Predicate = true> <Delay = 0.00>

State 11 <SV = 8> <Delay = 0.00>
ST_11 : Operation 104 [1/1] (0.00ns)   --->   "%ret_ln0 = ret"   --->   Operation 104 'ret' 'ret_ln0' <Predicate = true> <Delay = 0.00>


============================================================
+ Verbose Summary: Binding
============================================================
STG Binding: 
---------------- STG Properties BEGIN ----------------
- Is combinational: 0
- Is one-state seq: 0
- Is datapath-only: 0
- Is pipelined: 0
- Is top level: 0
Port [ Return ] is wired: 1; IO mode=ap_ctrl_hs:ce=0
Port [ gmem1]:  wired=1; compound=1; hidden=0; nouse=0; global=0; static=0; extern=0; dir=0; type=4; pingpong=0; private_global=0; IO mode=m_axi:ce=0
Port [ sext_ln100]:  wired=1; compound=0; hidden=0; nouse=0; global=0; static=0; extern=0; dir=0; type=0; pingpong=0; private_global=0; IO mode=ap_none:ce=0
Port [ mul60]:  wired=1; compound=0; hidden=0; nouse=0; global=0; static=0; extern=0; dir=0; type=0; pingpong=0; private_global=0; IO mode=ap_none:ce=0
Port [ b_col]:  wired=1; compound=0; hidden=0; nouse=0; global=0; static=0; extern=0; dir=0; type=0; pingpong=0; private_global=0; IO mode=ap_none:ce=0
Port [ b]:  wired=1; compound=0; hidden=0; nouse=0; global=0; static=0; extern=0; dir=0; type=0; pingpong=0; private_global=0; IO mode=ap_none:ce=0
Port [ localB]:  wired=1; compound=1; hidden=0; nouse=0; global=0; static=0; extern=0; dir=1; type=1; pingpong=0; private_global=0; MemPort=[03]; IO mode=ap_memory:ce=0
Port [ localB_1]:  wired=1; compound=1; hidden=0; nouse=0; global=0; static=0; extern=0; dir=1; type=1; pingpong=0; private_global=0; MemPort=[03]; IO mode=ap_memory:ce=0
Port [ localB_2]:  wired=1; compound=1; hidden=0; nouse=0; global=0; static=0; extern=0; dir=1; type=1; pingpong=0; private_global=0; MemPort=[03]; IO mode=ap_memory:ce=0
Port [ localB_3]:  wired=1; compound=1; hidden=0; nouse=0; global=0; static=0; extern=0; dir=1; type=1; pingpong=0; private_global=0; MemPort=[03]; IO mode=ap_memory:ce=0
Port [ localB_4]:  wired=1; compound=1; hidden=0; nouse=0; global=0; static=0; extern=0; dir=1; type=1; pingpong=0; private_global=0; MemPort=[03]; IO mode=ap_memory:ce=0
Port [ localB_5]:  wired=1; compound=1; hidden=0; nouse=0; global=0; static=0; extern=0; dir=1; type=1; pingpong=0; private_global=0; MemPort=[03]; IO mode=ap_memory:ce=0
Port [ localB_6]:  wired=1; compound=1; hidden=0; nouse=0; global=0; static=0; extern=0; dir=1; type=1; pingpong=0; private_global=0; MemPort=[03]; IO mode=ap_memory:ce=0
Port [ localB_7]:  wired=1; compound=1; hidden=0; nouse=0; global=0; static=0; extern=0; dir=1; type=1; pingpong=0; private_global=0; MemPort=[03]; IO mode=ap_memory:ce=0
Port [ localB_8]:  wired=1; compound=1; hidden=0; nouse=0; global=0; static=0; extern=0; dir=1; type=1; pingpong=0; private_global=0; MemPort=[03]; IO mode=ap_memory:ce=0
Port [ localB_9]:  wired=1; compound=1; hidden=0; nouse=0; global=0; static=0; extern=0; dir=1; type=1; pingpong=0; private_global=0; MemPort=[03]; IO mode=ap_memory:ce=0
Port [ localB_10]:  wired=1; compound=1; hidden=0; nouse=0; global=0; static=0; extern=0; dir=1; type=1; pingpong=0; private_global=0; MemPort=[03]; IO mode=ap_memory:ce=0
Port [ localB_11]:  wired=1; compound=1; hidden=0; nouse=0; global=0; static=0; extern=0; dir=1; type=1; pingpong=0; private_global=0; MemPort=[03]; IO mode=ap_memory:ce=0
Port [ localB_12]:  wired=1; compound=1; hidden=0; nouse=0; global=0; static=0; extern=0; dir=1; type=1; pingpong=0; private_global=0; MemPort=[03]; IO mode=ap_memory:ce=0
Port [ localB_13]:  wired=1; compound=1; hidden=0; nouse=0; global=0; static=0; extern=0; dir=1; type=1; pingpong=0; private_global=0; MemPort=[03]; IO mode=ap_memory:ce=0
Port [ localB_14]:  wired=1; compound=1; hidden=0; nouse=0; global=0; static=0; extern=0; dir=1; type=1; pingpong=0; private_global=0; MemPort=[03]; IO mode=ap_memory:ce=0
Port [ localB_15]:  wired=1; compound=1; hidden=0; nouse=0; global=0; static=0; extern=0; dir=1; type=1; pingpong=0; private_global=0; MemPort=[03]; IO mode=ap_memory:ce=0
---------------- STG Properties END ------------------

---------------- Datapath Model BEGIN ----------------

<LifeTime>
<method=bitvector/>
j_2                    (alloca           ) [ 011111111110]
i                      (alloca           ) [ 011111111110]
loc_1                  (alloca           ) [ 011111111110]
mul60_read             (read             ) [ 001111111110]
sext_ln100_read        (read             ) [ 000000000000]
sext_ln100_cast        (sext             ) [ 000000000000]
gmem1_addr             (getelementptr    ) [ 001111111110]
store_ln0              (store            ) [ 000000000000]
store_ln0              (store            ) [ 000000000000]
store_ln0              (store            ) [ 000000000000]
b5                     (read             ) [ 000000000000]
b_col_read             (read             ) [ 000000001110]
specinterface_ln0      (specinterface    ) [ 000000000000]
p_rd_req               (readreq          ) [ 000000000000]
br_ln0                 (br               ) [ 000000000000]
loc                    (load             ) [ 000000000000]
specbitsmap_ln0        (specbitsmap      ) [ 000000000000]
specpipeline_ln0       (specpipeline     ) [ 000000000000]
icmp_ln93              (icmp             ) [ 000000001110]
add_ln93               (add              ) [ 000000000000]
br_ln93                (br               ) [ 000000000000]
store_ln93             (store            ) [ 000000000000]
gmem1_addr_read        (read             ) [ 000000001010]
j_2_load               (load             ) [ 000000000000]
i_load                 (load             ) [ 000000000000]
speclooptripcount_ln94 (speclooptripcount) [ 000000000000]
specloopname_ln93      (specloopname     ) [ 000000000000]
icmp_ln96              (icmp             ) [ 000000000000]
add_ln97               (add              ) [ 000000000000]
j                      (select           ) [ 000000000000]
i_2                    (select           ) [ 000000000000]
zext_ln100             (zext             ) [ 000000000000]
localB_addr            (getelementptr    ) [ 000000000000]
localB_1_addr          (getelementptr    ) [ 000000000000]
localB_2_addr          (getelementptr    ) [ 000000000000]
localB_3_addr          (getelementptr    ) [ 000000000000]
localB_4_addr          (getelementptr    ) [ 000000000000]
localB_5_addr          (getelementptr    ) [ 000000000000]
localB_6_addr          (getelementptr    ) [ 000000000000]
localB_7_addr          (getelementptr    ) [ 000000000000]
localB_8_addr          (getelementptr    ) [ 000000000000]
localB_9_addr          (getelementptr    ) [ 000000000000]
localB_10_addr         (getelementptr    ) [ 000000000000]
localB_11_addr         (getelementptr    ) [ 000000000000]
localB_12_addr         (getelementptr    ) [ 000000000000]
localB_13_addr         (getelementptr    ) [ 000000000000]
localB_14_addr         (getelementptr    ) [ 000000000000]
localB_15_addr         (getelementptr    ) [ 000000000000]
trunc_ln100            (trunc            ) [ 000000001110]
switch_ln100           (switch           ) [ 000000000000]
store_ln100            (store            ) [ 000000000000]
br_ln100               (br               ) [ 000000000000]
store_ln100            (store            ) [ 000000000000]
br_ln100               (br               ) [ 000000000000]
store_ln100            (store            ) [ 000000000000]
br_ln100               (br               ) [ 000000000000]
store_ln100            (store            ) [ 000000000000]
br_ln100               (br               ) [ 000000000000]
store_ln100            (store            ) [ 000000000000]
br_ln100               (br               ) [ 000000000000]
store_ln100            (store            ) [ 000000000000]
br_ln100               (br               ) [ 000000000000]
store_ln100            (store            ) [ 000000000000]
br_ln100               (br               ) [ 000000000000]
store_ln100            (store            ) [ 000000000000]
br_ln100               (br               ) [ 000000000000]
store_ln100            (store            ) [ 000000000000]
br_ln100               (br               ) [ 000000000000]
store_ln100            (store            ) [ 000000000000]
br_ln100               (br               ) [ 000000000000]
store_ln100            (store            ) [ 000000000000]
br_ln100               (br               ) [ 000000000000]
store_ln100            (store            ) [ 000000000000]
br_ln100               (br               ) [ 000000000000]
store_ln100            (store            ) [ 000000000000]
br_ln100               (br               ) [ 000000000000]
store_ln100            (store            ) [ 000000000000]
br_ln100               (br               ) [ 000000000000]
store_ln100            (store            ) [ 000000000000]
br_ln100               (br               ) [ 000000000000]
store_ln100            (store            ) [ 000000000000]
br_ln100               (br               ) [ 000000000000]
j_3                    (add              ) [ 000000000000]
store_ln93             (store            ) [ 000000000000]
store_ln93             (store            ) [ 000000000000]
br_ln93                (br               ) [ 000000000000]
ret_ln0                (ret              ) [ 000000000000]
</LifeTime>

<model>

<comp_list>
<comp id="0" class="1000" name="gmem1">
<pin_list>
<pin id="1" dir="1" index="0" bw="1" slack="0"/>
</pin_list>
<bind>
<StgValue><ssdm name="gmem1"/></StgValue>
</bind>
</comp>

<comp id="2" class="1000" name="sext_ln100">
<pin_list>
<pin id="3" dir="1" index="0" bw="1" slack="0"/>
</pin_list>
<bind>
<StgValue><ssdm name="sext_ln100"/></StgValue>
</bind>
</comp>

<comp id="4" class="1000" name="mul60">
<pin_list>
<pin id="5" dir="1" index="0" bw="1" slack="0"/>
</pin_list>
<bind>
<StgValue><ssdm name="mul60"/></StgValue>
</bind>
</comp>

<comp id="6" class="1000" name="b_col">
<pin_list>
<pin id="7" dir="1" index="0" bw="1" slack="0"/>
</pin_list>
<bind>
<StgValue><ssdm name="b_col"/></StgValue>
</bind>
</comp>

<comp id="8" class="1000" name="b">
<pin_list>
<pin id="9" dir="1" index="0" bw="1" slack="0"/>
</pin_list>
<bind>
<StgValue><ssdm name="b"/></StgValue>
</bind>
</comp>

<comp id="10" class="1000" name="localB">
<pin_list>
<pin id="11" dir="1" index="0" bw="1" slack="0"/>
</pin_list>
<bind>
<StgValue><ssdm name="localB"/><MemPortTyVec>0 3 </MemPortTyVec>
</StgValue>
</bind>
</comp>

<comp id="12" class="1000" name="localB_1">
<pin_list>
<pin id="13" dir="1" index="0" bw="1" slack="0"/>
</pin_list>
<bind>
<StgValue><ssdm name="localB_1"/><MemPortTyVec>0 3 </MemPortTyVec>
</StgValue>
</bind>
</comp>

<comp id="14" class="1000" name="localB_2">
<pin_list>
<pin id="15" dir="1" index="0" bw="1" slack="0"/>
</pin_list>
<bind>
<StgValue><ssdm name="localB_2"/><MemPortTyVec>0 3 </MemPortTyVec>
</StgValue>
</bind>
</comp>

<comp id="16" class="1000" name="localB_3">
<pin_list>
<pin id="17" dir="1" index="0" bw="1" slack="0"/>
</pin_list>
<bind>
<StgValue><ssdm name="localB_3"/><MemPortTyVec>0 3 </MemPortTyVec>
</StgValue>
</bind>
</comp>

<comp id="18" class="1000" name="localB_4">
<pin_list>
<pin id="19" dir="1" index="0" bw="1" slack="0"/>
</pin_list>
<bind>
<StgValue><ssdm name="localB_4"/><MemPortTyVec>0 3 </MemPortTyVec>
</StgValue>
</bind>
</comp>

<comp id="20" class="1000" name="localB_5">
<pin_list>
<pin id="21" dir="1" index="0" bw="1" slack="0"/>
</pin_list>
<bind>
<StgValue><ssdm name="localB_5"/><MemPortTyVec>0 3 </MemPortTyVec>
</StgValue>
</bind>
</comp>

<comp id="22" class="1000" name="localB_6">
<pin_list>
<pin id="23" dir="1" index="0" bw="1" slack="0"/>
</pin_list>
<bind>
<StgValue><ssdm name="localB_6"/><MemPortTyVec>0 3 </MemPortTyVec>
</StgValue>
</bind>
</comp>

<comp id="24" class="1000" name="localB_7">
<pin_list>
<pin id="25" dir="1" index="0" bw="1" slack="0"/>
</pin_list>
<bind>
<StgValue><ssdm name="localB_7"/><MemPortTyVec>0 3 </MemPortTyVec>
</StgValue>
</bind>
</comp>

<comp id="26" class="1000" name="localB_8">
<pin_list>
<pin id="27" dir="1" index="0" bw="1" slack="0"/>
</pin_list>
<bind>
<StgValue><ssdm name="localB_8"/><MemPortTyVec>0 3 </MemPortTyVec>
</StgValue>
</bind>
</comp>

<comp id="28" class="1000" name="localB_9">
<pin_list>
<pin id="29" dir="1" index="0" bw="1" slack="0"/>
</pin_list>
<bind>
<StgValue><ssdm name="localB_9"/><MemPortTyVec>0 3 </MemPortTyVec>
</StgValue>
</bind>
</comp>

<comp id="30" class="1000" name="localB_10">
<pin_list>
<pin id="31" dir="1" index="0" bw="1" slack="0"/>
</pin_list>
<bind>
<StgValue><ssdm name="localB_10"/><MemPortTyVec>0 3 </MemPortTyVec>
</StgValue>
</bind>
</comp>

<comp id="32" class="1000" name="localB_11">
<pin_list>
<pin id="33" dir="1" index="0" bw="1" slack="0"/>
</pin_list>
<bind>
<StgValue><ssdm name="localB_11"/><MemPortTyVec>0 3 </MemPortTyVec>
</StgValue>
</bind>
</comp>

<comp id="34" class="1000" name="localB_12">
<pin_list>
<pin id="35" dir="1" index="0" bw="1" slack="0"/>
</pin_list>
<bind>
<StgValue><ssdm name="localB_12"/><MemPortTyVec>0 3 </MemPortTyVec>
</StgValue>
</bind>
</comp>

<comp id="36" class="1000" name="localB_13">
<pin_list>
<pin id="37" dir="1" index="0" bw="1" slack="0"/>
</pin_list>
<bind>
<StgValue><ssdm name="localB_13"/><MemPortTyVec>0 3 </MemPortTyVec>
</StgValue>
</bind>
</comp>

<comp id="38" class="1000" name="localB_14">
<pin_list>
<pin id="39" dir="1" index="0" bw="1" slack="0"/>
</pin_list>
<bind>
<StgValue><ssdm name="localB_14"/><MemPortTyVec>0 3 </MemPortTyVec>
</StgValue>
</bind>
</comp>

<comp id="40" class="1000" name="localB_15">
<pin_list>
<pin id="41" dir="1" index="0" bw="1" slack="0"/>
</pin_list>
<bind>
<StgValue><ssdm name="localB_15"/><MemPortTyVec>0 3 </MemPortTyVec>
</StgValue>
</bind>
</comp>

<comp id="42" class="1001" name="const_42">
<pin_list>
<pin id="43" dir="1" index="0" bw="1" slack="0"/>
</pin_list>
<bind>
<StgValue><ssdm name=""/></StgValue>
</bind>
</comp>

<comp id="44" class="1001" name="const_44">
<pin_list>
<pin id="45" dir="1" index="0" bw="1" slack="0"/>
</pin_list>
<bind>
<StgValue><ssdm name="_ssdm_op_Read.ap_auto.i32"/></StgValue>
</bind>
</comp>

<comp id="46" class="1001" name="const_46">
<pin_list>
<pin id="47" dir="1" index="0" bw="1" slack="0"/>
</pin_list>
<bind>
<StgValue><ssdm name="_ssdm_op_Read.ap_auto.i62"/></StgValue>
</bind>
</comp>

<comp id="48" class="1001" name="const_48">
<pin_list>
<pin id="49" dir="1" index="0" bw="1" slack="0"/>
</pin_list>
<bind>
<StgValue><ssdm name="_ssdm_op_ReadReq.m_axi.i32P1A"/></StgValue>
</bind>
</comp>

<comp id="50" class="1001" name="const_50">
<pin_list>
<pin id="51" dir="1" index="0" bw="1" slack="0"/>
</pin_list>
<bind>
<StgValue><ssdm name=""/></StgValue>
</bind>
</comp>

<comp id="52" class="1001" name="const_52">
<pin_list>
<pin id="53" dir="1" index="0" bw="1" slack="0"/>
</pin_list>
<bind>
<StgValue><ssdm name="_ssdm_op_Read.ap_auto.i64"/></StgValue>
</bind>
</comp>

<comp id="54" class="1001" name="const_54">
<pin_list>
<pin id="55" dir="1" index="0" bw="1" slack="2147483647"/>
</pin_list>
<bind>
<StgValue><ssdm name="_ssdm_op_SpecInterface"/></StgValue>
</bind>
</comp>

<comp id="56" class="1001" name="const_56">
<pin_list>
<pin id="57" dir="1" index="0" bw="1" slack="2147483647"/>
</pin_list>
<bind>
<StgValue><ssdm name="empty_4"/></StgValue>
</bind>
</comp>

<comp id="58" class="1001" name="const_58">
<pin_list>
<pin id="59" dir="1" index="0" bw="1" slack="2147483647"/>
</pin_list>
<bind>
<StgValue><ssdm name="empty_5"/></StgValue>
</bind>
</comp>

<comp id="60" class="1001" name="const_60">
<pin_list>
<pin id="61" dir="1" index="0" bw="1" slack="2147483647"/>
</pin_list>
<bind>
<StgValue><ssdm name=""/></StgValue>
</bind>
</comp>

<comp id="62" class="1001" name="const_62">
<pin_list>
<pin id="63" dir="1" index="0" bw="1" slack="2147483647"/>
</pin_list>
<bind>
<StgValue><ssdm name="empty_13"/></StgValue>
</bind>
</comp>

<comp id="64" class="1001" name="const_64">
<pin_list>
<pin id="65" dir="1" index="0" bw="1" slack="2147483647"/>
</pin_list>
<bind>
<StgValue><ssdm name="empty_7"/></StgValue>
</bind>
</comp>

<comp id="66" class="1001" name="const_66">
<pin_list>
<pin id="67" dir="1" index="0" bw="1" slack="2147483647"/>
</pin_list>
<bind>
<StgValue><ssdm name=""/></StgValue>
</bind>
</comp>

<comp id="68" class="1001" name="const_68">
<pin_list>
<pin id="69" dir="1" index="0" bw="1" slack="2147483647"/>
</pin_list>
<bind>
<StgValue><ssdm name=""/></StgValue>
</bind>
</comp>

<comp id="70" class="1001" name="const_70">
<pin_list>
<pin id="71" dir="1" index="0" bw="1" slack="2147483647"/>
</pin_list>
<bind>
<StgValue><ssdm name="_ssdm_op_SpecBitsMap"/></StgValue>
</bind>
</comp>

<comp id="72" class="1001" name="const_72">
<pin_list>
<pin id="73" dir="1" index="0" bw="1" slack="2147483647"/>
</pin_list>
<bind>
<StgValue><ssdm name="_ssdm_op_SpecPipeline"/></StgValue>
</bind>
</comp>

<comp id="74" class="1001" name="const_74">
<pin_list>
<pin id="75" dir="1" index="0" bw="1" slack="2147483647"/>
</pin_list>
<bind>
<StgValue><ssdm name="p_str"/></StgValue>
</bind>
</comp>

<comp id="76" class="1001" name="const_76">
<pin_list>
<pin id="77" dir="1" index="0" bw="1" slack="0"/>
</pin_list>
<bind>
<StgValue><ssdm name="_ssdm_op_Read.m_axi.i32P1A"/></StgValue>
</bind>
</comp>

<comp id="78" class="1001" name="const_78">
<pin_list>
<pin id="79" dir="1" index="0" bw="1" slack="2147483647"/>
</pin_list>
<bind>
<StgValue><ssdm name="_ssdm_op_SpecLoopTripCount"/></StgValue>
</bind>
</comp>

<comp id="80" class="1001" name="const_80">
<pin_list>
<pin id="81" dir="1" index="0" bw="1" slack="2147483647"/>
</pin_list>
<bind>
<StgValue><ssdm name=""/></StgValue>
</bind>
</comp>

<comp id="82" class="1001" name="const_82">
<pin_list>
<pin id="83" dir="1" index="0" bw="1" slack="2147483647"/>
</pin_list>
<bind>
<StgValue><ssdm name="_ssdm_op_SpecLoopName"/></StgValue>
</bind>
</comp>

<comp id="84" class="1001" name="const_84">
<pin_list>
<pin id="85" dir="1" index="0" bw="1" slack="2147483647"/>
</pin_list>
<bind>
<StgValue><ssdm name="empty_16"/></StgValue>
</bind>
</comp>

<comp id="86" class="1001" name="const_86">
<pin_list>
<pin id="87" dir="1" index="0" bw="1" slack="0"/>
</pin_list>
<bind>
<StgValue><ssdm name=""/></StgValue>
</bind>
</comp>

<comp id="88" class="1001" name="const_88">
<pin_list>
<pin id="89" dir="1" index="0" bw="1" slack="2147483647"/>
</pin_list>
<bind>
<StgValue><ssdm name=""/></StgValue>
</bind>
</comp>

<comp id="90" class="1001" name="const_90">
<pin_list>
<pin id="91" dir="1" index="0" bw="1" slack="2147483647"/>
</pin_list>
<bind>
<StgValue><ssdm name=""/></StgValue>
</bind>
</comp>

<comp id="92" class="1001" name="const_92">
<pin_list>
<pin id="93" dir="1" index="0" bw="1" slack="2147483647"/>
</pin_list>
<bind>
<StgValue><ssdm name=""/></StgValue>
</bind>
</comp>

<comp id="94" class="1001" name="const_94">
<pin_list>
<pin id="95" dir="1" index="0" bw="1" slack="2147483647"/>
</pin_list>
<bind>
<StgValue><ssdm name=""/></StgValue>
</bind>
</comp>

<comp id="96" class="1001" name="const_96">
<pin_list>
<pin id="97" dir="1" index="0" bw="1" slack="2147483647"/>
</pin_list>
<bind>
<StgValue><ssdm name=""/></StgValue>
</bind>
</comp>

<comp id="98" class="1001" name="const_98">
<pin_list>
<pin id="99" dir="1" index="0" bw="1" slack="2147483647"/>
</pin_list>
<bind>
<StgValue><ssdm name=""/></StgValue>
</bind>
</comp>

<comp id="100" class="1001" name="const_100">
<pin_list>
<pin id="101" dir="1" index="0" bw="1" slack="2147483647"/>
</pin_list>
<bind>
<StgValue><ssdm name=""/></StgValue>
</bind>
</comp>

<comp id="102" class="1001" name="const_102">
<pin_list>
<pin id="103" dir="1" index="0" bw="1" slack="2147483647"/>
</pin_list>
<bind>
<StgValue><ssdm name=""/></StgValue>
</bind>
</comp>

<comp id="104" class="1001" name="const_104">
<pin_list>
<pin id="105" dir="1" index="0" bw="1" slack="2147483647"/>
</pin_list>
<bind>
<StgValue><ssdm name=""/></StgValue>
</bind>
</comp>

<comp id="106" class="1001" name="const_106">
<pin_list>
<pin id="107" dir="1" index="0" bw="1" slack="2147483647"/>
</pin_list>
<bind>
<StgValue><ssdm name=""/></StgValue>
</bind>
</comp>

<comp id="108" class="1001" name="const_108">
<pin_list>
<pin id="109" dir="1" index="0" bw="1" slack="2147483647"/>
</pin_list>
<bind>
<StgValue><ssdm name=""/></StgValue>
</bind>
</comp>

<comp id="110" class="1001" name="const_110">
<pin_list>
<pin id="111" dir="1" index="0" bw="1" slack="2147483647"/>
</pin_list>
<bind>
<StgValue><ssdm name=""/></StgValue>
</bind>
</comp>

<comp id="112" class="1001" name="const_112">
<pin_list>
<pin id="113" dir="1" index="0" bw="1" slack="2147483647"/>
</pin_list>
<bind>
<StgValue><ssdm name=""/></StgValue>
</bind>
</comp>

<comp id="114" class="1001" name="const_114">
<pin_list>
<pin id="115" dir="1" index="0" bw="1" slack="2147483647"/>
</pin_list>
<bind>
<StgValue><ssdm name=""/></StgValue>
</bind>
</comp>

<comp id="116" class="1001" name="const_116">
<pin_list>
<pin id="117" dir="1" index="0" bw="1" slack="2147483647"/>
</pin_list>
<bind>
<StgValue><ssdm name=""/></StgValue>
</bind>
</comp>

<comp id="118" class="1004" name="j_2_fu_118">
<pin_list>
<pin id="119" dir="0" index="0" bw="1" slack="0"/>
<pin id="120" dir="1" index="1" bw="32" slack="0"/>
</pin_list>
<bind>
<opcode="alloca(26) " fcode="alloca"/>
<opset="j_2/1 "/>
</bind>
</comp>

<comp id="122" class="1004" name="i_fu_122">
<pin_list>
<pin id="123" dir="0" index="0" bw="1" slack="0"/>
<pin id="124" dir="1" index="1" bw="32" slack="0"/>
</pin_list>
<bind>
<opcode="alloca(26) " fcode="alloca"/>
<opset="i/1 "/>
</bind>
</comp>

<comp id="126" class="1004" name="loc_1_fu_126">
<pin_list>
<pin id="127" dir="0" index="0" bw="1" slack="0"/>
<pin id="128" dir="1" index="1" bw="32" slack="0"/>
</pin_list>
<bind>
<opcode="alloca(26) " fcode="alloca"/>
<opset="loc_1/1 "/>
</bind>
</comp>

<comp id="130" class="1004" name="mul60_read_read_fu_130">
<pin_list>
<pin id="131" dir="0" index="0" bw="32" slack="0"/>
<pin id="132" dir="0" index="1" bw="32" slack="0"/>
<pin id="133" dir="1" index="2" bw="32" slack="0"/>
</pin_list>
<bind>
<opcode="read(1150) " fcode="read"/>
<opset="mul60_read/1 "/>
</bind>
</comp>

<comp id="136" class="1004" name="sext_ln100_read_read_fu_136">
<pin_list>
<pin id="137" dir="0" index="0" bw="62" slack="0"/>
<pin id="138" dir="0" index="1" bw="62" slack="0"/>
<pin id="139" dir="1" index="2" bw="62" slack="0"/>
</pin_list>
<bind>
<opcode="read(1150) " fcode="read"/>
<opset="sext_ln100_read/1 "/>
</bind>
</comp>

<comp id="142" class="1004" name="grp_readreq_fu_142">
<pin_list>
<pin id="143" dir="0" index="0" bw="1" slack="0"/>
<pin id="144" dir="0" index="1" bw="32" slack="0"/>
<pin id="145" dir="0" index="2" bw="32" slack="0"/>
<pin id="146" dir="1" index="3" bw="1" slack="2147483647"/>
</pin_list>
<bind>
<opcode="readreq(1154) " fcode="readreq"/>
<opset="p_rd_req/1 "/>
</bind>
</comp>

<comp id="149" class="1004" name="b5_read_fu_149">
<pin_list>
<pin id="150" dir="0" index="0" bw="64" slack="0"/>
<pin id="151" dir="0" index="1" bw="64" slack="0"/>
<pin id="152" dir="1" index="2" bw="64" slack="2147483647"/>
</pin_list>
<bind>
<opcode="read(1150) " fcode="read"/>
<opset="b5/7 "/>
</bind>
</comp>

<comp id="155" class="1004" name="b_col_read_read_fu_155">
<pin_list>
<pin id="156" dir="0" index="0" bw="32" slack="0"/>
<pin id="157" dir="0" index="1" bw="32" slack="0"/>
<pin id="158" dir="1" index="2" bw="32" slack="3"/>
</pin_list>
<bind>
<opcode="read(1150) " fcode="read"/>
<opset="b_col_read/7 "/>
</bind>
</comp>

<comp id="161" class="1004" name="gmem1_addr_read_read_fu_161">
<pin_list>
<pin id="162" dir="0" index="0" bw="32" slack="0"/>
<pin id="163" dir="0" index="1" bw="32" slack="8"/>
<pin id="164" dir="1" index="2" bw="32" slack="1"/>
</pin_list>
<bind>
<opcode="read(1150) " fcode="read"/>
<opset="gmem1_addr_read/9 "/>
</bind>
</comp>

<comp id="166" class="1004" name="localB_addr_gep_fu_166">
<pin_list>
<pin id="167" dir="0" index="0" bw="32" slack="0"/>
<pin id="168" dir="0" index="1" bw="1" slack="0"/>
<pin id="169" dir="0" index="2" bw="32" slack="0"/>
<pin id="170" dir="1" index="3" bw="4" slack="0"/>
</pin_list>
<bind>
<opcode="getelementptr(29) " fcode="getelementptr"/>
<opset="localB_addr/10 "/>
</bind>
</comp>

<comp id="173" class="1004" name="localB_1_addr_gep_fu_173">
<pin_list>
<pin id="174" dir="0" index="0" bw="32" slack="0"/>
<pin id="175" dir="0" index="1" bw="1" slack="0"/>
<pin id="176" dir="0" index="2" bw="32" slack="0"/>
<pin id="177" dir="1" index="3" bw="4" slack="0"/>
</pin_list>
<bind>
<opcode="getelementptr(29) " fcode="getelementptr"/>
<opset="localB_1_addr/10 "/>
</bind>
</comp>

<comp id="180" class="1004" name="localB_2_addr_gep_fu_180">
<pin_list>
<pin id="181" dir="0" index="0" bw="32" slack="0"/>
<pin id="182" dir="0" index="1" bw="1" slack="0"/>
<pin id="183" dir="0" index="2" bw="32" slack="0"/>
<pin id="184" dir="1" index="3" bw="4" slack="0"/>
</pin_list>
<bind>
<opcode="getelementptr(29) " fcode="getelementptr"/>
<opset="localB_2_addr/10 "/>
</bind>
</comp>

<comp id="187" class="1004" name="localB_3_addr_gep_fu_187">
<pin_list>
<pin id="188" dir="0" index="0" bw="32" slack="0"/>
<pin id="189" dir="0" index="1" bw="1" slack="0"/>
<pin id="190" dir="0" index="2" bw="32" slack="0"/>
<pin id="191" dir="1" index="3" bw="4" slack="0"/>
</pin_list>
<bind>
<opcode="getelementptr(29) " fcode="getelementptr"/>
<opset="localB_3_addr/10 "/>
</bind>
</comp>

<comp id="194" class="1004" name="localB_4_addr_gep_fu_194">
<pin_list>
<pin id="195" dir="0" index="0" bw="32" slack="0"/>
<pin id="196" dir="0" index="1" bw="1" slack="0"/>
<pin id="197" dir="0" index="2" bw="32" slack="0"/>
<pin id="198" dir="1" index="3" bw="4" slack="0"/>
</pin_list>
<bind>
<opcode="getelementptr(29) " fcode="getelementptr"/>
<opset="localB_4_addr/10 "/>
</bind>
</comp>

<comp id="201" class="1004" name="localB_5_addr_gep_fu_201">
<pin_list>
<pin id="202" dir="0" index="0" bw="32" slack="0"/>
<pin id="203" dir="0" index="1" bw="1" slack="0"/>
<pin id="204" dir="0" index="2" bw="32" slack="0"/>
<pin id="205" dir="1" index="3" bw="4" slack="0"/>
</pin_list>
<bind>
<opcode="getelementptr(29) " fcode="getelementptr"/>
<opset="localB_5_addr/10 "/>
</bind>
</comp>

<comp id="208" class="1004" name="localB_6_addr_gep_fu_208">
<pin_list>
<pin id="209" dir="0" index="0" bw="32" slack="0"/>
<pin id="210" dir="0" index="1" bw="1" slack="0"/>
<pin id="211" dir="0" index="2" bw="32" slack="0"/>
<pin id="212" dir="1" index="3" bw="4" slack="0"/>
</pin_list>
<bind>
<opcode="getelementptr(29) " fcode="getelementptr"/>
<opset="localB_6_addr/10 "/>
</bind>
</comp>

<comp id="215" class="1004" name="localB_7_addr_gep_fu_215">
<pin_list>
<pin id="216" dir="0" index="0" bw="32" slack="0"/>
<pin id="217" dir="0" index="1" bw="1" slack="0"/>
<pin id="218" dir="0" index="2" bw="32" slack="0"/>
<pin id="219" dir="1" index="3" bw="4" slack="0"/>
</pin_list>
<bind>
<opcode="getelementptr(29) " fcode="getelementptr"/>
<opset="localB_7_addr/10 "/>
</bind>
</comp>

<comp id="222" class="1004" name="localB_8_addr_gep_fu_222">
<pin_list>
<pin id="223" dir="0" index="0" bw="32" slack="0"/>
<pin id="224" dir="0" index="1" bw="1" slack="0"/>
<pin id="225" dir="0" index="2" bw="32" slack="0"/>
<pin id="226" dir="1" index="3" bw="4" slack="0"/>
</pin_list>
<bind>
<opcode="getelementptr(29) " fcode="getelementptr"/>
<opset="localB_8_addr/10 "/>
</bind>
</comp>

<comp id="229" class="1004" name="localB_9_addr_gep_fu_229">
<pin_list>
<pin id="230" dir="0" index="0" bw="32" slack="0"/>
<pin id="231" dir="0" index="1" bw="1" slack="0"/>
<pin id="232" dir="0" index="2" bw="32" slack="0"/>
<pin id="233" dir="1" index="3" bw="4" slack="0"/>
</pin_list>
<bind>
<opcode="getelementptr(29) " fcode="getelementptr"/>
<opset="localB_9_addr/10 "/>
</bind>
</comp>

<comp id="236" class="1004" name="localB_10_addr_gep_fu_236">
<pin_list>
<pin id="237" dir="0" index="0" bw="32" slack="0"/>
<pin id="238" dir="0" index="1" bw="1" slack="0"/>
<pin id="239" dir="0" index="2" bw="32" slack="0"/>
<pin id="240" dir="1" index="3" bw="4" slack="0"/>
</pin_list>
<bind>
<opcode="getelementptr(29) " fcode="getelementptr"/>
<opset="localB_10_addr/10 "/>
</bind>
</comp>

<comp id="243" class="1004" name="localB_11_addr_gep_fu_243">
<pin_list>
<pin id="244" dir="0" index="0" bw="32" slack="0"/>
<pin id="245" dir="0" index="1" bw="1" slack="0"/>
<pin id="246" dir="0" index="2" bw="32" slack="0"/>
<pin id="247" dir="1" index="3" bw="4" slack="0"/>
</pin_list>
<bind>
<opcode="getelementptr(29) " fcode="getelementptr"/>
<opset="localB_11_addr/10 "/>
</bind>
</comp>

<comp id="250" class="1004" name="localB_12_addr_gep_fu_250">
<pin_list>
<pin id="251" dir="0" index="0" bw="32" slack="0"/>
<pin id="252" dir="0" index="1" bw="1" slack="0"/>
<pin id="253" dir="0" index="2" bw="32" slack="0"/>
<pin id="254" dir="1" index="3" bw="4" slack="0"/>
</pin_list>
<bind>
<opcode="getelementptr(29) " fcode="getelementptr"/>
<opset="localB_12_addr/10 "/>
</bind>
</comp>

<comp id="257" class="1004" name="localB_13_addr_gep_fu_257">
<pin_list>
<pin id="258" dir="0" index="0" bw="32" slack="0"/>
<pin id="259" dir="0" index="1" bw="1" slack="0"/>
<pin id="260" dir="0" index="2" bw="32" slack="0"/>
<pin id="261" dir="1" index="3" bw="4" slack="0"/>
</pin_list>
<bind>
<opcode="getelementptr(29) " fcode="getelementptr"/>
<opset="localB_13_addr/10 "/>
</bind>
</comp>

<comp id="264" class="1004" name="localB_14_addr_gep_fu_264">
<pin_list>
<pin id="265" dir="0" index="0" bw="32" slack="0"/>
<pin id="266" dir="0" index="1" bw="1" slack="0"/>
<pin id="267" dir="0" index="2" bw="32" slack="0"/>
<pin id="268" dir="1" index="3" bw="4" slack="0"/>
</pin_list>
<bind>
<opcode="getelementptr(29) " fcode="getelementptr"/>
<opset="localB_14_addr/10 "/>
</bind>
</comp>

<comp id="271" class="1004" name="localB_15_addr_gep_fu_271">
<pin_list>
<pin id="272" dir="0" index="0" bw="32" slack="0"/>
<pin id="273" dir="0" index="1" bw="1" slack="0"/>
<pin id="274" dir="0" index="2" bw="32" slack="0"/>
<pin id="275" dir="1" index="3" bw="4" slack="0"/>
</pin_list>
<bind>
<opcode="getelementptr(29) " fcode="getelementptr"/>
<opset="localB_15_addr/10 "/>
</bind>
</comp>

<comp id="278" class="1004" name="store_ln100_access_fu_278">
<pin_list>
<pin id="279" dir="0" index="0" bw="4" slack="0"/>
<pin id="280" dir="0" index="1" bw="32" slack="1"/>
<pin id="281" dir="0" index="2" bw="0" slack="2147483647"/>
<pin id="282" dir="1" index="3" bw="32" slack="2147483647"/>
</pin_list>
<bind>
<opcode="store(28) " fcode="store"/>
<opset="store_ln100/10 "/>
</bind>
</comp>

<comp id="284" class="1004" name="store_ln100_access_fu_284">
<pin_list>
<pin id="285" dir="0" index="0" bw="4" slack="0"/>
<pin id="286" dir="0" index="1" bw="32" slack="1"/>
<pin id="287" dir="0" index="2" bw="0" slack="2147483647"/>
<pin id="288" dir="1" index="3" bw="32" slack="2147483647"/>
</pin_list>
<bind>
<opcode="store(28) " fcode="store"/>
<opset="store_ln100/10 "/>
</bind>
</comp>

<comp id="290" class="1004" name="store_ln100_access_fu_290">
<pin_list>
<pin id="291" dir="0" index="0" bw="4" slack="0"/>
<pin id="292" dir="0" index="1" bw="32" slack="1"/>
<pin id="293" dir="0" index="2" bw="0" slack="2147483647"/>
<pin id="294" dir="1" index="3" bw="32" slack="2147483647"/>
</pin_list>
<bind>
<opcode="store(28) " fcode="store"/>
<opset="store_ln100/10 "/>
</bind>
</comp>

<comp id="296" class="1004" name="store_ln100_access_fu_296">
<pin_list>
<pin id="297" dir="0" index="0" bw="4" slack="0"/>
<pin id="298" dir="0" index="1" bw="32" slack="1"/>
<pin id="299" dir="0" index="2" bw="0" slack="2147483647"/>
<pin id="300" dir="1" index="3" bw="32" slack="2147483647"/>
</pin_list>
<bind>
<opcode="store(28) " fcode="store"/>
<opset="store_ln100/10 "/>
</bind>
</comp>

<comp id="302" class="1004" name="store_ln100_access_fu_302">
<pin_list>
<pin id="303" dir="0" index="0" bw="4" slack="0"/>
<pin id="304" dir="0" index="1" bw="32" slack="1"/>
<pin id="305" dir="0" index="2" bw="0" slack="2147483647"/>
<pin id="306" dir="1" index="3" bw="32" slack="2147483647"/>
</pin_list>
<bind>
<opcode="store(28) " fcode="store"/>
<opset="store_ln100/10 "/>
</bind>
</comp>

<comp id="308" class="1004" name="store_ln100_access_fu_308">
<pin_list>
<pin id="309" dir="0" index="0" bw="4" slack="0"/>
<pin id="310" dir="0" index="1" bw="32" slack="1"/>
<pin id="311" dir="0" index="2" bw="0" slack="2147483647"/>
<pin id="312" dir="1" index="3" bw="32" slack="2147483647"/>
</pin_list>
<bind>
<opcode="store(28) " fcode="store"/>
<opset="store_ln100/10 "/>
</bind>
</comp>

<comp id="314" class="1004" name="store_ln100_access_fu_314">
<pin_list>
<pin id="315" dir="0" index="0" bw="4" slack="0"/>
<pin id="316" dir="0" index="1" bw="32" slack="1"/>
<pin id="317" dir="0" index="2" bw="0" slack="2147483647"/>
<pin id="318" dir="1" index="3" bw="32" slack="2147483647"/>
</pin_list>
<bind>
<opcode="store(28) " fcode="store"/>
<opset="store_ln100/10 "/>
</bind>
</comp>

<comp id="320" class="1004" name="store_ln100_access_fu_320">
<pin_list>
<pin id="321" dir="0" index="0" bw="4" slack="0"/>
<pin id="322" dir="0" index="1" bw="32" slack="1"/>
<pin id="323" dir="0" index="2" bw="0" slack="2147483647"/>
<pin id="324" dir="1" index="3" bw="32" slack="2147483647"/>
</pin_list>
<bind>
<opcode="store(28) " fcode="store"/>
<opset="store_ln100/10 "/>
</bind>
</comp>

<comp id="326" class="1004" name="store_ln100_access_fu_326">
<pin_list>
<pin id="327" dir="0" index="0" bw="4" slack="0"/>
<pin id="328" dir="0" index="1" bw="32" slack="1"/>
<pin id="329" dir="0" index="2" bw="0" slack="2147483647"/>
<pin id="330" dir="1" index="3" bw="32" slack="2147483647"/>
</pin_list>
<bind>
<opcode="store(28) " fcode="store"/>
<opset="store_ln100/10 "/>
</bind>
</comp>

<comp id="332" class="1004" name="store_ln100_access_fu_332">
<pin_list>
<pin id="333" dir="0" index="0" bw="4" slack="0"/>
<pin id="334" dir="0" index="1" bw="32" slack="1"/>
<pin id="335" dir="0" index="2" bw="0" slack="2147483647"/>
<pin id="336" dir="1" index="3" bw="32" slack="2147483647"/>
</pin_list>
<bind>
<opcode="store(28) " fcode="store"/>
<opset="store_ln100/10 "/>
</bind>
</comp>

<comp id="338" class="1004" name="store_ln100_access_fu_338">
<pin_list>
<pin id="339" dir="0" index="0" bw="4" slack="0"/>
<pin id="340" dir="0" index="1" bw="32" slack="1"/>
<pin id="341" dir="0" index="2" bw="0" slack="2147483647"/>
<pin id="342" dir="1" index="3" bw="32" slack="2147483647"/>
</pin_list>
<bind>
<opcode="store(28) " fcode="store"/>
<opset="store_ln100/10 "/>
</bind>
</comp>

<comp id="344" class="1004" name="store_ln100_access_fu_344">
<pin_list>
<pin id="345" dir="0" index="0" bw="4" slack="0"/>
<pin id="346" dir="0" index="1" bw="32" slack="1"/>
<pin id="347" dir="0" index="2" bw="0" slack="2147483647"/>
<pin id="348" dir="1" index="3" bw="32" slack="2147483647"/>
</pin_list>
<bind>
<opcode="store(28) " fcode="store"/>
<opset="store_ln100/10 "/>
</bind>
</comp>

<comp id="350" class="1004" name="store_ln100_access_fu_350">
<pin_list>
<pin id="351" dir="0" index="0" bw="4" slack="0"/>
<pin id="352" dir="0" index="1" bw="32" slack="1"/>
<pin id="353" dir="0" index="2" bw="0" slack="2147483647"/>
<pin id="354" dir="1" index="3" bw="32" slack="2147483647"/>
</pin_list>
<bind>
<opcode="store(28) " fcode="store"/>
<opset="store_ln100/10 "/>
</bind>
</comp>

<comp id="356" class="1004" name="store_ln100_access_fu_356">
<pin_list>
<pin id="357" dir="0" index="0" bw="4" slack="0"/>
<pin id="358" dir="0" index="1" bw="32" slack="1"/>
<pin id="359" dir="0" index="2" bw="0" slack="2147483647"/>
<pin id="360" dir="1" index="3" bw="32" slack="2147483647"/>
</pin_list>
<bind>
<opcode="store(28) " fcode="store"/>
<opset="store_ln100/10 "/>
</bind>
</comp>

<comp id="362" class="1004" name="store_ln100_access_fu_362">
<pin_list>
<pin id="363" dir="0" index="0" bw="4" slack="0"/>
<pin id="364" dir="0" index="1" bw="32" slack="1"/>
<pin id="365" dir="0" index="2" bw="0" slack="2147483647"/>
<pin id="366" dir="1" index="3" bw="32" slack="2147483647"/>
</pin_list>
<bind>
<opcode="store(28) " fcode="store"/>
<opset="store_ln100/10 "/>
</bind>
</comp>

<comp id="368" class="1004" name="store_ln100_access_fu_368">
<pin_list>
<pin id="369" dir="0" index="0" bw="4" slack="0"/>
<pin id="370" dir="0" index="1" bw="32" slack="1"/>
<pin id="371" dir="0" index="2" bw="0" slack="2147483647"/>
<pin id="372" dir="1" index="3" bw="32" slack="2147483647"/>
</pin_list>
<bind>
<opcode="store(28) " fcode="store"/>
<opset="store_ln100/10 "/>
</bind>
</comp>

<comp id="374" class="1004" name="sext_ln100_cast_fu_374">
<pin_list>
<pin id="375" dir="0" index="0" bw="62" slack="0"/>
<pin id="376" dir="1" index="1" bw="64" slack="0"/>
</pin_list>
<bind>
<opcode="sext(35) " fcode="sext"/>
<opset="sext_ln100_cast/1 "/>
</bind>
</comp>

<comp id="378" class="1004" name="gmem1_addr_fu_378">
<pin_list>
<pin id="379" dir="0" index="0" bw="32" slack="0"/>
<pin id="380" dir="0" index="1" bw="62" slack="0"/>
<pin id="381" dir="1" index="2" bw="32" slack="0"/>
</pin_list>
<bind>
<opcode="getelementptr(29) " fcode="getelementptr"/>
<opset="gmem1_addr/1 "/>
</bind>
</comp>

<comp id="385" class="1004" name="store_ln0_store_fu_385">
<pin_list>
<pin id="386" dir="0" index="0" bw="1" slack="0"/>
<pin id="387" dir="0" index="1" bw="32" slack="0"/>
<pin id="388" dir="1" index="2" bw="0" slack="2147483647"/>
</pin_list>
<bind>
<opcode="store(28) " fcode="store"/>
<opset="store_ln0/1 "/>
</bind>
</comp>

<comp id="390" class="1004" name="store_ln0_store_fu_390">
<pin_list>
<pin id="391" dir="0" index="0" bw="1" slack="0"/>
<pin id="392" dir="0" index="1" bw="32" slack="0"/>
<pin id="393" dir="1" index="2" bw="0" slack="2147483647"/>
</pin_list>
<bind>
<opcode="store(28) " fcode="store"/>
<opset="store_ln0/1 "/>
</bind>
</comp>

<comp id="395" class="1004" name="store_ln0_store_fu_395">
<pin_list>
<pin id="396" dir="0" index="0" bw="1" slack="0"/>
<pin id="397" dir="0" index="1" bw="32" slack="0"/>
<pin id="398" dir="1" index="2" bw="0" slack="2147483647"/>
</pin_list>
<bind>
<opcode="store(28) " fcode="store"/>
<opset="store_ln0/1 "/>
</bind>
</comp>

<comp id="400" class="1004" name="loc_load_fu_400">
<pin_list>
<pin id="401" dir="0" index="0" bw="32" slack="7"/>
<pin id="402" dir="1" index="1" bw="32" slack="0"/>
</pin_list>
<bind>
<opcode="load(27) " fcode="load"/>
<opset="loc/8 "/>
</bind>
</comp>

<comp id="403" class="1004" name="icmp_ln93_fu_403">
<pin_list>
<pin id="404" dir="0" index="0" bw="32" slack="0"/>
<pin id="405" dir="0" index="1" bw="32" slack="7"/>
<pin id="406" dir="1" index="2" bw="1" slack="2147483647"/>
</pin_list>
<bind>
<opcode="icmp(45) " fcode="icmp"/>
<opset="icmp_ln93/8 "/>
</bind>
</comp>

<comp id="408" class="1004" name="add_ln93_fu_408">
<pin_list>
<pin id="409" dir="0" index="0" bw="32" slack="0"/>
<pin id="410" dir="0" index="1" bw="1" slack="0"/>
<pin id="411" dir="1" index="2" bw="32" slack="0"/>
</pin_list>
<bind>
<opcode="add(8) " fcode="add"/>
<opset="add_ln93/8 "/>
</bind>
</comp>

<comp id="414" class="1004" name="store_ln93_store_fu_414">
<pin_list>
<pin id="415" dir="0" index="0" bw="32" slack="0"/>
<pin id="416" dir="0" index="1" bw="32" slack="7"/>
<pin id="417" dir="1" index="2" bw="0" slack="2147483647"/>
</pin_list>
<bind>
<opcode="store(28) " fcode="store"/>
<opset="store_ln93/8 "/>
</bind>
</comp>

<comp id="419" class="1004" name="j_2_load_load_fu_419">
<pin_list>
<pin id="420" dir="0" index="0" bw="32" slack="9"/>
<pin id="421" dir="1" index="1" bw="32" slack="0"/>
</pin_list>
<bind>
<opcode="load(27) " fcode="load"/>
<opset="j_2_load/10 "/>
</bind>
</comp>

<comp id="422" class="1004" name="i_load_load_fu_422">
<pin_list>
<pin id="423" dir="0" index="0" bw="32" slack="9"/>
<pin id="424" dir="1" index="1" bw="32" slack="0"/>
</pin_list>
<bind>
<opcode="load(27) " fcode="load"/>
<opset="i_load/10 "/>
</bind>
</comp>

<comp id="425" class="1004" name="icmp_ln96_fu_425">
<pin_list>
<pin id="426" dir="0" index="0" bw="32" slack="0"/>
<pin id="427" dir="0" index="1" bw="32" slack="3"/>
<pin id="428" dir="1" index="2" bw="1" slack="0"/>
</pin_list>
<bind>
<opcode="icmp(45) " fcode="icmp"/>
<opset="icmp_ln96/10 "/>
</bind>
</comp>

<comp id="430" class="1004" name="add_ln97_fu_430">
<pin_list>
<pin id="431" dir="0" index="0" bw="32" slack="0"/>
<pin id="432" dir="0" index="1" bw="1" slack="0"/>
<pin id="433" dir="1" index="2" bw="32" slack="0"/>
</pin_list>
<bind>
<opcode="add(8) " fcode="add"/>
<opset="add_ln97/10 "/>
</bind>
</comp>

<comp id="436" class="1004" name="j_fu_436">
<pin_list>
<pin id="437" dir="0" index="0" bw="1" slack="0"/>
<pin id="438" dir="0" index="1" bw="1" slack="0"/>
<pin id="439" dir="0" index="2" bw="32" slack="0"/>
<pin id="440" dir="1" index="3" bw="32" slack="0"/>
</pin_list>
<bind>
<opcode="select(49) " fcode="select"/>
<opset="j/10 "/>
</bind>
</comp>

<comp id="444" class="1004" name="i_2_fu_444">
<pin_list>
<pin id="445" dir="0" index="0" bw="1" slack="0"/>
<pin id="446" dir="0" index="1" bw="32" slack="0"/>
<pin id="447" dir="0" index="2" bw="32" slack="0"/>
<pin id="448" dir="1" index="3" bw="32" slack="0"/>
</pin_list>
<bind>
<opcode="select(49) " fcode="select"/>
<opset="i_2/10 "/>
</bind>
</comp>

<comp id="452" class="1004" name="zext_ln100_fu_452">
<pin_list>
<pin id="453" dir="0" index="0" bw="32" slack="0"/>
<pin id="454" dir="1" index="1" bw="64" slack="0"/>
</pin_list>
<bind>
<opcode="zext(34) " fcode="zext"/>
<opset="zext_ln100/10 "/>
</bind>
</comp>

<comp id="472" class="1004" name="trunc_ln100_fu_472">
<pin_list>
<pin id="473" dir="0" index="0" bw="32" slack="0"/>
<pin id="474" dir="1" index="1" bw="4" slack="2147483647"/>
</pin_list>
<bind>
<opcode="trunc(33) " fcode="trunc"/>
<opset="trunc_ln100/10 "/>
</bind>
</comp>

<comp id="476" class="1004" name="j_3_fu_476">
<pin_list>
<pin id="477" dir="0" index="0" bw="32" slack="0"/>
<pin id="478" dir="0" index="1" bw="1" slack="0"/>
<pin id="479" dir="1" index="2" bw="32" slack="0"/>
</pin_list>
<bind>
<opcode="add(8) " fcode="add"/>
<opset="j_3/10 "/>
</bind>
</comp>

<comp id="482" class="1004" name="store_ln93_store_fu_482">
<pin_list>
<pin id="483" dir="0" index="0" bw="32" slack="0"/>
<pin id="484" dir="0" index="1" bw="32" slack="9"/>
<pin id="485" dir="1" index="2" bw="0" slack="2147483647"/>
</pin_list>
<bind>
<opcode="store(28) " fcode="store"/>
<opset="store_ln93/10 "/>
</bind>
</comp>

<comp id="487" class="1004" name="store_ln93_store_fu_487">
<pin_list>
<pin id="488" dir="0" index="0" bw="32" slack="0"/>
<pin id="489" dir="0" index="1" bw="32" slack="9"/>
<pin id="490" dir="1" index="2" bw="0" slack="2147483647"/>
</pin_list>
<bind>
<opcode="store(28) " fcode="store"/>
<opset="store_ln93/10 "/>
</bind>
</comp>

<comp id="492" class="1005" name="j_2_reg_492">
<pin_list>
<pin id="493" dir="0" index="0" bw="32" slack="0"/>
<pin id="494" dir="1" index="1" bw="32" slack="0"/>
</pin_list>
<bind>
<opset="j_2 "/>
</bind>
</comp>

<comp id="499" class="1005" name="i_reg_499">
<pin_list>
<pin id="500" dir="0" index="0" bw="32" slack="0"/>
<pin id="501" dir="1" index="1" bw="32" slack="0"/>
</pin_list>
<bind>
<opset="i "/>
</bind>
</comp>

<comp id="506" class="1005" name="loc_1_reg_506">
<pin_list>
<pin id="507" dir="0" index="0" bw="32" slack="0"/>
<pin id="508" dir="1" index="1" bw="32" slack="0"/>
</pin_list>
<bind>
<opset="loc_1 "/>
</bind>
</comp>

<comp id="513" class="1005" name="mul60_read_reg_513">
<pin_list>
<pin id="514" dir="0" index="0" bw="32" slack="1"/>
<pin id="515" dir="1" index="1" bw="32" slack="1"/>
</pin_list>
<bind>
<opset="mul60_read "/>
</bind>
</comp>

<comp id="519" class="1005" name="gmem1_addr_reg_519">
<pin_list>
<pin id="520" dir="0" index="0" bw="32" slack="1"/>
<pin id="521" dir="1" index="1" bw="32" slack="1"/>
</pin_list>
<bind>
<opset="gmem1_addr "/>
</bind>
</comp>

<comp id="525" class="1005" name="b_col_read_reg_525">
<pin_list>
<pin id="526" dir="0" index="0" bw="32" slack="3"/>
<pin id="527" dir="1" index="1" bw="32" slack="3"/>
</pin_list>
<bind>
<opset="b_col_read "/>
</bind>
</comp>

<comp id="533" class="1005" name="gmem1_addr_read_reg_533">
<pin_list>
<pin id="534" dir="0" index="0" bw="32" slack="1"/>
<pin id="535" dir="1" index="1" bw="32" slack="1"/>
</pin_list>
<bind>
<opset="gmem1_addr_read "/>
</bind>
</comp>

</comp_list>

<net_list>
<net id="121"><net_src comp="42" pin="0"/><net_sink comp="118" pin=0"/></net>

<net id="125"><net_src comp="42" pin="0"/><net_sink comp="122" pin=0"/></net>

<net id="129"><net_src comp="42" pin="0"/><net_sink comp="126" pin=0"/></net>

<net id="134"><net_src comp="44" pin="0"/><net_sink comp="130" pin=0"/></net>

<net id="135"><net_src comp="4" pin="0"/><net_sink comp="130" pin=1"/></net>

<net id="140"><net_src comp="46" pin="0"/><net_sink comp="136" pin=0"/></net>

<net id="141"><net_src comp="2" pin="0"/><net_sink comp="136" pin=1"/></net>

<net id="147"><net_src comp="48" pin="0"/><net_sink comp="142" pin=0"/></net>

<net id="148"><net_src comp="130" pin="2"/><net_sink comp="142" pin=2"/></net>

<net id="153"><net_src comp="52" pin="0"/><net_sink comp="149" pin=0"/></net>

<net id="154"><net_src comp="8" pin="0"/><net_sink comp="149" pin=1"/></net>

<net id="159"><net_src comp="44" pin="0"/><net_sink comp="155" pin=0"/></net>

<net id="160"><net_src comp="6" pin="0"/><net_sink comp="155" pin=1"/></net>

<net id="165"><net_src comp="76" pin="0"/><net_sink comp="161" pin=0"/></net>

<net id="171"><net_src comp="10" pin="0"/><net_sink comp="166" pin=0"/></net>

<net id="172"><net_src comp="86" pin="0"/><net_sink comp="166" pin=1"/></net>

<net id="178"><net_src comp="12" pin="0"/><net_sink comp="173" pin=0"/></net>

<net id="179"><net_src comp="86" pin="0"/><net_sink comp="173" pin=1"/></net>

<net id="185"><net_src comp="14" pin="0"/><net_sink comp="180" pin=0"/></net>

<net id="186"><net_src comp="86" pin="0"/><net_sink comp="180" pin=1"/></net>

<net id="192"><net_src comp="16" pin="0"/><net_sink comp="187" pin=0"/></net>

<net id="193"><net_src comp="86" pin="0"/><net_sink comp="187" pin=1"/></net>

<net id="199"><net_src comp="18" pin="0"/><net_sink comp="194" pin=0"/></net>

<net id="200"><net_src comp="86" pin="0"/><net_sink comp="194" pin=1"/></net>

<net id="206"><net_src comp="20" pin="0"/><net_sink comp="201" pin=0"/></net>

<net id="207"><net_src comp="86" pin="0"/><net_sink comp="201" pin=1"/></net>

<net id="213"><net_src comp="22" pin="0"/><net_sink comp="208" pin=0"/></net>

<net id="214"><net_src comp="86" pin="0"/><net_sink comp="208" pin=1"/></net>

<net id="220"><net_src comp="24" pin="0"/><net_sink comp="215" pin=0"/></net>

<net id="221"><net_src comp="86" pin="0"/><net_sink comp="215" pin=1"/></net>

<net id="227"><net_src comp="26" pin="0"/><net_sink comp="222" pin=0"/></net>

<net id="228"><net_src comp="86" pin="0"/><net_sink comp="222" pin=1"/></net>

<net id="234"><net_src comp="28" pin="0"/><net_sink comp="229" pin=0"/></net>

<net id="235"><net_src comp="86" pin="0"/><net_sink comp="229" pin=1"/></net>

<net id="241"><net_src comp="30" pin="0"/><net_sink comp="236" pin=0"/></net>

<net id="242"><net_src comp="86" pin="0"/><net_sink comp="236" pin=1"/></net>

<net id="248"><net_src comp="32" pin="0"/><net_sink comp="243" pin=0"/></net>

<net id="249"><net_src comp="86" pin="0"/><net_sink comp="243" pin=1"/></net>

<net id="255"><net_src comp="34" pin="0"/><net_sink comp="250" pin=0"/></net>

<net id="256"><net_src comp="86" pin="0"/><net_sink comp="250" pin=1"/></net>

<net id="262"><net_src comp="36" pin="0"/><net_sink comp="257" pin=0"/></net>

<net id="263"><net_src comp="86" pin="0"/><net_sink comp="257" pin=1"/></net>

<net id="269"><net_src comp="38" pin="0"/><net_sink comp="264" pin=0"/></net>

<net id="270"><net_src comp="86" pin="0"/><net_sink comp="264" pin=1"/></net>

<net id="276"><net_src comp="40" pin="0"/><net_sink comp="271" pin=0"/></net>

<net id="277"><net_src comp="86" pin="0"/><net_sink comp="271" pin=1"/></net>

<net id="283"><net_src comp="264" pin="3"/><net_sink comp="278" pin=0"/></net>

<net id="289"><net_src comp="257" pin="3"/><net_sink comp="284" pin=0"/></net>

<net id="295"><net_src comp="250" pin="3"/><net_sink comp="290" pin=0"/></net>

<net id="301"><net_src comp="243" pin="3"/><net_sink comp="296" pin=0"/></net>

<net id="307"><net_src comp="236" pin="3"/><net_sink comp="302" pin=0"/></net>

<net id="313"><net_src comp="229" pin="3"/><net_sink comp="308" pin=0"/></net>

<net id="319"><net_src comp="222" pin="3"/><net_sink comp="314" pin=0"/></net>

<net id="325"><net_src comp="215" pin="3"/><net_sink comp="320" pin=0"/></net>

<net id="331"><net_src comp="208" pin="3"/><net_sink comp="326" pin=0"/></net>

<net id="337"><net_src comp="201" pin="3"/><net_sink comp="332" pin=0"/></net>

<net id="343"><net_src comp="194" pin="3"/><net_sink comp="338" pin=0"/></net>

<net id="349"><net_src comp="187" pin="3"/><net_sink comp="344" pin=0"/></net>

<net id="355"><net_src comp="180" pin="3"/><net_sink comp="350" pin=0"/></net>

<net id="361"><net_src comp="173" pin="3"/><net_sink comp="356" pin=0"/></net>

<net id="367"><net_src comp="166" pin="3"/><net_sink comp="362" pin=0"/></net>

<net id="373"><net_src comp="271" pin="3"/><net_sink comp="368" pin=0"/></net>

<net id="377"><net_src comp="136" pin="2"/><net_sink comp="374" pin=0"/></net>

<net id="382"><net_src comp="0" pin="0"/><net_sink comp="378" pin=0"/></net>

<net id="383"><net_src comp="374" pin="1"/><net_sink comp="378" pin=1"/></net>

<net id="384"><net_src comp="378" pin="2"/><net_sink comp="142" pin=1"/></net>

<net id="389"><net_src comp="50" pin="0"/><net_sink comp="385" pin=0"/></net>

<net id="394"><net_src comp="50" pin="0"/><net_sink comp="390" pin=0"/></net>

<net id="399"><net_src comp="50" pin="0"/><net_sink comp="395" pin=0"/></net>

<net id="407"><net_src comp="400" pin="1"/><net_sink comp="403" pin=0"/></net>

<net id="412"><net_src comp="400" pin="1"/><net_sink comp="408" pin=0"/></net>

<net id="413"><net_src comp="42" pin="0"/><net_sink comp="408" pin=1"/></net>

<net id="418"><net_src comp="408" pin="2"/><net_sink comp="414" pin=0"/></net>

<net id="429"><net_src comp="419" pin="1"/><net_sink comp="425" pin=0"/></net>

<net id="434"><net_src comp="422" pin="1"/><net_sink comp="430" pin=0"/></net>

<net id="435"><net_src comp="42" pin="0"/><net_sink comp="430" pin=1"/></net>

<net id="441"><net_src comp="425" pin="2"/><net_sink comp="436" pin=0"/></net>

<net id="442"><net_src comp="50" pin="0"/><net_sink comp="436" pin=1"/></net>

<net id="443"><net_src comp="419" pin="1"/><net_sink comp="436" pin=2"/></net>

<net id="449"><net_src comp="425" pin="2"/><net_sink comp="444" pin=0"/></net>

<net id="450"><net_src comp="430" pin="2"/><net_sink comp="444" pin=1"/></net>

<net id="451"><net_src comp="422" pin="1"/><net_sink comp="444" pin=2"/></net>

<net id="455"><net_src comp="436" pin="3"/><net_sink comp="452" pin=0"/></net>

<net id="456"><net_src comp="452" pin="1"/><net_sink comp="166" pin=2"/></net>

<net id="457"><net_src comp="452" pin="1"/><net_sink comp="173" pin=2"/></net>

<net id="458"><net_src comp="452" pin="1"/><net_sink comp="180" pin=2"/></net>

<net id="459"><net_src comp="452" pin="1"/><net_sink comp="187" pin=2"/></net>

<net id="460"><net_src comp="452" pin="1"/><net_sink comp="194" pin=2"/></net>

<net id="461"><net_src comp="452" pin="1"/><net_sink comp="201" pin=2"/></net>

<net id="462"><net_src comp="452" pin="1"/><net_sink comp="208" pin=2"/></net>

<net id="463"><net_src comp="452" pin="1"/><net_sink comp="215" pin=2"/></net>

<net id="464"><net_src comp="452" pin="1"/><net_sink comp="222" pin=2"/></net>

<net id="465"><net_src comp="452" pin="1"/><net_sink comp="229" pin=2"/></net>

<net id="466"><net_src comp="452" pin="1"/><net_sink comp="236" pin=2"/></net>

<net id="467"><net_src comp="452" pin="1"/><net_sink comp="243" pin=2"/></net>

<net id="468"><net_src comp="452" pin="1"/><net_sink comp="250" pin=2"/></net>

<net id="469"><net_src comp="452" pin="1"/><net_sink comp="257" pin=2"/></net>

<net id="470"><net_src comp="452" pin="1"/><net_sink comp="264" pin=2"/></net>

<net id="471"><net_src comp="452" pin="1"/><net_sink comp="271" pin=2"/></net>

<net id="475"><net_src comp="444" pin="3"/><net_sink comp="472" pin=0"/></net>

<net id="480"><net_src comp="436" pin="3"/><net_sink comp="476" pin=0"/></net>

<net id="481"><net_src comp="42" pin="0"/><net_sink comp="476" pin=1"/></net>

<net id="486"><net_src comp="444" pin="3"/><net_sink comp="482" pin=0"/></net>

<net id="491"><net_src comp="476" pin="2"/><net_sink comp="487" pin=0"/></net>

<net id="495"><net_src comp="118" pin="1"/><net_sink comp="492" pin=0"/></net>

<net id="496"><net_src comp="492" pin="1"/><net_sink comp="395" pin=1"/></net>

<net id="497"><net_src comp="492" pin="1"/><net_sink comp="419" pin=0"/></net>

<net id="498"><net_src comp="492" pin="1"/><net_sink comp="487" pin=1"/></net>

<net id="502"><net_src comp="122" pin="1"/><net_sink comp="499" pin=0"/></net>

<net id="503"><net_src comp="499" pin="1"/><net_sink comp="390" pin=1"/></net>

<net id="504"><net_src comp="499" pin="1"/><net_sink comp="422" pin=0"/></net>

<net id="505"><net_src comp="499" pin="1"/><net_sink comp="482" pin=1"/></net>

<net id="509"><net_src comp="126" pin="1"/><net_sink comp="506" pin=0"/></net>

<net id="510"><net_src comp="506" pin="1"/><net_sink comp="385" pin=1"/></net>

<net id="511"><net_src comp="506" pin="1"/><net_sink comp="400" pin=0"/></net>

<net id="512"><net_src comp="506" pin="1"/><net_sink comp="414" pin=1"/></net>

<net id="516"><net_src comp="130" pin="2"/><net_sink comp="513" pin=0"/></net>

<net id="517"><net_src comp="513" pin="1"/><net_sink comp="142" pin=2"/></net>

<net id="518"><net_src comp="513" pin="1"/><net_sink comp="403" pin=1"/></net>

<net id="522"><net_src comp="378" pin="2"/><net_sink comp="519" pin=0"/></net>

<net id="523"><net_src comp="519" pin="1"/><net_sink comp="142" pin=1"/></net>

<net id="524"><net_src comp="519" pin="1"/><net_sink comp="161" pin=1"/></net>

<net id="528"><net_src comp="155" pin="2"/><net_sink comp="525" pin=0"/></net>

<net id="529"><net_src comp="525" pin="1"/><net_sink comp="425" pin=1"/></net>

<net id="536"><net_src comp="161" pin="2"/><net_sink comp="533" pin=0"/></net>

<net id="537"><net_src comp="533" pin="1"/><net_sink comp="278" pin=1"/></net>

<net id="538"><net_src comp="533" pin="1"/><net_sink comp="284" pin=1"/></net>

<net id="539"><net_src comp="533" pin="1"/><net_sink comp="290" pin=1"/></net>

<net id="540"><net_src comp="533" pin="1"/><net_sink comp="296" pin=1"/></net>

<net id="541"><net_src comp="533" pin="1"/><net_sink comp="302" pin=1"/></net>

<net id="542"><net_src comp="533" pin="1"/><net_sink comp="308" pin=1"/></net>

<net id="543"><net_src comp="533" pin="1"/><net_sink comp="314" pin=1"/></net>

<net id="544"><net_src comp="533" pin="1"/><net_sink comp="320" pin=1"/></net>

<net id="545"><net_src comp="533" pin="1"/><net_sink comp="326" pin=1"/></net>

<net id="546"><net_src comp="533" pin="1"/><net_sink comp="332" pin=1"/></net>

<net id="547"><net_src comp="533" pin="1"/><net_sink comp="338" pin=1"/></net>

<net id="548"><net_src comp="533" pin="1"/><net_sink comp="344" pin=1"/></net>

<net id="549"><net_src comp="533" pin="1"/><net_sink comp="350" pin=1"/></net>

<net id="550"><net_src comp="533" pin="1"/><net_sink comp="356" pin=1"/></net>

<net id="551"><net_src comp="533" pin="1"/><net_sink comp="362" pin=1"/></net>

<net id="552"><net_src comp="533" pin="1"/><net_sink comp="368" pin=1"/></net>

</net_list>

</model> 
---------------- Datapath Model END ------------------

* FSMD analyzer results:
  - Output states:
	Port: localB | {10 }
	Port: localB_1 | {10 }
	Port: localB_2 | {10 }
	Port: localB_3 | {10 }
	Port: localB_4 | {10 }
	Port: localB_5 | {10 }
	Port: localB_6 | {10 }
	Port: localB_7 | {10 }
	Port: localB_8 | {10 }
	Port: localB_9 | {10 }
	Port: localB_10 | {10 }
	Port: localB_11 | {10 }
	Port: localB_12 | {10 }
	Port: localB_13 | {10 }
	Port: localB_14 | {10 }
	Port: localB_15 | {10 }
 - Input state : 
	Port: mmult_Pipeline_readB : gmem1 | {1 2 3 4 5 6 7 9 }
	Port: mmult_Pipeline_readB : sext_ln100 | {1 }
	Port: mmult_Pipeline_readB : mul60 | {1 }
	Port: mmult_Pipeline_readB : b_col | {7 }
	Port: mmult_Pipeline_readB : b | {7 }
  - Chain level:
	State 1
		gmem1_addr : 1
		p_rd_req : 2
		store_ln0 : 1
		store_ln0 : 1
		store_ln0 : 1
	State 2
	State 3
	State 4
	State 5
	State 6
	State 7
	State 8
		icmp_ln93 : 1
		add_ln93 : 1
		br_ln93 : 2
		store_ln93 : 2
	State 9
	State 10
		icmp_ln96 : 1
		add_ln97 : 1
		j : 2
		i_2 : 2
		zext_ln100 : 3
		localB_addr : 4
		localB_1_addr : 4
		localB_2_addr : 4
		localB_3_addr : 4
		localB_4_addr : 4
		localB_5_addr : 4
		localB_6_addr : 4
		localB_7_addr : 4
		localB_8_addr : 4
		localB_9_addr : 4
		localB_10_addr : 4
		localB_11_addr : 4
		localB_12_addr : 4
		localB_13_addr : 4
		localB_14_addr : 4
		localB_15_addr : 4
		trunc_ln100 : 3
		switch_ln100 : 4
		store_ln100 : 5
		store_ln100 : 5
		store_ln100 : 5
		store_ln100 : 5
		store_ln100 : 5
		store_ln100 : 5
		store_ln100 : 5
		store_ln100 : 5
		store_ln100 : 5
		store_ln100 : 5
		store_ln100 : 5
		store_ln100 : 5
		store_ln100 : 5
		store_ln100 : 5
		store_ln100 : 5
		store_ln100 : 5
		j_3 : 3
		store_ln93 : 3
		store_ln93 : 4
	State 11


============================================================
+ Verbose Summary: Datapath Resource usage 
============================================================

* Functional unit list:
|----------|-----------------------------|---------|---------|
| Operation|       Functional Unit       |    FF   |   LUT   |
|----------|-----------------------------|---------|---------|
|          |       add_ln93_fu_408       |    0    |    39   |
|    add   |       add_ln97_fu_430       |    0    |    39   |
|          |          j_3_fu_476         |    0    |    39   |
|----------|-----------------------------|---------|---------|
|  select  |           j_fu_436          |    0    |    32   |
|          |          i_2_fu_444         |    0    |    32   |
|----------|-----------------------------|---------|---------|
|   icmp   |       icmp_ln93_fu_403      |    0    |    20   |
|          |       icmp_ln96_fu_425      |    0    |    20   |
|----------|-----------------------------|---------|---------|
|          |    mul60_read_read_fu_130   |    0    |    0    |
|          | sext_ln100_read_read_fu_136 |    0    |    0    |
|   read   |        b5_read_fu_149       |    0    |    0    |
|          |    b_col_read_read_fu_155   |    0    |    0    |
|          | gmem1_addr_read_read_fu_161 |    0    |    0    |
|----------|-----------------------------|---------|---------|
|  readreq |      grp_readreq_fu_142     |    0    |    0    |
|----------|-----------------------------|---------|---------|
|   sext   |    sext_ln100_cast_fu_374   |    0    |    0    |
|----------|-----------------------------|---------|---------|
|   zext   |      zext_ln100_fu_452      |    0    |    0    |
|----------|-----------------------------|---------|---------|
|   trunc  |      trunc_ln100_fu_472     |    0    |    0    |
|----------|-----------------------------|---------|---------|
|   Total  |                             |    0    |   221   |
|----------|-----------------------------|---------|---------|

Memories:
N/A

* Register list:
+-----------------------+--------+
|                       |   FF   |
+-----------------------+--------+
|   b_col_read_reg_525  |   32   |
|gmem1_addr_read_reg_533|   32   |
|   gmem1_addr_reg_519  |   32   |
|       i_reg_499       |   32   |
|      j_2_reg_492      |   32   |
|     loc_1_reg_506     |   32   |
|   mul60_read_reg_513  |   32   |
+-----------------------+--------+
|         Total         |   224  |
+-----------------------+--------+

* Multiplexer (MUX) list: 
|--------------------|------|------|------|--------||---------||---------|
|        Comp        |  Pin | Size |  BW  | S x BW ||  Delay  ||   LUT   |
|--------------------|------|------|------|--------||---------||---------|
| grp_readreq_fu_142 |  p1  |   2  |  32  |   64   ||    9    |
| grp_readreq_fu_142 |  p2  |   2  |  32  |   64   ||    9    |
|--------------------|------|------|------|--------||---------||---------|
|        Total       |      |      |      |   128  ||  0.774  ||    18   |
|--------------------|------|------|------|--------||---------||---------|



* Summary:
+-----------+--------+--------+--------+
|           |  Delay |   FF   |   LUT  |
+-----------+--------+--------+--------+
|  Function |    -   |    0   |   221  |
|   Memory  |    -   |    -   |    -   |
|Multiplexer|    0   |    -   |   18   |
|  Register |    -   |   224  |    -   |
+-----------+--------+--------+--------+
|   Total   |    0   |   224  |   239  |
+-----------+--------+--------+--------+
