

================================================================
== Vitis HLS Report for 'mmult_Pipeline_readA'
================================================================
* Date:           Wed Dec  4 13:26:14 2024

* Version:        2022.1 (Build 3526262 on Mon Apr 18 15:47:01 MDT 2022)
* Project:        SA_propagating
* Solution:       solution1 (Vivado IP Flow Target)
* Product family: virtexuplus
* Target device:  xcu50-fsvh2104-2-e


================================================================
== Performance Estimates
================================================================
+ Timing: 
    * Summary: 
    +--------+----------+----------+------------+
    |  Clock |  Target  | Estimated| Uncertainty|
    +--------+----------+----------+------------+
    |ap_clk  |  10.00 ns|  7.300 ns|     2.70 ns|
    +--------+----------+----------+------------+

+ Latency: 
    * Summary: 
    +---------+---------+----------+----------+-----+-----+---------+
    |  Latency (cycles) |  Latency (absolute) |  Interval | Pipeline|
    |   min   |   max   |    min   |    max   | min | max |   Type  |
    +---------+---------+----------+----------+-----+-----+---------+
    |      265|      265|  2.650 us|  2.650 us|  265|  265|       no|
    +---------+---------+----------+----------+-----+-----+---------+

    + Detail: 
        * Instance: 
        N/A

        * Loop: 
        +----------+---------+---------+----------+-----------+-----------+------+----------+
        |          |  Latency (cycles) | Iteration|  Initiation Interval  | Trip |          |
        | Loop Name|   min   |   max   |  Latency |  achieved |   target  | Count| Pipelined|
        +----------+---------+---------+----------+-----------+-----------+------+----------+
        |- readA   |      257|      257|         3|          1|          1|   256|       yes|
        +----------+---------+---------+----------+-----------+-----------+------+----------+

============================================================
+ Verbose Summary: Synthesis Manager
============================================================
InlineROM: 1
ExposeGlobal: 0
============================================================
+ Verbose Summary: CDFG Model
============================================================
IsTopModel: 0
ResetActiveHigh: 1
IsCombinational: 0
IsDatapathOnly: 0
HasWiredReturn: 1
HasMFsm: 2
HasVarLatency: 1
IsPipeline: 0
IsRtlPipelined: 0
IsInstanceOverlapped: 0
IsDontTouch: 0
HasImplIP: 0
IsGatedGlobalClock: 0

+ Individual pipeline summary: 
  * Pipeline-0: initiation interval (II) = 1, depth = 3


============================================================
+ Verbose Summary: Schedule
============================================================
* Number of FSM states : 11
* Pipeline : 1
  Pipeline-0 : II = 1, D = 3, States = { 8 9 10 }
* Dataflow Pipeline: 0

* FSM state transitions: 
1 --> 2 
2 --> 3 
3 --> 4 
4 --> 5 
5 --> 6 
6 --> 7 
7 --> 8 
8 --> 11 9 
9 --> 10 
10 --> 8 
11 --> 

* FSM state operations: 

State 1 <SV = 0> <Delay = 7.30>
ST_1 : Operation 12 [1/1] (0.00ns)   --->   "%j = alloca i32 1"   --->   Operation 12 'alloca' 'j' <Predicate = true> <Delay = 0.00>
ST_1 : Operation 13 [1/1] (0.00ns)   --->   "%i_1 = alloca i32 1"   --->   Operation 13 'alloca' 'i_1' <Predicate = true> <Delay = 0.00>
ST_1 : Operation 14 [1/1] (0.00ns)   --->   "%loc = alloca i32 1"   --->   Operation 14 'alloca' 'loc' <Predicate = true> <Delay = 0.00>
ST_1 : Operation 15 [1/1] (0.00ns)   --->   "%mul_read = read i32 @_ssdm_op_Read.ap_auto.i32, i32 %mul"   --->   Operation 15 'read' 'mul_read' <Predicate = true> <Delay = 0.00>
ST_1 : Operation 16 [1/1] (0.00ns)   --->   "%sext_ln81_read = read i62 @_ssdm_op_Read.ap_auto.i62, i62 %sext_ln81"   --->   Operation 16 'read' 'sext_ln81_read' <Predicate = true> <Delay = 0.00>
ST_1 : Operation 17 [1/1] (0.00ns)   --->   "%sext_ln81_cast = sext i62 %sext_ln81_read"   --->   Operation 17 'sext' 'sext_ln81_cast' <Predicate = true> <Delay = 0.00>
ST_1 : Operation 18 [1/1] (0.00ns)   --->   "%gmem0_addr = getelementptr i32 %gmem0, i64 %sext_ln81_cast" [SA_propagating/src/mmult_explicit.cpp:81]   --->   Operation 18 'getelementptr' 'gmem0_addr' <Predicate = true> <Delay = 0.00>
ST_1 : Operation 19 [7/7] (7.30ns)   --->   "%p_rd_req = readreq i1 @_ssdm_op_ReadReq.m_axi.i32P1A, i32 %gmem0_addr, i32 %mul_read" [SA_propagating/src/mmult_explicit.cpp:81]   --->   Operation 19 'readreq' 'p_rd_req' <Predicate = true> <Delay = 7.30> <CoreInst = "m_axi">   --->   Core 121 'm_axi' <Latency = 0> <II = 1> <Delay = 1.00> <Adapter> <Opcode : 'read' 'write' 'readreq' 'writereq' 'writeresp'>
ST_1 : Operation 20 [1/1] (0.38ns)   --->   "%store_ln0 = store i32 0, i32 %loc"   --->   Operation 20 'store' 'store_ln0' <Predicate = true> <Delay = 0.38>
ST_1 : Operation 21 [1/1] (0.38ns)   --->   "%store_ln0 = store i32 0, i32 %i_1"   --->   Operation 21 'store' 'store_ln0' <Predicate = true> <Delay = 0.38>
ST_1 : Operation 22 [1/1] (0.38ns)   --->   "%store_ln0 = store i32 0, i32 %j"   --->   Operation 22 'store' 'store_ln0' <Predicate = true> <Delay = 0.38>

State 2 <SV = 1> <Delay = 7.30>
ST_2 : Operation 23 [6/7] (7.30ns)   --->   "%p_rd_req = readreq i1 @_ssdm_op_ReadReq.m_axi.i32P1A, i32 %gmem0_addr, i32 %mul_read" [SA_propagating/src/mmult_explicit.cpp:81]   --->   Operation 23 'readreq' 'p_rd_req' <Predicate = true> <Delay = 7.30> <CoreInst = "m_axi">   --->   Core 121 'm_axi' <Latency = 0> <II = 1> <Delay = 1.00> <Adapter> <Opcode : 'read' 'write' 'readreq' 'writereq' 'writeresp'>

State 3 <SV = 2> <Delay = 7.30>
ST_3 : Operation 24 [5/7] (7.30ns)   --->   "%p_rd_req = readreq i1 @_ssdm_op_ReadReq.m_axi.i32P1A, i32 %gmem0_addr, i32 %mul_read" [SA_propagating/src/mmult_explicit.cpp:81]   --->   Operation 24 'readreq' 'p_rd_req' <Predicate = true> <Delay = 7.30> <CoreInst = "m_axi">   --->   Core 121 'm_axi' <Latency = 0> <II = 1> <Delay = 1.00> <Adapter> <Opcode : 'read' 'write' 'readreq' 'writereq' 'writeresp'>

State 4 <SV = 3> <Delay = 7.30>
ST_4 : Operation 25 [4/7] (7.30ns)   --->   "%p_rd_req = readreq i1 @_ssdm_op_ReadReq.m_axi.i32P1A, i32 %gmem0_addr, i32 %mul_read" [SA_propagating/src/mmult_explicit.cpp:81]   --->   Operation 25 'readreq' 'p_rd_req' <Predicate = true> <Delay = 7.30> <CoreInst = "m_axi">   --->   Core 121 'm_axi' <Latency = 0> <II = 1> <Delay = 1.00> <Adapter> <Opcode : 'read' 'write' 'readreq' 'writereq' 'writeresp'>

State 5 <SV = 4> <Delay = 7.30>
ST_5 : Operation 26 [3/7] (7.30ns)   --->   "%p_rd_req = readreq i1 @_ssdm_op_ReadReq.m_axi.i32P1A, i32 %gmem0_addr, i32 %mul_read" [SA_propagating/src/mmult_explicit.cpp:81]   --->   Operation 26 'readreq' 'p_rd_req' <Predicate = true> <Delay = 7.30> <CoreInst = "m_axi">   --->   Core 121 'm_axi' <Latency = 0> <II = 1> <Delay = 1.00> <Adapter> <Opcode : 'read' 'write' 'readreq' 'writereq' 'writeresp'>

State 6 <SV = 5> <Delay = 7.30>
ST_6 : Operation 27 [2/7] (7.30ns)   --->   "%p_rd_req = readreq i1 @_ssdm_op_ReadReq.m_axi.i32P1A, i32 %gmem0_addr, i32 %mul_read" [SA_propagating/src/mmult_explicit.cpp:81]   --->   Operation 27 'readreq' 'p_rd_req' <Predicate = true> <Delay = 7.30> <CoreInst = "m_axi">   --->   Core 121 'm_axi' <Latency = 0> <II = 1> <Delay = 1.00> <Adapter> <Opcode : 'read' 'write' 'readreq' 'writereq' 'writeresp'>

State 7 <SV = 6> <Delay = 7.30>
ST_7 : Operation 28 [1/1] (0.00ns)   --->   "%a5 = read i64 @_ssdm_op_Read.ap_auto.i64, i64 %a"   --->   Operation 28 'read' 'a5' <Predicate = true> <Delay = 0.00>
ST_7 : Operation 29 [1/1] (0.00ns)   --->   "%a_col_read = read i32 @_ssdm_op_Read.ap_auto.i32, i32 %a_col"   --->   Operation 29 'read' 'a_col_read' <Predicate = true> <Delay = 0.00>
ST_7 : Operation 30 [1/1] (0.00ns)   --->   "%specinterface_ln0 = specinterface void @_ssdm_op_SpecInterface, i32 %gmem0, void @empty_4, i32 0, i32 0, void @empty_5, i32 0, i32 256, void @empty_6, void @empty_7, void @empty_5, i32 16, i32 16, i32 16, i32 16, void @empty_5, void @empty_5, i32 4294967295, i32 0"   --->   Operation 30 'specinterface' 'specinterface_ln0' <Predicate = true> <Delay = 0.00>
ST_7 : Operation 31 [1/7] (7.30ns)   --->   "%p_rd_req = readreq i1 @_ssdm_op_ReadReq.m_axi.i32P1A, i32 %gmem0_addr, i32 %mul_read" [SA_propagating/src/mmult_explicit.cpp:81]   --->   Operation 31 'readreq' 'p_rd_req' <Predicate = true> <Delay = 7.30> <CoreInst = "m_axi">   --->   Core 121 'm_axi' <Latency = 0> <II = 1> <Delay = 1.00> <Adapter> <Opcode : 'read' 'write' 'readreq' 'writereq' 'writeresp'>
ST_7 : Operation 32 [1/1] (0.00ns)   --->   "%br_ln0 = br void %for.body23"   --->   Operation 32 'br' 'br_ln0' <Predicate = true> <Delay = 0.00>

State 8 <SV = 7> <Delay = 2.35>
ST_8 : Operation 33 [1/1] (0.00ns)   --->   "%loc_2 = load i32 %loc" [SA_propagating/src/mmult_explicit.cpp:74]   --->   Operation 33 'load' 'loc_2' <Predicate = true> <Delay = 0.00>
ST_8 : Operation 34 [1/1] (0.00ns)   --->   "%specbitsmap_ln0 = specbitsmap void @_ssdm_op_SpecBitsMap, i32 %gmem0"   --->   Operation 34 'specbitsmap' 'specbitsmap_ln0' <Predicate = true> <Delay = 0.00>
ST_8 : Operation 35 [1/1] (0.00ns)   --->   "%specpipeline_ln0 = specpipeline void @_ssdm_op_SpecPipeline, i32 4294967295, i32 0, i32 1, i32 0, void @p_str"   --->   Operation 35 'specpipeline' 'specpipeline_ln0' <Predicate = true> <Delay = 0.00>
ST_8 : Operation 36 [1/1] (0.85ns)   --->   "%icmp_ln74 = icmp_eq  i32 %loc_2, i32 %mul_read" [SA_propagating/src/mmult_explicit.cpp:74]   --->   Operation 36 'icmp' 'icmp_ln74' <Predicate = true> <Delay = 0.85> <CoreInst = "Cmp">   --->   Core 9 'Cmp' <Latency = 0> <II = 1> <Delay = 0.85> <FuncUnit> <Opcode : 'icmp'> <InPorts = 2> <OutPorts = 1>
ST_8 : Operation 37 [1/1] (0.88ns)   --->   "%add_ln74 = add i32 %loc_2, i32 1" [SA_propagating/src/mmult_explicit.cpp:74]   --->   Operation 37 'add' 'add_ln74' <Predicate = true> <Delay = 0.88> <CoreInst = "Adder">   --->   Core 1 'Adder' <Latency = 0> <II = 1> <Delay = 0.88> <FuncUnit> <Opcode : 'add' 'sub'> <InPorts = 2> <OutPorts = 1>
ST_8 : Operation 38 [1/1] (0.00ns)   --->   "%br_ln74 = br i1 %icmp_ln74, void %for.body23.split, void %readB.loopexit.exitStub" [SA_propagating/src/mmult_explicit.cpp:74]   --->   Operation 38 'br' 'br_ln74' <Predicate = true> <Delay = 0.00>
ST_8 : Operation 39 [1/1] (0.00ns)   --->   "%j_load = load i32 %j" [SA_propagating/src/mmult_explicit.cpp:77]   --->   Operation 39 'load' 'j_load' <Predicate = (!icmp_ln74)> <Delay = 0.00>
ST_8 : Operation 40 [1/1] (0.85ns)   --->   "%icmp_ln77 = icmp_eq  i32 %j_load, i32 %a_col_read" [SA_propagating/src/mmult_explicit.cpp:77]   --->   Operation 40 'icmp' 'icmp_ln77' <Predicate = (!icmp_ln74)> <Delay = 0.85> <CoreInst = "Cmp">   --->   Core 9 'Cmp' <Latency = 0> <II = 1> <Delay = 0.85> <FuncUnit> <Opcode : 'icmp'> <InPorts = 2> <OutPorts = 1>
ST_8 : Operation 41 [1/1] (0.22ns)   --->   "%j_5 = select i1 %icmp_ln77, i32 0, i32 %j_load" [SA_propagating/src/mmult_explicit.cpp:77]   --->   Operation 41 'select' 'j_5' <Predicate = (!icmp_ln74)> <Delay = 0.22> <CoreInst = "Sel">   --->   Core 73 'Sel' <Latency = 0> <II = 1> <Delay = 0.22> <FuncUnit> <Opcode : 'select'> <InPorts = 3> <OutPorts = 1>
ST_8 : Operation 42 [1/1] (0.00ns)   --->   "%trunc_ln81 = trunc i32 %j_5" [SA_propagating/src/mmult_explicit.cpp:81]   --->   Operation 42 'trunc' 'trunc_ln81' <Predicate = (!icmp_ln74)> <Delay = 0.00>
ST_8 : Operation 43 [1/1] (0.34ns)   --->   "%switch_ln81 = switch i4 %trunc_ln81, void %arrayidx3118.case.15, i4 0, void %arrayidx3118.case.0, i4 1, void %arrayidx3118.case.1, i4 2, void %arrayidx3118.case.2, i4 3, void %arrayidx3118.case.3, i4 4, void %arrayidx3118.case.4, i4 5, void %arrayidx3118.case.5, i4 6, void %arrayidx3118.case.6, i4 7, void %arrayidx3118.case.7, i4 8, void %arrayidx3118.case.8, i4 9, void %arrayidx3118.case.9, i4 10, void %arrayidx3118.case.10, i4 11, void %arrayidx3118.case.11, i4 12, void %arrayidx3118.case.12, i4 13, void %arrayidx3118.case.13, i4 14, void %arrayidx3118.case.14" [SA_propagating/src/mmult_explicit.cpp:81]   --->   Operation 43 'switch' 'switch_ln81' <Predicate = (!icmp_ln74)> <Delay = 0.34>
ST_8 : Operation 44 [1/1] (0.88ns)   --->   "%j_6 = add i32 %j_5, i32 1" [SA_propagating/src/mmult_explicit.cpp:74]   --->   Operation 44 'add' 'j_6' <Predicate = (!icmp_ln74)> <Delay = 0.88> <CoreInst = "Adder">   --->   Core 1 'Adder' <Latency = 0> <II = 1> <Delay = 0.88> <FuncUnit> <Opcode : 'add' 'sub'> <InPorts = 2> <OutPorts = 1>
ST_8 : Operation 45 [1/1] (0.38ns)   --->   "%store_ln74 = store i32 %add_ln74, i32 %loc" [SA_propagating/src/mmult_explicit.cpp:74]   --->   Operation 45 'store' 'store_ln74' <Predicate = (!icmp_ln74)> <Delay = 0.38>
ST_8 : Operation 46 [1/1] (0.38ns)   --->   "%store_ln74 = store i32 %j_6, i32 %j" [SA_propagating/src/mmult_explicit.cpp:74]   --->   Operation 46 'store' 'store_ln74' <Predicate = (!icmp_ln74)> <Delay = 0.38>

State 9 <SV = 8> <Delay = 7.30>
ST_9 : Operation 47 [1/1] (7.30ns)   --->   "%gmem0_addr_read = read i32 @_ssdm_op_Read.m_axi.i32P1A, i32 %gmem0_addr" [SA_propagating/src/mmult_explicit.cpp:81]   --->   Operation 47 'read' 'gmem0_addr_read' <Predicate = true> <Delay = 7.30> <CoreInst = "m_axi">   --->   Core 121 'm_axi' <Latency = 0> <II = 1> <Delay = 1.00> <Adapter> <Opcode : 'read' 'write' 'readreq' 'writereq' 'writeresp'>

State 10 <SV = 9> <Delay = 1.80>
ST_10 : Operation 48 [1/1] (0.00ns)   --->   "%i_1_load = load i32 %i_1" [SA_propagating/src/mmult_explicit.cpp:78]   --->   Operation 48 'load' 'i_1_load' <Predicate = true> <Delay = 0.00>
ST_10 : Operation 49 [1/1] (0.00ns)   --->   "%speclooptripcount_ln75 = speclooptripcount void @_ssdm_op_SpecLoopTripCount, i64 256, i64 256, i64 256" [SA_propagating/src/mmult_explicit.cpp:75]   --->   Operation 49 'speclooptripcount' 'speclooptripcount_ln75' <Predicate = true> <Delay = 0.00>
ST_10 : Operation 50 [1/1] (0.00ns)   --->   "%specloopname_ln74 = specloopname void @_ssdm_op_SpecLoopName, void @empty_17" [SA_propagating/src/mmult_explicit.cpp:74]   --->   Operation 50 'specloopname' 'specloopname_ln74' <Predicate = true> <Delay = 0.00>
ST_10 : Operation 51 [1/1] (0.88ns)   --->   "%add_ln78 = add i32 %i_1_load, i32 1" [SA_propagating/src/mmult_explicit.cpp:78]   --->   Operation 51 'add' 'add_ln78' <Predicate = (icmp_ln77)> <Delay = 0.88> <CoreInst = "Adder">   --->   Core 1 'Adder' <Latency = 0> <II = 1> <Delay = 0.88> <FuncUnit> <Opcode : 'add' 'sub'> <InPorts = 2> <OutPorts = 1>
ST_10 : Operation 52 [1/1] (0.22ns)   --->   "%i = select i1 %icmp_ln77, i32 %add_ln78, i32 %i_1_load" [SA_propagating/src/mmult_explicit.cpp:77]   --->   Operation 52 'select' 'i' <Predicate = true> <Delay = 0.22> <CoreInst = "Sel">   --->   Core 73 'Sel' <Latency = 0> <II = 1> <Delay = 0.22> <FuncUnit> <Opcode : 'select'> <InPorts = 3> <OutPorts = 1>
ST_10 : Operation 53 [1/1] (0.00ns)   --->   "%zext_ln81 = zext i32 %i" [SA_propagating/src/mmult_explicit.cpp:81]   --->   Operation 53 'zext' 'zext_ln81' <Predicate = true> <Delay = 0.00>
ST_10 : Operation 54 [1/1] (0.00ns)   --->   "%localA_addr = getelementptr i32 %localA, i64 0, i64 %zext_ln81" [SA_propagating/src/mmult_explicit.cpp:81]   --->   Operation 54 'getelementptr' 'localA_addr' <Predicate = true> <Delay = 0.00>
ST_10 : Operation 55 [1/1] (0.00ns)   --->   "%localA_1_addr = getelementptr i32 %localA_1, i64 0, i64 %zext_ln81" [SA_propagating/src/mmult_explicit.cpp:81]   --->   Operation 55 'getelementptr' 'localA_1_addr' <Predicate = true> <Delay = 0.00>
ST_10 : Operation 56 [1/1] (0.00ns)   --->   "%localA_2_addr = getelementptr i32 %localA_2, i64 0, i64 %zext_ln81" [SA_propagating/src/mmult_explicit.cpp:81]   --->   Operation 56 'getelementptr' 'localA_2_addr' <Predicate = true> <Delay = 0.00>
ST_10 : Operation 57 [1/1] (0.00ns)   --->   "%localA_3_addr = getelementptr i32 %localA_3, i64 0, i64 %zext_ln81" [SA_propagating/src/mmult_explicit.cpp:81]   --->   Operation 57 'getelementptr' 'localA_3_addr' <Predicate = true> <Delay = 0.00>
ST_10 : Operation 58 [1/1] (0.00ns)   --->   "%localA_4_addr = getelementptr i32 %localA_4, i64 0, i64 %zext_ln81" [SA_propagating/src/mmult_explicit.cpp:81]   --->   Operation 58 'getelementptr' 'localA_4_addr' <Predicate = true> <Delay = 0.00>
ST_10 : Operation 59 [1/1] (0.00ns)   --->   "%localA_5_addr = getelementptr i32 %localA_5, i64 0, i64 %zext_ln81" [SA_propagating/src/mmult_explicit.cpp:81]   --->   Operation 59 'getelementptr' 'localA_5_addr' <Predicate = true> <Delay = 0.00>
ST_10 : Operation 60 [1/1] (0.00ns)   --->   "%localA_6_addr = getelementptr i32 %localA_6, i64 0, i64 %zext_ln81" [SA_propagating/src/mmult_explicit.cpp:81]   --->   Operation 60 'getelementptr' 'localA_6_addr' <Predicate = true> <Delay = 0.00>
ST_10 : Operation 61 [1/1] (0.00ns)   --->   "%localA_7_addr = getelementptr i32 %localA_7, i64 0, i64 %zext_ln81" [SA_propagating/src/mmult_explicit.cpp:81]   --->   Operation 61 'getelementptr' 'localA_7_addr' <Predicate = true> <Delay = 0.00>
ST_10 : Operation 62 [1/1] (0.00ns)   --->   "%localA_8_addr = getelementptr i32 %localA_8, i64 0, i64 %zext_ln81" [SA_propagating/src/mmult_explicit.cpp:81]   --->   Operation 62 'getelementptr' 'localA_8_addr' <Predicate = true> <Delay = 0.00>
ST_10 : Operation 63 [1/1] (0.00ns)   --->   "%localA_9_addr = getelementptr i32 %localA_9, i64 0, i64 %zext_ln81" [SA_propagating/src/mmult_explicit.cpp:81]   --->   Operation 63 'getelementptr' 'localA_9_addr' <Predicate = true> <Delay = 0.00>
ST_10 : Operation 64 [1/1] (0.00ns)   --->   "%localA_10_addr = getelementptr i32 %localA_10, i64 0, i64 %zext_ln81" [SA_propagating/src/mmult_explicit.cpp:81]   --->   Operation 64 'getelementptr' 'localA_10_addr' <Predicate = true> <Delay = 0.00>
ST_10 : Operation 65 [1/1] (0.00ns)   --->   "%localA_11_addr = getelementptr i32 %localA_11, i64 0, i64 %zext_ln81" [SA_propagating/src/mmult_explicit.cpp:81]   --->   Operation 65 'getelementptr' 'localA_11_addr' <Predicate = true> <Delay = 0.00>
ST_10 : Operation 66 [1/1] (0.00ns)   --->   "%localA_12_addr = getelementptr i32 %localA_12, i64 0, i64 %zext_ln81" [SA_propagating/src/mmult_explicit.cpp:81]   --->   Operation 66 'getelementptr' 'localA_12_addr' <Predicate = true> <Delay = 0.00>
ST_10 : Operation 67 [1/1] (0.00ns)   --->   "%localA_13_addr = getelementptr i32 %localA_13, i64 0, i64 %zext_ln81" [SA_propagating/src/mmult_explicit.cpp:81]   --->   Operation 67 'getelementptr' 'localA_13_addr' <Predicate = true> <Delay = 0.00>
ST_10 : Operation 68 [1/1] (0.00ns)   --->   "%localA_14_addr = getelementptr i32 %localA_14, i64 0, i64 %zext_ln81" [SA_propagating/src/mmult_explicit.cpp:81]   --->   Operation 68 'getelementptr' 'localA_14_addr' <Predicate = true> <Delay = 0.00>
ST_10 : Operation 69 [1/1] (0.00ns)   --->   "%localA_15_addr = getelementptr i32 %localA_15, i64 0, i64 %zext_ln81" [SA_propagating/src/mmult_explicit.cpp:81]   --->   Operation 69 'getelementptr' 'localA_15_addr' <Predicate = true> <Delay = 0.00>
ST_10 : Operation 70 [1/1] (0.69ns)   --->   "%store_ln81 = store i32 %gmem0_addr_read, i4 %localA_14_addr" [SA_propagating/src/mmult_explicit.cpp:81]   --->   Operation 70 'store' 'store_ln81' <Predicate = (trunc_ln81 == 14)> <Delay = 0.69> <CoreInst = "RAM">   --->   Core 83 'RAM' <Latency = 1> <II = 1> <Delay = 0.69> <Storage> <Opcode : 'load' 'store'> <Ports = 2> <Width = 32> <Depth = 16> <RAM>
ST_10 : Operation 71 [1/1] (0.00ns)   --->   "%br_ln81 = br void %arrayidx3118.exit" [SA_propagating/src/mmult_explicit.cpp:81]   --->   Operation 71 'br' 'br_ln81' <Predicate = (trunc_ln81 == 14)> <Delay = 0.00>
ST_10 : Operation 72 [1/1] (0.69ns)   --->   "%store_ln81 = store i32 %gmem0_addr_read, i4 %localA_13_addr" [SA_propagating/src/mmult_explicit.cpp:81]   --->   Operation 72 'store' 'store_ln81' <Predicate = (trunc_ln81 == 13)> <Delay = 0.69> <CoreInst = "RAM">   --->   Core 83 'RAM' <Latency = 1> <II = 1> <Delay = 0.69> <Storage> <Opcode : 'load' 'store'> <Ports = 2> <Width = 32> <Depth = 16> <RAM>
ST_10 : Operation 73 [1/1] (0.00ns)   --->   "%br_ln81 = br void %arrayidx3118.exit" [SA_propagating/src/mmult_explicit.cpp:81]   --->   Operation 73 'br' 'br_ln81' <Predicate = (trunc_ln81 == 13)> <Delay = 0.00>
ST_10 : Operation 74 [1/1] (0.69ns)   --->   "%store_ln81 = store i32 %gmem0_addr_read, i4 %localA_12_addr" [SA_propagating/src/mmult_explicit.cpp:81]   --->   Operation 74 'store' 'store_ln81' <Predicate = (trunc_ln81 == 12)> <Delay = 0.69> <CoreInst = "RAM">   --->   Core 83 'RAM' <Latency = 1> <II = 1> <Delay = 0.69> <Storage> <Opcode : 'load' 'store'> <Ports = 2> <Width = 32> <Depth = 16> <RAM>
ST_10 : Operation 75 [1/1] (0.00ns)   --->   "%br_ln81 = br void %arrayidx3118.exit" [SA_propagating/src/mmult_explicit.cpp:81]   --->   Operation 75 'br' 'br_ln81' <Predicate = (trunc_ln81 == 12)> <Delay = 0.00>
ST_10 : Operation 76 [1/1] (0.69ns)   --->   "%store_ln81 = store i32 %gmem0_addr_read, i4 %localA_11_addr" [SA_propagating/src/mmult_explicit.cpp:81]   --->   Operation 76 'store' 'store_ln81' <Predicate = (trunc_ln81 == 11)> <Delay = 0.69> <CoreInst = "RAM">   --->   Core 83 'RAM' <Latency = 1> <II = 1> <Delay = 0.69> <Storage> <Opcode : 'load' 'store'> <Ports = 2> <Width = 32> <Depth = 16> <RAM>
ST_10 : Operation 77 [1/1] (0.00ns)   --->   "%br_ln81 = br void %arrayidx3118.exit" [SA_propagating/src/mmult_explicit.cpp:81]   --->   Operation 77 'br' 'br_ln81' <Predicate = (trunc_ln81 == 11)> <Delay = 0.00>
ST_10 : Operation 78 [1/1] (0.69ns)   --->   "%store_ln81 = store i32 %gmem0_addr_read, i4 %localA_10_addr" [SA_propagating/src/mmult_explicit.cpp:81]   --->   Operation 78 'store' 'store_ln81' <Predicate = (trunc_ln81 == 10)> <Delay = 0.69> <CoreInst = "RAM">   --->   Core 83 'RAM' <Latency = 1> <II = 1> <Delay = 0.69> <Storage> <Opcode : 'load' 'store'> <Ports = 2> <Width = 32> <Depth = 16> <RAM>
ST_10 : Operation 79 [1/1] (0.00ns)   --->   "%br_ln81 = br void %arrayidx3118.exit" [SA_propagating/src/mmult_explicit.cpp:81]   --->   Operation 79 'br' 'br_ln81' <Predicate = (trunc_ln81 == 10)> <Delay = 0.00>
ST_10 : Operation 80 [1/1] (0.69ns)   --->   "%store_ln81 = store i32 %gmem0_addr_read, i4 %localA_9_addr" [SA_propagating/src/mmult_explicit.cpp:81]   --->   Operation 80 'store' 'store_ln81' <Predicate = (trunc_ln81 == 9)> <Delay = 0.69> <CoreInst = "RAM">   --->   Core 83 'RAM' <Latency = 1> <II = 1> <Delay = 0.69> <Storage> <Opcode : 'load' 'store'> <Ports = 2> <Width = 32> <Depth = 16> <RAM>
ST_10 : Operation 81 [1/1] (0.00ns)   --->   "%br_ln81 = br void %arrayidx3118.exit" [SA_propagating/src/mmult_explicit.cpp:81]   --->   Operation 81 'br' 'br_ln81' <Predicate = (trunc_ln81 == 9)> <Delay = 0.00>
ST_10 : Operation 82 [1/1] (0.69ns)   --->   "%store_ln81 = store i32 %gmem0_addr_read, i4 %localA_8_addr" [SA_propagating/src/mmult_explicit.cpp:81]   --->   Operation 82 'store' 'store_ln81' <Predicate = (trunc_ln81 == 8)> <Delay = 0.69> <CoreInst = "RAM">   --->   Core 83 'RAM' <Latency = 1> <II = 1> <Delay = 0.69> <Storage> <Opcode : 'load' 'store'> <Ports = 2> <Width = 32> <Depth = 16> <RAM>
ST_10 : Operation 83 [1/1] (0.00ns)   --->   "%br_ln81 = br void %arrayidx3118.exit" [SA_propagating/src/mmult_explicit.cpp:81]   --->   Operation 83 'br' 'br_ln81' <Predicate = (trunc_ln81 == 8)> <Delay = 0.00>
ST_10 : Operation 84 [1/1] (0.69ns)   --->   "%store_ln81 = store i32 %gmem0_addr_read, i4 %localA_7_addr" [SA_propagating/src/mmult_explicit.cpp:81]   --->   Operation 84 'store' 'store_ln81' <Predicate = (trunc_ln81 == 7)> <Delay = 0.69> <CoreInst = "RAM">   --->   Core 83 'RAM' <Latency = 1> <II = 1> <Delay = 0.69> <Storage> <Opcode : 'load' 'store'> <Ports = 2> <Width = 32> <Depth = 16> <RAM>
ST_10 : Operation 85 [1/1] (0.00ns)   --->   "%br_ln81 = br void %arrayidx3118.exit" [SA_propagating/src/mmult_explicit.cpp:81]   --->   Operation 85 'br' 'br_ln81' <Predicate = (trunc_ln81 == 7)> <Delay = 0.00>
ST_10 : Operation 86 [1/1] (0.69ns)   --->   "%store_ln81 = store i32 %gmem0_addr_read, i4 %localA_6_addr" [SA_propagating/src/mmult_explicit.cpp:81]   --->   Operation 86 'store' 'store_ln81' <Predicate = (trunc_ln81 == 6)> <Delay = 0.69> <CoreInst = "RAM">   --->   Core 83 'RAM' <Latency = 1> <II = 1> <Delay = 0.69> <Storage> <Opcode : 'load' 'store'> <Ports = 2> <Width = 32> <Depth = 16> <RAM>
ST_10 : Operation 87 [1/1] (0.00ns)   --->   "%br_ln81 = br void %arrayidx3118.exit" [SA_propagating/src/mmult_explicit.cpp:81]   --->   Operation 87 'br' 'br_ln81' <Predicate = (trunc_ln81 == 6)> <Delay = 0.00>
ST_10 : Operation 88 [1/1] (0.69ns)   --->   "%store_ln81 = store i32 %gmem0_addr_read, i4 %localA_5_addr" [SA_propagating/src/mmult_explicit.cpp:81]   --->   Operation 88 'store' 'store_ln81' <Predicate = (trunc_ln81 == 5)> <Delay = 0.69> <CoreInst = "RAM">   --->   Core 83 'RAM' <Latency = 1> <II = 1> <Delay = 0.69> <Storage> <Opcode : 'load' 'store'> <Ports = 2> <Width = 32> <Depth = 16> <RAM>
ST_10 : Operation 89 [1/1] (0.00ns)   --->   "%br_ln81 = br void %arrayidx3118.exit" [SA_propagating/src/mmult_explicit.cpp:81]   --->   Operation 89 'br' 'br_ln81' <Predicate = (trunc_ln81 == 5)> <Delay = 0.00>
ST_10 : Operation 90 [1/1] (0.69ns)   --->   "%store_ln81 = store i32 %gmem0_addr_read, i4 %localA_4_addr" [SA_propagating/src/mmult_explicit.cpp:81]   --->   Operation 90 'store' 'store_ln81' <Predicate = (trunc_ln81 == 4)> <Delay = 0.69> <CoreInst = "RAM">   --->   Core 83 'RAM' <Latency = 1> <II = 1> <Delay = 0.69> <Storage> <Opcode : 'load' 'store'> <Ports = 2> <Width = 32> <Depth = 16> <RAM>
ST_10 : Operation 91 [1/1] (0.00ns)   --->   "%br_ln81 = br void %arrayidx3118.exit" [SA_propagating/src/mmult_explicit.cpp:81]   --->   Operation 91 'br' 'br_ln81' <Predicate = (trunc_ln81 == 4)> <Delay = 0.00>
ST_10 : Operation 92 [1/1] (0.69ns)   --->   "%store_ln81 = store i32 %gmem0_addr_read, i4 %localA_3_addr" [SA_propagating/src/mmult_explicit.cpp:81]   --->   Operation 92 'store' 'store_ln81' <Predicate = (trunc_ln81 == 3)> <Delay = 0.69> <CoreInst = "RAM">   --->   Core 83 'RAM' <Latency = 1> <II = 1> <Delay = 0.69> <Storage> <Opcode : 'load' 'store'> <Ports = 2> <Width = 32> <Depth = 16> <RAM>
ST_10 : Operation 93 [1/1] (0.00ns)   --->   "%br_ln81 = br void %arrayidx3118.exit" [SA_propagating/src/mmult_explicit.cpp:81]   --->   Operation 93 'br' 'br_ln81' <Predicate = (trunc_ln81 == 3)> <Delay = 0.00>
ST_10 : Operation 94 [1/1] (0.69ns)   --->   "%store_ln81 = store i32 %gmem0_addr_read, i4 %localA_2_addr" [SA_propagating/src/mmult_explicit.cpp:81]   --->   Operation 94 'store' 'store_ln81' <Predicate = (trunc_ln81 == 2)> <Delay = 0.69> <CoreInst = "RAM">   --->   Core 83 'RAM' <Latency = 1> <II = 1> <Delay = 0.69> <Storage> <Opcode : 'load' 'store'> <Ports = 2> <Width = 32> <Depth = 16> <RAM>
ST_10 : Operation 95 [1/1] (0.00ns)   --->   "%br_ln81 = br void %arrayidx3118.exit" [SA_propagating/src/mmult_explicit.cpp:81]   --->   Operation 95 'br' 'br_ln81' <Predicate = (trunc_ln81 == 2)> <Delay = 0.00>
ST_10 : Operation 96 [1/1] (0.69ns)   --->   "%store_ln81 = store i32 %gmem0_addr_read, i4 %localA_1_addr" [SA_propagating/src/mmult_explicit.cpp:81]   --->   Operation 96 'store' 'store_ln81' <Predicate = (trunc_ln81 == 1)> <Delay = 0.69> <CoreInst = "RAM">   --->   Core 83 'RAM' <Latency = 1> <II = 1> <Delay = 0.69> <Storage> <Opcode : 'load' 'store'> <Ports = 2> <Width = 32> <Depth = 16> <RAM>
ST_10 : Operation 97 [1/1] (0.00ns)   --->   "%br_ln81 = br void %arrayidx3118.exit" [SA_propagating/src/mmult_explicit.cpp:81]   --->   Operation 97 'br' 'br_ln81' <Predicate = (trunc_ln81 == 1)> <Delay = 0.00>
ST_10 : Operation 98 [1/1] (0.69ns)   --->   "%store_ln81 = store i32 %gmem0_addr_read, i4 %localA_addr" [SA_propagating/src/mmult_explicit.cpp:81]   --->   Operation 98 'store' 'store_ln81' <Predicate = (trunc_ln81 == 0)> <Delay = 0.69> <CoreInst = "RAM">   --->   Core 83 'RAM' <Latency = 1> <II = 1> <Delay = 0.69> <Storage> <Opcode : 'load' 'store'> <Ports = 2> <Width = 32> <Depth = 16> <RAM>
ST_10 : Operation 99 [1/1] (0.00ns)   --->   "%br_ln81 = br void %arrayidx3118.exit" [SA_propagating/src/mmult_explicit.cpp:81]   --->   Operation 99 'br' 'br_ln81' <Predicate = (trunc_ln81 == 0)> <Delay = 0.00>
ST_10 : Operation 100 [1/1] (0.69ns)   --->   "%store_ln81 = store i32 %gmem0_addr_read, i4 %localA_15_addr" [SA_propagating/src/mmult_explicit.cpp:81]   --->   Operation 100 'store' 'store_ln81' <Predicate = (trunc_ln81 == 15)> <Delay = 0.69> <CoreInst = "RAM">   --->   Core 83 'RAM' <Latency = 1> <II = 1> <Delay = 0.69> <Storage> <Opcode : 'load' 'store'> <Ports = 2> <Width = 32> <Depth = 16> <RAM>
ST_10 : Operation 101 [1/1] (0.00ns)   --->   "%br_ln81 = br void %arrayidx3118.exit" [SA_propagating/src/mmult_explicit.cpp:81]   --->   Operation 101 'br' 'br_ln81' <Predicate = (trunc_ln81 == 15)> <Delay = 0.00>
ST_10 : Operation 102 [1/1] (0.38ns)   --->   "%store_ln74 = store i32 %i, i32 %i_1" [SA_propagating/src/mmult_explicit.cpp:74]   --->   Operation 102 'store' 'store_ln74' <Predicate = true> <Delay = 0.38>
ST_10 : Operation 103 [1/1] (0.00ns)   --->   "%br_ln74 = br void %for.body23" [SA_propagating/src/mmult_explicit.cpp:74]   --->   Operation 103 'br' 'br_ln74' <Predicate = true> <Delay = 0.00>

State 11 <SV = 8> <Delay = 0.00>
ST_11 : Operation 104 [1/1] (0.00ns)   --->   "%ret_ln0 = ret"   --->   Operation 104 'ret' 'ret_ln0' <Predicate = true> <Delay = 0.00>


============================================================
+ Verbose Summary: Timing violations
============================================================
Target clock period: 10ns, clock uncertainty: 2.7ns.

 <State 1>: 7.3ns
The critical path consists of the following:
	wire read operation ('mul_read') on port 'mul' [27]  (0 ns)
	bus request operation ('p_rd_req', SA_propagating/src/mmult_explicit.cpp:81) on port 'gmem0' (SA_propagating/src/mmult_explicit.cpp:81) [32]  (7.3 ns)

 <State 2>: 7.3ns
The critical path consists of the following:
	bus request operation ('p_rd_req', SA_propagating/src/mmult_explicit.cpp:81) on port 'gmem0' (SA_propagating/src/mmult_explicit.cpp:81) [32]  (7.3 ns)

 <State 3>: 7.3ns
The critical path consists of the following:
	bus request operation ('p_rd_req', SA_propagating/src/mmult_explicit.cpp:81) on port 'gmem0' (SA_propagating/src/mmult_explicit.cpp:81) [32]  (7.3 ns)

 <State 4>: 7.3ns
The critical path consists of the following:
	bus request operation ('p_rd_req', SA_propagating/src/mmult_explicit.cpp:81) on port 'gmem0' (SA_propagating/src/mmult_explicit.cpp:81) [32]  (7.3 ns)

 <State 5>: 7.3ns
The critical path consists of the following:
	bus request operation ('p_rd_req', SA_propagating/src/mmult_explicit.cpp:81) on port 'gmem0' (SA_propagating/src/mmult_explicit.cpp:81) [32]  (7.3 ns)

 <State 6>: 7.3ns
The critical path consists of the following:
	bus request operation ('p_rd_req', SA_propagating/src/mmult_explicit.cpp:81) on port 'gmem0' (SA_propagating/src/mmult_explicit.cpp:81) [32]  (7.3 ns)

 <State 7>: 7.3ns
The critical path consists of the following:
	bus request operation ('p_rd_req', SA_propagating/src/mmult_explicit.cpp:81) on port 'gmem0' (SA_propagating/src/mmult_explicit.cpp:81) [32]  (7.3 ns)

 <State 8>: 2.35ns
The critical path consists of the following:
	'load' operation ('j_load', SA_propagating/src/mmult_explicit.cpp:77) on local variable 'j' [45]  (0 ns)
	'icmp' operation ('icmp_ln77', SA_propagating/src/mmult_explicit.cpp:77) [49]  (0.859 ns)
	'select' operation ('j', SA_propagating/src/mmult_explicit.cpp:77) [51]  (0.227 ns)
	'add' operation ('j', SA_propagating/src/mmult_explicit.cpp:74) [122]  (0.88 ns)
	'store' operation ('store_ln74', SA_propagating/src/mmult_explicit.cpp:74) of variable 'j', SA_propagating/src/mmult_explicit.cpp:74 on local variable 'j' [125]  (0.387 ns)

 <State 9>: 7.3ns
The critical path consists of the following:
	bus read operation ('gmem0_addr_read', SA_propagating/src/mmult_explicit.cpp:81) on port 'gmem0' (SA_propagating/src/mmult_explicit.cpp:81) [53]  (7.3 ns)

 <State 10>: 1.81ns
The critical path consists of the following:
	'load' operation ('i_1_load', SA_propagating/src/mmult_explicit.cpp:78) on local variable 'i' [46]  (0 ns)
	'add' operation ('add_ln78', SA_propagating/src/mmult_explicit.cpp:78) [50]  (0.88 ns)
	'select' operation ('i', SA_propagating/src/mmult_explicit.cpp:77) [52]  (0.227 ns)
	'getelementptr' operation ('localA_14_addr', SA_propagating/src/mmult_explicit.cpp:81) [69]  (0 ns)
	'store' operation ('store_ln81', SA_propagating/src/mmult_explicit.cpp:81) of variable 'gmem0_addr_read', SA_propagating/src/mmult_explicit.cpp:81 on array 'localA_14' [74]  (0.699 ns)

 <State 11>: 0ns
The critical path consists of the following:


============================================================
+ Verbose Summary: Binding
============================================================
N/A
* FSMD analyzer results:
  - Output states:
 - Input state : 
  - Chain level:
	State 1
	State 2
	State 3
	State 4
	State 5
	State 6
	State 7
	State 8
	State 9
	State 10
	State 11


============================================================
+ Verbose Summary: Datapath Resource usage 
============================================================
N/A
