Sat May 20 21:56:39 2023: Running xcd server. This server was built by gradle.
Sat May 20 21:56:39 2023: Server was asked to start on port: '40491'
Sat May 20 21:56:39 2023: Server is using token UUID: '7d866e10-9736-4032-aafb-813f95a7b2d8'
Sat May 20 21:56:39 2023: SESSION_MGR: creating session with session uuid: '6d04a3e9-ade5-4ab9-8d63-1f78fcd2ec76' and name 'default'
Sat May 20 21:56:39 2023: Attempting to start server on port '40491'
Sat May 20 21:56:39 2023: XCD main fifo: created main fifo '/tmp/xcdmain7d866e10-9736-4032-aafb-813f95a7b2d8', fd read = 13
Sat May 20 21:56:39 2023: Running Dispatch Server
Sat May 20 21:56:39 2023: Version 2.2.0
Sat May 20 21:56:48 2023: Dispatch Server: Accepted socket connection from client
Sat May 20 21:56:48 2023: Starting Socket connection
Sat May 20 21:56:48 2023: EXCHANGE_TOKEN received, server token: 7d866e10-9736-4032-aafb-813f95a7b2d8, passed token: 7d866e10-9736-4032-aafb-813f95a7b2d8
Sat May 20 21:56:48 2023: SESSION_MGR: creating session with session uuid: 'd634a6eb-d1be-41d0-9385-bd496ec7e5fb' and name 'vitis_hls'
Sat May 20 21:56:48 2023: KERNEL_SVC: creating session with uuid: 'd634a6eb-d1be-41d0-9385-bd496ec7e5fb' and name 'vitis_hls'
Sat May 20 21:56:48 2023: GUIDANCE_SMGR: creating guidance session with uuid: 'd634a6eb-d1be-41d0-9385-bd496ec7e5fb' and name 'vitis_hls'
Sat May 20 21:57:11 2023: STOP_SERVER received, server token: 7d866e10-9736-4032-aafb-813f95a7b2d8, passed token: 7d866e10-9736-4032-aafb-813f95a7b2d8
Sat May 20 21:57:11 2023: Socket received request to stop server.
Sat May 20 21:57:11 2023: Dispatch Server: do_await_stop
Sat May 20 21:57:11 2023: Dispatch Server: stopping mainFifo_
Sat May 20 21:57:11 2023: XCD main fifo: Stopping
Sat May 20 21:57:11 2023: XCD main fifo: do_read error code: Operation canceled
Sat May 20 21:57:11 2023: XCD main fifo: bytes_transferred: 0
Sat May 20 21:57:11 2023: SERVER: destructor for server bound to port 40491
Sat May 20 21:57:11 2023: XCD main fifo: Good unlink of /tmp/xcdmain7d866e10-9736-4032-aafb-813f95a7b2d8
Sat May 20 21:57:11 2023: Server exiting with status 0.
Sat May 20 21:57:11 2023: Closing log file.
Sat May 20 23:22:12 2023: Running xcd server. This server was built by gradle.
Sat May 20 23:22:12 2023: Server was asked to start on port: '36707'
Sat May 20 23:22:12 2023: Server is using token UUID: '353d8520-55ad-4741-b569-25b036b841d3'
Sat May 20 23:22:12 2023: SESSION_MGR: creating session with session uuid: '6d04a3e9-ade5-4ab9-8d63-1f78fcd2ec76' and name 'default'
Sat May 20 23:22:12 2023: Attempting to start server on port '36707'
Sat May 20 23:22:12 2023: XCD main fifo: created main fifo '/tmp/xcdmain353d8520-55ad-4741-b569-25b036b841d3', fd read = 13
Sat May 20 23:22:12 2023: Running Dispatch Server
Sat May 20 23:22:12 2023: Version 2.2.0
Sat May 20 23:22:22 2023: Dispatch Server: Accepted socket connection from client
Sat May 20 23:22:22 2023: Starting Socket connection
Sat May 20 23:22:22 2023: EXCHANGE_TOKEN received, server token: 353d8520-55ad-4741-b569-25b036b841d3, passed token: 353d8520-55ad-4741-b569-25b036b841d3
Sat May 20 23:22:22 2023: SESSION_MGR: creating session with session uuid: '1ffcc653-6b17-4e12-9e6f-558378617407' and name 'vitis_hls'
Sat May 20 23:22:22 2023: KERNEL_SVC: creating session with uuid: '1ffcc653-6b17-4e12-9e6f-558378617407' and name 'vitis_hls'
Sat May 20 23:22:22 2023: GUIDANCE_SMGR: creating guidance session with uuid: '1ffcc653-6b17-4e12-9e6f-558378617407' and name 'vitis_hls'
Sat May 20 23:22:45 2023: STOP_SERVER received, server token: 353d8520-55ad-4741-b569-25b036b841d3, passed token: 353d8520-55ad-4741-b569-25b036b841d3
Sat May 20 23:22:45 2023: Socket received request to stop server.
Sat May 20 23:22:45 2023: Dispatch Server: do_await_stop
Sat May 20 23:22:45 2023: Dispatch Server: stopping mainFifo_
Sat May 20 23:22:45 2023: XCD main fifo: Stopping
Sat May 20 23:22:45 2023: XCD main fifo: do_read error code: Operation canceled
Sat May 20 23:22:45 2023: XCD main fifo: bytes_transferred: 0
Sat May 20 23:22:45 2023: SERVER: destructor for server bound to port 36707
Sat May 20 23:22:45 2023: XCD main fifo: Good unlink of /tmp/xcdmain353d8520-55ad-4741-b569-25b036b841d3
Sat May 20 23:22:45 2023: Server exiting with status 0.
Sat May 20 23:22:45 2023: Closing log file.
Sat May 20 23:22:47 2023: Running xcd server. This server was built by gradle.
Sat May 20 23:22:47 2023: Server was asked to start on port: '36071'
Sat May 20 23:22:47 2023: Server is using token UUID: 'eab78d10-3026-4220-a79c-b12755c82833'
Sat May 20 23:22:47 2023: SESSION_MGR: creating session with session uuid: '6d04a3e9-ade5-4ab9-8d63-1f78fcd2ec76' and name 'default'
Sat May 20 23:22:47 2023: Attempting to start server on port '36071'
Sat May 20 23:22:47 2023: XCD main fifo: created main fifo '/tmp/xcdmaineab78d10-3026-4220-a79c-b12755c82833', fd read = 13
Sat May 20 23:22:47 2023: Running Dispatch Server
Sat May 20 23:22:47 2023: Version 2.2.0
Sat May 20 23:22:53 2023: Dispatch Server: do_await_stop
Sat May 20 23:22:53 2023: Dispatch Server: stopping mainFifo_
Sat May 20 23:22:53 2023: XCD main fifo: Stopping
Sat May 20 23:22:53 2023: XCD main fifo: do_read error code: Operation canceled
Sat May 20 23:22:53 2023: XCD main fifo: bytes_transferred: 0
Sat May 20 23:22:53 2023: SERVER: destructor for server bound to port 36071
Sat May 20 23:22:53 2023: XCD main fifo: Good unlink of /tmp/xcdmaineab78d10-3026-4220-a79c-b12755c82833
Sat May 20 23:22:53 2023: Server exiting with status 0.
Sat May 20 23:22:53 2023: Closing log file.
Sat May 20 23:23:22 2023: Running xcd server. This server was built by gradle.
Sat May 20 23:23:22 2023: Server was asked to start on port: '44939'
Sat May 20 23:23:22 2023: Server is using token UUID: '02e9a9d0-21d4-44a9-b269-d3de81212b1d'
Sat May 20 23:23:22 2023: SESSION_MGR: creating session with session uuid: '6d04a3e9-ade5-4ab9-8d63-1f78fcd2ec76' and name 'default'
Sat May 20 23:23:22 2023: Attempting to start server on port '44939'
Sat May 20 23:23:22 2023: XCD main fifo: created main fifo '/tmp/xcdmain02e9a9d0-21d4-44a9-b269-d3de81212b1d', fd read = 13
Sat May 20 23:23:22 2023: Running Dispatch Server
Sat May 20 23:23:22 2023: Version 2.2.0
Sat May 20 23:23:31 2023: Dispatch Server: Accepted socket connection from client
Sat May 20 23:23:31 2023: Starting Socket connection
Sat May 20 23:23:31 2023: EXCHANGE_TOKEN received, server token: 02e9a9d0-21d4-44a9-b269-d3de81212b1d, passed token: 02e9a9d0-21d4-44a9-b269-d3de81212b1d
Sat May 20 23:23:31 2023: SESSION_MGR: creating session with session uuid: 'a69e95d2-c29a-4aaf-9414-2584734270ce' and name 'vitis_hls'
Sat May 20 23:23:31 2023: KERNEL_SVC: creating session with uuid: 'a69e95d2-c29a-4aaf-9414-2584734270ce' and name 'vitis_hls'
Sat May 20 23:23:31 2023: GUIDANCE_SMGR: creating guidance session with uuid: 'a69e95d2-c29a-4aaf-9414-2584734270ce' and name 'vitis_hls'
Sat May 20 23:23:54 2023: STOP_SERVER received, server token: 02e9a9d0-21d4-44a9-b269-d3de81212b1d, passed token: 02e9a9d0-21d4-44a9-b269-d3de81212b1d
Sat May 20 23:23:54 2023: Socket received request to stop server.
Sat May 20 23:23:54 2023: Dispatch Server: do_await_stop
Sat May 20 23:23:54 2023: Dispatch Server: stopping mainFifo_
Sat May 20 23:23:54 2023: XCD main fifo: Stopping
Sat May 20 23:23:54 2023: XCD main fifo: do_read error code: Operation canceled
Sat May 20 23:23:54 2023: XCD main fifo: bytes_transferred: 0
Sat May 20 23:23:54 2023: SERVER: destructor for server bound to port 44939
Sat May 20 23:23:54 2023: XCD main fifo: Good unlink of /tmp/xcdmain02e9a9d0-21d4-44a9-b269-d3de81212b1d
Sat May 20 23:23:54 2023: Server exiting with status 0.
Sat May 20 23:23:54 2023: Closing log file.
Sat May 20 23:23:56 2023: Running xcd server. This server was built by gradle.
Sat May 20 23:23:56 2023: Server was asked to start on port: '37907'
Sat May 20 23:23:56 2023: Server is using token UUID: 'a7bf7f2c-fdcd-41b2-9725-53b1eb14f567'
Sat May 20 23:23:56 2023: SESSION_MGR: creating session with session uuid: '6d04a3e9-ade5-4ab9-8d63-1f78fcd2ec76' and name 'default'
Sat May 20 23:23:56 2023: Attempting to start server on port '37907'
Sat May 20 23:23:56 2023: XCD main fifo: created main fifo '/tmp/xcdmaina7bf7f2c-fdcd-41b2-9725-53b1eb14f567', fd read = 13
Sat May 20 23:23:56 2023: Running Dispatch Server
Sat May 20 23:23:56 2023: Version 2.2.0
Sat May 20 23:24:05 2023: Dispatch Server: do_await_stop
Sat May 20 23:24:05 2023: Dispatch Server: stopping mainFifo_
Sat May 20 23:24:05 2023: XCD main fifo: Stopping
Sat May 20 23:24:05 2023: XCD main fifo: do_read error code: Operation canceled
Sat May 20 23:24:05 2023: XCD main fifo: bytes_transferred: 0
Sat May 20 23:24:05 2023: SERVER: destructor for server bound to port 37907
Sat May 20 23:24:05 2023: XCD main fifo: Good unlink of /tmp/xcdmaina7bf7f2c-fdcd-41b2-9725-53b1eb14f567
Sat May 20 23:24:05 2023: Server exiting with status 0.
Sat May 20 23:24:05 2023: Closing log file.
Sat May 20 23:24:23 2023: Running xcd server. This server was built by gradle.
Sat May 20 23:24:23 2023: Server was asked to start on port: '41809'
Sat May 20 23:24:23 2023: Server is using token UUID: 'b1ffd8cf-5943-47b5-862c-e9af4654bfd7'
Sat May 20 23:24:23 2023: SESSION_MGR: creating session with session uuid: '6d04a3e9-ade5-4ab9-8d63-1f78fcd2ec76' and name 'default'
Sat May 20 23:24:23 2023: Attempting to start server on port '41809'
Sat May 20 23:24:23 2023: XCD main fifo: created main fifo '/tmp/xcdmainb1ffd8cf-5943-47b5-862c-e9af4654bfd7', fd read = 13
Sat May 20 23:24:23 2023: Running Dispatch Server
Sat May 20 23:24:23 2023: Version 2.2.0
Sat May 20 23:24:32 2023: Dispatch Server: Accepted socket connection from client
Sat May 20 23:24:32 2023: Starting Socket connection
Sat May 20 23:24:32 2023: EXCHANGE_TOKEN received, server token: b1ffd8cf-5943-47b5-862c-e9af4654bfd7, passed token: b1ffd8cf-5943-47b5-862c-e9af4654bfd7
Sat May 20 23:24:32 2023: SESSION_MGR: creating session with session uuid: '14542f04-f67e-45df-86b2-72caaecd7b31' and name 'vitis_hls'
Sat May 20 23:24:32 2023: KERNEL_SVC: creating session with uuid: '14542f04-f67e-45df-86b2-72caaecd7b31' and name 'vitis_hls'
Sat May 20 23:24:32 2023: GUIDANCE_SMGR: creating guidance session with uuid: '14542f04-f67e-45df-86b2-72caaecd7b31' and name 'vitis_hls'
Sat May 20 23:24:55 2023: STOP_SERVER received, server token: b1ffd8cf-5943-47b5-862c-e9af4654bfd7, passed token: b1ffd8cf-5943-47b5-862c-e9af4654bfd7
Sat May 20 23:24:55 2023: Socket received request to stop server.
Sat May 20 23:24:55 2023: Dispatch Server: do_await_stop
Sat May 20 23:24:55 2023: Dispatch Server: stopping mainFifo_
Sat May 20 23:24:55 2023: XCD main fifo: Stopping
Sat May 20 23:24:55 2023: XCD main fifo: do_read error code: Operation canceled
Sat May 20 23:24:55 2023: XCD main fifo: bytes_transferred: 0
Sat May 20 23:24:55 2023: SERVER: destructor for server bound to port 41809
Sat May 20 23:24:55 2023: XCD main fifo: Good unlink of /tmp/xcdmainb1ffd8cf-5943-47b5-862c-e9af4654bfd7
Sat May 20 23:24:55 2023: Server exiting with status 0.
Sat May 20 23:24:55 2023: Closing log file.
Sat May 20 23:31:46 2023: Running xcd server. This server was built by gradle.
Sat May 20 23:31:46 2023: Server was asked to start on port: '39831'
Sat May 20 23:31:46 2023: Server is using token UUID: 'bd9b1750-c33d-4956-a7bc-1ed752599ab5'
Sat May 20 23:31:46 2023: SESSION_MGR: creating session with session uuid: '6d04a3e9-ade5-4ab9-8d63-1f78fcd2ec76' and name 'default'
Sat May 20 23:31:46 2023: Attempting to start server on port '39831'
Sat May 20 23:31:46 2023: XCD main fifo: created main fifo '/tmp/xcdmainbd9b1750-c33d-4956-a7bc-1ed752599ab5', fd read = 13
Sat May 20 23:31:46 2023: Running Dispatch Server
Sat May 20 23:31:46 2023: Version 2.2.0
Sat May 20 23:31:55 2023: Dispatch Server: Accepted socket connection from client
Sat May 20 23:31:55 2023: Starting Socket connection
Sat May 20 23:31:55 2023: EXCHANGE_TOKEN received, server token: bd9b1750-c33d-4956-a7bc-1ed752599ab5, passed token: bd9b1750-c33d-4956-a7bc-1ed752599ab5
Sat May 20 23:31:55 2023: SESSION_MGR: creating session with session uuid: 'c3943afb-0570-4397-a02f-58084fad4dc2' and name 'vitis_hls'
Sat May 20 23:31:55 2023: KERNEL_SVC: creating session with uuid: 'c3943afb-0570-4397-a02f-58084fad4dc2' and name 'vitis_hls'
Sat May 20 23:31:55 2023: GUIDANCE_SMGR: creating guidance session with uuid: 'c3943afb-0570-4397-a02f-58084fad4dc2' and name 'vitis_hls'
Sat May 20 23:32:18 2023: STOP_SERVER received, server token: bd9b1750-c33d-4956-a7bc-1ed752599ab5, passed token: bd9b1750-c33d-4956-a7bc-1ed752599ab5
Sat May 20 23:32:18 2023: Socket received request to stop server.
Sat May 20 23:32:18 2023: Dispatch Server: do_await_stop
Sat May 20 23:32:18 2023: Dispatch Server: stopping mainFifo_
Sat May 20 23:32:18 2023: XCD main fifo: Stopping
Sat May 20 23:32:18 2023: XCD main fifo: do_read error code: Operation canceled
Sat May 20 23:32:18 2023: XCD main fifo: bytes_transferred: 0
Sat May 20 23:32:18 2023: SERVER: destructor for server bound to port 39831
Sat May 20 23:32:18 2023: XCD main fifo: Good unlink of /tmp/xcdmainbd9b1750-c33d-4956-a7bc-1ed752599ab5
Sat May 20 23:32:18 2023: Server exiting with status 0.
Sat May 20 23:32:18 2023: Closing log file.
