Vivado Simulator v2022.1
Copyright 1986-1999, 2001-2022 Xilinx, Inc. All Rights Reserved.
Running: /tools/Xilinx/Vivado/2022.1/bin/unwrapped/lnx64.o/xelab xil_defaultlib.apatb_mmult_top glbl -Oenable_linking_all_libraries -prj mmult.prj -L smartconnect_v1_0 -L axi_protocol_checker_v1_1_12 -L axi_protocol_checker_v1_1_13 -L axis_protocol_checker_v1_1_11 -L axis_protocol_checker_v1_1_12 -L xil_defaultlib -L unisims_ver -L xpm -L floating_point_v7_0_20 -L floating_point_v7_1_14 --lib ieee_proposed=./ieee_proposed -s mmult 
Multi-threading is on. Using 8 slave threads.
WARNING: [XSIM 43-3431] One or more environment variables have been detected which affect the operation of the C compiler. These are typically not set in standard installations and are not tested by Xilinx, however they may be appropriate for your system, so the flow will attempt to continue.  If errors occur, try running xelab with the "-mt off -v 1" switches to see more information from the C compiler. The following environment variables have been detected:
INFO: [VRFC 10-2263] Analyzing SystemVerilog file "/home/ubuntu/Desktop/2024_Fall_NTU_AAHLS_SP/LabB_Systolic_Array/Vitis_HLS/SA_broadcasting/solution1/sim/verilog/glbl.v" into library work
INFO: [VRFC 10-311] analyzing module glbl
INFO: [VRFC 10-2263] Analyzing SystemVerilog file "/home/ubuntu/Desktop/2024_Fall_NTU_AAHLS_SP/LabB_Systolic_Array/Vitis_HLS/SA_broadcasting/solution1/sim/verilog/mmult_mul_32s_32s_32_1_1.v" into library xil_defaultlib
INFO: [VRFC 10-311] analyzing module mmult_mul_32s_32s_32_1_1
INFO: [VRFC 10-2263] Analyzing SystemVerilog file "/home/ubuntu/Desktop/2024_Fall_NTU_AAHLS_SP/LabB_Systolic_Array/Vitis_HLS/SA_broadcasting/solution1/sim/verilog/mmult_gmem0_m_axi.v" into library xil_defaultlib
INFO: [VRFC 10-311] analyzing module mmult_gmem0_m_axi
INFO: [VRFC 10-311] analyzing module mmult_gmem0_m_axi_load
INFO: [VRFC 10-311] analyzing module mmult_gmem0_m_axi_store
INFO: [VRFC 10-311] analyzing module mmult_gmem0_m_axi_flushManager
INFO: [VRFC 10-311] analyzing module mmult_gmem0_m_axi_read
INFO: [VRFC 10-311] analyzing module mmult_gmem0_m_axi_write
INFO: [VRFC 10-311] analyzing module mmult_gmem0_m_axi_throttle
INFO: [VRFC 10-311] analyzing module mmult_gmem0_m_axi_reg_slice
INFO: [VRFC 10-311] analyzing module mmult_gmem0_m_axi_fifo
INFO: [VRFC 10-311] analyzing module mmult_gmem0_m_axi_srl
INFO: [VRFC 10-311] analyzing module mmult_gmem0_m_axi_mem
INFO: [VRFC 10-2263] Analyzing SystemVerilog file "/home/ubuntu/Desktop/2024_Fall_NTU_AAHLS_SP/LabB_Systolic_Array/Vitis_HLS/SA_broadcasting/solution1/sim/verilog/mmult_localA_RAM_AUTO_1R1W.v" into library xil_defaultlib
INFO: [VRFC 10-311] analyzing module mmult_localA_RAM_AUTO_1R1W
INFO: [VRFC 10-2263] Analyzing SystemVerilog file "/home/ubuntu/Desktop/2024_Fall_NTU_AAHLS_SP/LabB_Systolic_Array/Vitis_HLS/SA_broadcasting/solution1/sim/verilog/mmult_mux_1632_32_1_1.v" into library xil_defaultlib
INFO: [VRFC 10-311] analyzing module mmult_mux_1632_32_1_1
INFO: [VRFC 10-2263] Analyzing SystemVerilog file "/home/ubuntu/Desktop/2024_Fall_NTU_AAHLS_SP/LabB_Systolic_Array/Vitis_HLS/SA_broadcasting/solution1/sim/verilog/mmult.v" into library xil_defaultlib
INFO: [VRFC 10-311] analyzing module mmult
INFO: [VRFC 10-2263] Analyzing SystemVerilog file "/home/ubuntu/Desktop/2024_Fall_NTU_AAHLS_SP/LabB_Systolic_Array/Vitis_HLS/SA_broadcasting/solution1/sim/verilog/AESL_axi_slave_control.v" into library xil_defaultlib
INFO: [VRFC 10-311] analyzing module AESL_axi_slave_control
INFO: [VRFC 10-2263] Analyzing SystemVerilog file "/home/ubuntu/Desktop/2024_Fall_NTU_AAHLS_SP/LabB_Systolic_Array/Vitis_HLS/SA_broadcasting/solution1/sim/verilog/mmult_mmult_Pipeline_init.v" into library xil_defaultlib
INFO: [VRFC 10-311] analyzing module mmult_mmult_Pipeline_init
INFO: [VRFC 10-2263] Analyzing SystemVerilog file "/home/ubuntu/Desktop/2024_Fall_NTU_AAHLS_SP/LabB_Systolic_Array/Vitis_HLS/SA_broadcasting/solution1/sim/verilog/mmult_gmem1_m_axi.v" into library xil_defaultlib
INFO: [VRFC 10-311] analyzing module mmult_gmem1_m_axi
INFO: [VRFC 10-311] analyzing module mmult_gmem1_m_axi_load
INFO: [VRFC 10-311] analyzing module mmult_gmem1_m_axi_store
INFO: [VRFC 10-311] analyzing module mmult_gmem1_m_axi_flushManager
INFO: [VRFC 10-311] analyzing module mmult_gmem1_m_axi_read
INFO: [VRFC 10-311] analyzing module mmult_gmem1_m_axi_write
INFO: [VRFC 10-311] analyzing module mmult_gmem1_m_axi_throttle
INFO: [VRFC 10-311] analyzing module mmult_gmem1_m_axi_reg_slice
INFO: [VRFC 10-311] analyzing module mmult_gmem1_m_axi_fifo
INFO: [VRFC 10-311] analyzing module mmult_gmem1_m_axi_srl
INFO: [VRFC 10-311] analyzing module mmult_gmem1_m_axi_mem
INFO: [VRFC 10-2263] Analyzing SystemVerilog file "/home/ubuntu/Desktop/2024_Fall_NTU_AAHLS_SP/LabB_Systolic_Array/Vitis_HLS/SA_broadcasting/solution1/sim/verilog/AESL_axi_master_gmem0.v" into library xil_defaultlib
INFO: [VRFC 10-311] analyzing module AESL_axi_master_gmem0
INFO: [VRFC 10-2263] Analyzing SystemVerilog file "/home/ubuntu/Desktop/2024_Fall_NTU_AAHLS_SP/LabB_Systolic_Array/Vitis_HLS/SA_broadcasting/solution1/sim/verilog/mmult_flow_control_loop_pipe_sequential_init.v" into library xil_defaultlib
INFO: [VRFC 10-311] analyzing module mmult_flow_control_loop_pipe_sequential_init
INFO: [VRFC 10-2263] Analyzing SystemVerilog file "/home/ubuntu/Desktop/2024_Fall_NTU_AAHLS_SP/LabB_Systolic_Array/Vitis_HLS/SA_broadcasting/solution1/sim/verilog/mmult_mmult_Pipeline_readB.v" into library xil_defaultlib
INFO: [VRFC 10-311] analyzing module mmult_mmult_Pipeline_readB
INFO: [VRFC 10-2263] Analyzing SystemVerilog file "/home/ubuntu/Desktop/2024_Fall_NTU_AAHLS_SP/LabB_Systolic_Array/Vitis_HLS/SA_broadcasting/solution1/sim/verilog/mmult_mmult_Pipeline_readA.v" into library xil_defaultlib
INFO: [VRFC 10-311] analyzing module mmult_mmult_Pipeline_readA
INFO: [VRFC 10-2263] Analyzing SystemVerilog file "/home/ubuntu/Desktop/2024_Fall_NTU_AAHLS_SP/LabB_Systolic_Array/Vitis_HLS/SA_broadcasting/solution1/sim/verilog/mmult.autotb.v" into library xil_defaultlib
INFO: [VRFC 10-311] analyzing module apatb_mmult_top
INFO: [VRFC 10-2263] Analyzing SystemVerilog file "/home/ubuntu/Desktop/2024_Fall_NTU_AAHLS_SP/LabB_Systolic_Array/Vitis_HLS/SA_broadcasting/solution1/sim/verilog/AESL_axi_master_gmem1.v" into library xil_defaultlib
INFO: [VRFC 10-311] analyzing module AESL_axi_master_gmem1
INFO: [VRFC 10-2263] Analyzing SystemVerilog file "/home/ubuntu/Desktop/2024_Fall_NTU_AAHLS_SP/LabB_Systolic_Array/Vitis_HLS/SA_broadcasting/solution1/sim/verilog/mmult_gmem2_m_axi.v" into library xil_defaultlib
INFO: [VRFC 10-311] analyzing module mmult_gmem2_m_axi
INFO: [VRFC 10-311] analyzing module mmult_gmem2_m_axi_load
INFO: [VRFC 10-311] analyzing module mmult_gmem2_m_axi_store
INFO: [VRFC 10-311] analyzing module mmult_gmem2_m_axi_flushManager
INFO: [VRFC 10-311] analyzing module mmult_gmem2_m_axi_read
INFO: [VRFC 10-311] analyzing module mmult_gmem2_m_axi_write
INFO: [VRFC 10-311] analyzing module mmult_gmem2_m_axi_throttle
INFO: [VRFC 10-311] analyzing module mmult_gmem2_m_axi_reg_slice
INFO: [VRFC 10-311] analyzing module mmult_gmem2_m_axi_fifo
INFO: [VRFC 10-311] analyzing module mmult_gmem2_m_axi_srl
INFO: [VRFC 10-311] analyzing module mmult_gmem2_m_axi_mem
INFO: [VRFC 10-2263] Analyzing SystemVerilog file "/home/ubuntu/Desktop/2024_Fall_NTU_AAHLS_SP/LabB_Systolic_Array/Vitis_HLS/SA_broadcasting/solution1/sim/verilog/mmult_control_s_axi.v" into library xil_defaultlib
INFO: [VRFC 10-311] analyzing module mmult_control_s_axi
INFO: [VRFC 10-2263] Analyzing SystemVerilog file "/home/ubuntu/Desktop/2024_Fall_NTU_AAHLS_SP/LabB_Systolic_Array/Vitis_HLS/SA_broadcasting/solution1/sim/verilog/AESL_axi_master_gmem2.v" into library xil_defaultlib
INFO: [VRFC 10-311] analyzing module AESL_axi_master_gmem2
INFO: [VRFC 10-2263] Analyzing SystemVerilog file "/home/ubuntu/Desktop/2024_Fall_NTU_AAHLS_SP/LabB_Systolic_Array/Vitis_HLS/SA_broadcasting/solution1/sim/verilog/mmult_mmult_Pipeline_writeC.v" into library xil_defaultlib
INFO: [VRFC 10-311] analyzing module mmult_mmult_Pipeline_writeC
INFO: [VRFC 10-2263] Analyzing SystemVerilog file "/home/ubuntu/Desktop/2024_Fall_NTU_AAHLS_SP/LabB_Systolic_Array/Vitis_HLS/SA_broadcasting/solution1/sim/verilog/mmult_mmult_Pipeline_systolic1.v" into library xil_defaultlib
INFO: [VRFC 10-311] analyzing module mmult_mmult_Pipeline_systolic1
INFO: [VRFC 10-2263] Analyzing SystemVerilog file "/home/ubuntu/Desktop/2024_Fall_NTU_AAHLS_SP/LabB_Systolic_Array/Vitis_HLS/SA_broadcasting/solution1/sim/verilog/dataflow_monitor.sv" into library xil_defaultlib
INFO: [VRFC 10-311] analyzing module dataflow_monitor
Starting static elaboration
Pass Through NonSizing Optimizer
Completed static elaboration
Starting simulation data flow analysis
Completed simulation data flow analysis
Time Resolution for simulation is 1ps
Compiling package xil_defaultlib.$unit_dataflow_monitor_sv
Compiling module xil_defaultlib.mmult_localA_RAM_AUTO_1R1W
Compiling module xil_defaultlib.mmult_flow_control_loop_pipe_seq...
Compiling module xil_defaultlib.mmult_mmult_Pipeline_init
Compiling module xil_defaultlib.mmult_mmult_Pipeline_readA
Compiling module xil_defaultlib.mmult_mmult_Pipeline_readB
Compiling module xil_defaultlib.mmult_mul_32s_32s_32_1_1(NUM_STA...
Compiling module xil_defaultlib.mmult_mmult_Pipeline_systolic1
Compiling module xil_defaultlib.mmult_mux_1632_32_1_1(ID=1)
Compiling module xil_defaultlib.mmult_mmult_Pipeline_writeC
Compiling module xil_defaultlib.mmult_control_s_axi
Compiling module xil_defaultlib.mmult_gmem0_m_axi_srl(DATA_WIDTH...
Compiling module xil_defaultlib.mmult_gmem0_m_axi_fifo(DATA_WIDT...
Compiling module xil_defaultlib.mmult_gmem0_m_axi_mem(MEM_STYLE=...
Compiling module xil_defaultlib.mmult_gmem0_m_axi_fifo(MEM_STYLE...
Compiling module xil_defaultlib.mmult_gmem0_m_axi_srl(DATA_WIDTH...
Compiling module xil_defaultlib.mmult_gmem0_m_axi_fifo(DATA_WIDT...
Compiling module xil_defaultlib.mmult_gmem0_m_axi_srl(DATA_WIDTH...
Compiling module xil_defaultlib.mmult_gmem0_m_axi_fifo(DATA_WIDT...
Compiling module xil_defaultlib.mmult_gmem0_m_axi_store(NUM_WRIT...
Compiling module xil_defaultlib.mmult_gmem0_m_axi_mem(MEM_STYLE=...
Compiling module xil_defaultlib.mmult_gmem0_m_axi_fifo(MEM_STYLE...
Compiling module xil_defaultlib.mmult_gmem0_m_axi_load(NUM_READ_...
Compiling module xil_defaultlib.mmult_gmem0_m_axi_reg_slice(DATA...
Compiling module xil_defaultlib.mmult_gmem0_m_axi_srl(DATA_WIDTH...
Compiling module xil_defaultlib.mmult_gmem0_m_axi_fifo(DATA_WIDT...
Compiling module xil_defaultlib.mmult_gmem0_m_axi_reg_slice(DATA...
Compiling module xil_defaultlib.mmult_gmem0_m_axi_srl(DATA_WIDTH...
Compiling module xil_defaultlib.mmult_gmem0_m_axi_fifo(DATA_WIDT...
Compiling module xil_defaultlib.mmult_gmem0_m_axi_srl(DATA_WIDTH...
Compiling module xil_defaultlib.mmult_gmem0_m_axi_fifo(DATA_WIDT...
Compiling module xil_defaultlib.mmult_gmem0_m_axi_throttle(CONSE...
Compiling module xil_defaultlib.mmult_gmem0_m_axi_reg_slice(DATA...
Compiling module xil_defaultlib.mmult_gmem0_m_axi_write(CONSERVA...
Compiling module xil_defaultlib.mmult_gmem0_m_axi_reg_slice(DATA...
Compiling module xil_defaultlib.mmult_gmem0_m_axi_read(C_USER_VA...
Compiling module xil_defaultlib.mmult_gmem0_m_axi(CONSERVATIVE=1...
Compiling module xil_defaultlib.mmult_gmem1_m_axi_srl(DATA_WIDTH...
Compiling module xil_defaultlib.mmult_gmem1_m_axi_fifo(DATA_WIDT...
Compiling module xil_defaultlib.mmult_gmem1_m_axi_mem(MEM_STYLE=...
Compiling module xil_defaultlib.mmult_gmem1_m_axi_fifo(MEM_STYLE...
Compiling module xil_defaultlib.mmult_gmem1_m_axi_srl(DATA_WIDTH...
Compiling module xil_defaultlib.mmult_gmem1_m_axi_fifo(DATA_WIDT...
Compiling module xil_defaultlib.mmult_gmem1_m_axi_srl(DATA_WIDTH...
Compiling module xil_defaultlib.mmult_gmem1_m_axi_fifo(DATA_WIDT...
Compiling module xil_defaultlib.mmult_gmem1_m_axi_store(NUM_WRIT...
Compiling module xil_defaultlib.mmult_gmem1_m_axi_mem(MEM_STYLE=...
Compiling module xil_defaultlib.mmult_gmem1_m_axi_fifo(MEM_STYLE...
Compiling module xil_defaultlib.mmult_gmem1_m_axi_load(NUM_READ_...
Compiling module xil_defaultlib.mmult_gmem1_m_axi_reg_slice(DATA...
Compiling module xil_defaultlib.mmult_gmem1_m_axi_srl(DATA_WIDTH...
Compiling module xil_defaultlib.mmult_gmem1_m_axi_fifo(DATA_WIDT...
Compiling module xil_defaultlib.mmult_gmem1_m_axi_reg_slice(DATA...
Compiling module xil_defaultlib.mmult_gmem1_m_axi_srl(DATA_WIDTH...
Compiling module xil_defaultlib.mmult_gmem1_m_axi_fifo(DATA_WIDT...
Compiling module xil_defaultlib.mmult_gmem1_m_axi_srl(DATA_WIDTH...
Compiling module xil_defaultlib.mmult_gmem1_m_axi_fifo(DATA_WIDT...
Compiling module xil_defaultlib.mmult_gmem1_m_axi_throttle(CONSE...
Compiling module xil_defaultlib.mmult_gmem1_m_axi_reg_slice(DATA...
Compiling module xil_defaultlib.mmult_gmem1_m_axi_write(CONSERVA...
Compiling module xil_defaultlib.mmult_gmem1_m_axi_reg_slice(DATA...
Compiling module xil_defaultlib.mmult_gmem1_m_axi_read(C_USER_VA...
Compiling module xil_defaultlib.mmult_gmem1_m_axi(CONSERVATIVE=1...
Compiling module xil_defaultlib.mmult_gmem2_m_axi_srl(DATA_WIDTH...
Compiling module xil_defaultlib.mmult_gmem2_m_axi_fifo(DATA_WIDT...
Compiling module xil_defaultlib.mmult_gmem2_m_axi_mem(MEM_STYLE=...
Compiling module xil_defaultlib.mmult_gmem2_m_axi_fifo(MEM_STYLE...
Compiling module xil_defaultlib.mmult_gmem2_m_axi_srl(DATA_WIDTH...
Compiling module xil_defaultlib.mmult_gmem2_m_axi_fifo(DATA_WIDT...
Compiling module xil_defaultlib.mmult_gmem2_m_axi_srl(DATA_WIDTH...
Compiling module xil_defaultlib.mmult_gmem2_m_axi_fifo(DATA_WIDT...
Compiling module xil_defaultlib.mmult_gmem2_m_axi_store(NUM_WRIT...
Compiling module xil_defaultlib.mmult_gmem2_m_axi_mem(MEM_STYLE=...
Compiling module xil_defaultlib.mmult_gmem2_m_axi_fifo(MEM_STYLE...
Compiling module xil_defaultlib.mmult_gmem2_m_axi_load(NUM_READ_...
Compiling module xil_defaultlib.mmult_gmem2_m_axi_reg_slice(DATA...
Compiling module xil_defaultlib.mmult_gmem2_m_axi_srl(DATA_WIDTH...
Compiling module xil_defaultlib.mmult_gmem2_m_axi_fifo(DATA_WIDT...
Compiling module xil_defaultlib.mmult_gmem2_m_axi_reg_slice(DATA...
Compiling module xil_defaultlib.mmult_gmem2_m_axi_srl(DATA_WIDTH...
Compiling module xil_defaultlib.mmult_gmem2_m_axi_fifo(DATA_WIDT...
Compiling module xil_defaultlib.mmult_gmem2_m_axi_srl(DATA_WIDTH...
Compiling module xil_defaultlib.mmult_gmem2_m_axi_fifo(DATA_WIDT...
Compiling module xil_defaultlib.mmult_gmem2_m_axi_throttle(CONSE...
Compiling module xil_defaultlib.mmult_gmem2_m_axi_reg_slice(DATA...
Compiling module xil_defaultlib.mmult_gmem2_m_axi_write(CONSERVA...
Compiling module xil_defaultlib.mmult_gmem2_m_axi_reg_slice(DATA...
Compiling module xil_defaultlib.mmult_gmem2_m_axi_read(C_USER_VA...
Compiling module xil_defaultlib.mmult_gmem2_m_axi(CONSERVATIVE=1...
Compiling module xil_defaultlib.mmult
Compiling module xil_defaultlib.AESL_axi_master_gmem0
Compiling module xil_defaultlib.AESL_axi_master_gmem1
Compiling module xil_defaultlib.AESL_axi_master_gmem2
Compiling module xil_defaultlib.AESL_axi_slave_control
Compiling module xil_defaultlib.nodf_module_intf
Compiling module xil_defaultlib.pp_loop_intf(FSM_WIDTH=9)
Compiling module xil_defaultlib.pp_loop_intf(FSM_WIDTH=7)
Compiling module xil_defaultlib.upc_loop_intf(FSM_WIDTH=1)
Compiling module xil_defaultlib.dataflow_monitor_1
Compiling module xil_defaultlib.apatb_mmult_top
Compiling module work.glbl
Built simulation snapshot mmult
