

================================================================
== Vitis HLS Report for 'mmult_Pipeline_init'
================================================================
* Date:           Wed Dec  4 13:23:23 2024

* Version:        2022.1 (Build 3526262 on Mon Apr 18 15:47:01 MDT 2022)
* Project:        SA_broadcasting
* Solution:       solution1 (Vivado IP Flow Target)
* Product family: virtexuplus
* Target device:  xcu50-fsvh2104-2-e


================================================================
== Performance Estimates
================================================================
+ Timing: 
    * Summary: 
    +--------+----------+----------+------------+
    |  Clock |  Target  | Estimated| Uncertainty|
    +--------+----------+----------+------------+
    |ap_clk  |  10.00 ns|  1.094 ns|     2.70 ns|
    +--------+----------+----------+------------+

+ Latency: 
    * Summary: 
    +---------+---------+----------+----------+-----+-----+---------+
    |  Latency (cycles) |  Latency (absolute) |  Interval | Pipeline|
    |   min   |   max   |    min   |    max   | min | max |   Type  |
    +---------+---------+----------+----------+-----+-----+---------+
    |       18|       18|  0.180 us|  0.180 us|   18|   18|       no|
    +---------+---------+----------+----------+-----+-----+---------+

    + Detail: 
        * Instance: 
        N/A

        * Loop: 
        +----------+---------+---------+----------+-----------+-----------+------+----------+
        |          |  Latency (cycles) | Iteration|  Initiation Interval  | Trip |          |
        | Loop Name|   min   |   max   |  Latency |  achieved |   target  | Count| Pipelined|
        +----------+---------+---------+----------+-----------+-----------+------+----------+
        |- init    |       16|       16|         1|          1|          1|    16|       yes|
        +----------+---------+---------+----------+-----------+-----------+------+----------+

============================================================
+ Verbose Summary: Synthesis Manager
============================================================
InlineROM: 1
ExposeGlobal: 0
============================================================
+ Verbose Summary: CDFG Model
============================================================
IsTopModel: 0
ResetActiveHigh: 1
IsCombinational: 0
IsDatapathOnly: 0
HasWiredReturn: 1
HasMFsm: 2
HasVarLatency: 1
IsPipeline: 0
IsRtlPipelined: 0
IsInstanceOverlapped: 0
IsDontTouch: 0
HasImplIP: 0
IsGatedGlobalClock: 0

+ Individual pipeline summary: 
  * Pipeline-0: initiation interval (II) = 1, depth = 1


============================================================
+ Verbose Summary: Schedule
============================================================
* Number of FSM states : 1
* Pipeline : 1
  Pipeline-0 : II = 1, D = 1, States = { 1 }
* Dataflow Pipeline: 0

* FSM state transitions: 
1 --> 

* FSM state operations: 

State 1 <SV = 0> <Delay = 1.09>
ST_1 : Operation 4 [1/1] (0.00ns)   --->   "%i = alloca i32 1"   --->   Operation 4 'alloca' 'i' <Predicate = true> <Delay = 0.00>
ST_1 : Operation 5 [1/1] (0.00ns)   --->   "%arrayidx682_15322_promoted = alloca i32 1"   --->   Operation 5 'alloca' 'arrayidx682_15322_promoted' <Predicate = true> <Delay = 0.00>
ST_1 : Operation 6 [1/1] (0.00ns)   --->   "%arrayidx682_1_15_promoted = alloca i32 1"   --->   Operation 6 'alloca' 'arrayidx682_1_15_promoted' <Predicate = true> <Delay = 0.00>
ST_1 : Operation 7 [1/1] (0.00ns)   --->   "%arrayidx682_2_15_promoted = alloca i32 1"   --->   Operation 7 'alloca' 'arrayidx682_2_15_promoted' <Predicate = true> <Delay = 0.00>
ST_1 : Operation 8 [1/1] (0.00ns)   --->   "%arrayidx682_3_15_promoted = alloca i32 1"   --->   Operation 8 'alloca' 'arrayidx682_3_15_promoted' <Predicate = true> <Delay = 0.00>
ST_1 : Operation 9 [1/1] (0.00ns)   --->   "%arrayidx682_4_15_promoted = alloca i32 1"   --->   Operation 9 'alloca' 'arrayidx682_4_15_promoted' <Predicate = true> <Delay = 0.00>
ST_1 : Operation 10 [1/1] (0.00ns)   --->   "%arrayidx682_5_15_promoted = alloca i32 1"   --->   Operation 10 'alloca' 'arrayidx682_5_15_promoted' <Predicate = true> <Delay = 0.00>
ST_1 : Operation 11 [1/1] (0.00ns)   --->   "%arrayidx682_6_15_promoted = alloca i32 1"   --->   Operation 11 'alloca' 'arrayidx682_6_15_promoted' <Predicate = true> <Delay = 0.00>
ST_1 : Operation 12 [1/1] (0.00ns)   --->   "%arrayidx682_7_15_promoted = alloca i32 1"   --->   Operation 12 'alloca' 'arrayidx682_7_15_promoted' <Predicate = true> <Delay = 0.00>
ST_1 : Operation 13 [1/1] (0.00ns)   --->   "%arrayidx682_8_15_promoted = alloca i32 1"   --->   Operation 13 'alloca' 'arrayidx682_8_15_promoted' <Predicate = true> <Delay = 0.00>
ST_1 : Operation 14 [1/1] (0.00ns)   --->   "%arrayidx682_9_15_promoted = alloca i32 1"   --->   Operation 14 'alloca' 'arrayidx682_9_15_promoted' <Predicate = true> <Delay = 0.00>
ST_1 : Operation 15 [1/1] (0.00ns)   --->   "%arrayidx682_10_15_promoted = alloca i32 1"   --->   Operation 15 'alloca' 'arrayidx682_10_15_promoted' <Predicate = true> <Delay = 0.00>
ST_1 : Operation 16 [1/1] (0.00ns)   --->   "%arrayidx682_11_15_promoted = alloca i32 1"   --->   Operation 16 'alloca' 'arrayidx682_11_15_promoted' <Predicate = true> <Delay = 0.00>
ST_1 : Operation 17 [1/1] (0.00ns)   --->   "%arrayidx682_12_15_promoted = alloca i32 1"   --->   Operation 17 'alloca' 'arrayidx682_12_15_promoted' <Predicate = true> <Delay = 0.00>
ST_1 : Operation 18 [1/1] (0.00ns)   --->   "%arrayidx682_13_15_promoted = alloca i32 1"   --->   Operation 18 'alloca' 'arrayidx682_13_15_promoted' <Predicate = true> <Delay = 0.00>
ST_1 : Operation 19 [1/1] (0.00ns)   --->   "%arrayidx682_14_15_promoted = alloca i32 1"   --->   Operation 19 'alloca' 'arrayidx682_14_15_promoted' <Predicate = true> <Delay = 0.00>
ST_1 : Operation 20 [1/1] (0.00ns)   --->   "%arrayidx682_15_15_promoted = alloca i32 1"   --->   Operation 20 'alloca' 'arrayidx682_15_15_promoted' <Predicate = true> <Delay = 0.00>
ST_1 : Operation 21 [1/1] (0.38ns)   --->   "%store_ln0 = store i5 0, i5 %i"   --->   Operation 21 'store' 'store_ln0' <Predicate = true> <Delay = 0.38>
ST_1 : Operation 22 [1/1] (0.00ns)   --->   "%br_ln0 = br void %for.inc"   --->   Operation 22 'br' 'br_ln0' <Predicate = true> <Delay = 0.00>
ST_1 : Operation 23 [1/1] (0.00ns)   --->   "%i_3 = load i5 %i" [SA_broadcasting/src/mmult.cpp:55]   --->   Operation 23 'load' 'i_3' <Predicate = true> <Delay = 0.00>
ST_1 : Operation 24 [1/1] (0.63ns)   --->   "%icmp_ln52 = icmp_eq  i5 %i_3, i5 16" [SA_broadcasting/src/mmult.cpp:52]   --->   Operation 24 'icmp' 'icmp_ln52' <Predicate = true> <Delay = 0.63> <CoreInst = "Cmp">   --->   Core 9 'Cmp' <Latency = 0> <II = 1> <Delay = 0.63> <FuncUnit> <Opcode : 'icmp'> <InPorts = 2> <OutPorts = 1>
ST_1 : Operation 25 [1/1] (0.00ns)   --->   "%speclooptripcount_ln0 = speclooptripcount void @_ssdm_op_SpecLoopTripCount, i64 16, i64 16, i64 16"   --->   Operation 25 'speclooptripcount' 'speclooptripcount_ln0' <Predicate = true> <Delay = 0.00>
ST_1 : Operation 26 [1/1] (0.70ns)   --->   "%add_ln52 = add i5 %i_3, i5 1" [SA_broadcasting/src/mmult.cpp:52]   --->   Operation 26 'add' 'add_ln52' <Predicate = true> <Delay = 0.70> <CoreInst = "Adder">   --->   Core 1 'Adder' <Latency = 0> <II = 1> <Delay = 0.70> <FuncUnit> <Opcode : 'add' 'sub'> <InPorts = 2> <OutPorts = 1>
ST_1 : Operation 27 [1/1] (0.00ns)   --->   "%br_ln52 = br i1 %icmp_ln52, void %for.inc.split, void %readA.exitStub" [SA_broadcasting/src/mmult.cpp:52]   --->   Operation 27 'br' 'br_ln52' <Predicate = true> <Delay = 0.00>
ST_1 : Operation 28 [1/1] (0.00ns)   --->   "%specpipeline_ln53 = specpipeline void @_ssdm_op_SpecPipeline, i32 4294967295, i32 0, i32 0, i32 0, void @empty_5" [SA_broadcasting/src/mmult.cpp:53]   --->   Operation 28 'specpipeline' 'specpipeline_ln53' <Predicate = (!icmp_ln52)> <Delay = 0.00>
ST_1 : Operation 29 [1/1] (0.00ns)   --->   "%specloopname_ln52 = specloopname void @_ssdm_op_SpecLoopName, void @empty_18" [SA_broadcasting/src/mmult.cpp:52]   --->   Operation 29 'specloopname' 'specloopname_ln52' <Predicate = (!icmp_ln52)> <Delay = 0.00>
ST_1 : Operation 30 [1/1] (0.00ns)   --->   "%trunc_ln55 = trunc i5 %i_3" [SA_broadcasting/src/mmult.cpp:55]   --->   Operation 30 'trunc' 'trunc_ln55' <Predicate = (!icmp_ln52)> <Delay = 0.00>
ST_1 : Operation 31 [1/1] (0.34ns)   --->   "%switch_ln55 = switch i4 %trunc_ln55, void %arrayidx68.15.case.15, i4 0, void %for.inc.split.arrayidx68.15.exit_crit_edge, i4 1, void %for.inc.split.arrayidx68.15.exit_crit_edge1, i4 2, void %arrayidx68.15.case.2, i4 3, void %arrayidx68.15.case.3, i4 4, void %arrayidx68.15.case.4, i4 5, void %arrayidx68.15.case.5, i4 6, void %arrayidx68.15.case.6, i4 7, void %arrayidx68.15.case.7, i4 8, void %arrayidx68.15.case.8, i4 9, void %arrayidx68.15.case.9, i4 10, void %arrayidx68.15.case.10, i4 11, void %arrayidx68.15.case.11, i4 12, void %arrayidx68.15.case.12, i4 13, void %arrayidx68.15.case.13, i4 14, void %arrayidx68.15.case.14" [SA_broadcasting/src/mmult.cpp:55]   --->   Operation 31 'switch' 'switch_ln55' <Predicate = (!icmp_ln52)> <Delay = 0.34>
ST_1 : Operation 32 [1/1] (0.00ns)   --->   "%store_ln55 = store i32 0, i32 %arrayidx682_14_15_promoted" [SA_broadcasting/src/mmult.cpp:55]   --->   Operation 32 'store' 'store_ln55' <Predicate = (!icmp_ln52 & trunc_ln55 == 14)> <Delay = 0.00>
ST_1 : Operation 33 [1/1] (0.00ns)   --->   "%br_ln55 = br void %arrayidx68.15.exit" [SA_broadcasting/src/mmult.cpp:55]   --->   Operation 33 'br' 'br_ln55' <Predicate = (!icmp_ln52 & trunc_ln55 == 14)> <Delay = 0.00>
ST_1 : Operation 34 [1/1] (0.00ns)   --->   "%store_ln55 = store i32 0, i32 %arrayidx682_13_15_promoted" [SA_broadcasting/src/mmult.cpp:55]   --->   Operation 34 'store' 'store_ln55' <Predicate = (!icmp_ln52 & trunc_ln55 == 13)> <Delay = 0.00>
ST_1 : Operation 35 [1/1] (0.00ns)   --->   "%br_ln55 = br void %arrayidx68.15.exit" [SA_broadcasting/src/mmult.cpp:55]   --->   Operation 35 'br' 'br_ln55' <Predicate = (!icmp_ln52 & trunc_ln55 == 13)> <Delay = 0.00>
ST_1 : Operation 36 [1/1] (0.00ns)   --->   "%store_ln55 = store i32 0, i32 %arrayidx682_12_15_promoted" [SA_broadcasting/src/mmult.cpp:55]   --->   Operation 36 'store' 'store_ln55' <Predicate = (!icmp_ln52 & trunc_ln55 == 12)> <Delay = 0.00>
ST_1 : Operation 37 [1/1] (0.00ns)   --->   "%br_ln55 = br void %arrayidx68.15.exit" [SA_broadcasting/src/mmult.cpp:55]   --->   Operation 37 'br' 'br_ln55' <Predicate = (!icmp_ln52 & trunc_ln55 == 12)> <Delay = 0.00>
ST_1 : Operation 38 [1/1] (0.00ns)   --->   "%store_ln55 = store i32 0, i32 %arrayidx682_11_15_promoted" [SA_broadcasting/src/mmult.cpp:55]   --->   Operation 38 'store' 'store_ln55' <Predicate = (!icmp_ln52 & trunc_ln55 == 11)> <Delay = 0.00>
ST_1 : Operation 39 [1/1] (0.00ns)   --->   "%br_ln55 = br void %arrayidx68.15.exit" [SA_broadcasting/src/mmult.cpp:55]   --->   Operation 39 'br' 'br_ln55' <Predicate = (!icmp_ln52 & trunc_ln55 == 11)> <Delay = 0.00>
ST_1 : Operation 40 [1/1] (0.00ns)   --->   "%store_ln55 = store i32 0, i32 %arrayidx682_10_15_promoted" [SA_broadcasting/src/mmult.cpp:55]   --->   Operation 40 'store' 'store_ln55' <Predicate = (!icmp_ln52 & trunc_ln55 == 10)> <Delay = 0.00>
ST_1 : Operation 41 [1/1] (0.00ns)   --->   "%br_ln55 = br void %arrayidx68.15.exit" [SA_broadcasting/src/mmult.cpp:55]   --->   Operation 41 'br' 'br_ln55' <Predicate = (!icmp_ln52 & trunc_ln55 == 10)> <Delay = 0.00>
ST_1 : Operation 42 [1/1] (0.00ns)   --->   "%store_ln55 = store i32 0, i32 %arrayidx682_9_15_promoted" [SA_broadcasting/src/mmult.cpp:55]   --->   Operation 42 'store' 'store_ln55' <Predicate = (!icmp_ln52 & trunc_ln55 == 9)> <Delay = 0.00>
ST_1 : Operation 43 [1/1] (0.00ns)   --->   "%br_ln55 = br void %arrayidx68.15.exit" [SA_broadcasting/src/mmult.cpp:55]   --->   Operation 43 'br' 'br_ln55' <Predicate = (!icmp_ln52 & trunc_ln55 == 9)> <Delay = 0.00>
ST_1 : Operation 44 [1/1] (0.00ns)   --->   "%store_ln55 = store i32 0, i32 %arrayidx682_8_15_promoted" [SA_broadcasting/src/mmult.cpp:55]   --->   Operation 44 'store' 'store_ln55' <Predicate = (!icmp_ln52 & trunc_ln55 == 8)> <Delay = 0.00>
ST_1 : Operation 45 [1/1] (0.00ns)   --->   "%br_ln55 = br void %arrayidx68.15.exit" [SA_broadcasting/src/mmult.cpp:55]   --->   Operation 45 'br' 'br_ln55' <Predicate = (!icmp_ln52 & trunc_ln55 == 8)> <Delay = 0.00>
ST_1 : Operation 46 [1/1] (0.00ns)   --->   "%store_ln55 = store i32 0, i32 %arrayidx682_7_15_promoted" [SA_broadcasting/src/mmult.cpp:55]   --->   Operation 46 'store' 'store_ln55' <Predicate = (!icmp_ln52 & trunc_ln55 == 7)> <Delay = 0.00>
ST_1 : Operation 47 [1/1] (0.00ns)   --->   "%br_ln55 = br void %arrayidx68.15.exit" [SA_broadcasting/src/mmult.cpp:55]   --->   Operation 47 'br' 'br_ln55' <Predicate = (!icmp_ln52 & trunc_ln55 == 7)> <Delay = 0.00>
ST_1 : Operation 48 [1/1] (0.00ns)   --->   "%store_ln55 = store i32 0, i32 %arrayidx682_6_15_promoted" [SA_broadcasting/src/mmult.cpp:55]   --->   Operation 48 'store' 'store_ln55' <Predicate = (!icmp_ln52 & trunc_ln55 == 6)> <Delay = 0.00>
ST_1 : Operation 49 [1/1] (0.00ns)   --->   "%br_ln55 = br void %arrayidx68.15.exit" [SA_broadcasting/src/mmult.cpp:55]   --->   Operation 49 'br' 'br_ln55' <Predicate = (!icmp_ln52 & trunc_ln55 == 6)> <Delay = 0.00>
ST_1 : Operation 50 [1/1] (0.00ns)   --->   "%store_ln55 = store i32 0, i32 %arrayidx682_5_15_promoted" [SA_broadcasting/src/mmult.cpp:55]   --->   Operation 50 'store' 'store_ln55' <Predicate = (!icmp_ln52 & trunc_ln55 == 5)> <Delay = 0.00>
ST_1 : Operation 51 [1/1] (0.00ns)   --->   "%br_ln55 = br void %arrayidx68.15.exit" [SA_broadcasting/src/mmult.cpp:55]   --->   Operation 51 'br' 'br_ln55' <Predicate = (!icmp_ln52 & trunc_ln55 == 5)> <Delay = 0.00>
ST_1 : Operation 52 [1/1] (0.00ns)   --->   "%store_ln55 = store i32 0, i32 %arrayidx682_4_15_promoted" [SA_broadcasting/src/mmult.cpp:55]   --->   Operation 52 'store' 'store_ln55' <Predicate = (!icmp_ln52 & trunc_ln55 == 4)> <Delay = 0.00>
ST_1 : Operation 53 [1/1] (0.00ns)   --->   "%br_ln55 = br void %arrayidx68.15.exit" [SA_broadcasting/src/mmult.cpp:55]   --->   Operation 53 'br' 'br_ln55' <Predicate = (!icmp_ln52 & trunc_ln55 == 4)> <Delay = 0.00>
ST_1 : Operation 54 [1/1] (0.00ns)   --->   "%store_ln55 = store i32 0, i32 %arrayidx682_3_15_promoted" [SA_broadcasting/src/mmult.cpp:55]   --->   Operation 54 'store' 'store_ln55' <Predicate = (!icmp_ln52 & trunc_ln55 == 3)> <Delay = 0.00>
ST_1 : Operation 55 [1/1] (0.00ns)   --->   "%br_ln55 = br void %arrayidx68.15.exit" [SA_broadcasting/src/mmult.cpp:55]   --->   Operation 55 'br' 'br_ln55' <Predicate = (!icmp_ln52 & trunc_ln55 == 3)> <Delay = 0.00>
ST_1 : Operation 56 [1/1] (0.00ns)   --->   "%store_ln55 = store i32 0, i32 %arrayidx682_2_15_promoted" [SA_broadcasting/src/mmult.cpp:55]   --->   Operation 56 'store' 'store_ln55' <Predicate = (!icmp_ln52 & trunc_ln55 == 2)> <Delay = 0.00>
ST_1 : Operation 57 [1/1] (0.00ns)   --->   "%br_ln55 = br void %arrayidx68.15.exit" [SA_broadcasting/src/mmult.cpp:55]   --->   Operation 57 'br' 'br_ln55' <Predicate = (!icmp_ln52 & trunc_ln55 == 2)> <Delay = 0.00>
ST_1 : Operation 58 [1/1] (0.00ns)   --->   "%store_ln55 = store i32 0, i32 %arrayidx682_1_15_promoted" [SA_broadcasting/src/mmult.cpp:55]   --->   Operation 58 'store' 'store_ln55' <Predicate = (!icmp_ln52 & trunc_ln55 == 1)> <Delay = 0.00>
ST_1 : Operation 59 [1/1] (0.00ns)   --->   "%br_ln55 = br void %arrayidx68.15.exit" [SA_broadcasting/src/mmult.cpp:55]   --->   Operation 59 'br' 'br_ln55' <Predicate = (!icmp_ln52 & trunc_ln55 == 1)> <Delay = 0.00>
ST_1 : Operation 60 [1/1] (0.00ns)   --->   "%store_ln55 = store i32 0, i32 %arrayidx682_15322_promoted" [SA_broadcasting/src/mmult.cpp:55]   --->   Operation 60 'store' 'store_ln55' <Predicate = (!icmp_ln52 & trunc_ln55 == 0)> <Delay = 0.00>
ST_1 : Operation 61 [1/1] (0.00ns)   --->   "%br_ln55 = br void %arrayidx68.15.exit" [SA_broadcasting/src/mmult.cpp:55]   --->   Operation 61 'br' 'br_ln55' <Predicate = (!icmp_ln52 & trunc_ln55 == 0)> <Delay = 0.00>
ST_1 : Operation 62 [1/1] (0.00ns)   --->   "%store_ln55 = store i32 0, i32 %arrayidx682_15_15_promoted" [SA_broadcasting/src/mmult.cpp:55]   --->   Operation 62 'store' 'store_ln55' <Predicate = (!icmp_ln52 & trunc_ln55 == 15)> <Delay = 0.00>
ST_1 : Operation 63 [1/1] (0.00ns)   --->   "%br_ln55 = br void %arrayidx68.15.exit" [SA_broadcasting/src/mmult.cpp:55]   --->   Operation 63 'br' 'br_ln55' <Predicate = (!icmp_ln52 & trunc_ln55 == 15)> <Delay = 0.00>
ST_1 : Operation 64 [1/1] (0.38ns)   --->   "%store_ln52 = store i5 %add_ln52, i5 %i" [SA_broadcasting/src/mmult.cpp:52]   --->   Operation 64 'store' 'store_ln52' <Predicate = (!icmp_ln52)> <Delay = 0.38>
ST_1 : Operation 65 [1/1] (0.00ns)   --->   "%br_ln52 = br void %for.inc" [SA_broadcasting/src/mmult.cpp:52]   --->   Operation 65 'br' 'br_ln52' <Predicate = (!icmp_ln52)> <Delay = 0.00>
ST_1 : Operation 66 [1/1] (0.00ns)   --->   "%arrayidx682_15322_promoted_load = load i32 %arrayidx682_15322_promoted"   --->   Operation 66 'load' 'arrayidx682_15322_promoted_load' <Predicate = (icmp_ln52)> <Delay = 0.00>
ST_1 : Operation 67 [1/1] (0.00ns)   --->   "%arrayidx682_1_15_promoted_load = load i32 %arrayidx682_1_15_promoted"   --->   Operation 67 'load' 'arrayidx682_1_15_promoted_load' <Predicate = (icmp_ln52)> <Delay = 0.00>
ST_1 : Operation 68 [1/1] (0.00ns)   --->   "%arrayidx682_2_15_promoted_load = load i32 %arrayidx682_2_15_promoted"   --->   Operation 68 'load' 'arrayidx682_2_15_promoted_load' <Predicate = (icmp_ln52)> <Delay = 0.00>
ST_1 : Operation 69 [1/1] (0.00ns)   --->   "%arrayidx682_3_15_promoted_load = load i32 %arrayidx682_3_15_promoted"   --->   Operation 69 'load' 'arrayidx682_3_15_promoted_load' <Predicate = (icmp_ln52)> <Delay = 0.00>
ST_1 : Operation 70 [1/1] (0.00ns)   --->   "%arrayidx682_4_15_promoted_load = load i32 %arrayidx682_4_15_promoted"   --->   Operation 70 'load' 'arrayidx682_4_15_promoted_load' <Predicate = (icmp_ln52)> <Delay = 0.00>
ST_1 : Operation 71 [1/1] (0.00ns)   --->   "%arrayidx682_5_15_promoted_load = load i32 %arrayidx682_5_15_promoted"   --->   Operation 71 'load' 'arrayidx682_5_15_promoted_load' <Predicate = (icmp_ln52)> <Delay = 0.00>
ST_1 : Operation 72 [1/1] (0.00ns)   --->   "%arrayidx682_6_15_promoted_load = load i32 %arrayidx682_6_15_promoted"   --->   Operation 72 'load' 'arrayidx682_6_15_promoted_load' <Predicate = (icmp_ln52)> <Delay = 0.00>
ST_1 : Operation 73 [1/1] (0.00ns)   --->   "%arrayidx682_7_15_promoted_load = load i32 %arrayidx682_7_15_promoted"   --->   Operation 73 'load' 'arrayidx682_7_15_promoted_load' <Predicate = (icmp_ln52)> <Delay = 0.00>
ST_1 : Operation 74 [1/1] (0.00ns)   --->   "%arrayidx682_8_15_promoted_load = load i32 %arrayidx682_8_15_promoted"   --->   Operation 74 'load' 'arrayidx682_8_15_promoted_load' <Predicate = (icmp_ln52)> <Delay = 0.00>
ST_1 : Operation 75 [1/1] (0.00ns)   --->   "%arrayidx682_9_15_promoted_load = load i32 %arrayidx682_9_15_promoted"   --->   Operation 75 'load' 'arrayidx682_9_15_promoted_load' <Predicate = (icmp_ln52)> <Delay = 0.00>
ST_1 : Operation 76 [1/1] (0.00ns)   --->   "%arrayidx682_10_15_promoted_load = load i32 %arrayidx682_10_15_promoted"   --->   Operation 76 'load' 'arrayidx682_10_15_promoted_load' <Predicate = (icmp_ln52)> <Delay = 0.00>
ST_1 : Operation 77 [1/1] (0.00ns)   --->   "%arrayidx682_11_15_promoted_load = load i32 %arrayidx682_11_15_promoted"   --->   Operation 77 'load' 'arrayidx682_11_15_promoted_load' <Predicate = (icmp_ln52)> <Delay = 0.00>
ST_1 : Operation 78 [1/1] (0.00ns)   --->   "%arrayidx682_12_15_promoted_load = load i32 %arrayidx682_12_15_promoted"   --->   Operation 78 'load' 'arrayidx682_12_15_promoted_load' <Predicate = (icmp_ln52)> <Delay = 0.00>
ST_1 : Operation 79 [1/1] (0.00ns)   --->   "%arrayidx682_13_15_promoted_load = load i32 %arrayidx682_13_15_promoted"   --->   Operation 79 'load' 'arrayidx682_13_15_promoted_load' <Predicate = (icmp_ln52)> <Delay = 0.00>
ST_1 : Operation 80 [1/1] (0.00ns)   --->   "%arrayidx682_14_15_promoted_load = load i32 %arrayidx682_14_15_promoted"   --->   Operation 80 'load' 'arrayidx682_14_15_promoted_load' <Predicate = (icmp_ln52)> <Delay = 0.00>
ST_1 : Operation 81 [1/1] (0.00ns)   --->   "%arrayidx682_15_15_promoted_load = load i32 %arrayidx682_15_15_promoted"   --->   Operation 81 'load' 'arrayidx682_15_15_promoted_load' <Predicate = (icmp_ln52)> <Delay = 0.00>
ST_1 : Operation 82 [1/1] (0.00ns)   --->   "%write_ln0 = write void @_ssdm_op_Write.ap_auto.i32P0A, i32 %arrayidx682_15_15_promoted_out, i32 %arrayidx682_15_15_promoted_load"   --->   Operation 82 'write' 'write_ln0' <Predicate = (icmp_ln52)> <Delay = 0.00>
ST_1 : Operation 83 [1/1] (0.00ns)   --->   "%write_ln0 = write void @_ssdm_op_Write.ap_auto.i32P0A, i32 %arrayidx682_14_15_promoted_out, i32 %arrayidx682_14_15_promoted_load"   --->   Operation 83 'write' 'write_ln0' <Predicate = (icmp_ln52)> <Delay = 0.00>
ST_1 : Operation 84 [1/1] (0.00ns)   --->   "%write_ln0 = write void @_ssdm_op_Write.ap_auto.i32P0A, i32 %arrayidx682_13_15_promoted_out, i32 %arrayidx682_13_15_promoted_load"   --->   Operation 84 'write' 'write_ln0' <Predicate = (icmp_ln52)> <Delay = 0.00>
ST_1 : Operation 85 [1/1] (0.00ns)   --->   "%write_ln0 = write void @_ssdm_op_Write.ap_auto.i32P0A, i32 %arrayidx682_12_15_promoted_out, i32 %arrayidx682_12_15_promoted_load"   --->   Operation 85 'write' 'write_ln0' <Predicate = (icmp_ln52)> <Delay = 0.00>
ST_1 : Operation 86 [1/1] (0.00ns)   --->   "%write_ln0 = write void @_ssdm_op_Write.ap_auto.i32P0A, i32 %arrayidx682_11_15_promoted_out, i32 %arrayidx682_11_15_promoted_load"   --->   Operation 86 'write' 'write_ln0' <Predicate = (icmp_ln52)> <Delay = 0.00>
ST_1 : Operation 87 [1/1] (0.00ns)   --->   "%write_ln0 = write void @_ssdm_op_Write.ap_auto.i32P0A, i32 %arrayidx682_10_15_promoted_out, i32 %arrayidx682_10_15_promoted_load"   --->   Operation 87 'write' 'write_ln0' <Predicate = (icmp_ln52)> <Delay = 0.00>
ST_1 : Operation 88 [1/1] (0.00ns)   --->   "%write_ln0 = write void @_ssdm_op_Write.ap_auto.i32P0A, i32 %arrayidx682_9_15_promoted_out, i32 %arrayidx682_9_15_promoted_load"   --->   Operation 88 'write' 'write_ln0' <Predicate = (icmp_ln52)> <Delay = 0.00>
ST_1 : Operation 89 [1/1] (0.00ns)   --->   "%write_ln0 = write void @_ssdm_op_Write.ap_auto.i32P0A, i32 %arrayidx682_8_15_promoted_out, i32 %arrayidx682_8_15_promoted_load"   --->   Operation 89 'write' 'write_ln0' <Predicate = (icmp_ln52)> <Delay = 0.00>
ST_1 : Operation 90 [1/1] (0.00ns)   --->   "%write_ln0 = write void @_ssdm_op_Write.ap_auto.i32P0A, i32 %arrayidx682_7_15_promoted_out, i32 %arrayidx682_7_15_promoted_load"   --->   Operation 90 'write' 'write_ln0' <Predicate = (icmp_ln52)> <Delay = 0.00>
ST_1 : Operation 91 [1/1] (0.00ns)   --->   "%write_ln0 = write void @_ssdm_op_Write.ap_auto.i32P0A, i32 %arrayidx682_6_15_promoted_out, i32 %arrayidx682_6_15_promoted_load"   --->   Operation 91 'write' 'write_ln0' <Predicate = (icmp_ln52)> <Delay = 0.00>
ST_1 : Operation 92 [1/1] (0.00ns)   --->   "%write_ln0 = write void @_ssdm_op_Write.ap_auto.i32P0A, i32 %arrayidx682_5_15_promoted_out, i32 %arrayidx682_5_15_promoted_load"   --->   Operation 92 'write' 'write_ln0' <Predicate = (icmp_ln52)> <Delay = 0.00>
ST_1 : Operation 93 [1/1] (0.00ns)   --->   "%write_ln0 = write void @_ssdm_op_Write.ap_auto.i32P0A, i32 %arrayidx682_4_15_promoted_out, i32 %arrayidx682_4_15_promoted_load"   --->   Operation 93 'write' 'write_ln0' <Predicate = (icmp_ln52)> <Delay = 0.00>
ST_1 : Operation 94 [1/1] (0.00ns)   --->   "%write_ln0 = write void @_ssdm_op_Write.ap_auto.i32P0A, i32 %arrayidx682_3_15_promoted_out, i32 %arrayidx682_3_15_promoted_load"   --->   Operation 94 'write' 'write_ln0' <Predicate = (icmp_ln52)> <Delay = 0.00>
ST_1 : Operation 95 [1/1] (0.00ns)   --->   "%write_ln0 = write void @_ssdm_op_Write.ap_auto.i32P0A, i32 %arrayidx682_2_15_promoted_out, i32 %arrayidx682_2_15_promoted_load"   --->   Operation 95 'write' 'write_ln0' <Predicate = (icmp_ln52)> <Delay = 0.00>
ST_1 : Operation 96 [1/1] (0.00ns)   --->   "%write_ln0 = write void @_ssdm_op_Write.ap_auto.i32P0A, i32 %arrayidx682_1_15_promoted_out, i32 %arrayidx682_1_15_promoted_load"   --->   Operation 96 'write' 'write_ln0' <Predicate = (icmp_ln52)> <Delay = 0.00>
ST_1 : Operation 97 [1/1] (0.00ns)   --->   "%write_ln0 = write void @_ssdm_op_Write.ap_auto.i32P0A, i32 %arrayidx682_15322_promoted_out, i32 %arrayidx682_15322_promoted_load"   --->   Operation 97 'write' 'write_ln0' <Predicate = (icmp_ln52)> <Delay = 0.00>
ST_1 : Operation 98 [1/1] (0.00ns)   --->   "%ret_ln0 = ret"   --->   Operation 98 'ret' 'ret_ln0' <Predicate = (icmp_ln52)> <Delay = 0.00>


============================================================
+ Verbose Summary: Binding
============================================================
STG Binding: 
---------------- STG Properties BEGIN ----------------
- Is combinational: 0
- Is one-state seq: 0
- Is datapath-only: 0
- Is pipelined: 0
- Is top level: 0
Port [ Return ] is wired: 1; IO mode=ap_ctrl_hs:ce=0
Port [ arrayidx682_15_15_promoted_out]:  wired=1; compound=0; hidden=0; nouse=0; global=0; static=0; extern=0; dir=1; type=0; pingpong=0; private_global=0; IO mode=ap_vld:ce=0
Port [ arrayidx682_14_15_promoted_out]:  wired=1; compound=0; hidden=0; nouse=0; global=0; static=0; extern=0; dir=1; type=0; pingpong=0; private_global=0; IO mode=ap_vld:ce=0
Port [ arrayidx682_13_15_promoted_out]:  wired=1; compound=0; hidden=0; nouse=0; global=0; static=0; extern=0; dir=1; type=0; pingpong=0; private_global=0; IO mode=ap_vld:ce=0
Port [ arrayidx682_12_15_promoted_out]:  wired=1; compound=0; hidden=0; nouse=0; global=0; static=0; extern=0; dir=1; type=0; pingpong=0; private_global=0; IO mode=ap_vld:ce=0
Port [ arrayidx682_11_15_promoted_out]:  wired=1; compound=0; hidden=0; nouse=0; global=0; static=0; extern=0; dir=1; type=0; pingpong=0; private_global=0; IO mode=ap_vld:ce=0
Port [ arrayidx682_10_15_promoted_out]:  wired=1; compound=0; hidden=0; nouse=0; global=0; static=0; extern=0; dir=1; type=0; pingpong=0; private_global=0; IO mode=ap_vld:ce=0
Port [ arrayidx682_9_15_promoted_out]:  wired=1; compound=0; hidden=0; nouse=0; global=0; static=0; extern=0; dir=1; type=0; pingpong=0; private_global=0; IO mode=ap_vld:ce=0
Port [ arrayidx682_8_15_promoted_out]:  wired=1; compound=0; hidden=0; nouse=0; global=0; static=0; extern=0; dir=1; type=0; pingpong=0; private_global=0; IO mode=ap_vld:ce=0
Port [ arrayidx682_7_15_promoted_out]:  wired=1; compound=0; hidden=0; nouse=0; global=0; static=0; extern=0; dir=1; type=0; pingpong=0; private_global=0; IO mode=ap_vld:ce=0
Port [ arrayidx682_6_15_promoted_out]:  wired=1; compound=0; hidden=0; nouse=0; global=0; static=0; extern=0; dir=1; type=0; pingpong=0; private_global=0; IO mode=ap_vld:ce=0
Port [ arrayidx682_5_15_promoted_out]:  wired=1; compound=0; hidden=0; nouse=0; global=0; static=0; extern=0; dir=1; type=0; pingpong=0; private_global=0; IO mode=ap_vld:ce=0
Port [ arrayidx682_4_15_promoted_out]:  wired=1; compound=0; hidden=0; nouse=0; global=0; static=0; extern=0; dir=1; type=0; pingpong=0; private_global=0; IO mode=ap_vld:ce=0
Port [ arrayidx682_3_15_promoted_out]:  wired=1; compound=0; hidden=0; nouse=0; global=0; static=0; extern=0; dir=1; type=0; pingpong=0; private_global=0; IO mode=ap_vld:ce=0
Port [ arrayidx682_2_15_promoted_out]:  wired=1; compound=0; hidden=0; nouse=0; global=0; static=0; extern=0; dir=1; type=0; pingpong=0; private_global=0; IO mode=ap_vld:ce=0
Port [ arrayidx682_1_15_promoted_out]:  wired=1; compound=0; hidden=0; nouse=0; global=0; static=0; extern=0; dir=1; type=0; pingpong=0; private_global=0; IO mode=ap_vld:ce=0
Port [ arrayidx682_15322_promoted_out]:  wired=1; compound=0; hidden=0; nouse=0; global=0; static=0; extern=0; dir=1; type=0; pingpong=0; private_global=0; IO mode=ap_vld:ce=0
---------------- STG Properties END ------------------

---------------- Datapath Model BEGIN ----------------

<LifeTime>
<method=bitvector/>
i                               (alloca           ) [ 01]
arrayidx682_15322_promoted      (alloca           ) [ 01]
arrayidx682_1_15_promoted       (alloca           ) [ 01]
arrayidx682_2_15_promoted       (alloca           ) [ 01]
arrayidx682_3_15_promoted       (alloca           ) [ 01]
arrayidx682_4_15_promoted       (alloca           ) [ 01]
arrayidx682_5_15_promoted       (alloca           ) [ 01]
arrayidx682_6_15_promoted       (alloca           ) [ 01]
arrayidx682_7_15_promoted       (alloca           ) [ 01]
arrayidx682_8_15_promoted       (alloca           ) [ 01]
arrayidx682_9_15_promoted       (alloca           ) [ 01]
arrayidx682_10_15_promoted      (alloca           ) [ 01]
arrayidx682_11_15_promoted      (alloca           ) [ 01]
arrayidx682_12_15_promoted      (alloca           ) [ 01]
arrayidx682_13_15_promoted      (alloca           ) [ 01]
arrayidx682_14_15_promoted      (alloca           ) [ 01]
arrayidx682_15_15_promoted      (alloca           ) [ 01]
store_ln0                       (store            ) [ 00]
br_ln0                          (br               ) [ 00]
i_3                             (load             ) [ 00]
icmp_ln52                       (icmp             ) [ 01]
speclooptripcount_ln0           (speclooptripcount) [ 00]
add_ln52                        (add              ) [ 00]
br_ln52                         (br               ) [ 00]
specpipeline_ln53               (specpipeline     ) [ 00]
specloopname_ln52               (specloopname     ) [ 00]
trunc_ln55                      (trunc            ) [ 01]
switch_ln55                     (switch           ) [ 00]
store_ln55                      (store            ) [ 00]
br_ln55                         (br               ) [ 00]
store_ln55                      (store            ) [ 00]
br_ln55                         (br               ) [ 00]
store_ln55                      (store            ) [ 00]
br_ln55                         (br               ) [ 00]
store_ln55                      (store            ) [ 00]
br_ln55                         (br               ) [ 00]
store_ln55                      (store            ) [ 00]
br_ln55                         (br               ) [ 00]
store_ln55                      (store            ) [ 00]
br_ln55                         (br               ) [ 00]
store_ln55                      (store            ) [ 00]
br_ln55                         (br               ) [ 00]
store_ln55                      (store            ) [ 00]
br_ln55                         (br               ) [ 00]
store_ln55                      (store            ) [ 00]
br_ln55                         (br               ) [ 00]
store_ln55                      (store            ) [ 00]
br_ln55                         (br               ) [ 00]
store_ln55                      (store            ) [ 00]
br_ln55                         (br               ) [ 00]
store_ln55                      (store            ) [ 00]
br_ln55                         (br               ) [ 00]
store_ln55                      (store            ) [ 00]
br_ln55                         (br               ) [ 00]
store_ln55                      (store            ) [ 00]
br_ln55                         (br               ) [ 00]
store_ln55                      (store            ) [ 00]
br_ln55                         (br               ) [ 00]
store_ln55                      (store            ) [ 00]
br_ln55                         (br               ) [ 00]
store_ln52                      (store            ) [ 00]
br_ln52                         (br               ) [ 00]
arrayidx682_15322_promoted_load (load             ) [ 00]
arrayidx682_1_15_promoted_load  (load             ) [ 00]
arrayidx682_2_15_promoted_load  (load             ) [ 00]
arrayidx682_3_15_promoted_load  (load             ) [ 00]
arrayidx682_4_15_promoted_load  (load             ) [ 00]
arrayidx682_5_15_promoted_load  (load             ) [ 00]
arrayidx682_6_15_promoted_load  (load             ) [ 00]
arrayidx682_7_15_promoted_load  (load             ) [ 00]
arrayidx682_8_15_promoted_load  (load             ) [ 00]
arrayidx682_9_15_promoted_load  (load             ) [ 00]
arrayidx682_10_15_promoted_load (load             ) [ 00]
arrayidx682_11_15_promoted_load (load             ) [ 00]
arrayidx682_12_15_promoted_load (load             ) [ 00]
arrayidx682_13_15_promoted_load (load             ) [ 00]
arrayidx682_14_15_promoted_load (load             ) [ 00]
arrayidx682_15_15_promoted_load (load             ) [ 00]
write_ln0                       (write            ) [ 00]
write_ln0                       (write            ) [ 00]
write_ln0                       (write            ) [ 00]
write_ln0                       (write            ) [ 00]
write_ln0                       (write            ) [ 00]
write_ln0                       (write            ) [ 00]
write_ln0                       (write            ) [ 00]
write_ln0                       (write            ) [ 00]
write_ln0                       (write            ) [ 00]
write_ln0                       (write            ) [ 00]
write_ln0                       (write            ) [ 00]
write_ln0                       (write            ) [ 00]
write_ln0                       (write            ) [ 00]
write_ln0                       (write            ) [ 00]
write_ln0                       (write            ) [ 00]
write_ln0                       (write            ) [ 00]
ret_ln0                         (ret              ) [ 00]
</LifeTime>

<model>

<comp_list>
<comp id="0" class="1000" name="arrayidx682_15_15_promoted_out">
<pin_list>
<pin id="1" dir="1" index="0" bw="1" slack="0"/>
</pin_list>
<bind>
<StgValue><ssdm name="arrayidx682_15_15_promoted_out"/></StgValue>
</bind>
</comp>

<comp id="2" class="1000" name="arrayidx682_14_15_promoted_out">
<pin_list>
<pin id="3" dir="1" index="0" bw="1" slack="0"/>
</pin_list>
<bind>
<StgValue><ssdm name="arrayidx682_14_15_promoted_out"/></StgValue>
</bind>
</comp>

<comp id="4" class="1000" name="arrayidx682_13_15_promoted_out">
<pin_list>
<pin id="5" dir="1" index="0" bw="1" slack="0"/>
</pin_list>
<bind>
<StgValue><ssdm name="arrayidx682_13_15_promoted_out"/></StgValue>
</bind>
</comp>

<comp id="6" class="1000" name="arrayidx682_12_15_promoted_out">
<pin_list>
<pin id="7" dir="1" index="0" bw="1" slack="0"/>
</pin_list>
<bind>
<StgValue><ssdm name="arrayidx682_12_15_promoted_out"/></StgValue>
</bind>
</comp>

<comp id="8" class="1000" name="arrayidx682_11_15_promoted_out">
<pin_list>
<pin id="9" dir="1" index="0" bw="1" slack="0"/>
</pin_list>
<bind>
<StgValue><ssdm name="arrayidx682_11_15_promoted_out"/></StgValue>
</bind>
</comp>

<comp id="10" class="1000" name="arrayidx682_10_15_promoted_out">
<pin_list>
<pin id="11" dir="1" index="0" bw="1" slack="0"/>
</pin_list>
<bind>
<StgValue><ssdm name="arrayidx682_10_15_promoted_out"/></StgValue>
</bind>
</comp>

<comp id="12" class="1000" name="arrayidx682_9_15_promoted_out">
<pin_list>
<pin id="13" dir="1" index="0" bw="1" slack="0"/>
</pin_list>
<bind>
<StgValue><ssdm name="arrayidx682_9_15_promoted_out"/></StgValue>
</bind>
</comp>

<comp id="14" class="1000" name="arrayidx682_8_15_promoted_out">
<pin_list>
<pin id="15" dir="1" index="0" bw="1" slack="0"/>
</pin_list>
<bind>
<StgValue><ssdm name="arrayidx682_8_15_promoted_out"/></StgValue>
</bind>
</comp>

<comp id="16" class="1000" name="arrayidx682_7_15_promoted_out">
<pin_list>
<pin id="17" dir="1" index="0" bw="1" slack="0"/>
</pin_list>
<bind>
<StgValue><ssdm name="arrayidx682_7_15_promoted_out"/></StgValue>
</bind>
</comp>

<comp id="18" class="1000" name="arrayidx682_6_15_promoted_out">
<pin_list>
<pin id="19" dir="1" index="0" bw="1" slack="0"/>
</pin_list>
<bind>
<StgValue><ssdm name="arrayidx682_6_15_promoted_out"/></StgValue>
</bind>
</comp>

<comp id="20" class="1000" name="arrayidx682_5_15_promoted_out">
<pin_list>
<pin id="21" dir="1" index="0" bw="1" slack="0"/>
</pin_list>
<bind>
<StgValue><ssdm name="arrayidx682_5_15_promoted_out"/></StgValue>
</bind>
</comp>

<comp id="22" class="1000" name="arrayidx682_4_15_promoted_out">
<pin_list>
<pin id="23" dir="1" index="0" bw="1" slack="0"/>
</pin_list>
<bind>
<StgValue><ssdm name="arrayidx682_4_15_promoted_out"/></StgValue>
</bind>
</comp>

<comp id="24" class="1000" name="arrayidx682_3_15_promoted_out">
<pin_list>
<pin id="25" dir="1" index="0" bw="1" slack="0"/>
</pin_list>
<bind>
<StgValue><ssdm name="arrayidx682_3_15_promoted_out"/></StgValue>
</bind>
</comp>

<comp id="26" class="1000" name="arrayidx682_2_15_promoted_out">
<pin_list>
<pin id="27" dir="1" index="0" bw="1" slack="0"/>
</pin_list>
<bind>
<StgValue><ssdm name="arrayidx682_2_15_promoted_out"/></StgValue>
</bind>
</comp>

<comp id="28" class="1000" name="arrayidx682_1_15_promoted_out">
<pin_list>
<pin id="29" dir="1" index="0" bw="1" slack="0"/>
</pin_list>
<bind>
<StgValue><ssdm name="arrayidx682_1_15_promoted_out"/></StgValue>
</bind>
</comp>

<comp id="30" class="1000" name="arrayidx682_15322_promoted_out">
<pin_list>
<pin id="31" dir="1" index="0" bw="1" slack="0"/>
</pin_list>
<bind>
<StgValue><ssdm name="arrayidx682_15322_promoted_out"/></StgValue>
</bind>
</comp>

<comp id="32" class="1001" name="const_32">
<pin_list>
<pin id="33" dir="1" index="0" bw="1" slack="0"/>
</pin_list>
<bind>
<StgValue><ssdm name=""/></StgValue>
</bind>
</comp>

<comp id="34" class="1001" name="const_34">
<pin_list>
<pin id="35" dir="1" index="0" bw="1" slack="0"/>
</pin_list>
<bind>
<StgValue><ssdm name=""/></StgValue>
</bind>
</comp>

<comp id="36" class="1001" name="const_36">
<pin_list>
<pin id="37" dir="1" index="0" bw="1" slack="0"/>
</pin_list>
<bind>
<StgValue><ssdm name=""/></StgValue>
</bind>
</comp>

<comp id="38" class="1001" name="const_38">
<pin_list>
<pin id="39" dir="1" index="0" bw="1" slack="2147483647"/>
</pin_list>
<bind>
<StgValue><ssdm name="_ssdm_op_SpecLoopTripCount"/></StgValue>
</bind>
</comp>

<comp id="40" class="1001" name="const_40">
<pin_list>
<pin id="41" dir="1" index="0" bw="1" slack="2147483647"/>
</pin_list>
<bind>
<StgValue><ssdm name=""/></StgValue>
</bind>
</comp>

<comp id="42" class="1001" name="const_42">
<pin_list>
<pin id="43" dir="1" index="0" bw="1" slack="0"/>
</pin_list>
<bind>
<StgValue><ssdm name=""/></StgValue>
</bind>
</comp>

<comp id="44" class="1001" name="const_44">
<pin_list>
<pin id="45" dir="1" index="0" bw="1" slack="2147483647"/>
</pin_list>
<bind>
<StgValue><ssdm name="_ssdm_op_SpecPipeline"/></StgValue>
</bind>
</comp>

<comp id="46" class="1001" name="const_46">
<pin_list>
<pin id="47" dir="1" index="0" bw="1" slack="2147483647"/>
</pin_list>
<bind>
<StgValue><ssdm name=""/></StgValue>
</bind>
</comp>

<comp id="48" class="1001" name="const_48">
<pin_list>
<pin id="49" dir="1" index="0" bw="1" slack="0"/>
</pin_list>
<bind>
<StgValue><ssdm name=""/></StgValue>
</bind>
</comp>

<comp id="50" class="1001" name="const_50">
<pin_list>
<pin id="51" dir="1" index="0" bw="1" slack="2147483647"/>
</pin_list>
<bind>
<StgValue><ssdm name="empty_5"/></StgValue>
</bind>
</comp>

<comp id="52" class="1001" name="const_52">
<pin_list>
<pin id="53" dir="1" index="0" bw="1" slack="2147483647"/>
</pin_list>
<bind>
<StgValue><ssdm name="_ssdm_op_SpecLoopName"/></StgValue>
</bind>
</comp>

<comp id="54" class="1001" name="const_54">
<pin_list>
<pin id="55" dir="1" index="0" bw="1" slack="2147483647"/>
</pin_list>
<bind>
<StgValue><ssdm name="empty_18"/></StgValue>
</bind>
</comp>

<comp id="56" class="1001" name="const_56">
<pin_list>
<pin id="57" dir="1" index="0" bw="1" slack="2147483647"/>
</pin_list>
<bind>
<StgValue><ssdm name=""/></StgValue>
</bind>
</comp>

<comp id="58" class="1001" name="const_58">
<pin_list>
<pin id="59" dir="1" index="0" bw="1" slack="2147483647"/>
</pin_list>
<bind>
<StgValue><ssdm name=""/></StgValue>
</bind>
</comp>

<comp id="60" class="1001" name="const_60">
<pin_list>
<pin id="61" dir="1" index="0" bw="1" slack="2147483647"/>
</pin_list>
<bind>
<StgValue><ssdm name=""/></StgValue>
</bind>
</comp>

<comp id="62" class="1001" name="const_62">
<pin_list>
<pin id="63" dir="1" index="0" bw="1" slack="2147483647"/>
</pin_list>
<bind>
<StgValue><ssdm name=""/></StgValue>
</bind>
</comp>

<comp id="64" class="1001" name="const_64">
<pin_list>
<pin id="65" dir="1" index="0" bw="1" slack="2147483647"/>
</pin_list>
<bind>
<StgValue><ssdm name=""/></StgValue>
</bind>
</comp>

<comp id="66" class="1001" name="const_66">
<pin_list>
<pin id="67" dir="1" index="0" bw="1" slack="2147483647"/>
</pin_list>
<bind>
<StgValue><ssdm name=""/></StgValue>
</bind>
</comp>

<comp id="68" class="1001" name="const_68">
<pin_list>
<pin id="69" dir="1" index="0" bw="1" slack="2147483647"/>
</pin_list>
<bind>
<StgValue><ssdm name=""/></StgValue>
</bind>
</comp>

<comp id="70" class="1001" name="const_70">
<pin_list>
<pin id="71" dir="1" index="0" bw="1" slack="2147483647"/>
</pin_list>
<bind>
<StgValue><ssdm name=""/></StgValue>
</bind>
</comp>

<comp id="72" class="1001" name="const_72">
<pin_list>
<pin id="73" dir="1" index="0" bw="1" slack="2147483647"/>
</pin_list>
<bind>
<StgValue><ssdm name=""/></StgValue>
</bind>
</comp>

<comp id="74" class="1001" name="const_74">
<pin_list>
<pin id="75" dir="1" index="0" bw="1" slack="2147483647"/>
</pin_list>
<bind>
<StgValue><ssdm name=""/></StgValue>
</bind>
</comp>

<comp id="76" class="1001" name="const_76">
<pin_list>
<pin id="77" dir="1" index="0" bw="1" slack="2147483647"/>
</pin_list>
<bind>
<StgValue><ssdm name=""/></StgValue>
</bind>
</comp>

<comp id="78" class="1001" name="const_78">
<pin_list>
<pin id="79" dir="1" index="0" bw="1" slack="2147483647"/>
</pin_list>
<bind>
<StgValue><ssdm name=""/></StgValue>
</bind>
</comp>

<comp id="80" class="1001" name="const_80">
<pin_list>
<pin id="81" dir="1" index="0" bw="1" slack="2147483647"/>
</pin_list>
<bind>
<StgValue><ssdm name=""/></StgValue>
</bind>
</comp>

<comp id="82" class="1001" name="const_82">
<pin_list>
<pin id="83" dir="1" index="0" bw="1" slack="2147483647"/>
</pin_list>
<bind>
<StgValue><ssdm name=""/></StgValue>
</bind>
</comp>

<comp id="84" class="1001" name="const_84">
<pin_list>
<pin id="85" dir="1" index="0" bw="1" slack="2147483647"/>
</pin_list>
<bind>
<StgValue><ssdm name=""/></StgValue>
</bind>
</comp>

<comp id="86" class="1001" name="const_86">
<pin_list>
<pin id="87" dir="1" index="0" bw="1" slack="0"/>
</pin_list>
<bind>
<StgValue><ssdm name="_ssdm_op_Write.ap_auto.i32P0A"/></StgValue>
</bind>
</comp>

<comp id="88" class="1004" name="i_fu_88">
<pin_list>
<pin id="89" dir="0" index="0" bw="1" slack="0"/>
<pin id="90" dir="1" index="1" bw="5" slack="0"/>
</pin_list>
<bind>
<opcode="alloca(26) " fcode="alloca"/>
<opset="i/1 "/>
</bind>
</comp>

<comp id="92" class="1004" name="arrayidx682_15322_promoted_fu_92">
<pin_list>
<pin id="93" dir="0" index="0" bw="1" slack="0"/>
<pin id="94" dir="1" index="1" bw="32" slack="0"/>
</pin_list>
<bind>
<opcode="alloca(26) " fcode="alloca"/>
<opset="arrayidx682_15322_promoted/1 "/>
</bind>
</comp>

<comp id="96" class="1004" name="arrayidx682_1_15_promoted_fu_96">
<pin_list>
<pin id="97" dir="0" index="0" bw="1" slack="0"/>
<pin id="98" dir="1" index="1" bw="32" slack="0"/>
</pin_list>
<bind>
<opcode="alloca(26) " fcode="alloca"/>
<opset="arrayidx682_1_15_promoted/1 "/>
</bind>
</comp>

<comp id="100" class="1004" name="arrayidx682_2_15_promoted_fu_100">
<pin_list>
<pin id="101" dir="0" index="0" bw="1" slack="0"/>
<pin id="102" dir="1" index="1" bw="32" slack="0"/>
</pin_list>
<bind>
<opcode="alloca(26) " fcode="alloca"/>
<opset="arrayidx682_2_15_promoted/1 "/>
</bind>
</comp>

<comp id="104" class="1004" name="arrayidx682_3_15_promoted_fu_104">
<pin_list>
<pin id="105" dir="0" index="0" bw="1" slack="0"/>
<pin id="106" dir="1" index="1" bw="32" slack="0"/>
</pin_list>
<bind>
<opcode="alloca(26) " fcode="alloca"/>
<opset="arrayidx682_3_15_promoted/1 "/>
</bind>
</comp>

<comp id="108" class="1004" name="arrayidx682_4_15_promoted_fu_108">
<pin_list>
<pin id="109" dir="0" index="0" bw="1" slack="0"/>
<pin id="110" dir="1" index="1" bw="32" slack="0"/>
</pin_list>
<bind>
<opcode="alloca(26) " fcode="alloca"/>
<opset="arrayidx682_4_15_promoted/1 "/>
</bind>
</comp>

<comp id="112" class="1004" name="arrayidx682_5_15_promoted_fu_112">
<pin_list>
<pin id="113" dir="0" index="0" bw="1" slack="0"/>
<pin id="114" dir="1" index="1" bw="32" slack="0"/>
</pin_list>
<bind>
<opcode="alloca(26) " fcode="alloca"/>
<opset="arrayidx682_5_15_promoted/1 "/>
</bind>
</comp>

<comp id="116" class="1004" name="arrayidx682_6_15_promoted_fu_116">
<pin_list>
<pin id="117" dir="0" index="0" bw="1" slack="0"/>
<pin id="118" dir="1" index="1" bw="32" slack="0"/>
</pin_list>
<bind>
<opcode="alloca(26) " fcode="alloca"/>
<opset="arrayidx682_6_15_promoted/1 "/>
</bind>
</comp>

<comp id="120" class="1004" name="arrayidx682_7_15_promoted_fu_120">
<pin_list>
<pin id="121" dir="0" index="0" bw="1" slack="0"/>
<pin id="122" dir="1" index="1" bw="32" slack="0"/>
</pin_list>
<bind>
<opcode="alloca(26) " fcode="alloca"/>
<opset="arrayidx682_7_15_promoted/1 "/>
</bind>
</comp>

<comp id="124" class="1004" name="arrayidx682_8_15_promoted_fu_124">
<pin_list>
<pin id="125" dir="0" index="0" bw="1" slack="0"/>
<pin id="126" dir="1" index="1" bw="32" slack="0"/>
</pin_list>
<bind>
<opcode="alloca(26) " fcode="alloca"/>
<opset="arrayidx682_8_15_promoted/1 "/>
</bind>
</comp>

<comp id="128" class="1004" name="arrayidx682_9_15_promoted_fu_128">
<pin_list>
<pin id="129" dir="0" index="0" bw="1" slack="0"/>
<pin id="130" dir="1" index="1" bw="32" slack="0"/>
</pin_list>
<bind>
<opcode="alloca(26) " fcode="alloca"/>
<opset="arrayidx682_9_15_promoted/1 "/>
</bind>
</comp>

<comp id="132" class="1004" name="arrayidx682_10_15_promoted_fu_132">
<pin_list>
<pin id="133" dir="0" index="0" bw="1" slack="0"/>
<pin id="134" dir="1" index="1" bw="32" slack="0"/>
</pin_list>
<bind>
<opcode="alloca(26) " fcode="alloca"/>
<opset="arrayidx682_10_15_promoted/1 "/>
</bind>
</comp>

<comp id="136" class="1004" name="arrayidx682_11_15_promoted_fu_136">
<pin_list>
<pin id="137" dir="0" index="0" bw="1" slack="0"/>
<pin id="138" dir="1" index="1" bw="32" slack="0"/>
</pin_list>
<bind>
<opcode="alloca(26) " fcode="alloca"/>
<opset="arrayidx682_11_15_promoted/1 "/>
</bind>
</comp>

<comp id="140" class="1004" name="arrayidx682_12_15_promoted_fu_140">
<pin_list>
<pin id="141" dir="0" index="0" bw="1" slack="0"/>
<pin id="142" dir="1" index="1" bw="32" slack="0"/>
</pin_list>
<bind>
<opcode="alloca(26) " fcode="alloca"/>
<opset="arrayidx682_12_15_promoted/1 "/>
</bind>
</comp>

<comp id="144" class="1004" name="arrayidx682_13_15_promoted_fu_144">
<pin_list>
<pin id="145" dir="0" index="0" bw="1" slack="0"/>
<pin id="146" dir="1" index="1" bw="32" slack="0"/>
</pin_list>
<bind>
<opcode="alloca(26) " fcode="alloca"/>
<opset="arrayidx682_13_15_promoted/1 "/>
</bind>
</comp>

<comp id="148" class="1004" name="arrayidx682_14_15_promoted_fu_148">
<pin_list>
<pin id="149" dir="0" index="0" bw="1" slack="0"/>
<pin id="150" dir="1" index="1" bw="32" slack="0"/>
</pin_list>
<bind>
<opcode="alloca(26) " fcode="alloca"/>
<opset="arrayidx682_14_15_promoted/1 "/>
</bind>
</comp>

<comp id="152" class="1004" name="arrayidx682_15_15_promoted_fu_152">
<pin_list>
<pin id="153" dir="0" index="0" bw="1" slack="0"/>
<pin id="154" dir="1" index="1" bw="32" slack="0"/>
</pin_list>
<bind>
<opcode="alloca(26) " fcode="alloca"/>
<opset="arrayidx682_15_15_promoted/1 "/>
</bind>
</comp>

<comp id="156" class="1004" name="write_ln0_write_fu_156">
<pin_list>
<pin id="157" dir="0" index="0" bw="0" slack="0"/>
<pin id="158" dir="0" index="1" bw="32" slack="0"/>
<pin id="159" dir="0" index="2" bw="32" slack="0"/>
<pin id="160" dir="1" index="3" bw="0" slack="2147483647"/>
</pin_list>
<bind>
<opcode="write(1151) " fcode="write"/>
<opset="write_ln0/1 "/>
</bind>
</comp>

<comp id="163" class="1004" name="write_ln0_write_fu_163">
<pin_list>
<pin id="164" dir="0" index="0" bw="0" slack="0"/>
<pin id="165" dir="0" index="1" bw="32" slack="0"/>
<pin id="166" dir="0" index="2" bw="32" slack="0"/>
<pin id="167" dir="1" index="3" bw="0" slack="2147483647"/>
</pin_list>
<bind>
<opcode="write(1151) " fcode="write"/>
<opset="write_ln0/1 "/>
</bind>
</comp>

<comp id="170" class="1004" name="write_ln0_write_fu_170">
<pin_list>
<pin id="171" dir="0" index="0" bw="0" slack="0"/>
<pin id="172" dir="0" index="1" bw="32" slack="0"/>
<pin id="173" dir="0" index="2" bw="32" slack="0"/>
<pin id="174" dir="1" index="3" bw="0" slack="2147483647"/>
</pin_list>
<bind>
<opcode="write(1151) " fcode="write"/>
<opset="write_ln0/1 "/>
</bind>
</comp>

<comp id="177" class="1004" name="write_ln0_write_fu_177">
<pin_list>
<pin id="178" dir="0" index="0" bw="0" slack="0"/>
<pin id="179" dir="0" index="1" bw="32" slack="0"/>
<pin id="180" dir="0" index="2" bw="32" slack="0"/>
<pin id="181" dir="1" index="3" bw="0" slack="2147483647"/>
</pin_list>
<bind>
<opcode="write(1151) " fcode="write"/>
<opset="write_ln0/1 "/>
</bind>
</comp>

<comp id="184" class="1004" name="write_ln0_write_fu_184">
<pin_list>
<pin id="185" dir="0" index="0" bw="0" slack="0"/>
<pin id="186" dir="0" index="1" bw="32" slack="0"/>
<pin id="187" dir="0" index="2" bw="32" slack="0"/>
<pin id="188" dir="1" index="3" bw="0" slack="2147483647"/>
</pin_list>
<bind>
<opcode="write(1151) " fcode="write"/>
<opset="write_ln0/1 "/>
</bind>
</comp>

<comp id="191" class="1004" name="write_ln0_write_fu_191">
<pin_list>
<pin id="192" dir="0" index="0" bw="0" slack="0"/>
<pin id="193" dir="0" index="1" bw="32" slack="0"/>
<pin id="194" dir="0" index="2" bw="32" slack="0"/>
<pin id="195" dir="1" index="3" bw="0" slack="2147483647"/>
</pin_list>
<bind>
<opcode="write(1151) " fcode="write"/>
<opset="write_ln0/1 "/>
</bind>
</comp>

<comp id="198" class="1004" name="write_ln0_write_fu_198">
<pin_list>
<pin id="199" dir="0" index="0" bw="0" slack="0"/>
<pin id="200" dir="0" index="1" bw="32" slack="0"/>
<pin id="201" dir="0" index="2" bw="32" slack="0"/>
<pin id="202" dir="1" index="3" bw="0" slack="2147483647"/>
</pin_list>
<bind>
<opcode="write(1151) " fcode="write"/>
<opset="write_ln0/1 "/>
</bind>
</comp>

<comp id="205" class="1004" name="write_ln0_write_fu_205">
<pin_list>
<pin id="206" dir="0" index="0" bw="0" slack="0"/>
<pin id="207" dir="0" index="1" bw="32" slack="0"/>
<pin id="208" dir="0" index="2" bw="32" slack="0"/>
<pin id="209" dir="1" index="3" bw="0" slack="2147483647"/>
</pin_list>
<bind>
<opcode="write(1151) " fcode="write"/>
<opset="write_ln0/1 "/>
</bind>
</comp>

<comp id="212" class="1004" name="write_ln0_write_fu_212">
<pin_list>
<pin id="213" dir="0" index="0" bw="0" slack="0"/>
<pin id="214" dir="0" index="1" bw="32" slack="0"/>
<pin id="215" dir="0" index="2" bw="32" slack="0"/>
<pin id="216" dir="1" index="3" bw="0" slack="2147483647"/>
</pin_list>
<bind>
<opcode="write(1151) " fcode="write"/>
<opset="write_ln0/1 "/>
</bind>
</comp>

<comp id="219" class="1004" name="write_ln0_write_fu_219">
<pin_list>
<pin id="220" dir="0" index="0" bw="0" slack="0"/>
<pin id="221" dir="0" index="1" bw="32" slack="0"/>
<pin id="222" dir="0" index="2" bw="32" slack="0"/>
<pin id="223" dir="1" index="3" bw="0" slack="2147483647"/>
</pin_list>
<bind>
<opcode="write(1151) " fcode="write"/>
<opset="write_ln0/1 "/>
</bind>
</comp>

<comp id="226" class="1004" name="write_ln0_write_fu_226">
<pin_list>
<pin id="227" dir="0" index="0" bw="0" slack="0"/>
<pin id="228" dir="0" index="1" bw="32" slack="0"/>
<pin id="229" dir="0" index="2" bw="32" slack="0"/>
<pin id="230" dir="1" index="3" bw="0" slack="2147483647"/>
</pin_list>
<bind>
<opcode="write(1151) " fcode="write"/>
<opset="write_ln0/1 "/>
</bind>
</comp>

<comp id="233" class="1004" name="write_ln0_write_fu_233">
<pin_list>
<pin id="234" dir="0" index="0" bw="0" slack="0"/>
<pin id="235" dir="0" index="1" bw="32" slack="0"/>
<pin id="236" dir="0" index="2" bw="32" slack="0"/>
<pin id="237" dir="1" index="3" bw="0" slack="2147483647"/>
</pin_list>
<bind>
<opcode="write(1151) " fcode="write"/>
<opset="write_ln0/1 "/>
</bind>
</comp>

<comp id="240" class="1004" name="write_ln0_write_fu_240">
<pin_list>
<pin id="241" dir="0" index="0" bw="0" slack="0"/>
<pin id="242" dir="0" index="1" bw="32" slack="0"/>
<pin id="243" dir="0" index="2" bw="32" slack="0"/>
<pin id="244" dir="1" index="3" bw="0" slack="2147483647"/>
</pin_list>
<bind>
<opcode="write(1151) " fcode="write"/>
<opset="write_ln0/1 "/>
</bind>
</comp>

<comp id="247" class="1004" name="write_ln0_write_fu_247">
<pin_list>
<pin id="248" dir="0" index="0" bw="0" slack="0"/>
<pin id="249" dir="0" index="1" bw="32" slack="0"/>
<pin id="250" dir="0" index="2" bw="32" slack="0"/>
<pin id="251" dir="1" index="3" bw="0" slack="2147483647"/>
</pin_list>
<bind>
<opcode="write(1151) " fcode="write"/>
<opset="write_ln0/1 "/>
</bind>
</comp>

<comp id="254" class="1004" name="write_ln0_write_fu_254">
<pin_list>
<pin id="255" dir="0" index="0" bw="0" slack="0"/>
<pin id="256" dir="0" index="1" bw="32" slack="0"/>
<pin id="257" dir="0" index="2" bw="32" slack="0"/>
<pin id="258" dir="1" index="3" bw="0" slack="2147483647"/>
</pin_list>
<bind>
<opcode="write(1151) " fcode="write"/>
<opset="write_ln0/1 "/>
</bind>
</comp>

<comp id="261" class="1004" name="write_ln0_write_fu_261">
<pin_list>
<pin id="262" dir="0" index="0" bw="0" slack="0"/>
<pin id="263" dir="0" index="1" bw="32" slack="0"/>
<pin id="264" dir="0" index="2" bw="32" slack="0"/>
<pin id="265" dir="1" index="3" bw="0" slack="2147483647"/>
</pin_list>
<bind>
<opcode="write(1151) " fcode="write"/>
<opset="write_ln0/1 "/>
</bind>
</comp>

<comp id="268" class="1004" name="store_ln0_store_fu_268">
<pin_list>
<pin id="269" dir="0" index="0" bw="1" slack="0"/>
<pin id="270" dir="0" index="1" bw="5" slack="0"/>
<pin id="271" dir="1" index="2" bw="0" slack="2147483647"/>
</pin_list>
<bind>
<opcode="store(28) " fcode="store"/>
<opset="store_ln0/1 "/>
</bind>
</comp>

<comp id="273" class="1004" name="i_3_load_fu_273">
<pin_list>
<pin id="274" dir="0" index="0" bw="5" slack="0"/>
<pin id="275" dir="1" index="1" bw="5" slack="0"/>
</pin_list>
<bind>
<opcode="load(27) " fcode="load"/>
<opset="i_3/1 "/>
</bind>
</comp>

<comp id="276" class="1004" name="icmp_ln52_fu_276">
<pin_list>
<pin id="277" dir="0" index="0" bw="5" slack="0"/>
<pin id="278" dir="0" index="1" bw="5" slack="0"/>
<pin id="279" dir="1" index="2" bw="1" slack="2147483647"/>
</pin_list>
<bind>
<opcode="icmp(45) " fcode="icmp"/>
<opset="icmp_ln52/1 "/>
</bind>
</comp>

<comp id="282" class="1004" name="add_ln52_fu_282">
<pin_list>
<pin id="283" dir="0" index="0" bw="5" slack="0"/>
<pin id="284" dir="0" index="1" bw="1" slack="0"/>
<pin id="285" dir="1" index="2" bw="5" slack="0"/>
</pin_list>
<bind>
<opcode="add(8) " fcode="add"/>
<opset="add_ln52/1 "/>
</bind>
</comp>

<comp id="288" class="1004" name="trunc_ln55_fu_288">
<pin_list>
<pin id="289" dir="0" index="0" bw="5" slack="0"/>
<pin id="290" dir="1" index="1" bw="4" slack="2147483647"/>
</pin_list>
<bind>
<opcode="trunc(33) " fcode="trunc"/>
<opset="trunc_ln55/1 "/>
</bind>
</comp>

<comp id="292" class="1004" name="store_ln55_store_fu_292">
<pin_list>
<pin id="293" dir="0" index="0" bw="1" slack="0"/>
<pin id="294" dir="0" index="1" bw="32" slack="0"/>
<pin id="295" dir="1" index="2" bw="0" slack="2147483647"/>
</pin_list>
<bind>
<opcode="store(28) " fcode="store"/>
<opset="store_ln55/1 "/>
</bind>
</comp>

<comp id="297" class="1004" name="store_ln55_store_fu_297">
<pin_list>
<pin id="298" dir="0" index="0" bw="1" slack="0"/>
<pin id="299" dir="0" index="1" bw="32" slack="0"/>
<pin id="300" dir="1" index="2" bw="0" slack="2147483647"/>
</pin_list>
<bind>
<opcode="store(28) " fcode="store"/>
<opset="store_ln55/1 "/>
</bind>
</comp>

<comp id="302" class="1004" name="store_ln55_store_fu_302">
<pin_list>
<pin id="303" dir="0" index="0" bw="1" slack="0"/>
<pin id="304" dir="0" index="1" bw="32" slack="0"/>
<pin id="305" dir="1" index="2" bw="0" slack="2147483647"/>
</pin_list>
<bind>
<opcode="store(28) " fcode="store"/>
<opset="store_ln55/1 "/>
</bind>
</comp>

<comp id="307" class="1004" name="store_ln55_store_fu_307">
<pin_list>
<pin id="308" dir="0" index="0" bw="1" slack="0"/>
<pin id="309" dir="0" index="1" bw="32" slack="0"/>
<pin id="310" dir="1" index="2" bw="0" slack="2147483647"/>
</pin_list>
<bind>
<opcode="store(28) " fcode="store"/>
<opset="store_ln55/1 "/>
</bind>
</comp>

<comp id="312" class="1004" name="store_ln55_store_fu_312">
<pin_list>
<pin id="313" dir="0" index="0" bw="1" slack="0"/>
<pin id="314" dir="0" index="1" bw="32" slack="0"/>
<pin id="315" dir="1" index="2" bw="0" slack="2147483647"/>
</pin_list>
<bind>
<opcode="store(28) " fcode="store"/>
<opset="store_ln55/1 "/>
</bind>
</comp>

<comp id="317" class="1004" name="store_ln55_store_fu_317">
<pin_list>
<pin id="318" dir="0" index="0" bw="1" slack="0"/>
<pin id="319" dir="0" index="1" bw="32" slack="0"/>
<pin id="320" dir="1" index="2" bw="0" slack="2147483647"/>
</pin_list>
<bind>
<opcode="store(28) " fcode="store"/>
<opset="store_ln55/1 "/>
</bind>
</comp>

<comp id="322" class="1004" name="store_ln55_store_fu_322">
<pin_list>
<pin id="323" dir="0" index="0" bw="1" slack="0"/>
<pin id="324" dir="0" index="1" bw="32" slack="0"/>
<pin id="325" dir="1" index="2" bw="0" slack="2147483647"/>
</pin_list>
<bind>
<opcode="store(28) " fcode="store"/>
<opset="store_ln55/1 "/>
</bind>
</comp>

<comp id="327" class="1004" name="store_ln55_store_fu_327">
<pin_list>
<pin id="328" dir="0" index="0" bw="1" slack="0"/>
<pin id="329" dir="0" index="1" bw="32" slack="0"/>
<pin id="330" dir="1" index="2" bw="0" slack="2147483647"/>
</pin_list>
<bind>
<opcode="store(28) " fcode="store"/>
<opset="store_ln55/1 "/>
</bind>
</comp>

<comp id="332" class="1004" name="store_ln55_store_fu_332">
<pin_list>
<pin id="333" dir="0" index="0" bw="1" slack="0"/>
<pin id="334" dir="0" index="1" bw="32" slack="0"/>
<pin id="335" dir="1" index="2" bw="0" slack="2147483647"/>
</pin_list>
<bind>
<opcode="store(28) " fcode="store"/>
<opset="store_ln55/1 "/>
</bind>
</comp>

<comp id="337" class="1004" name="store_ln55_store_fu_337">
<pin_list>
<pin id="338" dir="0" index="0" bw="1" slack="0"/>
<pin id="339" dir="0" index="1" bw="32" slack="0"/>
<pin id="340" dir="1" index="2" bw="0" slack="2147483647"/>
</pin_list>
<bind>
<opcode="store(28) " fcode="store"/>
<opset="store_ln55/1 "/>
</bind>
</comp>

<comp id="342" class="1004" name="store_ln55_store_fu_342">
<pin_list>
<pin id="343" dir="0" index="0" bw="1" slack="0"/>
<pin id="344" dir="0" index="1" bw="32" slack="0"/>
<pin id="345" dir="1" index="2" bw="0" slack="2147483647"/>
</pin_list>
<bind>
<opcode="store(28) " fcode="store"/>
<opset="store_ln55/1 "/>
</bind>
</comp>

<comp id="347" class="1004" name="store_ln55_store_fu_347">
<pin_list>
<pin id="348" dir="0" index="0" bw="1" slack="0"/>
<pin id="349" dir="0" index="1" bw="32" slack="0"/>
<pin id="350" dir="1" index="2" bw="0" slack="2147483647"/>
</pin_list>
<bind>
<opcode="store(28) " fcode="store"/>
<opset="store_ln55/1 "/>
</bind>
</comp>

<comp id="352" class="1004" name="store_ln55_store_fu_352">
<pin_list>
<pin id="353" dir="0" index="0" bw="1" slack="0"/>
<pin id="354" dir="0" index="1" bw="32" slack="0"/>
<pin id="355" dir="1" index="2" bw="0" slack="2147483647"/>
</pin_list>
<bind>
<opcode="store(28) " fcode="store"/>
<opset="store_ln55/1 "/>
</bind>
</comp>

<comp id="357" class="1004" name="store_ln55_store_fu_357">
<pin_list>
<pin id="358" dir="0" index="0" bw="1" slack="0"/>
<pin id="359" dir="0" index="1" bw="32" slack="0"/>
<pin id="360" dir="1" index="2" bw="0" slack="2147483647"/>
</pin_list>
<bind>
<opcode="store(28) " fcode="store"/>
<opset="store_ln55/1 "/>
</bind>
</comp>

<comp id="362" class="1004" name="store_ln55_store_fu_362">
<pin_list>
<pin id="363" dir="0" index="0" bw="1" slack="0"/>
<pin id="364" dir="0" index="1" bw="32" slack="0"/>
<pin id="365" dir="1" index="2" bw="0" slack="2147483647"/>
</pin_list>
<bind>
<opcode="store(28) " fcode="store"/>
<opset="store_ln55/1 "/>
</bind>
</comp>

<comp id="367" class="1004" name="store_ln55_store_fu_367">
<pin_list>
<pin id="368" dir="0" index="0" bw="1" slack="0"/>
<pin id="369" dir="0" index="1" bw="32" slack="0"/>
<pin id="370" dir="1" index="2" bw="0" slack="2147483647"/>
</pin_list>
<bind>
<opcode="store(28) " fcode="store"/>
<opset="store_ln55/1 "/>
</bind>
</comp>

<comp id="372" class="1004" name="store_ln52_store_fu_372">
<pin_list>
<pin id="373" dir="0" index="0" bw="5" slack="0"/>
<pin id="374" dir="0" index="1" bw="5" slack="0"/>
<pin id="375" dir="1" index="2" bw="0" slack="2147483647"/>
</pin_list>
<bind>
<opcode="store(28) " fcode="store"/>
<opset="store_ln52/1 "/>
</bind>
</comp>

<comp id="377" class="1004" name="arrayidx682_15322_promoted_load_load_fu_377">
<pin_list>
<pin id="378" dir="0" index="0" bw="32" slack="0"/>
<pin id="379" dir="1" index="1" bw="32" slack="0"/>
</pin_list>
<bind>
<opcode="load(27) " fcode="load"/>
<opset="arrayidx682_15322_promoted_load/1 "/>
</bind>
</comp>

<comp id="381" class="1004" name="arrayidx682_1_15_promoted_load_load_fu_381">
<pin_list>
<pin id="382" dir="0" index="0" bw="32" slack="0"/>
<pin id="383" dir="1" index="1" bw="32" slack="0"/>
</pin_list>
<bind>
<opcode="load(27) " fcode="load"/>
<opset="arrayidx682_1_15_promoted_load/1 "/>
</bind>
</comp>

<comp id="385" class="1004" name="arrayidx682_2_15_promoted_load_load_fu_385">
<pin_list>
<pin id="386" dir="0" index="0" bw="32" slack="0"/>
<pin id="387" dir="1" index="1" bw="32" slack="0"/>
</pin_list>
<bind>
<opcode="load(27) " fcode="load"/>
<opset="arrayidx682_2_15_promoted_load/1 "/>
</bind>
</comp>

<comp id="389" class="1004" name="arrayidx682_3_15_promoted_load_load_fu_389">
<pin_list>
<pin id="390" dir="0" index="0" bw="32" slack="0"/>
<pin id="391" dir="1" index="1" bw="32" slack="0"/>
</pin_list>
<bind>
<opcode="load(27) " fcode="load"/>
<opset="arrayidx682_3_15_promoted_load/1 "/>
</bind>
</comp>

<comp id="393" class="1004" name="arrayidx682_4_15_promoted_load_load_fu_393">
<pin_list>
<pin id="394" dir="0" index="0" bw="32" slack="0"/>
<pin id="395" dir="1" index="1" bw="32" slack="0"/>
</pin_list>
<bind>
<opcode="load(27) " fcode="load"/>
<opset="arrayidx682_4_15_promoted_load/1 "/>
</bind>
</comp>

<comp id="397" class="1004" name="arrayidx682_5_15_promoted_load_load_fu_397">
<pin_list>
<pin id="398" dir="0" index="0" bw="32" slack="0"/>
<pin id="399" dir="1" index="1" bw="32" slack="0"/>
</pin_list>
<bind>
<opcode="load(27) " fcode="load"/>
<opset="arrayidx682_5_15_promoted_load/1 "/>
</bind>
</comp>

<comp id="401" class="1004" name="arrayidx682_6_15_promoted_load_load_fu_401">
<pin_list>
<pin id="402" dir="0" index="0" bw="32" slack="0"/>
<pin id="403" dir="1" index="1" bw="32" slack="0"/>
</pin_list>
<bind>
<opcode="load(27) " fcode="load"/>
<opset="arrayidx682_6_15_promoted_load/1 "/>
</bind>
</comp>

<comp id="405" class="1004" name="arrayidx682_7_15_promoted_load_load_fu_405">
<pin_list>
<pin id="406" dir="0" index="0" bw="32" slack="0"/>
<pin id="407" dir="1" index="1" bw="32" slack="0"/>
</pin_list>
<bind>
<opcode="load(27) " fcode="load"/>
<opset="arrayidx682_7_15_promoted_load/1 "/>
</bind>
</comp>

<comp id="409" class="1004" name="arrayidx682_8_15_promoted_load_load_fu_409">
<pin_list>
<pin id="410" dir="0" index="0" bw="32" slack="0"/>
<pin id="411" dir="1" index="1" bw="32" slack="0"/>
</pin_list>
<bind>
<opcode="load(27) " fcode="load"/>
<opset="arrayidx682_8_15_promoted_load/1 "/>
</bind>
</comp>

<comp id="413" class="1004" name="arrayidx682_9_15_promoted_load_load_fu_413">
<pin_list>
<pin id="414" dir="0" index="0" bw="32" slack="0"/>
<pin id="415" dir="1" index="1" bw="32" slack="0"/>
</pin_list>
<bind>
<opcode="load(27) " fcode="load"/>
<opset="arrayidx682_9_15_promoted_load/1 "/>
</bind>
</comp>

<comp id="417" class="1004" name="arrayidx682_10_15_promoted_load_load_fu_417">
<pin_list>
<pin id="418" dir="0" index="0" bw="32" slack="0"/>
<pin id="419" dir="1" index="1" bw="32" slack="0"/>
</pin_list>
<bind>
<opcode="load(27) " fcode="load"/>
<opset="arrayidx682_10_15_promoted_load/1 "/>
</bind>
</comp>

<comp id="421" class="1004" name="arrayidx682_11_15_promoted_load_load_fu_421">
<pin_list>
<pin id="422" dir="0" index="0" bw="32" slack="0"/>
<pin id="423" dir="1" index="1" bw="32" slack="0"/>
</pin_list>
<bind>
<opcode="load(27) " fcode="load"/>
<opset="arrayidx682_11_15_promoted_load/1 "/>
</bind>
</comp>

<comp id="425" class="1004" name="arrayidx682_12_15_promoted_load_load_fu_425">
<pin_list>
<pin id="426" dir="0" index="0" bw="32" slack="0"/>
<pin id="427" dir="1" index="1" bw="32" slack="0"/>
</pin_list>
<bind>
<opcode="load(27) " fcode="load"/>
<opset="arrayidx682_12_15_promoted_load/1 "/>
</bind>
</comp>

<comp id="429" class="1004" name="arrayidx682_13_15_promoted_load_load_fu_429">
<pin_list>
<pin id="430" dir="0" index="0" bw="32" slack="0"/>
<pin id="431" dir="1" index="1" bw="32" slack="0"/>
</pin_list>
<bind>
<opcode="load(27) " fcode="load"/>
<opset="arrayidx682_13_15_promoted_load/1 "/>
</bind>
</comp>

<comp id="433" class="1004" name="arrayidx682_14_15_promoted_load_load_fu_433">
<pin_list>
<pin id="434" dir="0" index="0" bw="32" slack="0"/>
<pin id="435" dir="1" index="1" bw="32" slack="0"/>
</pin_list>
<bind>
<opcode="load(27) " fcode="load"/>
<opset="arrayidx682_14_15_promoted_load/1 "/>
</bind>
</comp>

<comp id="437" class="1004" name="arrayidx682_15_15_promoted_load_load_fu_437">
<pin_list>
<pin id="438" dir="0" index="0" bw="32" slack="0"/>
<pin id="439" dir="1" index="1" bw="32" slack="0"/>
</pin_list>
<bind>
<opcode="load(27) " fcode="load"/>
<opset="arrayidx682_15_15_promoted_load/1 "/>
</bind>
</comp>

<comp id="441" class="1005" name="i_reg_441">
<pin_list>
<pin id="442" dir="0" index="0" bw="5" slack="0"/>
<pin id="443" dir="1" index="1" bw="5" slack="0"/>
</pin_list>
<bind>
<opset="i "/>
</bind>
</comp>

<comp id="448" class="1005" name="arrayidx682_15322_promoted_reg_448">
<pin_list>
<pin id="449" dir="0" index="0" bw="32" slack="0"/>
<pin id="450" dir="1" index="1" bw="32" slack="0"/>
</pin_list>
<bind>
<opset="arrayidx682_15322_promoted "/>
</bind>
</comp>

<comp id="454" class="1005" name="arrayidx682_1_15_promoted_reg_454">
<pin_list>
<pin id="455" dir="0" index="0" bw="32" slack="0"/>
<pin id="456" dir="1" index="1" bw="32" slack="0"/>
</pin_list>
<bind>
<opset="arrayidx682_1_15_promoted "/>
</bind>
</comp>

<comp id="460" class="1005" name="arrayidx682_2_15_promoted_reg_460">
<pin_list>
<pin id="461" dir="0" index="0" bw="32" slack="0"/>
<pin id="462" dir="1" index="1" bw="32" slack="0"/>
</pin_list>
<bind>
<opset="arrayidx682_2_15_promoted "/>
</bind>
</comp>

<comp id="466" class="1005" name="arrayidx682_3_15_promoted_reg_466">
<pin_list>
<pin id="467" dir="0" index="0" bw="32" slack="0"/>
<pin id="468" dir="1" index="1" bw="32" slack="0"/>
</pin_list>
<bind>
<opset="arrayidx682_3_15_promoted "/>
</bind>
</comp>

<comp id="472" class="1005" name="arrayidx682_4_15_promoted_reg_472">
<pin_list>
<pin id="473" dir="0" index="0" bw="32" slack="0"/>
<pin id="474" dir="1" index="1" bw="32" slack="0"/>
</pin_list>
<bind>
<opset="arrayidx682_4_15_promoted "/>
</bind>
</comp>

<comp id="478" class="1005" name="arrayidx682_5_15_promoted_reg_478">
<pin_list>
<pin id="479" dir="0" index="0" bw="32" slack="0"/>
<pin id="480" dir="1" index="1" bw="32" slack="0"/>
</pin_list>
<bind>
<opset="arrayidx682_5_15_promoted "/>
</bind>
</comp>

<comp id="484" class="1005" name="arrayidx682_6_15_promoted_reg_484">
<pin_list>
<pin id="485" dir="0" index="0" bw="32" slack="0"/>
<pin id="486" dir="1" index="1" bw="32" slack="0"/>
</pin_list>
<bind>
<opset="arrayidx682_6_15_promoted "/>
</bind>
</comp>

<comp id="490" class="1005" name="arrayidx682_7_15_promoted_reg_490">
<pin_list>
<pin id="491" dir="0" index="0" bw="32" slack="0"/>
<pin id="492" dir="1" index="1" bw="32" slack="0"/>
</pin_list>
<bind>
<opset="arrayidx682_7_15_promoted "/>
</bind>
</comp>

<comp id="496" class="1005" name="arrayidx682_8_15_promoted_reg_496">
<pin_list>
<pin id="497" dir="0" index="0" bw="32" slack="0"/>
<pin id="498" dir="1" index="1" bw="32" slack="0"/>
</pin_list>
<bind>
<opset="arrayidx682_8_15_promoted "/>
</bind>
</comp>

<comp id="502" class="1005" name="arrayidx682_9_15_promoted_reg_502">
<pin_list>
<pin id="503" dir="0" index="0" bw="32" slack="0"/>
<pin id="504" dir="1" index="1" bw="32" slack="0"/>
</pin_list>
<bind>
<opset="arrayidx682_9_15_promoted "/>
</bind>
</comp>

<comp id="508" class="1005" name="arrayidx682_10_15_promoted_reg_508">
<pin_list>
<pin id="509" dir="0" index="0" bw="32" slack="0"/>
<pin id="510" dir="1" index="1" bw="32" slack="0"/>
</pin_list>
<bind>
<opset="arrayidx682_10_15_promoted "/>
</bind>
</comp>

<comp id="514" class="1005" name="arrayidx682_11_15_promoted_reg_514">
<pin_list>
<pin id="515" dir="0" index="0" bw="32" slack="0"/>
<pin id="516" dir="1" index="1" bw="32" slack="0"/>
</pin_list>
<bind>
<opset="arrayidx682_11_15_promoted "/>
</bind>
</comp>

<comp id="520" class="1005" name="arrayidx682_12_15_promoted_reg_520">
<pin_list>
<pin id="521" dir="0" index="0" bw="32" slack="0"/>
<pin id="522" dir="1" index="1" bw="32" slack="0"/>
</pin_list>
<bind>
<opset="arrayidx682_12_15_promoted "/>
</bind>
</comp>

<comp id="526" class="1005" name="arrayidx682_13_15_promoted_reg_526">
<pin_list>
<pin id="527" dir="0" index="0" bw="32" slack="0"/>
<pin id="528" dir="1" index="1" bw="32" slack="0"/>
</pin_list>
<bind>
<opset="arrayidx682_13_15_promoted "/>
</bind>
</comp>

<comp id="532" class="1005" name="arrayidx682_14_15_promoted_reg_532">
<pin_list>
<pin id="533" dir="0" index="0" bw="32" slack="0"/>
<pin id="534" dir="1" index="1" bw="32" slack="0"/>
</pin_list>
<bind>
<opset="arrayidx682_14_15_promoted "/>
</bind>
</comp>

<comp id="538" class="1005" name="arrayidx682_15_15_promoted_reg_538">
<pin_list>
<pin id="539" dir="0" index="0" bw="32" slack="0"/>
<pin id="540" dir="1" index="1" bw="32" slack="0"/>
</pin_list>
<bind>
<opset="arrayidx682_15_15_promoted "/>
</bind>
</comp>

</comp_list>

<net_list>
<net id="91"><net_src comp="32" pin="0"/><net_sink comp="88" pin=0"/></net>

<net id="95"><net_src comp="32" pin="0"/><net_sink comp="92" pin=0"/></net>

<net id="99"><net_src comp="32" pin="0"/><net_sink comp="96" pin=0"/></net>

<net id="103"><net_src comp="32" pin="0"/><net_sink comp="100" pin=0"/></net>

<net id="107"><net_src comp="32" pin="0"/><net_sink comp="104" pin=0"/></net>

<net id="111"><net_src comp="32" pin="0"/><net_sink comp="108" pin=0"/></net>

<net id="115"><net_src comp="32" pin="0"/><net_sink comp="112" pin=0"/></net>

<net id="119"><net_src comp="32" pin="0"/><net_sink comp="116" pin=0"/></net>

<net id="123"><net_src comp="32" pin="0"/><net_sink comp="120" pin=0"/></net>

<net id="127"><net_src comp="32" pin="0"/><net_sink comp="124" pin=0"/></net>

<net id="131"><net_src comp="32" pin="0"/><net_sink comp="128" pin=0"/></net>

<net id="135"><net_src comp="32" pin="0"/><net_sink comp="132" pin=0"/></net>

<net id="139"><net_src comp="32" pin="0"/><net_sink comp="136" pin=0"/></net>

<net id="143"><net_src comp="32" pin="0"/><net_sink comp="140" pin=0"/></net>

<net id="147"><net_src comp="32" pin="0"/><net_sink comp="144" pin=0"/></net>

<net id="151"><net_src comp="32" pin="0"/><net_sink comp="148" pin=0"/></net>

<net id="155"><net_src comp="32" pin="0"/><net_sink comp="152" pin=0"/></net>

<net id="161"><net_src comp="86" pin="0"/><net_sink comp="156" pin=0"/></net>

<net id="162"><net_src comp="0" pin="0"/><net_sink comp="156" pin=1"/></net>

<net id="168"><net_src comp="86" pin="0"/><net_sink comp="163" pin=0"/></net>

<net id="169"><net_src comp="2" pin="0"/><net_sink comp="163" pin=1"/></net>

<net id="175"><net_src comp="86" pin="0"/><net_sink comp="170" pin=0"/></net>

<net id="176"><net_src comp="4" pin="0"/><net_sink comp="170" pin=1"/></net>

<net id="182"><net_src comp="86" pin="0"/><net_sink comp="177" pin=0"/></net>

<net id="183"><net_src comp="6" pin="0"/><net_sink comp="177" pin=1"/></net>

<net id="189"><net_src comp="86" pin="0"/><net_sink comp="184" pin=0"/></net>

<net id="190"><net_src comp="8" pin="0"/><net_sink comp="184" pin=1"/></net>

<net id="196"><net_src comp="86" pin="0"/><net_sink comp="191" pin=0"/></net>

<net id="197"><net_src comp="10" pin="0"/><net_sink comp="191" pin=1"/></net>

<net id="203"><net_src comp="86" pin="0"/><net_sink comp="198" pin=0"/></net>

<net id="204"><net_src comp="12" pin="0"/><net_sink comp="198" pin=1"/></net>

<net id="210"><net_src comp="86" pin="0"/><net_sink comp="205" pin=0"/></net>

<net id="211"><net_src comp="14" pin="0"/><net_sink comp="205" pin=1"/></net>

<net id="217"><net_src comp="86" pin="0"/><net_sink comp="212" pin=0"/></net>

<net id="218"><net_src comp="16" pin="0"/><net_sink comp="212" pin=1"/></net>

<net id="224"><net_src comp="86" pin="0"/><net_sink comp="219" pin=0"/></net>

<net id="225"><net_src comp="18" pin="0"/><net_sink comp="219" pin=1"/></net>

<net id="231"><net_src comp="86" pin="0"/><net_sink comp="226" pin=0"/></net>

<net id="232"><net_src comp="20" pin="0"/><net_sink comp="226" pin=1"/></net>

<net id="238"><net_src comp="86" pin="0"/><net_sink comp="233" pin=0"/></net>

<net id="239"><net_src comp="22" pin="0"/><net_sink comp="233" pin=1"/></net>

<net id="245"><net_src comp="86" pin="0"/><net_sink comp="240" pin=0"/></net>

<net id="246"><net_src comp="24" pin="0"/><net_sink comp="240" pin=1"/></net>

<net id="252"><net_src comp="86" pin="0"/><net_sink comp="247" pin=0"/></net>

<net id="253"><net_src comp="26" pin="0"/><net_sink comp="247" pin=1"/></net>

<net id="259"><net_src comp="86" pin="0"/><net_sink comp="254" pin=0"/></net>

<net id="260"><net_src comp="28" pin="0"/><net_sink comp="254" pin=1"/></net>

<net id="266"><net_src comp="86" pin="0"/><net_sink comp="261" pin=0"/></net>

<net id="267"><net_src comp="30" pin="0"/><net_sink comp="261" pin=1"/></net>

<net id="272"><net_src comp="34" pin="0"/><net_sink comp="268" pin=0"/></net>

<net id="280"><net_src comp="273" pin="1"/><net_sink comp="276" pin=0"/></net>

<net id="281"><net_src comp="36" pin="0"/><net_sink comp="276" pin=1"/></net>

<net id="286"><net_src comp="273" pin="1"/><net_sink comp="282" pin=0"/></net>

<net id="287"><net_src comp="42" pin="0"/><net_sink comp="282" pin=1"/></net>

<net id="291"><net_src comp="273" pin="1"/><net_sink comp="288" pin=0"/></net>

<net id="296"><net_src comp="48" pin="0"/><net_sink comp="292" pin=0"/></net>

<net id="301"><net_src comp="48" pin="0"/><net_sink comp="297" pin=0"/></net>

<net id="306"><net_src comp="48" pin="0"/><net_sink comp="302" pin=0"/></net>

<net id="311"><net_src comp="48" pin="0"/><net_sink comp="307" pin=0"/></net>

<net id="316"><net_src comp="48" pin="0"/><net_sink comp="312" pin=0"/></net>

<net id="321"><net_src comp="48" pin="0"/><net_sink comp="317" pin=0"/></net>

<net id="326"><net_src comp="48" pin="0"/><net_sink comp="322" pin=0"/></net>

<net id="331"><net_src comp="48" pin="0"/><net_sink comp="327" pin=0"/></net>

<net id="336"><net_src comp="48" pin="0"/><net_sink comp="332" pin=0"/></net>

<net id="341"><net_src comp="48" pin="0"/><net_sink comp="337" pin=0"/></net>

<net id="346"><net_src comp="48" pin="0"/><net_sink comp="342" pin=0"/></net>

<net id="351"><net_src comp="48" pin="0"/><net_sink comp="347" pin=0"/></net>

<net id="356"><net_src comp="48" pin="0"/><net_sink comp="352" pin=0"/></net>

<net id="361"><net_src comp="48" pin="0"/><net_sink comp="357" pin=0"/></net>

<net id="366"><net_src comp="48" pin="0"/><net_sink comp="362" pin=0"/></net>

<net id="371"><net_src comp="48" pin="0"/><net_sink comp="367" pin=0"/></net>

<net id="376"><net_src comp="282" pin="2"/><net_sink comp="372" pin=0"/></net>

<net id="380"><net_src comp="377" pin="1"/><net_sink comp="261" pin=2"/></net>

<net id="384"><net_src comp="381" pin="1"/><net_sink comp="254" pin=2"/></net>

<net id="388"><net_src comp="385" pin="1"/><net_sink comp="247" pin=2"/></net>

<net id="392"><net_src comp="389" pin="1"/><net_sink comp="240" pin=2"/></net>

<net id="396"><net_src comp="393" pin="1"/><net_sink comp="233" pin=2"/></net>

<net id="400"><net_src comp="397" pin="1"/><net_sink comp="226" pin=2"/></net>

<net id="404"><net_src comp="401" pin="1"/><net_sink comp="219" pin=2"/></net>

<net id="408"><net_src comp="405" pin="1"/><net_sink comp="212" pin=2"/></net>

<net id="412"><net_src comp="409" pin="1"/><net_sink comp="205" pin=2"/></net>

<net id="416"><net_src comp="413" pin="1"/><net_sink comp="198" pin=2"/></net>

<net id="420"><net_src comp="417" pin="1"/><net_sink comp="191" pin=2"/></net>

<net id="424"><net_src comp="421" pin="1"/><net_sink comp="184" pin=2"/></net>

<net id="428"><net_src comp="425" pin="1"/><net_sink comp="177" pin=2"/></net>

<net id="432"><net_src comp="429" pin="1"/><net_sink comp="170" pin=2"/></net>

<net id="436"><net_src comp="433" pin="1"/><net_sink comp="163" pin=2"/></net>

<net id="440"><net_src comp="437" pin="1"/><net_sink comp="156" pin=2"/></net>

<net id="444"><net_src comp="88" pin="1"/><net_sink comp="441" pin=0"/></net>

<net id="445"><net_src comp="441" pin="1"/><net_sink comp="268" pin=1"/></net>

<net id="446"><net_src comp="441" pin="1"/><net_sink comp="273" pin=0"/></net>

<net id="447"><net_src comp="441" pin="1"/><net_sink comp="372" pin=1"/></net>

<net id="451"><net_src comp="92" pin="1"/><net_sink comp="448" pin=0"/></net>

<net id="452"><net_src comp="448" pin="1"/><net_sink comp="362" pin=1"/></net>

<net id="453"><net_src comp="448" pin="1"/><net_sink comp="377" pin=0"/></net>

<net id="457"><net_src comp="96" pin="1"/><net_sink comp="454" pin=0"/></net>

<net id="458"><net_src comp="454" pin="1"/><net_sink comp="357" pin=1"/></net>

<net id="459"><net_src comp="454" pin="1"/><net_sink comp="381" pin=0"/></net>

<net id="463"><net_src comp="100" pin="1"/><net_sink comp="460" pin=0"/></net>

<net id="464"><net_src comp="460" pin="1"/><net_sink comp="352" pin=1"/></net>

<net id="465"><net_src comp="460" pin="1"/><net_sink comp="385" pin=0"/></net>

<net id="469"><net_src comp="104" pin="1"/><net_sink comp="466" pin=0"/></net>

<net id="470"><net_src comp="466" pin="1"/><net_sink comp="347" pin=1"/></net>

<net id="471"><net_src comp="466" pin="1"/><net_sink comp="389" pin=0"/></net>

<net id="475"><net_src comp="108" pin="1"/><net_sink comp="472" pin=0"/></net>

<net id="476"><net_src comp="472" pin="1"/><net_sink comp="342" pin=1"/></net>

<net id="477"><net_src comp="472" pin="1"/><net_sink comp="393" pin=0"/></net>

<net id="481"><net_src comp="112" pin="1"/><net_sink comp="478" pin=0"/></net>

<net id="482"><net_src comp="478" pin="1"/><net_sink comp="337" pin=1"/></net>

<net id="483"><net_src comp="478" pin="1"/><net_sink comp="397" pin=0"/></net>

<net id="487"><net_src comp="116" pin="1"/><net_sink comp="484" pin=0"/></net>

<net id="488"><net_src comp="484" pin="1"/><net_sink comp="332" pin=1"/></net>

<net id="489"><net_src comp="484" pin="1"/><net_sink comp="401" pin=0"/></net>

<net id="493"><net_src comp="120" pin="1"/><net_sink comp="490" pin=0"/></net>

<net id="494"><net_src comp="490" pin="1"/><net_sink comp="327" pin=1"/></net>

<net id="495"><net_src comp="490" pin="1"/><net_sink comp="405" pin=0"/></net>

<net id="499"><net_src comp="124" pin="1"/><net_sink comp="496" pin=0"/></net>

<net id="500"><net_src comp="496" pin="1"/><net_sink comp="322" pin=1"/></net>

<net id="501"><net_src comp="496" pin="1"/><net_sink comp="409" pin=0"/></net>

<net id="505"><net_src comp="128" pin="1"/><net_sink comp="502" pin=0"/></net>

<net id="506"><net_src comp="502" pin="1"/><net_sink comp="317" pin=1"/></net>

<net id="507"><net_src comp="502" pin="1"/><net_sink comp="413" pin=0"/></net>

<net id="511"><net_src comp="132" pin="1"/><net_sink comp="508" pin=0"/></net>

<net id="512"><net_src comp="508" pin="1"/><net_sink comp="312" pin=1"/></net>

<net id="513"><net_src comp="508" pin="1"/><net_sink comp="417" pin=0"/></net>

<net id="517"><net_src comp="136" pin="1"/><net_sink comp="514" pin=0"/></net>

<net id="518"><net_src comp="514" pin="1"/><net_sink comp="307" pin=1"/></net>

<net id="519"><net_src comp="514" pin="1"/><net_sink comp="421" pin=0"/></net>

<net id="523"><net_src comp="140" pin="1"/><net_sink comp="520" pin=0"/></net>

<net id="524"><net_src comp="520" pin="1"/><net_sink comp="302" pin=1"/></net>

<net id="525"><net_src comp="520" pin="1"/><net_sink comp="425" pin=0"/></net>

<net id="529"><net_src comp="144" pin="1"/><net_sink comp="526" pin=0"/></net>

<net id="530"><net_src comp="526" pin="1"/><net_sink comp="297" pin=1"/></net>

<net id="531"><net_src comp="526" pin="1"/><net_sink comp="429" pin=0"/></net>

<net id="535"><net_src comp="148" pin="1"/><net_sink comp="532" pin=0"/></net>

<net id="536"><net_src comp="532" pin="1"/><net_sink comp="292" pin=1"/></net>

<net id="537"><net_src comp="532" pin="1"/><net_sink comp="433" pin=0"/></net>

<net id="541"><net_src comp="152" pin="1"/><net_sink comp="538" pin=0"/></net>

<net id="542"><net_src comp="538" pin="1"/><net_sink comp="367" pin=1"/></net>

<net id="543"><net_src comp="538" pin="1"/><net_sink comp="437" pin=0"/></net>

</net_list>

</model> 
---------------- Datapath Model END ------------------

* FSMD analyzer results:
  - Output states:
	Port: arrayidx682_15_15_promoted_out | {1 }
	Port: arrayidx682_14_15_promoted_out | {1 }
	Port: arrayidx682_13_15_promoted_out | {1 }
	Port: arrayidx682_12_15_promoted_out | {1 }
	Port: arrayidx682_11_15_promoted_out | {1 }
	Port: arrayidx682_10_15_promoted_out | {1 }
	Port: arrayidx682_9_15_promoted_out | {1 }
	Port: arrayidx682_8_15_promoted_out | {1 }
	Port: arrayidx682_7_15_promoted_out | {1 }
	Port: arrayidx682_6_15_promoted_out | {1 }
	Port: arrayidx682_5_15_promoted_out | {1 }
	Port: arrayidx682_4_15_promoted_out | {1 }
	Port: arrayidx682_3_15_promoted_out | {1 }
	Port: arrayidx682_2_15_promoted_out | {1 }
	Port: arrayidx682_1_15_promoted_out | {1 }
	Port: arrayidx682_15322_promoted_out | {1 }
 - Input state : 
  - Chain level:
	State 1
		store_ln0 : 1
		i_3 : 1
		icmp_ln52 : 2
		add_ln52 : 2
		br_ln52 : 3
		trunc_ln55 : 2
		switch_ln55 : 3
		store_ln55 : 1
		store_ln55 : 1
		store_ln55 : 1
		store_ln55 : 1
		store_ln55 : 1
		store_ln55 : 1
		store_ln55 : 1
		store_ln55 : 1
		store_ln55 : 1
		store_ln55 : 1
		store_ln55 : 1
		store_ln55 : 1
		store_ln55 : 1
		store_ln55 : 1
		store_ln55 : 1
		store_ln55 : 1
		store_ln52 : 3
		arrayidx682_15322_promoted_load : 1
		arrayidx682_1_15_promoted_load : 1
		arrayidx682_2_15_promoted_load : 1
		arrayidx682_3_15_promoted_load : 1
		arrayidx682_4_15_promoted_load : 1
		arrayidx682_5_15_promoted_load : 1
		arrayidx682_6_15_promoted_load : 1
		arrayidx682_7_15_promoted_load : 1
		arrayidx682_8_15_promoted_load : 1
		arrayidx682_9_15_promoted_load : 1
		arrayidx682_10_15_promoted_load : 1
		arrayidx682_11_15_promoted_load : 1
		arrayidx682_12_15_promoted_load : 1
		arrayidx682_13_15_promoted_load : 1
		arrayidx682_14_15_promoted_load : 1
		arrayidx682_15_15_promoted_load : 1
		write_ln0 : 2
		write_ln0 : 2
		write_ln0 : 2
		write_ln0 : 2
		write_ln0 : 2
		write_ln0 : 2
		write_ln0 : 2
		write_ln0 : 2
		write_ln0 : 2
		write_ln0 : 2
		write_ln0 : 2
		write_ln0 : 2
		write_ln0 : 2
		write_ln0 : 2
		write_ln0 : 2
		write_ln0 : 2


============================================================
+ Verbose Summary: Datapath Resource usage 
============================================================

* Functional unit list:
|----------|------------------------|---------|---------|
| Operation|     Functional Unit    |    FF   |   LUT   |
|----------|------------------------|---------|---------|
|    add   |     add_ln52_fu_282    |    0    |    12   |
|----------|------------------------|---------|---------|
|   icmp   |    icmp_ln52_fu_276    |    0    |    9    |
|----------|------------------------|---------|---------|
|          | write_ln0_write_fu_156 |    0    |    0    |
|          | write_ln0_write_fu_163 |    0    |    0    |
|          | write_ln0_write_fu_170 |    0    |    0    |
|          | write_ln0_write_fu_177 |    0    |    0    |
|          | write_ln0_write_fu_184 |    0    |    0    |
|          | write_ln0_write_fu_191 |    0    |    0    |
|          | write_ln0_write_fu_198 |    0    |    0    |
|   write  | write_ln0_write_fu_205 |    0    |    0    |
|          | write_ln0_write_fu_212 |    0    |    0    |
|          | write_ln0_write_fu_219 |    0    |    0    |
|          | write_ln0_write_fu_226 |    0    |    0    |
|          | write_ln0_write_fu_233 |    0    |    0    |
|          | write_ln0_write_fu_240 |    0    |    0    |
|          | write_ln0_write_fu_247 |    0    |    0    |
|          | write_ln0_write_fu_254 |    0    |    0    |
|          | write_ln0_write_fu_261 |    0    |    0    |
|----------|------------------------|---------|---------|
|   trunc  |    trunc_ln55_fu_288   |    0    |    0    |
|----------|------------------------|---------|---------|
|   Total  |                        |    0    |    21   |
|----------|------------------------|---------|---------|

Memories:
N/A

* Register list:
+----------------------------------+--------+
|                                  |   FF   |
+----------------------------------+--------+
|arrayidx682_10_15_promoted_reg_508|   32   |
|arrayidx682_11_15_promoted_reg_514|   32   |
|arrayidx682_12_15_promoted_reg_520|   32   |
|arrayidx682_13_15_promoted_reg_526|   32   |
|arrayidx682_14_15_promoted_reg_532|   32   |
|arrayidx682_15322_promoted_reg_448|   32   |
|arrayidx682_15_15_promoted_reg_538|   32   |
| arrayidx682_1_15_promoted_reg_454|   32   |
| arrayidx682_2_15_promoted_reg_460|   32   |
| arrayidx682_3_15_promoted_reg_466|   32   |
| arrayidx682_4_15_promoted_reg_472|   32   |
| arrayidx682_5_15_promoted_reg_478|   32   |
| arrayidx682_6_15_promoted_reg_484|   32   |
| arrayidx682_7_15_promoted_reg_490|   32   |
| arrayidx682_8_15_promoted_reg_496|   32   |
| arrayidx682_9_15_promoted_reg_502|   32   |
|             i_reg_441            |    5   |
+----------------------------------+--------+
|               Total              |   517  |
+----------------------------------+--------+

* Multiplexer (MUX) list: 
|--------|------|------|------|--------|
|  Comp  |  Pin | Size |  BW  | S x BW |
|--------|------|------|------|--------|
|  Total |      |      |      |    0   |
|--------|------|------|------|--------|



* Summary:
+-----------+--------+--------+
|           |   FF   |   LUT  |
+-----------+--------+--------+
|  Function |    0   |   21   |
|   Memory  |    -   |    -   |
|Multiplexer|    -   |    -   |
|  Register |   517  |    -   |
+-----------+--------+--------+
|   Total   |   517  |   21   |
+-----------+--------+--------+
