

================================================================
== Vitis HLS Report for 'mmult_Pipeline_writeC'
================================================================
* Date:           Wed Dec  4 13:23:30 2024

* Version:        2022.1 (Build 3526262 on Mon Apr 18 15:47:01 MDT 2022)
* Project:        SA_broadcasting
* Solution:       solution1 (Vivado IP Flow Target)
* Product family: virtexuplus
* Target device:  xcu50-fsvh2104-2-e


================================================================
== Performance Estimates
================================================================
+ Timing: 
    * Summary: 
    +--------+----------+----------+------------+
    |  Clock |  Target  | Estimated| Uncertainty|
    +--------+----------+----------+------------+
    |ap_clk  |  10.00 ns|  7.300 ns|     2.70 ns|
    +--------+----------+----------+------------+

+ Latency: 
    * Summary: 
    +---------+---------+----------+----------+-----+-----+---------+
    |  Latency (cycles) |  Latency (absolute) |  Interval | Pipeline|
    |   min   |   max   |    min   |    max   | min | max |   Type  |
    +---------+---------+----------+----------+-----+-----+---------+
    |        ?|        ?|         ?|         ?|    ?|    ?|       no|
    +---------+---------+----------+----------+-----+-----+---------+

    + Detail: 
        * Instance: 
        N/A

        * Loop: 
        +----------+---------+---------+----------+-----------+-----------+------+----------+
        |          |  Latency (cycles) | Iteration|  Initiation Interval  | Trip |          |
        | Loop Name|   min   |   max   |  Latency |  achieved |   target  | Count| Pipelined|
        +----------+---------+---------+----------+-----------+-----------+------+----------+
        |- writeC  |        ?|        ?|         2|          1|          1|     ?|       yes|
        +----------+---------+---------+----------+-----------+-----------+------+----------+

============================================================
+ Verbose Summary: Synthesis Manager
============================================================
InlineROM: 1
ExposeGlobal: 0
============================================================
+ Verbose Summary: CDFG Model
============================================================
IsTopModel: 0
ResetActiveHigh: 1
IsCombinational: 0
IsDatapathOnly: 0
HasWiredReturn: 1
HasMFsm: 2
HasVarLatency: 1
IsPipeline: 0
IsRtlPipelined: 0
IsInstanceOverlapped: 0
IsDontTouch: 0
HasImplIP: 0
IsGatedGlobalClock: 0

+ Individual pipeline summary: 
  * Pipeline-0: initiation interval (II) = 1, depth = 2


============================================================
+ Verbose Summary: Schedule
============================================================
* Number of FSM states : 8
* Pipeline : 1
  Pipeline-0 : II = 1, D = 2, States = { 2 3 }
* Dataflow Pipeline: 0

* FSM state transitions: 
1 --> 2 
2 --> 4 3 
3 --> 2 
4 --> 5 
5 --> 6 
6 --> 7 
7 --> 8 
8 --> 

* FSM state operations: 

State 1 <SV = 0> <Delay = 7.30>
ST_1 : Operation 9 [1/1] (0.00ns)   --->   "%i = alloca i32 1"   --->   Operation 9 'alloca' 'i' <Predicate = true> <Delay = 0.00>
ST_1 : Operation 10 [1/1] (0.00ns)   --->   "%j = alloca i32 1"   --->   Operation 10 'alloca' 'j' <Predicate = true> <Delay = 0.00>
ST_1 : Operation 11 [1/1] (0.00ns)   --->   "%loc = alloca i32 1"   --->   Operation 11 'alloca' 'loc' <Predicate = true> <Delay = 0.00>
ST_1 : Operation 12 [1/1] (0.00ns)   --->   "%c261 = read i64 @_ssdm_op_Read.ap_auto.i64, i64 %c"   --->   Operation 12 'read' 'c261' <Predicate = true> <Delay = 0.00>
ST_1 : Operation 13 [1/1] (0.00ns)   --->   "%mux_case_152136_read = read i32 @_ssdm_op_Read.ap_auto.i32, i32 %mux_case_152136"   --->   Operation 13 'read' 'mux_case_152136_read' <Predicate = true> <Delay = 0.00>
ST_1 : Operation 14 [1/1] (0.00ns)   --->   "%mux_case_142135_read = read i32 @_ssdm_op_Read.ap_auto.i32, i32 %mux_case_142135"   --->   Operation 14 'read' 'mux_case_142135_read' <Predicate = true> <Delay = 0.00>
ST_1 : Operation 15 [1/1] (0.00ns)   --->   "%mux_case_132134_read = read i32 @_ssdm_op_Read.ap_auto.i32, i32 %mux_case_132134"   --->   Operation 15 'read' 'mux_case_132134_read' <Predicate = true> <Delay = 0.00>
ST_1 : Operation 16 [1/1] (0.00ns)   --->   "%mux_case_122133_read = read i32 @_ssdm_op_Read.ap_auto.i32, i32 %mux_case_122133"   --->   Operation 16 'read' 'mux_case_122133_read' <Predicate = true> <Delay = 0.00>
ST_1 : Operation 17 [1/1] (0.00ns)   --->   "%mux_case_112132_read = read i32 @_ssdm_op_Read.ap_auto.i32, i32 %mux_case_112132"   --->   Operation 17 'read' 'mux_case_112132_read' <Predicate = true> <Delay = 0.00>
ST_1 : Operation 18 [1/1] (0.00ns)   --->   "%mux_case_102131_read = read i32 @_ssdm_op_Read.ap_auto.i32, i32 %mux_case_102131"   --->   Operation 18 'read' 'mux_case_102131_read' <Predicate = true> <Delay = 0.00>
ST_1 : Operation 19 [1/1] (0.00ns)   --->   "%mux_case_92130_read = read i32 @_ssdm_op_Read.ap_auto.i32, i32 %mux_case_92130"   --->   Operation 19 'read' 'mux_case_92130_read' <Predicate = true> <Delay = 0.00>
ST_1 : Operation 20 [1/1] (0.00ns)   --->   "%mux_case_82129_read = read i32 @_ssdm_op_Read.ap_auto.i32, i32 %mux_case_82129"   --->   Operation 20 'read' 'mux_case_82129_read' <Predicate = true> <Delay = 0.00>
ST_1 : Operation 21 [1/1] (0.00ns)   --->   "%mux_case_72128_read = read i32 @_ssdm_op_Read.ap_auto.i32, i32 %mux_case_72128"   --->   Operation 21 'read' 'mux_case_72128_read' <Predicate = true> <Delay = 0.00>
ST_1 : Operation 22 [1/1] (0.00ns)   --->   "%mux_case_62127_read = read i32 @_ssdm_op_Read.ap_auto.i32, i32 %mux_case_62127"   --->   Operation 22 'read' 'mux_case_62127_read' <Predicate = true> <Delay = 0.00>
ST_1 : Operation 23 [1/1] (0.00ns)   --->   "%mux_case_52126_read = read i32 @_ssdm_op_Read.ap_auto.i32, i32 %mux_case_52126"   --->   Operation 23 'read' 'mux_case_52126_read' <Predicate = true> <Delay = 0.00>
ST_1 : Operation 24 [1/1] (0.00ns)   --->   "%mux_case_42125_read = read i32 @_ssdm_op_Read.ap_auto.i32, i32 %mux_case_42125"   --->   Operation 24 'read' 'mux_case_42125_read' <Predicate = true> <Delay = 0.00>
ST_1 : Operation 25 [1/1] (0.00ns)   --->   "%mux_case_32124_read = read i32 @_ssdm_op_Read.ap_auto.i32, i32 %mux_case_32124"   --->   Operation 25 'read' 'mux_case_32124_read' <Predicate = true> <Delay = 0.00>
ST_1 : Operation 26 [1/1] (0.00ns)   --->   "%mux_case_22123_read = read i32 @_ssdm_op_Read.ap_auto.i32, i32 %mux_case_22123"   --->   Operation 26 'read' 'mux_case_22123_read' <Predicate = true> <Delay = 0.00>
ST_1 : Operation 27 [1/1] (0.00ns)   --->   "%mux_case_12122_read = read i32 @_ssdm_op_Read.ap_auto.i32, i32 %mux_case_12122"   --->   Operation 27 'read' 'mux_case_12122_read' <Predicate = true> <Delay = 0.00>
ST_1 : Operation 28 [1/1] (0.00ns)   --->   "%mux_case_02121_read = read i32 @_ssdm_op_Read.ap_auto.i32, i32 %mux_case_02121"   --->   Operation 28 'read' 'mux_case_02121_read' <Predicate = true> <Delay = 0.00>
ST_1 : Operation 29 [1/1] (0.00ns)   --->   "%mux_case_152119_read = read i32 @_ssdm_op_Read.ap_auto.i32, i32 %mux_case_152119"   --->   Operation 29 'read' 'mux_case_152119_read' <Predicate = true> <Delay = 0.00>
ST_1 : Operation 30 [1/1] (0.00ns)   --->   "%mux_case_142118_read = read i32 @_ssdm_op_Read.ap_auto.i32, i32 %mux_case_142118"   --->   Operation 30 'read' 'mux_case_142118_read' <Predicate = true> <Delay = 0.00>
ST_1 : Operation 31 [1/1] (0.00ns)   --->   "%mux_case_132117_read = read i32 @_ssdm_op_Read.ap_auto.i32, i32 %mux_case_132117"   --->   Operation 31 'read' 'mux_case_132117_read' <Predicate = true> <Delay = 0.00>
ST_1 : Operation 32 [1/1] (0.00ns)   --->   "%mux_case_122116_read = read i32 @_ssdm_op_Read.ap_auto.i32, i32 %mux_case_122116"   --->   Operation 32 'read' 'mux_case_122116_read' <Predicate = true> <Delay = 0.00>
ST_1 : Operation 33 [1/1] (0.00ns)   --->   "%mux_case_112115_read = read i32 @_ssdm_op_Read.ap_auto.i32, i32 %mux_case_112115"   --->   Operation 33 'read' 'mux_case_112115_read' <Predicate = true> <Delay = 0.00>
ST_1 : Operation 34 [1/1] (0.00ns)   --->   "%mux_case_102114_read = read i32 @_ssdm_op_Read.ap_auto.i32, i32 %mux_case_102114"   --->   Operation 34 'read' 'mux_case_102114_read' <Predicate = true> <Delay = 0.00>
ST_1 : Operation 35 [1/1] (0.00ns)   --->   "%mux_case_92113_read = read i32 @_ssdm_op_Read.ap_auto.i32, i32 %mux_case_92113"   --->   Operation 35 'read' 'mux_case_92113_read' <Predicate = true> <Delay = 0.00>
ST_1 : Operation 36 [1/1] (0.00ns)   --->   "%mux_case_82112_read = read i32 @_ssdm_op_Read.ap_auto.i32, i32 %mux_case_82112"   --->   Operation 36 'read' 'mux_case_82112_read' <Predicate = true> <Delay = 0.00>
ST_1 : Operation 37 [1/1] (0.00ns)   --->   "%mux_case_72111_read = read i32 @_ssdm_op_Read.ap_auto.i32, i32 %mux_case_72111"   --->   Operation 37 'read' 'mux_case_72111_read' <Predicate = true> <Delay = 0.00>
ST_1 : Operation 38 [1/1] (0.00ns)   --->   "%mux_case_62110_read = read i32 @_ssdm_op_Read.ap_auto.i32, i32 %mux_case_62110"   --->   Operation 38 'read' 'mux_case_62110_read' <Predicate = true> <Delay = 0.00>
ST_1 : Operation 39 [1/1] (0.00ns)   --->   "%mux_case_52109_read = read i32 @_ssdm_op_Read.ap_auto.i32, i32 %mux_case_52109"   --->   Operation 39 'read' 'mux_case_52109_read' <Predicate = true> <Delay = 0.00>
ST_1 : Operation 40 [1/1] (0.00ns)   --->   "%mux_case_42108_read = read i32 @_ssdm_op_Read.ap_auto.i32, i32 %mux_case_42108"   --->   Operation 40 'read' 'mux_case_42108_read' <Predicate = true> <Delay = 0.00>
ST_1 : Operation 41 [1/1] (0.00ns)   --->   "%mux_case_32107_read = read i32 @_ssdm_op_Read.ap_auto.i32, i32 %mux_case_32107"   --->   Operation 41 'read' 'mux_case_32107_read' <Predicate = true> <Delay = 0.00>
ST_1 : Operation 42 [1/1] (0.00ns)   --->   "%mux_case_22106_read = read i32 @_ssdm_op_Read.ap_auto.i32, i32 %mux_case_22106"   --->   Operation 42 'read' 'mux_case_22106_read' <Predicate = true> <Delay = 0.00>
ST_1 : Operation 43 [1/1] (0.00ns)   --->   "%mux_case_12105_read = read i32 @_ssdm_op_Read.ap_auto.i32, i32 %mux_case_12105"   --->   Operation 43 'read' 'mux_case_12105_read' <Predicate = true> <Delay = 0.00>
ST_1 : Operation 44 [1/1] (0.00ns)   --->   "%mux_case_02104_read = read i32 @_ssdm_op_Read.ap_auto.i32, i32 %mux_case_02104"   --->   Operation 44 'read' 'mux_case_02104_read' <Predicate = true> <Delay = 0.00>
ST_1 : Operation 45 [1/1] (0.00ns)   --->   "%mux_case_152102_read = read i32 @_ssdm_op_Read.ap_auto.i32, i32 %mux_case_152102"   --->   Operation 45 'read' 'mux_case_152102_read' <Predicate = true> <Delay = 0.00>
ST_1 : Operation 46 [1/1] (0.00ns)   --->   "%mux_case_142101_read = read i32 @_ssdm_op_Read.ap_auto.i32, i32 %mux_case_142101"   --->   Operation 46 'read' 'mux_case_142101_read' <Predicate = true> <Delay = 0.00>
ST_1 : Operation 47 [1/1] (0.00ns)   --->   "%mux_case_132100_read = read i32 @_ssdm_op_Read.ap_auto.i32, i32 %mux_case_132100"   --->   Operation 47 'read' 'mux_case_132100_read' <Predicate = true> <Delay = 0.00>
ST_1 : Operation 48 [1/1] (0.00ns)   --->   "%mux_case_122099_read = read i32 @_ssdm_op_Read.ap_auto.i32, i32 %mux_case_122099"   --->   Operation 48 'read' 'mux_case_122099_read' <Predicate = true> <Delay = 0.00>
ST_1 : Operation 49 [1/1] (0.00ns)   --->   "%mux_case_112098_read = read i32 @_ssdm_op_Read.ap_auto.i32, i32 %mux_case_112098"   --->   Operation 49 'read' 'mux_case_112098_read' <Predicate = true> <Delay = 0.00>
ST_1 : Operation 50 [1/1] (0.00ns)   --->   "%mux_case_102097_read = read i32 @_ssdm_op_Read.ap_auto.i32, i32 %mux_case_102097"   --->   Operation 50 'read' 'mux_case_102097_read' <Predicate = true> <Delay = 0.00>
ST_1 : Operation 51 [1/1] (0.00ns)   --->   "%mux_case_92096_read = read i32 @_ssdm_op_Read.ap_auto.i32, i32 %mux_case_92096"   --->   Operation 51 'read' 'mux_case_92096_read' <Predicate = true> <Delay = 0.00>
ST_1 : Operation 52 [1/1] (0.00ns)   --->   "%mux_case_82095_read = read i32 @_ssdm_op_Read.ap_auto.i32, i32 %mux_case_82095"   --->   Operation 52 'read' 'mux_case_82095_read' <Predicate = true> <Delay = 0.00>
ST_1 : Operation 53 [1/1] (0.00ns)   --->   "%mux_case_72094_read = read i32 @_ssdm_op_Read.ap_auto.i32, i32 %mux_case_72094"   --->   Operation 53 'read' 'mux_case_72094_read' <Predicate = true> <Delay = 0.00>
ST_1 : Operation 54 [1/1] (0.00ns)   --->   "%mux_case_62093_read = read i32 @_ssdm_op_Read.ap_auto.i32, i32 %mux_case_62093"   --->   Operation 54 'read' 'mux_case_62093_read' <Predicate = true> <Delay = 0.00>
ST_1 : Operation 55 [1/1] (0.00ns)   --->   "%mux_case_52092_read = read i32 @_ssdm_op_Read.ap_auto.i32, i32 %mux_case_52092"   --->   Operation 55 'read' 'mux_case_52092_read' <Predicate = true> <Delay = 0.00>
ST_1 : Operation 56 [1/1] (0.00ns)   --->   "%mux_case_42091_read = read i32 @_ssdm_op_Read.ap_auto.i32, i32 %mux_case_42091"   --->   Operation 56 'read' 'mux_case_42091_read' <Predicate = true> <Delay = 0.00>
ST_1 : Operation 57 [1/1] (0.00ns)   --->   "%mux_case_32090_read = read i32 @_ssdm_op_Read.ap_auto.i32, i32 %mux_case_32090"   --->   Operation 57 'read' 'mux_case_32090_read' <Predicate = true> <Delay = 0.00>
ST_1 : Operation 58 [1/1] (0.00ns)   --->   "%mux_case_22089_read = read i32 @_ssdm_op_Read.ap_auto.i32, i32 %mux_case_22089"   --->   Operation 58 'read' 'mux_case_22089_read' <Predicate = true> <Delay = 0.00>
ST_1 : Operation 59 [1/1] (0.00ns)   --->   "%mux_case_12088_read = read i32 @_ssdm_op_Read.ap_auto.i32, i32 %mux_case_12088"   --->   Operation 59 'read' 'mux_case_12088_read' <Predicate = true> <Delay = 0.00>
ST_1 : Operation 60 [1/1] (0.00ns)   --->   "%mux_case_02087_read = read i32 @_ssdm_op_Read.ap_auto.i32, i32 %mux_case_02087"   --->   Operation 60 'read' 'mux_case_02087_read' <Predicate = true> <Delay = 0.00>
ST_1 : Operation 61 [1/1] (0.00ns)   --->   "%mux_case_152085_read = read i32 @_ssdm_op_Read.ap_auto.i32, i32 %mux_case_152085"   --->   Operation 61 'read' 'mux_case_152085_read' <Predicate = true> <Delay = 0.00>
ST_1 : Operation 62 [1/1] (0.00ns)   --->   "%mux_case_142084_read = read i32 @_ssdm_op_Read.ap_auto.i32, i32 %mux_case_142084"   --->   Operation 62 'read' 'mux_case_142084_read' <Predicate = true> <Delay = 0.00>
ST_1 : Operation 63 [1/1] (0.00ns)   --->   "%mux_case_132083_read = read i32 @_ssdm_op_Read.ap_auto.i32, i32 %mux_case_132083"   --->   Operation 63 'read' 'mux_case_132083_read' <Predicate = true> <Delay = 0.00>
ST_1 : Operation 64 [1/1] (0.00ns)   --->   "%mux_case_122082_read = read i32 @_ssdm_op_Read.ap_auto.i32, i32 %mux_case_122082"   --->   Operation 64 'read' 'mux_case_122082_read' <Predicate = true> <Delay = 0.00>
ST_1 : Operation 65 [1/1] (0.00ns)   --->   "%mux_case_112081_read = read i32 @_ssdm_op_Read.ap_auto.i32, i32 %mux_case_112081"   --->   Operation 65 'read' 'mux_case_112081_read' <Predicate = true> <Delay = 0.00>
ST_1 : Operation 66 [1/1] (0.00ns)   --->   "%mux_case_102080_read = read i32 @_ssdm_op_Read.ap_auto.i32, i32 %mux_case_102080"   --->   Operation 66 'read' 'mux_case_102080_read' <Predicate = true> <Delay = 0.00>
ST_1 : Operation 67 [1/1] (0.00ns)   --->   "%mux_case_92079_read = read i32 @_ssdm_op_Read.ap_auto.i32, i32 %mux_case_92079"   --->   Operation 67 'read' 'mux_case_92079_read' <Predicate = true> <Delay = 0.00>
ST_1 : Operation 68 [1/1] (0.00ns)   --->   "%mux_case_82078_read = read i32 @_ssdm_op_Read.ap_auto.i32, i32 %mux_case_82078"   --->   Operation 68 'read' 'mux_case_82078_read' <Predicate = true> <Delay = 0.00>
ST_1 : Operation 69 [1/1] (0.00ns)   --->   "%mux_case_72077_read = read i32 @_ssdm_op_Read.ap_auto.i32, i32 %mux_case_72077"   --->   Operation 69 'read' 'mux_case_72077_read' <Predicate = true> <Delay = 0.00>
ST_1 : Operation 70 [1/1] (0.00ns)   --->   "%mux_case_62076_read = read i32 @_ssdm_op_Read.ap_auto.i32, i32 %mux_case_62076"   --->   Operation 70 'read' 'mux_case_62076_read' <Predicate = true> <Delay = 0.00>
ST_1 : Operation 71 [1/1] (0.00ns)   --->   "%mux_case_52075_read = read i32 @_ssdm_op_Read.ap_auto.i32, i32 %mux_case_52075"   --->   Operation 71 'read' 'mux_case_52075_read' <Predicate = true> <Delay = 0.00>
ST_1 : Operation 72 [1/1] (0.00ns)   --->   "%mux_case_42074_read = read i32 @_ssdm_op_Read.ap_auto.i32, i32 %mux_case_42074"   --->   Operation 72 'read' 'mux_case_42074_read' <Predicate = true> <Delay = 0.00>
ST_1 : Operation 73 [1/1] (0.00ns)   --->   "%mux_case_32073_read = read i32 @_ssdm_op_Read.ap_auto.i32, i32 %mux_case_32073"   --->   Operation 73 'read' 'mux_case_32073_read' <Predicate = true> <Delay = 0.00>
ST_1 : Operation 74 [1/1] (0.00ns)   --->   "%mux_case_22072_read = read i32 @_ssdm_op_Read.ap_auto.i32, i32 %mux_case_22072"   --->   Operation 74 'read' 'mux_case_22072_read' <Predicate = true> <Delay = 0.00>
ST_1 : Operation 75 [1/1] (0.00ns)   --->   "%mux_case_12071_read = read i32 @_ssdm_op_Read.ap_auto.i32, i32 %mux_case_12071"   --->   Operation 75 'read' 'mux_case_12071_read' <Predicate = true> <Delay = 0.00>
ST_1 : Operation 76 [1/1] (0.00ns)   --->   "%mux_case_02070_read = read i32 @_ssdm_op_Read.ap_auto.i32, i32 %mux_case_02070"   --->   Operation 76 'read' 'mux_case_02070_read' <Predicate = true> <Delay = 0.00>
ST_1 : Operation 77 [1/1] (0.00ns)   --->   "%mux_case_152068_read = read i32 @_ssdm_op_Read.ap_auto.i32, i32 %mux_case_152068"   --->   Operation 77 'read' 'mux_case_152068_read' <Predicate = true> <Delay = 0.00>
ST_1 : Operation 78 [1/1] (0.00ns)   --->   "%mux_case_142067_read = read i32 @_ssdm_op_Read.ap_auto.i32, i32 %mux_case_142067"   --->   Operation 78 'read' 'mux_case_142067_read' <Predicate = true> <Delay = 0.00>
ST_1 : Operation 79 [1/1] (0.00ns)   --->   "%mux_case_132066_read = read i32 @_ssdm_op_Read.ap_auto.i32, i32 %mux_case_132066"   --->   Operation 79 'read' 'mux_case_132066_read' <Predicate = true> <Delay = 0.00>
ST_1 : Operation 80 [1/1] (0.00ns)   --->   "%mux_case_122065_read = read i32 @_ssdm_op_Read.ap_auto.i32, i32 %mux_case_122065"   --->   Operation 80 'read' 'mux_case_122065_read' <Predicate = true> <Delay = 0.00>
ST_1 : Operation 81 [1/1] (0.00ns)   --->   "%mux_case_112064_read = read i32 @_ssdm_op_Read.ap_auto.i32, i32 %mux_case_112064"   --->   Operation 81 'read' 'mux_case_112064_read' <Predicate = true> <Delay = 0.00>
ST_1 : Operation 82 [1/1] (0.00ns)   --->   "%mux_case_102063_read = read i32 @_ssdm_op_Read.ap_auto.i32, i32 %mux_case_102063"   --->   Operation 82 'read' 'mux_case_102063_read' <Predicate = true> <Delay = 0.00>
ST_1 : Operation 83 [1/1] (0.00ns)   --->   "%mux_case_92062_read = read i32 @_ssdm_op_Read.ap_auto.i32, i32 %mux_case_92062"   --->   Operation 83 'read' 'mux_case_92062_read' <Predicate = true> <Delay = 0.00>
ST_1 : Operation 84 [1/1] (0.00ns)   --->   "%mux_case_82061_read = read i32 @_ssdm_op_Read.ap_auto.i32, i32 %mux_case_82061"   --->   Operation 84 'read' 'mux_case_82061_read' <Predicate = true> <Delay = 0.00>
ST_1 : Operation 85 [1/1] (0.00ns)   --->   "%mux_case_72060_read = read i32 @_ssdm_op_Read.ap_auto.i32, i32 %mux_case_72060"   --->   Operation 85 'read' 'mux_case_72060_read' <Predicate = true> <Delay = 0.00>
ST_1 : Operation 86 [1/1] (0.00ns)   --->   "%mux_case_62059_read = read i32 @_ssdm_op_Read.ap_auto.i32, i32 %mux_case_62059"   --->   Operation 86 'read' 'mux_case_62059_read' <Predicate = true> <Delay = 0.00>
ST_1 : Operation 87 [1/1] (0.00ns)   --->   "%mux_case_52058_read = read i32 @_ssdm_op_Read.ap_auto.i32, i32 %mux_case_52058"   --->   Operation 87 'read' 'mux_case_52058_read' <Predicate = true> <Delay = 0.00>
ST_1 : Operation 88 [1/1] (0.00ns)   --->   "%mux_case_42057_read = read i32 @_ssdm_op_Read.ap_auto.i32, i32 %mux_case_42057"   --->   Operation 88 'read' 'mux_case_42057_read' <Predicate = true> <Delay = 0.00>
ST_1 : Operation 89 [1/1] (0.00ns)   --->   "%mux_case_32056_read = read i32 @_ssdm_op_Read.ap_auto.i32, i32 %mux_case_32056"   --->   Operation 89 'read' 'mux_case_32056_read' <Predicate = true> <Delay = 0.00>
ST_1 : Operation 90 [1/1] (0.00ns)   --->   "%mux_case_22055_read = read i32 @_ssdm_op_Read.ap_auto.i32, i32 %mux_case_22055"   --->   Operation 90 'read' 'mux_case_22055_read' <Predicate = true> <Delay = 0.00>
ST_1 : Operation 91 [1/1] (0.00ns)   --->   "%mux_case_12054_read = read i32 @_ssdm_op_Read.ap_auto.i32, i32 %mux_case_12054"   --->   Operation 91 'read' 'mux_case_12054_read' <Predicate = true> <Delay = 0.00>
ST_1 : Operation 92 [1/1] (0.00ns)   --->   "%mux_case_02053_read = read i32 @_ssdm_op_Read.ap_auto.i32, i32 %mux_case_02053"   --->   Operation 92 'read' 'mux_case_02053_read' <Predicate = true> <Delay = 0.00>
ST_1 : Operation 93 [1/1] (0.00ns)   --->   "%mux_case_152051_read = read i32 @_ssdm_op_Read.ap_auto.i32, i32 %mux_case_152051"   --->   Operation 93 'read' 'mux_case_152051_read' <Predicate = true> <Delay = 0.00>
ST_1 : Operation 94 [1/1] (0.00ns)   --->   "%mux_case_142050_read = read i32 @_ssdm_op_Read.ap_auto.i32, i32 %mux_case_142050"   --->   Operation 94 'read' 'mux_case_142050_read' <Predicate = true> <Delay = 0.00>
ST_1 : Operation 95 [1/1] (0.00ns)   --->   "%mux_case_132049_read = read i32 @_ssdm_op_Read.ap_auto.i32, i32 %mux_case_132049"   --->   Operation 95 'read' 'mux_case_132049_read' <Predicate = true> <Delay = 0.00>
ST_1 : Operation 96 [1/1] (0.00ns)   --->   "%mux_case_122048_read = read i32 @_ssdm_op_Read.ap_auto.i32, i32 %mux_case_122048"   --->   Operation 96 'read' 'mux_case_122048_read' <Predicate = true> <Delay = 0.00>
ST_1 : Operation 97 [1/1] (0.00ns)   --->   "%mux_case_112047_read = read i32 @_ssdm_op_Read.ap_auto.i32, i32 %mux_case_112047"   --->   Operation 97 'read' 'mux_case_112047_read' <Predicate = true> <Delay = 0.00>
ST_1 : Operation 98 [1/1] (0.00ns)   --->   "%mux_case_102046_read = read i32 @_ssdm_op_Read.ap_auto.i32, i32 %mux_case_102046"   --->   Operation 98 'read' 'mux_case_102046_read' <Predicate = true> <Delay = 0.00>
ST_1 : Operation 99 [1/1] (0.00ns)   --->   "%mux_case_92045_read = read i32 @_ssdm_op_Read.ap_auto.i32, i32 %mux_case_92045"   --->   Operation 99 'read' 'mux_case_92045_read' <Predicate = true> <Delay = 0.00>
ST_1 : Operation 100 [1/1] (0.00ns)   --->   "%mux_case_82044_read = read i32 @_ssdm_op_Read.ap_auto.i32, i32 %mux_case_82044"   --->   Operation 100 'read' 'mux_case_82044_read' <Predicate = true> <Delay = 0.00>
ST_1 : Operation 101 [1/1] (0.00ns)   --->   "%mux_case_72043_read = read i32 @_ssdm_op_Read.ap_auto.i32, i32 %mux_case_72043"   --->   Operation 101 'read' 'mux_case_72043_read' <Predicate = true> <Delay = 0.00>
ST_1 : Operation 102 [1/1] (0.00ns)   --->   "%mux_case_62042_read = read i32 @_ssdm_op_Read.ap_auto.i32, i32 %mux_case_62042"   --->   Operation 102 'read' 'mux_case_62042_read' <Predicate = true> <Delay = 0.00>
ST_1 : Operation 103 [1/1] (0.00ns)   --->   "%mux_case_52041_read = read i32 @_ssdm_op_Read.ap_auto.i32, i32 %mux_case_52041"   --->   Operation 103 'read' 'mux_case_52041_read' <Predicate = true> <Delay = 0.00>
ST_1 : Operation 104 [1/1] (0.00ns)   --->   "%mux_case_42040_read = read i32 @_ssdm_op_Read.ap_auto.i32, i32 %mux_case_42040"   --->   Operation 104 'read' 'mux_case_42040_read' <Predicate = true> <Delay = 0.00>
ST_1 : Operation 105 [1/1] (0.00ns)   --->   "%mux_case_32039_read = read i32 @_ssdm_op_Read.ap_auto.i32, i32 %mux_case_32039"   --->   Operation 105 'read' 'mux_case_32039_read' <Predicate = true> <Delay = 0.00>
ST_1 : Operation 106 [1/1] (0.00ns)   --->   "%mux_case_22038_read = read i32 @_ssdm_op_Read.ap_auto.i32, i32 %mux_case_22038"   --->   Operation 106 'read' 'mux_case_22038_read' <Predicate = true> <Delay = 0.00>
ST_1 : Operation 107 [1/1] (0.00ns)   --->   "%mux_case_12037_read = read i32 @_ssdm_op_Read.ap_auto.i32, i32 %mux_case_12037"   --->   Operation 107 'read' 'mux_case_12037_read' <Predicate = true> <Delay = 0.00>
ST_1 : Operation 108 [1/1] (0.00ns)   --->   "%mux_case_02036_read = read i32 @_ssdm_op_Read.ap_auto.i32, i32 %mux_case_02036"   --->   Operation 108 'read' 'mux_case_02036_read' <Predicate = true> <Delay = 0.00>
ST_1 : Operation 109 [1/1] (0.00ns)   --->   "%mux_case_152034_read = read i32 @_ssdm_op_Read.ap_auto.i32, i32 %mux_case_152034"   --->   Operation 109 'read' 'mux_case_152034_read' <Predicate = true> <Delay = 0.00>
ST_1 : Operation 110 [1/1] (0.00ns)   --->   "%mux_case_142033_read = read i32 @_ssdm_op_Read.ap_auto.i32, i32 %mux_case_142033"   --->   Operation 110 'read' 'mux_case_142033_read' <Predicate = true> <Delay = 0.00>
ST_1 : Operation 111 [1/1] (0.00ns)   --->   "%mux_case_132032_read = read i32 @_ssdm_op_Read.ap_auto.i32, i32 %mux_case_132032"   --->   Operation 111 'read' 'mux_case_132032_read' <Predicate = true> <Delay = 0.00>
ST_1 : Operation 112 [1/1] (0.00ns)   --->   "%mux_case_122031_read = read i32 @_ssdm_op_Read.ap_auto.i32, i32 %mux_case_122031"   --->   Operation 112 'read' 'mux_case_122031_read' <Predicate = true> <Delay = 0.00>
ST_1 : Operation 113 [1/1] (0.00ns)   --->   "%mux_case_112030_read = read i32 @_ssdm_op_Read.ap_auto.i32, i32 %mux_case_112030"   --->   Operation 113 'read' 'mux_case_112030_read' <Predicate = true> <Delay = 0.00>
ST_1 : Operation 114 [1/1] (0.00ns)   --->   "%mux_case_102029_read = read i32 @_ssdm_op_Read.ap_auto.i32, i32 %mux_case_102029"   --->   Operation 114 'read' 'mux_case_102029_read' <Predicate = true> <Delay = 0.00>
ST_1 : Operation 115 [1/1] (0.00ns)   --->   "%mux_case_92028_read = read i32 @_ssdm_op_Read.ap_auto.i32, i32 %mux_case_92028"   --->   Operation 115 'read' 'mux_case_92028_read' <Predicate = true> <Delay = 0.00>
ST_1 : Operation 116 [1/1] (0.00ns)   --->   "%mux_case_82027_read = read i32 @_ssdm_op_Read.ap_auto.i32, i32 %mux_case_82027"   --->   Operation 116 'read' 'mux_case_82027_read' <Predicate = true> <Delay = 0.00>
ST_1 : Operation 117 [1/1] (0.00ns)   --->   "%mux_case_72026_read = read i32 @_ssdm_op_Read.ap_auto.i32, i32 %mux_case_72026"   --->   Operation 117 'read' 'mux_case_72026_read' <Predicate = true> <Delay = 0.00>
ST_1 : Operation 118 [1/1] (0.00ns)   --->   "%mux_case_62025_read = read i32 @_ssdm_op_Read.ap_auto.i32, i32 %mux_case_62025"   --->   Operation 118 'read' 'mux_case_62025_read' <Predicate = true> <Delay = 0.00>
ST_1 : Operation 119 [1/1] (0.00ns)   --->   "%mux_case_52024_read = read i32 @_ssdm_op_Read.ap_auto.i32, i32 %mux_case_52024"   --->   Operation 119 'read' 'mux_case_52024_read' <Predicate = true> <Delay = 0.00>
ST_1 : Operation 120 [1/1] (0.00ns)   --->   "%mux_case_42023_read = read i32 @_ssdm_op_Read.ap_auto.i32, i32 %mux_case_42023"   --->   Operation 120 'read' 'mux_case_42023_read' <Predicate = true> <Delay = 0.00>
ST_1 : Operation 121 [1/1] (0.00ns)   --->   "%mux_case_32022_read = read i32 @_ssdm_op_Read.ap_auto.i32, i32 %mux_case_32022"   --->   Operation 121 'read' 'mux_case_32022_read' <Predicate = true> <Delay = 0.00>
ST_1 : Operation 122 [1/1] (0.00ns)   --->   "%mux_case_22021_read = read i32 @_ssdm_op_Read.ap_auto.i32, i32 %mux_case_22021"   --->   Operation 122 'read' 'mux_case_22021_read' <Predicate = true> <Delay = 0.00>
ST_1 : Operation 123 [1/1] (0.00ns)   --->   "%mux_case_12020_read = read i32 @_ssdm_op_Read.ap_auto.i32, i32 %mux_case_12020"   --->   Operation 123 'read' 'mux_case_12020_read' <Predicate = true> <Delay = 0.00>
ST_1 : Operation 124 [1/1] (0.00ns)   --->   "%mux_case_02019_read = read i32 @_ssdm_op_Read.ap_auto.i32, i32 %mux_case_02019"   --->   Operation 124 'read' 'mux_case_02019_read' <Predicate = true> <Delay = 0.00>
ST_1 : Operation 125 [1/1] (0.00ns)   --->   "%mux_case_152017_read = read i32 @_ssdm_op_Read.ap_auto.i32, i32 %mux_case_152017"   --->   Operation 125 'read' 'mux_case_152017_read' <Predicate = true> <Delay = 0.00>
ST_1 : Operation 126 [1/1] (0.00ns)   --->   "%mux_case_142016_read = read i32 @_ssdm_op_Read.ap_auto.i32, i32 %mux_case_142016"   --->   Operation 126 'read' 'mux_case_142016_read' <Predicate = true> <Delay = 0.00>
ST_1 : Operation 127 [1/1] (0.00ns)   --->   "%mux_case_132015_read = read i32 @_ssdm_op_Read.ap_auto.i32, i32 %mux_case_132015"   --->   Operation 127 'read' 'mux_case_132015_read' <Predicate = true> <Delay = 0.00>
ST_1 : Operation 128 [1/1] (0.00ns)   --->   "%mux_case_122014_read = read i32 @_ssdm_op_Read.ap_auto.i32, i32 %mux_case_122014"   --->   Operation 128 'read' 'mux_case_122014_read' <Predicate = true> <Delay = 0.00>
ST_1 : Operation 129 [1/1] (0.00ns)   --->   "%mux_case_112013_read = read i32 @_ssdm_op_Read.ap_auto.i32, i32 %mux_case_112013"   --->   Operation 129 'read' 'mux_case_112013_read' <Predicate = true> <Delay = 0.00>
ST_1 : Operation 130 [1/1] (0.00ns)   --->   "%mux_case_102012_read = read i32 @_ssdm_op_Read.ap_auto.i32, i32 %mux_case_102012"   --->   Operation 130 'read' 'mux_case_102012_read' <Predicate = true> <Delay = 0.00>
ST_1 : Operation 131 [1/1] (0.00ns)   --->   "%mux_case_92011_read = read i32 @_ssdm_op_Read.ap_auto.i32, i32 %mux_case_92011"   --->   Operation 131 'read' 'mux_case_92011_read' <Predicate = true> <Delay = 0.00>
ST_1 : Operation 132 [1/1] (0.00ns)   --->   "%mux_case_82010_read = read i32 @_ssdm_op_Read.ap_auto.i32, i32 %mux_case_82010"   --->   Operation 132 'read' 'mux_case_82010_read' <Predicate = true> <Delay = 0.00>
ST_1 : Operation 133 [1/1] (0.00ns)   --->   "%mux_case_72009_read = read i32 @_ssdm_op_Read.ap_auto.i32, i32 %mux_case_72009"   --->   Operation 133 'read' 'mux_case_72009_read' <Predicate = true> <Delay = 0.00>
ST_1 : Operation 134 [1/1] (0.00ns)   --->   "%mux_case_62008_read = read i32 @_ssdm_op_Read.ap_auto.i32, i32 %mux_case_62008"   --->   Operation 134 'read' 'mux_case_62008_read' <Predicate = true> <Delay = 0.00>
ST_1 : Operation 135 [1/1] (0.00ns)   --->   "%mux_case_52007_read = read i32 @_ssdm_op_Read.ap_auto.i32, i32 %mux_case_52007"   --->   Operation 135 'read' 'mux_case_52007_read' <Predicate = true> <Delay = 0.00>
ST_1 : Operation 136 [1/1] (0.00ns)   --->   "%mux_case_42006_read = read i32 @_ssdm_op_Read.ap_auto.i32, i32 %mux_case_42006"   --->   Operation 136 'read' 'mux_case_42006_read' <Predicate = true> <Delay = 0.00>
ST_1 : Operation 137 [1/1] (0.00ns)   --->   "%mux_case_32005_read = read i32 @_ssdm_op_Read.ap_auto.i32, i32 %mux_case_32005"   --->   Operation 137 'read' 'mux_case_32005_read' <Predicate = true> <Delay = 0.00>
ST_1 : Operation 138 [1/1] (0.00ns)   --->   "%mux_case_22004_read = read i32 @_ssdm_op_Read.ap_auto.i32, i32 %mux_case_22004"   --->   Operation 138 'read' 'mux_case_22004_read' <Predicate = true> <Delay = 0.00>
ST_1 : Operation 139 [1/1] (0.00ns)   --->   "%mux_case_12003_read = read i32 @_ssdm_op_Read.ap_auto.i32, i32 %mux_case_12003"   --->   Operation 139 'read' 'mux_case_12003_read' <Predicate = true> <Delay = 0.00>
ST_1 : Operation 140 [1/1] (0.00ns)   --->   "%mux_case_02002_read = read i32 @_ssdm_op_Read.ap_auto.i32, i32 %mux_case_02002"   --->   Operation 140 'read' 'mux_case_02002_read' <Predicate = true> <Delay = 0.00>
ST_1 : Operation 141 [1/1] (0.00ns)   --->   "%mux_case_152000_read = read i32 @_ssdm_op_Read.ap_auto.i32, i32 %mux_case_152000"   --->   Operation 141 'read' 'mux_case_152000_read' <Predicate = true> <Delay = 0.00>
ST_1 : Operation 142 [1/1] (0.00ns)   --->   "%mux_case_141999_read = read i32 @_ssdm_op_Read.ap_auto.i32, i32 %mux_case_141999"   --->   Operation 142 'read' 'mux_case_141999_read' <Predicate = true> <Delay = 0.00>
ST_1 : Operation 143 [1/1] (0.00ns)   --->   "%mux_case_131998_read = read i32 @_ssdm_op_Read.ap_auto.i32, i32 %mux_case_131998"   --->   Operation 143 'read' 'mux_case_131998_read' <Predicate = true> <Delay = 0.00>
ST_1 : Operation 144 [1/1] (0.00ns)   --->   "%mux_case_121997_read = read i32 @_ssdm_op_Read.ap_auto.i32, i32 %mux_case_121997"   --->   Operation 144 'read' 'mux_case_121997_read' <Predicate = true> <Delay = 0.00>
ST_1 : Operation 145 [1/1] (0.00ns)   --->   "%mux_case_111996_read = read i32 @_ssdm_op_Read.ap_auto.i32, i32 %mux_case_111996"   --->   Operation 145 'read' 'mux_case_111996_read' <Predicate = true> <Delay = 0.00>
ST_1 : Operation 146 [1/1] (0.00ns)   --->   "%mux_case_101995_read = read i32 @_ssdm_op_Read.ap_auto.i32, i32 %mux_case_101995"   --->   Operation 146 'read' 'mux_case_101995_read' <Predicate = true> <Delay = 0.00>
ST_1 : Operation 147 [1/1] (0.00ns)   --->   "%mux_case_91994_read = read i32 @_ssdm_op_Read.ap_auto.i32, i32 %mux_case_91994"   --->   Operation 147 'read' 'mux_case_91994_read' <Predicate = true> <Delay = 0.00>
ST_1 : Operation 148 [1/1] (0.00ns)   --->   "%mux_case_81993_read = read i32 @_ssdm_op_Read.ap_auto.i32, i32 %mux_case_81993"   --->   Operation 148 'read' 'mux_case_81993_read' <Predicate = true> <Delay = 0.00>
ST_1 : Operation 149 [1/1] (0.00ns)   --->   "%mux_case_71992_read = read i32 @_ssdm_op_Read.ap_auto.i32, i32 %mux_case_71992"   --->   Operation 149 'read' 'mux_case_71992_read' <Predicate = true> <Delay = 0.00>
ST_1 : Operation 150 [1/1] (0.00ns)   --->   "%mux_case_61991_read = read i32 @_ssdm_op_Read.ap_auto.i32, i32 %mux_case_61991"   --->   Operation 150 'read' 'mux_case_61991_read' <Predicate = true> <Delay = 0.00>
ST_1 : Operation 151 [1/1] (0.00ns)   --->   "%mux_case_51990_read = read i32 @_ssdm_op_Read.ap_auto.i32, i32 %mux_case_51990"   --->   Operation 151 'read' 'mux_case_51990_read' <Predicate = true> <Delay = 0.00>
ST_1 : Operation 152 [1/1] (0.00ns)   --->   "%mux_case_41989_read = read i32 @_ssdm_op_Read.ap_auto.i32, i32 %mux_case_41989"   --->   Operation 152 'read' 'mux_case_41989_read' <Predicate = true> <Delay = 0.00>
ST_1 : Operation 153 [1/1] (0.00ns)   --->   "%mux_case_31988_read = read i32 @_ssdm_op_Read.ap_auto.i32, i32 %mux_case_31988"   --->   Operation 153 'read' 'mux_case_31988_read' <Predicate = true> <Delay = 0.00>
ST_1 : Operation 154 [1/1] (0.00ns)   --->   "%mux_case_21987_read = read i32 @_ssdm_op_Read.ap_auto.i32, i32 %mux_case_21987"   --->   Operation 154 'read' 'mux_case_21987_read' <Predicate = true> <Delay = 0.00>
ST_1 : Operation 155 [1/1] (0.00ns)   --->   "%mux_case_11986_read = read i32 @_ssdm_op_Read.ap_auto.i32, i32 %mux_case_11986"   --->   Operation 155 'read' 'mux_case_11986_read' <Predicate = true> <Delay = 0.00>
ST_1 : Operation 156 [1/1] (0.00ns)   --->   "%mux_case_01985_read = read i32 @_ssdm_op_Read.ap_auto.i32, i32 %mux_case_01985"   --->   Operation 156 'read' 'mux_case_01985_read' <Predicate = true> <Delay = 0.00>
ST_1 : Operation 157 [1/1] (0.00ns)   --->   "%mux_case_151983_read = read i32 @_ssdm_op_Read.ap_auto.i32, i32 %mux_case_151983"   --->   Operation 157 'read' 'mux_case_151983_read' <Predicate = true> <Delay = 0.00>
ST_1 : Operation 158 [1/1] (0.00ns)   --->   "%mux_case_141982_read = read i32 @_ssdm_op_Read.ap_auto.i32, i32 %mux_case_141982"   --->   Operation 158 'read' 'mux_case_141982_read' <Predicate = true> <Delay = 0.00>
ST_1 : Operation 159 [1/1] (0.00ns)   --->   "%mux_case_131981_read = read i32 @_ssdm_op_Read.ap_auto.i32, i32 %mux_case_131981"   --->   Operation 159 'read' 'mux_case_131981_read' <Predicate = true> <Delay = 0.00>
ST_1 : Operation 160 [1/1] (0.00ns)   --->   "%mux_case_121980_read = read i32 @_ssdm_op_Read.ap_auto.i32, i32 %mux_case_121980"   --->   Operation 160 'read' 'mux_case_121980_read' <Predicate = true> <Delay = 0.00>
ST_1 : Operation 161 [1/1] (0.00ns)   --->   "%mux_case_111979_read = read i32 @_ssdm_op_Read.ap_auto.i32, i32 %mux_case_111979"   --->   Operation 161 'read' 'mux_case_111979_read' <Predicate = true> <Delay = 0.00>
ST_1 : Operation 162 [1/1] (0.00ns)   --->   "%mux_case_101978_read = read i32 @_ssdm_op_Read.ap_auto.i32, i32 %mux_case_101978"   --->   Operation 162 'read' 'mux_case_101978_read' <Predicate = true> <Delay = 0.00>
ST_1 : Operation 163 [1/1] (0.00ns)   --->   "%mux_case_91977_read = read i32 @_ssdm_op_Read.ap_auto.i32, i32 %mux_case_91977"   --->   Operation 163 'read' 'mux_case_91977_read' <Predicate = true> <Delay = 0.00>
ST_1 : Operation 164 [1/1] (0.00ns)   --->   "%mux_case_81976_read = read i32 @_ssdm_op_Read.ap_auto.i32, i32 %mux_case_81976"   --->   Operation 164 'read' 'mux_case_81976_read' <Predicate = true> <Delay = 0.00>
ST_1 : Operation 165 [1/1] (0.00ns)   --->   "%mux_case_71975_read = read i32 @_ssdm_op_Read.ap_auto.i32, i32 %mux_case_71975"   --->   Operation 165 'read' 'mux_case_71975_read' <Predicate = true> <Delay = 0.00>
ST_1 : Operation 166 [1/1] (0.00ns)   --->   "%mux_case_61974_read = read i32 @_ssdm_op_Read.ap_auto.i32, i32 %mux_case_61974"   --->   Operation 166 'read' 'mux_case_61974_read' <Predicate = true> <Delay = 0.00>
ST_1 : Operation 167 [1/1] (0.00ns)   --->   "%mux_case_51973_read = read i32 @_ssdm_op_Read.ap_auto.i32, i32 %mux_case_51973"   --->   Operation 167 'read' 'mux_case_51973_read' <Predicate = true> <Delay = 0.00>
ST_1 : Operation 168 [1/1] (0.00ns)   --->   "%mux_case_41972_read = read i32 @_ssdm_op_Read.ap_auto.i32, i32 %mux_case_41972"   --->   Operation 168 'read' 'mux_case_41972_read' <Predicate = true> <Delay = 0.00>
ST_1 : Operation 169 [1/1] (0.00ns)   --->   "%mux_case_31971_read = read i32 @_ssdm_op_Read.ap_auto.i32, i32 %mux_case_31971"   --->   Operation 169 'read' 'mux_case_31971_read' <Predicate = true> <Delay = 0.00>
ST_1 : Operation 170 [1/1] (0.00ns)   --->   "%mux_case_21970_read = read i32 @_ssdm_op_Read.ap_auto.i32, i32 %mux_case_21970"   --->   Operation 170 'read' 'mux_case_21970_read' <Predicate = true> <Delay = 0.00>
ST_1 : Operation 171 [1/1] (0.00ns)   --->   "%mux_case_11969_read = read i32 @_ssdm_op_Read.ap_auto.i32, i32 %mux_case_11969"   --->   Operation 171 'read' 'mux_case_11969_read' <Predicate = true> <Delay = 0.00>
ST_1 : Operation 172 [1/1] (0.00ns)   --->   "%mux_case_01968_read = read i32 @_ssdm_op_Read.ap_auto.i32, i32 %mux_case_01968"   --->   Operation 172 'read' 'mux_case_01968_read' <Predicate = true> <Delay = 0.00>
ST_1 : Operation 173 [1/1] (0.00ns)   --->   "%mux_case_151966_read = read i32 @_ssdm_op_Read.ap_auto.i32, i32 %mux_case_151966"   --->   Operation 173 'read' 'mux_case_151966_read' <Predicate = true> <Delay = 0.00>
ST_1 : Operation 174 [1/1] (0.00ns)   --->   "%mux_case_141965_read = read i32 @_ssdm_op_Read.ap_auto.i32, i32 %mux_case_141965"   --->   Operation 174 'read' 'mux_case_141965_read' <Predicate = true> <Delay = 0.00>
ST_1 : Operation 175 [1/1] (0.00ns)   --->   "%mux_case_131964_read = read i32 @_ssdm_op_Read.ap_auto.i32, i32 %mux_case_131964"   --->   Operation 175 'read' 'mux_case_131964_read' <Predicate = true> <Delay = 0.00>
ST_1 : Operation 176 [1/1] (0.00ns)   --->   "%mux_case_121963_read = read i32 @_ssdm_op_Read.ap_auto.i32, i32 %mux_case_121963"   --->   Operation 176 'read' 'mux_case_121963_read' <Predicate = true> <Delay = 0.00>
ST_1 : Operation 177 [1/1] (0.00ns)   --->   "%mux_case_111962_read = read i32 @_ssdm_op_Read.ap_auto.i32, i32 %mux_case_111962"   --->   Operation 177 'read' 'mux_case_111962_read' <Predicate = true> <Delay = 0.00>
ST_1 : Operation 178 [1/1] (0.00ns)   --->   "%mux_case_101961_read = read i32 @_ssdm_op_Read.ap_auto.i32, i32 %mux_case_101961"   --->   Operation 178 'read' 'mux_case_101961_read' <Predicate = true> <Delay = 0.00>
ST_1 : Operation 179 [1/1] (0.00ns)   --->   "%mux_case_91960_read = read i32 @_ssdm_op_Read.ap_auto.i32, i32 %mux_case_91960"   --->   Operation 179 'read' 'mux_case_91960_read' <Predicate = true> <Delay = 0.00>
ST_1 : Operation 180 [1/1] (0.00ns)   --->   "%mux_case_81959_read = read i32 @_ssdm_op_Read.ap_auto.i32, i32 %mux_case_81959"   --->   Operation 180 'read' 'mux_case_81959_read' <Predicate = true> <Delay = 0.00>
ST_1 : Operation 181 [1/1] (0.00ns)   --->   "%mux_case_71958_read = read i32 @_ssdm_op_Read.ap_auto.i32, i32 %mux_case_71958"   --->   Operation 181 'read' 'mux_case_71958_read' <Predicate = true> <Delay = 0.00>
ST_1 : Operation 182 [1/1] (0.00ns)   --->   "%mux_case_61957_read = read i32 @_ssdm_op_Read.ap_auto.i32, i32 %mux_case_61957"   --->   Operation 182 'read' 'mux_case_61957_read' <Predicate = true> <Delay = 0.00>
ST_1 : Operation 183 [1/1] (0.00ns)   --->   "%mux_case_51956_read = read i32 @_ssdm_op_Read.ap_auto.i32, i32 %mux_case_51956"   --->   Operation 183 'read' 'mux_case_51956_read' <Predicate = true> <Delay = 0.00>
ST_1 : Operation 184 [1/1] (0.00ns)   --->   "%mux_case_41955_read = read i32 @_ssdm_op_Read.ap_auto.i32, i32 %mux_case_41955"   --->   Operation 184 'read' 'mux_case_41955_read' <Predicate = true> <Delay = 0.00>
ST_1 : Operation 185 [1/1] (0.00ns)   --->   "%mux_case_31954_read = read i32 @_ssdm_op_Read.ap_auto.i32, i32 %mux_case_31954"   --->   Operation 185 'read' 'mux_case_31954_read' <Predicate = true> <Delay = 0.00>
ST_1 : Operation 186 [1/1] (0.00ns)   --->   "%mux_case_21953_read = read i32 @_ssdm_op_Read.ap_auto.i32, i32 %mux_case_21953"   --->   Operation 186 'read' 'mux_case_21953_read' <Predicate = true> <Delay = 0.00>
ST_1 : Operation 187 [1/1] (0.00ns)   --->   "%mux_case_11952_read = read i32 @_ssdm_op_Read.ap_auto.i32, i32 %mux_case_11952"   --->   Operation 187 'read' 'mux_case_11952_read' <Predicate = true> <Delay = 0.00>
ST_1 : Operation 188 [1/1] (0.00ns)   --->   "%mux_case_01951_read = read i32 @_ssdm_op_Read.ap_auto.i32, i32 %mux_case_01951"   --->   Operation 188 'read' 'mux_case_01951_read' <Predicate = true> <Delay = 0.00>
ST_1 : Operation 189 [1/1] (0.00ns)   --->   "%mux_case_151949_read = read i32 @_ssdm_op_Read.ap_auto.i32, i32 %mux_case_151949"   --->   Operation 189 'read' 'mux_case_151949_read' <Predicate = true> <Delay = 0.00>
ST_1 : Operation 190 [1/1] (0.00ns)   --->   "%mux_case_141948_read = read i32 @_ssdm_op_Read.ap_auto.i32, i32 %mux_case_141948"   --->   Operation 190 'read' 'mux_case_141948_read' <Predicate = true> <Delay = 0.00>
ST_1 : Operation 191 [1/1] (0.00ns)   --->   "%mux_case_131947_read = read i32 @_ssdm_op_Read.ap_auto.i32, i32 %mux_case_131947"   --->   Operation 191 'read' 'mux_case_131947_read' <Predicate = true> <Delay = 0.00>
ST_1 : Operation 192 [1/1] (0.00ns)   --->   "%mux_case_121946_read = read i32 @_ssdm_op_Read.ap_auto.i32, i32 %mux_case_121946"   --->   Operation 192 'read' 'mux_case_121946_read' <Predicate = true> <Delay = 0.00>
ST_1 : Operation 193 [1/1] (0.00ns)   --->   "%mux_case_111945_read = read i32 @_ssdm_op_Read.ap_auto.i32, i32 %mux_case_111945"   --->   Operation 193 'read' 'mux_case_111945_read' <Predicate = true> <Delay = 0.00>
ST_1 : Operation 194 [1/1] (0.00ns)   --->   "%mux_case_101944_read = read i32 @_ssdm_op_Read.ap_auto.i32, i32 %mux_case_101944"   --->   Operation 194 'read' 'mux_case_101944_read' <Predicate = true> <Delay = 0.00>
ST_1 : Operation 195 [1/1] (0.00ns)   --->   "%mux_case_91943_read = read i32 @_ssdm_op_Read.ap_auto.i32, i32 %mux_case_91943"   --->   Operation 195 'read' 'mux_case_91943_read' <Predicate = true> <Delay = 0.00>
ST_1 : Operation 196 [1/1] (0.00ns)   --->   "%mux_case_81942_read = read i32 @_ssdm_op_Read.ap_auto.i32, i32 %mux_case_81942"   --->   Operation 196 'read' 'mux_case_81942_read' <Predicate = true> <Delay = 0.00>
ST_1 : Operation 197 [1/1] (0.00ns)   --->   "%mux_case_71941_read = read i32 @_ssdm_op_Read.ap_auto.i32, i32 %mux_case_71941"   --->   Operation 197 'read' 'mux_case_71941_read' <Predicate = true> <Delay = 0.00>
ST_1 : Operation 198 [1/1] (0.00ns)   --->   "%mux_case_61940_read = read i32 @_ssdm_op_Read.ap_auto.i32, i32 %mux_case_61940"   --->   Operation 198 'read' 'mux_case_61940_read' <Predicate = true> <Delay = 0.00>
ST_1 : Operation 199 [1/1] (0.00ns)   --->   "%mux_case_51939_read = read i32 @_ssdm_op_Read.ap_auto.i32, i32 %mux_case_51939"   --->   Operation 199 'read' 'mux_case_51939_read' <Predicate = true> <Delay = 0.00>
ST_1 : Operation 200 [1/1] (0.00ns)   --->   "%mux_case_41938_read = read i32 @_ssdm_op_Read.ap_auto.i32, i32 %mux_case_41938"   --->   Operation 200 'read' 'mux_case_41938_read' <Predicate = true> <Delay = 0.00>
ST_1 : Operation 201 [1/1] (0.00ns)   --->   "%mux_case_31937_read = read i32 @_ssdm_op_Read.ap_auto.i32, i32 %mux_case_31937"   --->   Operation 201 'read' 'mux_case_31937_read' <Predicate = true> <Delay = 0.00>
ST_1 : Operation 202 [1/1] (0.00ns)   --->   "%mux_case_21936_read = read i32 @_ssdm_op_Read.ap_auto.i32, i32 %mux_case_21936"   --->   Operation 202 'read' 'mux_case_21936_read' <Predicate = true> <Delay = 0.00>
ST_1 : Operation 203 [1/1] (0.00ns)   --->   "%mux_case_11935_read = read i32 @_ssdm_op_Read.ap_auto.i32, i32 %mux_case_11935"   --->   Operation 203 'read' 'mux_case_11935_read' <Predicate = true> <Delay = 0.00>
ST_1 : Operation 204 [1/1] (0.00ns)   --->   "%mux_case_01934_read = read i32 @_ssdm_op_Read.ap_auto.i32, i32 %mux_case_01934"   --->   Operation 204 'read' 'mux_case_01934_read' <Predicate = true> <Delay = 0.00>
ST_1 : Operation 205 [1/1] (0.00ns)   --->   "%mux_case_151932_read = read i32 @_ssdm_op_Read.ap_auto.i32, i32 %mux_case_151932"   --->   Operation 205 'read' 'mux_case_151932_read' <Predicate = true> <Delay = 0.00>
ST_1 : Operation 206 [1/1] (0.00ns)   --->   "%mux_case_141931_read = read i32 @_ssdm_op_Read.ap_auto.i32, i32 %mux_case_141931"   --->   Operation 206 'read' 'mux_case_141931_read' <Predicate = true> <Delay = 0.00>
ST_1 : Operation 207 [1/1] (0.00ns)   --->   "%mux_case_131930_read = read i32 @_ssdm_op_Read.ap_auto.i32, i32 %mux_case_131930"   --->   Operation 207 'read' 'mux_case_131930_read' <Predicate = true> <Delay = 0.00>
ST_1 : Operation 208 [1/1] (0.00ns)   --->   "%mux_case_121929_read = read i32 @_ssdm_op_Read.ap_auto.i32, i32 %mux_case_121929"   --->   Operation 208 'read' 'mux_case_121929_read' <Predicate = true> <Delay = 0.00>
ST_1 : Operation 209 [1/1] (0.00ns)   --->   "%mux_case_111928_read = read i32 @_ssdm_op_Read.ap_auto.i32, i32 %mux_case_111928"   --->   Operation 209 'read' 'mux_case_111928_read' <Predicate = true> <Delay = 0.00>
ST_1 : Operation 210 [1/1] (0.00ns)   --->   "%mux_case_101927_read = read i32 @_ssdm_op_Read.ap_auto.i32, i32 %mux_case_101927"   --->   Operation 210 'read' 'mux_case_101927_read' <Predicate = true> <Delay = 0.00>
ST_1 : Operation 211 [1/1] (0.00ns)   --->   "%mux_case_91926_read = read i32 @_ssdm_op_Read.ap_auto.i32, i32 %mux_case_91926"   --->   Operation 211 'read' 'mux_case_91926_read' <Predicate = true> <Delay = 0.00>
ST_1 : Operation 212 [1/1] (0.00ns)   --->   "%mux_case_81925_read = read i32 @_ssdm_op_Read.ap_auto.i32, i32 %mux_case_81925"   --->   Operation 212 'read' 'mux_case_81925_read' <Predicate = true> <Delay = 0.00>
ST_1 : Operation 213 [1/1] (0.00ns)   --->   "%mux_case_71924_read = read i32 @_ssdm_op_Read.ap_auto.i32, i32 %mux_case_71924"   --->   Operation 213 'read' 'mux_case_71924_read' <Predicate = true> <Delay = 0.00>
ST_1 : Operation 214 [1/1] (0.00ns)   --->   "%mux_case_61923_read = read i32 @_ssdm_op_Read.ap_auto.i32, i32 %mux_case_61923"   --->   Operation 214 'read' 'mux_case_61923_read' <Predicate = true> <Delay = 0.00>
ST_1 : Operation 215 [1/1] (0.00ns)   --->   "%mux_case_51922_read = read i32 @_ssdm_op_Read.ap_auto.i32, i32 %mux_case_51922"   --->   Operation 215 'read' 'mux_case_51922_read' <Predicate = true> <Delay = 0.00>
ST_1 : Operation 216 [1/1] (0.00ns)   --->   "%mux_case_41921_read = read i32 @_ssdm_op_Read.ap_auto.i32, i32 %mux_case_41921"   --->   Operation 216 'read' 'mux_case_41921_read' <Predicate = true> <Delay = 0.00>
ST_1 : Operation 217 [1/1] (0.00ns)   --->   "%mux_case_31920_read = read i32 @_ssdm_op_Read.ap_auto.i32, i32 %mux_case_31920"   --->   Operation 217 'read' 'mux_case_31920_read' <Predicate = true> <Delay = 0.00>
ST_1 : Operation 218 [1/1] (0.00ns)   --->   "%mux_case_21919_read = read i32 @_ssdm_op_Read.ap_auto.i32, i32 %mux_case_21919"   --->   Operation 218 'read' 'mux_case_21919_read' <Predicate = true> <Delay = 0.00>
ST_1 : Operation 219 [1/1] (0.00ns)   --->   "%mux_case_11918_read = read i32 @_ssdm_op_Read.ap_auto.i32, i32 %mux_case_11918"   --->   Operation 219 'read' 'mux_case_11918_read' <Predicate = true> <Delay = 0.00>
ST_1 : Operation 220 [1/1] (0.00ns)   --->   "%mux_case_01917_read = read i32 @_ssdm_op_Read.ap_auto.i32, i32 %mux_case_01917"   --->   Operation 220 'read' 'mux_case_01917_read' <Predicate = true> <Delay = 0.00>
ST_1 : Operation 221 [1/1] (0.00ns)   --->   "%mux_case_151915_read = read i32 @_ssdm_op_Read.ap_auto.i32, i32 %mux_case_151915"   --->   Operation 221 'read' 'mux_case_151915_read' <Predicate = true> <Delay = 0.00>
ST_1 : Operation 222 [1/1] (0.00ns)   --->   "%mux_case_141914_read = read i32 @_ssdm_op_Read.ap_auto.i32, i32 %mux_case_141914"   --->   Operation 222 'read' 'mux_case_141914_read' <Predicate = true> <Delay = 0.00>
ST_1 : Operation 223 [1/1] (0.00ns)   --->   "%mux_case_131913_read = read i32 @_ssdm_op_Read.ap_auto.i32, i32 %mux_case_131913"   --->   Operation 223 'read' 'mux_case_131913_read' <Predicate = true> <Delay = 0.00>
ST_1 : Operation 224 [1/1] (0.00ns)   --->   "%mux_case_121912_read = read i32 @_ssdm_op_Read.ap_auto.i32, i32 %mux_case_121912"   --->   Operation 224 'read' 'mux_case_121912_read' <Predicate = true> <Delay = 0.00>
ST_1 : Operation 225 [1/1] (0.00ns)   --->   "%mux_case_111911_read = read i32 @_ssdm_op_Read.ap_auto.i32, i32 %mux_case_111911"   --->   Operation 225 'read' 'mux_case_111911_read' <Predicate = true> <Delay = 0.00>
ST_1 : Operation 226 [1/1] (0.00ns)   --->   "%mux_case_101910_read = read i32 @_ssdm_op_Read.ap_auto.i32, i32 %mux_case_101910"   --->   Operation 226 'read' 'mux_case_101910_read' <Predicate = true> <Delay = 0.00>
ST_1 : Operation 227 [1/1] (0.00ns)   --->   "%mux_case_91909_read = read i32 @_ssdm_op_Read.ap_auto.i32, i32 %mux_case_91909"   --->   Operation 227 'read' 'mux_case_91909_read' <Predicate = true> <Delay = 0.00>
ST_1 : Operation 228 [1/1] (0.00ns)   --->   "%mux_case_81908_read = read i32 @_ssdm_op_Read.ap_auto.i32, i32 %mux_case_81908"   --->   Operation 228 'read' 'mux_case_81908_read' <Predicate = true> <Delay = 0.00>
ST_1 : Operation 229 [1/1] (0.00ns)   --->   "%mux_case_71907_read = read i32 @_ssdm_op_Read.ap_auto.i32, i32 %mux_case_71907"   --->   Operation 229 'read' 'mux_case_71907_read' <Predicate = true> <Delay = 0.00>
ST_1 : Operation 230 [1/1] (0.00ns)   --->   "%mux_case_61906_read = read i32 @_ssdm_op_Read.ap_auto.i32, i32 %mux_case_61906"   --->   Operation 230 'read' 'mux_case_61906_read' <Predicate = true> <Delay = 0.00>
ST_1 : Operation 231 [1/1] (0.00ns)   --->   "%mux_case_51905_read = read i32 @_ssdm_op_Read.ap_auto.i32, i32 %mux_case_51905"   --->   Operation 231 'read' 'mux_case_51905_read' <Predicate = true> <Delay = 0.00>
ST_1 : Operation 232 [1/1] (0.00ns)   --->   "%mux_case_41904_read = read i32 @_ssdm_op_Read.ap_auto.i32, i32 %mux_case_41904"   --->   Operation 232 'read' 'mux_case_41904_read' <Predicate = true> <Delay = 0.00>
ST_1 : Operation 233 [1/1] (0.00ns)   --->   "%mux_case_31903_read = read i32 @_ssdm_op_Read.ap_auto.i32, i32 %mux_case_31903"   --->   Operation 233 'read' 'mux_case_31903_read' <Predicate = true> <Delay = 0.00>
ST_1 : Operation 234 [1/1] (0.00ns)   --->   "%mux_case_21902_read = read i32 @_ssdm_op_Read.ap_auto.i32, i32 %mux_case_21902"   --->   Operation 234 'read' 'mux_case_21902_read' <Predicate = true> <Delay = 0.00>
ST_1 : Operation 235 [1/1] (0.00ns)   --->   "%mux_case_11901_read = read i32 @_ssdm_op_Read.ap_auto.i32, i32 %mux_case_11901"   --->   Operation 235 'read' 'mux_case_11901_read' <Predicate = true> <Delay = 0.00>
ST_1 : Operation 236 [1/1] (0.00ns)   --->   "%mux_case_01900_read = read i32 @_ssdm_op_Read.ap_auto.i32, i32 %mux_case_01900"   --->   Operation 236 'read' 'mux_case_01900_read' <Predicate = true> <Delay = 0.00>
ST_1 : Operation 237 [1/1] (0.00ns)   --->   "%mux_case_151898_read = read i32 @_ssdm_op_Read.ap_auto.i32, i32 %mux_case_151898"   --->   Operation 237 'read' 'mux_case_151898_read' <Predicate = true> <Delay = 0.00>
ST_1 : Operation 238 [1/1] (0.00ns)   --->   "%mux_case_141897_read = read i32 @_ssdm_op_Read.ap_auto.i32, i32 %mux_case_141897"   --->   Operation 238 'read' 'mux_case_141897_read' <Predicate = true> <Delay = 0.00>
ST_1 : Operation 239 [1/1] (0.00ns)   --->   "%mux_case_131896_read = read i32 @_ssdm_op_Read.ap_auto.i32, i32 %mux_case_131896"   --->   Operation 239 'read' 'mux_case_131896_read' <Predicate = true> <Delay = 0.00>
ST_1 : Operation 240 [1/1] (0.00ns)   --->   "%mux_case_121895_read = read i32 @_ssdm_op_Read.ap_auto.i32, i32 %mux_case_121895"   --->   Operation 240 'read' 'mux_case_121895_read' <Predicate = true> <Delay = 0.00>
ST_1 : Operation 241 [1/1] (0.00ns)   --->   "%mux_case_111894_read = read i32 @_ssdm_op_Read.ap_auto.i32, i32 %mux_case_111894"   --->   Operation 241 'read' 'mux_case_111894_read' <Predicate = true> <Delay = 0.00>
ST_1 : Operation 242 [1/1] (0.00ns)   --->   "%mux_case_101893_read = read i32 @_ssdm_op_Read.ap_auto.i32, i32 %mux_case_101893"   --->   Operation 242 'read' 'mux_case_101893_read' <Predicate = true> <Delay = 0.00>
ST_1 : Operation 243 [1/1] (0.00ns)   --->   "%mux_case_91892_read = read i32 @_ssdm_op_Read.ap_auto.i32, i32 %mux_case_91892"   --->   Operation 243 'read' 'mux_case_91892_read' <Predicate = true> <Delay = 0.00>
ST_1 : Operation 244 [1/1] (0.00ns)   --->   "%mux_case_81891_read = read i32 @_ssdm_op_Read.ap_auto.i32, i32 %mux_case_81891"   --->   Operation 244 'read' 'mux_case_81891_read' <Predicate = true> <Delay = 0.00>
ST_1 : Operation 245 [1/1] (0.00ns)   --->   "%mux_case_71890_read = read i32 @_ssdm_op_Read.ap_auto.i32, i32 %mux_case_71890"   --->   Operation 245 'read' 'mux_case_71890_read' <Predicate = true> <Delay = 0.00>
ST_1 : Operation 246 [1/1] (0.00ns)   --->   "%mux_case_61889_read = read i32 @_ssdm_op_Read.ap_auto.i32, i32 %mux_case_61889"   --->   Operation 246 'read' 'mux_case_61889_read' <Predicate = true> <Delay = 0.00>
ST_1 : Operation 247 [1/1] (0.00ns)   --->   "%mux_case_51888_read = read i32 @_ssdm_op_Read.ap_auto.i32, i32 %mux_case_51888"   --->   Operation 247 'read' 'mux_case_51888_read' <Predicate = true> <Delay = 0.00>
ST_1 : Operation 248 [1/1] (0.00ns)   --->   "%mux_case_41887_read = read i32 @_ssdm_op_Read.ap_auto.i32, i32 %mux_case_41887"   --->   Operation 248 'read' 'mux_case_41887_read' <Predicate = true> <Delay = 0.00>
ST_1 : Operation 249 [1/1] (0.00ns)   --->   "%mux_case_31886_read = read i32 @_ssdm_op_Read.ap_auto.i32, i32 %mux_case_31886"   --->   Operation 249 'read' 'mux_case_31886_read' <Predicate = true> <Delay = 0.00>
ST_1 : Operation 250 [1/1] (0.00ns)   --->   "%mux_case_21885_read = read i32 @_ssdm_op_Read.ap_auto.i32, i32 %mux_case_21885"   --->   Operation 250 'read' 'mux_case_21885_read' <Predicate = true> <Delay = 0.00>
ST_1 : Operation 251 [1/1] (0.00ns)   --->   "%mux_case_11884_read = read i32 @_ssdm_op_Read.ap_auto.i32, i32 %mux_case_11884"   --->   Operation 251 'read' 'mux_case_11884_read' <Predicate = true> <Delay = 0.00>
ST_1 : Operation 252 [1/1] (0.00ns)   --->   "%mux_case_01883_read = read i32 @_ssdm_op_Read.ap_auto.i32, i32 %mux_case_01883"   --->   Operation 252 'read' 'mux_case_01883_read' <Predicate = true> <Delay = 0.00>
ST_1 : Operation 253 [1/1] (0.00ns)   --->   "%mux_case_15_read = read i32 @_ssdm_op_Read.ap_auto.i32, i32 %mux_case_15"   --->   Operation 253 'read' 'mux_case_15_read' <Predicate = true> <Delay = 0.00>
ST_1 : Operation 254 [1/1] (0.00ns)   --->   "%mux_case_14_read = read i32 @_ssdm_op_Read.ap_auto.i32, i32 %mux_case_14"   --->   Operation 254 'read' 'mux_case_14_read' <Predicate = true> <Delay = 0.00>
ST_1 : Operation 255 [1/1] (0.00ns)   --->   "%mux_case_13_read = read i32 @_ssdm_op_Read.ap_auto.i32, i32 %mux_case_13"   --->   Operation 255 'read' 'mux_case_13_read' <Predicate = true> <Delay = 0.00>
ST_1 : Operation 256 [1/1] (0.00ns)   --->   "%mux_case_12_read = read i32 @_ssdm_op_Read.ap_auto.i32, i32 %mux_case_12"   --->   Operation 256 'read' 'mux_case_12_read' <Predicate = true> <Delay = 0.00>
ST_1 : Operation 257 [1/1] (0.00ns)   --->   "%mux_case_11_read = read i32 @_ssdm_op_Read.ap_auto.i32, i32 %mux_case_11"   --->   Operation 257 'read' 'mux_case_11_read' <Predicate = true> <Delay = 0.00>
ST_1 : Operation 258 [1/1] (0.00ns)   --->   "%mux_case_10_read = read i32 @_ssdm_op_Read.ap_auto.i32, i32 %mux_case_10"   --->   Operation 258 'read' 'mux_case_10_read' <Predicate = true> <Delay = 0.00>
ST_1 : Operation 259 [1/1] (0.00ns)   --->   "%mux_case_9_read = read i32 @_ssdm_op_Read.ap_auto.i32, i32 %mux_case_9"   --->   Operation 259 'read' 'mux_case_9_read' <Predicate = true> <Delay = 0.00>
ST_1 : Operation 260 [1/1] (0.00ns)   --->   "%mux_case_8_read = read i32 @_ssdm_op_Read.ap_auto.i32, i32 %mux_case_8"   --->   Operation 260 'read' 'mux_case_8_read' <Predicate = true> <Delay = 0.00>
ST_1 : Operation 261 [1/1] (0.00ns)   --->   "%mux_case_7_read = read i32 @_ssdm_op_Read.ap_auto.i32, i32 %mux_case_7"   --->   Operation 261 'read' 'mux_case_7_read' <Predicate = true> <Delay = 0.00>
ST_1 : Operation 262 [1/1] (0.00ns)   --->   "%mux_case_6_read = read i32 @_ssdm_op_Read.ap_auto.i32, i32 %mux_case_6"   --->   Operation 262 'read' 'mux_case_6_read' <Predicate = true> <Delay = 0.00>
ST_1 : Operation 263 [1/1] (0.00ns)   --->   "%mux_case_5_read = read i32 @_ssdm_op_Read.ap_auto.i32, i32 %mux_case_5"   --->   Operation 263 'read' 'mux_case_5_read' <Predicate = true> <Delay = 0.00>
ST_1 : Operation 264 [1/1] (0.00ns)   --->   "%mux_case_4_read = read i32 @_ssdm_op_Read.ap_auto.i32, i32 %mux_case_4"   --->   Operation 264 'read' 'mux_case_4_read' <Predicate = true> <Delay = 0.00>
ST_1 : Operation 265 [1/1] (0.00ns)   --->   "%mux_case_3_read = read i32 @_ssdm_op_Read.ap_auto.i32, i32 %mux_case_3"   --->   Operation 265 'read' 'mux_case_3_read' <Predicate = true> <Delay = 0.00>
ST_1 : Operation 266 [1/1] (0.00ns)   --->   "%mux_case_2_read = read i32 @_ssdm_op_Read.ap_auto.i32, i32 %mux_case_2"   --->   Operation 266 'read' 'mux_case_2_read' <Predicate = true> <Delay = 0.00>
ST_1 : Operation 267 [1/1] (0.00ns)   --->   "%mux_case_1_read = read i32 @_ssdm_op_Read.ap_auto.i32, i32 %mux_case_1"   --->   Operation 267 'read' 'mux_case_1_read' <Predicate = true> <Delay = 0.00>
ST_1 : Operation 268 [1/1] (0.00ns)   --->   "%mux_case_0_read = read i32 @_ssdm_op_Read.ap_auto.i32, i32 %mux_case_0"   --->   Operation 268 'read' 'mux_case_0_read' <Predicate = true> <Delay = 0.00>
ST_1 : Operation 269 [1/1] (0.00ns)   --->   "%b_col_read = read i32 @_ssdm_op_Read.ap_auto.i32, i32 %b_col"   --->   Operation 269 'read' 'b_col_read' <Predicate = true> <Delay = 0.00>
ST_1 : Operation 270 [1/1] (0.00ns)   --->   "%mul108_read = read i32 @_ssdm_op_Read.ap_auto.i32, i32 %mul108"   --->   Operation 270 'read' 'mul108_read' <Predicate = true> <Delay = 0.00>
ST_1 : Operation 271 [1/1] (0.00ns)   --->   "%sext_ln133_1_read = read i62 @_ssdm_op_Read.ap_auto.i62, i62 %sext_ln133_1"   --->   Operation 271 'read' 'sext_ln133_1_read' <Predicate = true> <Delay = 0.00>
ST_1 : Operation 272 [1/1] (0.00ns)   --->   "%sext_ln133_1_cast = sext i62 %sext_ln133_1_read"   --->   Operation 272 'sext' 'sext_ln133_1_cast' <Predicate = true> <Delay = 0.00>
ST_1 : Operation 273 [1/1] (0.00ns)   --->   "%specinterface_ln0 = specinterface void @_ssdm_op_SpecInterface, i32 %gmem2, void @empty_4, i32 0, i32 0, void @empty_5, i32 0, i32 256, void @empty_11, void @empty_7, void @empty_5, i32 16, i32 16, i32 16, i32 16, void @empty_5, void @empty_5, i32 4294967295, i32 0"   --->   Operation 273 'specinterface' 'specinterface_ln0' <Predicate = true> <Delay = 0.00>
ST_1 : Operation 274 [1/1] (0.00ns)   --->   "%gmem2_addr = getelementptr i32 %gmem2, i64 %sext_ln133_1_cast" [SA_broadcasting/src/mmult.cpp:133]   --->   Operation 274 'getelementptr' 'gmem2_addr' <Predicate = true> <Delay = 0.00>
ST_1 : Operation 275 [1/1] (7.30ns)   --->   "%p_wr_req = writereq i1 @_ssdm_op_WriteReq.m_axi.i32P1A, i32 %gmem2_addr, i32 %mul108_read" [SA_broadcasting/src/mmult.cpp:133]   --->   Operation 275 'writereq' 'p_wr_req' <Predicate = true> <Delay = 7.30> <CoreInst = "m_axi">   --->   Core 121 'm_axi' <Latency = 0> <II = 1> <Delay = 1.00> <Adapter> <Opcode : 'read' 'write' 'readreq' 'writereq' 'writeresp'>
ST_1 : Operation 276 [1/1] (0.38ns)   --->   "%store_ln0 = store i32 0, i32 %loc"   --->   Operation 276 'store' 'store_ln0' <Predicate = true> <Delay = 0.38>
ST_1 : Operation 277 [1/1] (0.38ns)   --->   "%store_ln0 = store i32 0, i32 %j"   --->   Operation 277 'store' 'store_ln0' <Predicate = true> <Delay = 0.38>
ST_1 : Operation 278 [1/1] (0.38ns)   --->   "%store_ln0 = store i32 0, i32 %i"   --->   Operation 278 'store' 'store_ln0' <Predicate = true> <Delay = 0.38>
ST_1 : Operation 279 [1/1] (0.00ns)   --->   "%br_ln0 = br void %for.body111"   --->   Operation 279 'br' 'br_ln0' <Predicate = true> <Delay = 0.00>

State 2 <SV = 1> <Delay = 2.35>
ST_2 : Operation 280 [1/1] (0.00ns)   --->   "%loc_1 = load i32 %loc" [SA_broadcasting/src/mmult.cpp:126]   --->   Operation 280 'load' 'loc_1' <Predicate = true> <Delay = 0.00>
ST_2 : Operation 281 [1/1] (0.00ns)   --->   "%specbitsmap_ln0 = specbitsmap void @_ssdm_op_SpecBitsMap, i32 %gmem2"   --->   Operation 281 'specbitsmap' 'specbitsmap_ln0' <Predicate = true> <Delay = 0.00>
ST_2 : Operation 282 [1/1] (0.85ns)   --->   "%icmp_ln126 = icmp_eq  i32 %loc_1, i32 %mul108_read" [SA_broadcasting/src/mmult.cpp:126]   --->   Operation 282 'icmp' 'icmp_ln126' <Predicate = true> <Delay = 0.85> <CoreInst = "Cmp">   --->   Core 9 'Cmp' <Latency = 0> <II = 1> <Delay = 0.85> <FuncUnit> <Opcode : 'icmp'> <InPorts = 2> <OutPorts = 1>
ST_2 : Operation 283 [1/1] (0.88ns)   --->   "%add_ln126 = add i32 %loc_1, i32 1" [SA_broadcasting/src/mmult.cpp:126]   --->   Operation 283 'add' 'add_ln126' <Predicate = true> <Delay = 0.88> <CoreInst = "Adder">   --->   Core 1 'Adder' <Latency = 0> <II = 1> <Delay = 0.88> <FuncUnit> <Opcode : 'add' 'sub'> <InPorts = 2> <OutPorts = 1>
ST_2 : Operation 284 [1/1] (0.00ns)   --->   "%br_ln126 = br i1 %icmp_ln126, void %for.body111.split, void %for.end125.loopexit.exitStub" [SA_broadcasting/src/mmult.cpp:126]   --->   Operation 284 'br' 'br_ln126' <Predicate = true> <Delay = 0.00>
ST_2 : Operation 285 [1/1] (0.00ns)   --->   "%i_load = load i32 %i" [SA_broadcasting/src/mmult.cpp:130]   --->   Operation 285 'load' 'i_load' <Predicate = (!icmp_ln126)> <Delay = 0.00>
ST_2 : Operation 286 [1/1] (0.00ns)   --->   "%j_load = load i32 %j" [SA_broadcasting/src/mmult.cpp:129]   --->   Operation 286 'load' 'j_load' <Predicate = (!icmp_ln126)> <Delay = 0.00>
ST_2 : Operation 287 [1/1] (0.85ns)   --->   "%icmp_ln129 = icmp_eq  i32 %j_load, i32 %b_col_read" [SA_broadcasting/src/mmult.cpp:129]   --->   Operation 287 'icmp' 'icmp_ln129' <Predicate = (!icmp_ln126)> <Delay = 0.85> <CoreInst = "Cmp">   --->   Core 9 'Cmp' <Latency = 0> <II = 1> <Delay = 0.85> <FuncUnit> <Opcode : 'icmp'> <InPorts = 2> <OutPorts = 1>
ST_2 : Operation 288 [1/1] (0.88ns)   --->   "%add_ln130 = add i32 %i_load, i32 1" [SA_broadcasting/src/mmult.cpp:130]   --->   Operation 288 'add' 'add_ln130' <Predicate = (!icmp_ln126)> <Delay = 0.88> <CoreInst = "Adder">   --->   Core 1 'Adder' <Latency = 0> <II = 1> <Delay = 0.88> <FuncUnit> <Opcode : 'add' 'sub'> <InPorts = 2> <OutPorts = 1>
ST_2 : Operation 289 [1/1] (0.22ns)   --->   "%i_1 = select i1 %icmp_ln129, i32 %add_ln130, i32 %i_load" [SA_broadcasting/src/mmult.cpp:129]   --->   Operation 289 'select' 'i_1' <Predicate = (!icmp_ln126)> <Delay = 0.22> <CoreInst = "Sel">   --->   Core 73 'Sel' <Latency = 0> <II = 1> <Delay = 0.22> <FuncUnit> <Opcode : 'select'> <InPorts = 3> <OutPorts = 1>
ST_2 : Operation 290 [1/1] (0.22ns)   --->   "%j_1 = select i1 %icmp_ln129, i32 0, i32 %j_load" [SA_broadcasting/src/mmult.cpp:129]   --->   Operation 290 'select' 'j_1' <Predicate = (!icmp_ln126)> <Delay = 0.22> <CoreInst = "Sel">   --->   Core 73 'Sel' <Latency = 0> <II = 1> <Delay = 0.22> <FuncUnit> <Opcode : 'select'> <InPorts = 3> <OutPorts = 1>
ST_2 : Operation 291 [1/1] (0.49ns)   --->   "%tmp = mux i32 @_ssdm_op_Mux.ap_auto.16i32.i32, i32 %mux_case_0_read, i32 %mux_case_1_read, i32 %mux_case_2_read, i32 %mux_case_3_read, i32 %mux_case_4_read, i32 %mux_case_5_read, i32 %mux_case_6_read, i32 %mux_case_7_read, i32 %mux_case_8_read, i32 %mux_case_9_read, i32 %mux_case_10_read, i32 %mux_case_11_read, i32 %mux_case_12_read, i32 %mux_case_13_read, i32 %mux_case_14_read, i32 %mux_case_15_read, i32 %j_1" [SA_broadcasting/src/mmult.cpp:133]   --->   Operation 291 'mux' 'tmp' <Predicate = (!icmp_ln126)> <Delay = 0.49> <CoreInst = "Multiplexer">   --->   Core 76 'Multiplexer' <Latency = 0> <II = 1> <Delay = 0.49> <FuncUnit> <Opcode : 'mux'> <InPorts = 2> <OutPorts = 1>
ST_2 : Operation 292 [1/1] (0.49ns)   --->   "%tmp_1 = mux i32 @_ssdm_op_Mux.ap_auto.16i32.i32, i32 %mux_case_01883_read, i32 %mux_case_11884_read, i32 %mux_case_21885_read, i32 %mux_case_31886_read, i32 %mux_case_41887_read, i32 %mux_case_51888_read, i32 %mux_case_61889_read, i32 %mux_case_71890_read, i32 %mux_case_81891_read, i32 %mux_case_91892_read, i32 %mux_case_101893_read, i32 %mux_case_111894_read, i32 %mux_case_121895_read, i32 %mux_case_131896_read, i32 %mux_case_141897_read, i32 %mux_case_151898_read, i32 %j_1" [SA_broadcasting/src/mmult.cpp:133]   --->   Operation 292 'mux' 'tmp_1' <Predicate = (!icmp_ln126)> <Delay = 0.49> <CoreInst = "Multiplexer">   --->   Core 76 'Multiplexer' <Latency = 0> <II = 1> <Delay = 0.49> <FuncUnit> <Opcode : 'mux'> <InPorts = 2> <OutPorts = 1>
ST_2 : Operation 293 [1/1] (0.49ns)   --->   "%tmp_2 = mux i32 @_ssdm_op_Mux.ap_auto.16i32.i32, i32 %mux_case_01900_read, i32 %mux_case_11901_read, i32 %mux_case_21902_read, i32 %mux_case_31903_read, i32 %mux_case_41904_read, i32 %mux_case_51905_read, i32 %mux_case_61906_read, i32 %mux_case_71907_read, i32 %mux_case_81908_read, i32 %mux_case_91909_read, i32 %mux_case_101910_read, i32 %mux_case_111911_read, i32 %mux_case_121912_read, i32 %mux_case_131913_read, i32 %mux_case_141914_read, i32 %mux_case_151915_read, i32 %j_1" [SA_broadcasting/src/mmult.cpp:133]   --->   Operation 293 'mux' 'tmp_2' <Predicate = (!icmp_ln126)> <Delay = 0.49> <CoreInst = "Multiplexer">   --->   Core 76 'Multiplexer' <Latency = 0> <II = 1> <Delay = 0.49> <FuncUnit> <Opcode : 'mux'> <InPorts = 2> <OutPorts = 1>
ST_2 : Operation 294 [1/1] (0.49ns)   --->   "%tmp_3 = mux i32 @_ssdm_op_Mux.ap_auto.16i32.i32, i32 %mux_case_01917_read, i32 %mux_case_11918_read, i32 %mux_case_21919_read, i32 %mux_case_31920_read, i32 %mux_case_41921_read, i32 %mux_case_51922_read, i32 %mux_case_61923_read, i32 %mux_case_71924_read, i32 %mux_case_81925_read, i32 %mux_case_91926_read, i32 %mux_case_101927_read, i32 %mux_case_111928_read, i32 %mux_case_121929_read, i32 %mux_case_131930_read, i32 %mux_case_141931_read, i32 %mux_case_151932_read, i32 %j_1" [SA_broadcasting/src/mmult.cpp:133]   --->   Operation 294 'mux' 'tmp_3' <Predicate = (!icmp_ln126)> <Delay = 0.49> <CoreInst = "Multiplexer">   --->   Core 76 'Multiplexer' <Latency = 0> <II = 1> <Delay = 0.49> <FuncUnit> <Opcode : 'mux'> <InPorts = 2> <OutPorts = 1>
ST_2 : Operation 295 [1/1] (0.49ns)   --->   "%tmp_4 = mux i32 @_ssdm_op_Mux.ap_auto.16i32.i32, i32 %mux_case_01934_read, i32 %mux_case_11935_read, i32 %mux_case_21936_read, i32 %mux_case_31937_read, i32 %mux_case_41938_read, i32 %mux_case_51939_read, i32 %mux_case_61940_read, i32 %mux_case_71941_read, i32 %mux_case_81942_read, i32 %mux_case_91943_read, i32 %mux_case_101944_read, i32 %mux_case_111945_read, i32 %mux_case_121946_read, i32 %mux_case_131947_read, i32 %mux_case_141948_read, i32 %mux_case_151949_read, i32 %j_1" [SA_broadcasting/src/mmult.cpp:133]   --->   Operation 295 'mux' 'tmp_4' <Predicate = (!icmp_ln126)> <Delay = 0.49> <CoreInst = "Multiplexer">   --->   Core 76 'Multiplexer' <Latency = 0> <II = 1> <Delay = 0.49> <FuncUnit> <Opcode : 'mux'> <InPorts = 2> <OutPorts = 1>
ST_2 : Operation 296 [1/1] (0.49ns)   --->   "%tmp_5 = mux i32 @_ssdm_op_Mux.ap_auto.16i32.i32, i32 %mux_case_01951_read, i32 %mux_case_11952_read, i32 %mux_case_21953_read, i32 %mux_case_31954_read, i32 %mux_case_41955_read, i32 %mux_case_51956_read, i32 %mux_case_61957_read, i32 %mux_case_71958_read, i32 %mux_case_81959_read, i32 %mux_case_91960_read, i32 %mux_case_101961_read, i32 %mux_case_111962_read, i32 %mux_case_121963_read, i32 %mux_case_131964_read, i32 %mux_case_141965_read, i32 %mux_case_151966_read, i32 %j_1" [SA_broadcasting/src/mmult.cpp:133]   --->   Operation 296 'mux' 'tmp_5' <Predicate = (!icmp_ln126)> <Delay = 0.49> <CoreInst = "Multiplexer">   --->   Core 76 'Multiplexer' <Latency = 0> <II = 1> <Delay = 0.49> <FuncUnit> <Opcode : 'mux'> <InPorts = 2> <OutPorts = 1>
ST_2 : Operation 297 [1/1] (0.49ns)   --->   "%tmp_6 = mux i32 @_ssdm_op_Mux.ap_auto.16i32.i32, i32 %mux_case_01968_read, i32 %mux_case_11969_read, i32 %mux_case_21970_read, i32 %mux_case_31971_read, i32 %mux_case_41972_read, i32 %mux_case_51973_read, i32 %mux_case_61974_read, i32 %mux_case_71975_read, i32 %mux_case_81976_read, i32 %mux_case_91977_read, i32 %mux_case_101978_read, i32 %mux_case_111979_read, i32 %mux_case_121980_read, i32 %mux_case_131981_read, i32 %mux_case_141982_read, i32 %mux_case_151983_read, i32 %j_1" [SA_broadcasting/src/mmult.cpp:133]   --->   Operation 297 'mux' 'tmp_6' <Predicate = (!icmp_ln126)> <Delay = 0.49> <CoreInst = "Multiplexer">   --->   Core 76 'Multiplexer' <Latency = 0> <II = 1> <Delay = 0.49> <FuncUnit> <Opcode : 'mux'> <InPorts = 2> <OutPorts = 1>
ST_2 : Operation 298 [1/1] (0.49ns)   --->   "%tmp_7 = mux i32 @_ssdm_op_Mux.ap_auto.16i32.i32, i32 %mux_case_01985_read, i32 %mux_case_11986_read, i32 %mux_case_21987_read, i32 %mux_case_31988_read, i32 %mux_case_41989_read, i32 %mux_case_51990_read, i32 %mux_case_61991_read, i32 %mux_case_71992_read, i32 %mux_case_81993_read, i32 %mux_case_91994_read, i32 %mux_case_101995_read, i32 %mux_case_111996_read, i32 %mux_case_121997_read, i32 %mux_case_131998_read, i32 %mux_case_141999_read, i32 %mux_case_152000_read, i32 %j_1" [SA_broadcasting/src/mmult.cpp:133]   --->   Operation 298 'mux' 'tmp_7' <Predicate = (!icmp_ln126)> <Delay = 0.49> <CoreInst = "Multiplexer">   --->   Core 76 'Multiplexer' <Latency = 0> <II = 1> <Delay = 0.49> <FuncUnit> <Opcode : 'mux'> <InPorts = 2> <OutPorts = 1>
ST_2 : Operation 299 [1/1] (0.49ns)   --->   "%tmp_8 = mux i32 @_ssdm_op_Mux.ap_auto.16i32.i32, i32 %mux_case_02002_read, i32 %mux_case_12003_read, i32 %mux_case_22004_read, i32 %mux_case_32005_read, i32 %mux_case_42006_read, i32 %mux_case_52007_read, i32 %mux_case_62008_read, i32 %mux_case_72009_read, i32 %mux_case_82010_read, i32 %mux_case_92011_read, i32 %mux_case_102012_read, i32 %mux_case_112013_read, i32 %mux_case_122014_read, i32 %mux_case_132015_read, i32 %mux_case_142016_read, i32 %mux_case_152017_read, i32 %j_1" [SA_broadcasting/src/mmult.cpp:133]   --->   Operation 299 'mux' 'tmp_8' <Predicate = (!icmp_ln126)> <Delay = 0.49> <CoreInst = "Multiplexer">   --->   Core 76 'Multiplexer' <Latency = 0> <II = 1> <Delay = 0.49> <FuncUnit> <Opcode : 'mux'> <InPorts = 2> <OutPorts = 1>
ST_2 : Operation 300 [1/1] (0.49ns)   --->   "%tmp_9 = mux i32 @_ssdm_op_Mux.ap_auto.16i32.i32, i32 %mux_case_02019_read, i32 %mux_case_12020_read, i32 %mux_case_22021_read, i32 %mux_case_32022_read, i32 %mux_case_42023_read, i32 %mux_case_52024_read, i32 %mux_case_62025_read, i32 %mux_case_72026_read, i32 %mux_case_82027_read, i32 %mux_case_92028_read, i32 %mux_case_102029_read, i32 %mux_case_112030_read, i32 %mux_case_122031_read, i32 %mux_case_132032_read, i32 %mux_case_142033_read, i32 %mux_case_152034_read, i32 %j_1" [SA_broadcasting/src/mmult.cpp:133]   --->   Operation 300 'mux' 'tmp_9' <Predicate = (!icmp_ln126)> <Delay = 0.49> <CoreInst = "Multiplexer">   --->   Core 76 'Multiplexer' <Latency = 0> <II = 1> <Delay = 0.49> <FuncUnit> <Opcode : 'mux'> <InPorts = 2> <OutPorts = 1>
ST_2 : Operation 301 [1/1] (0.49ns)   --->   "%tmp_s = mux i32 @_ssdm_op_Mux.ap_auto.16i32.i32, i32 %mux_case_02036_read, i32 %mux_case_12037_read, i32 %mux_case_22038_read, i32 %mux_case_32039_read, i32 %mux_case_42040_read, i32 %mux_case_52041_read, i32 %mux_case_62042_read, i32 %mux_case_72043_read, i32 %mux_case_82044_read, i32 %mux_case_92045_read, i32 %mux_case_102046_read, i32 %mux_case_112047_read, i32 %mux_case_122048_read, i32 %mux_case_132049_read, i32 %mux_case_142050_read, i32 %mux_case_152051_read, i32 %j_1" [SA_broadcasting/src/mmult.cpp:133]   --->   Operation 301 'mux' 'tmp_s' <Predicate = (!icmp_ln126)> <Delay = 0.49> <CoreInst = "Multiplexer">   --->   Core 76 'Multiplexer' <Latency = 0> <II = 1> <Delay = 0.49> <FuncUnit> <Opcode : 'mux'> <InPorts = 2> <OutPorts = 1>
ST_2 : Operation 302 [1/1] (0.49ns)   --->   "%tmp_10 = mux i32 @_ssdm_op_Mux.ap_auto.16i32.i32, i32 %mux_case_02053_read, i32 %mux_case_12054_read, i32 %mux_case_22055_read, i32 %mux_case_32056_read, i32 %mux_case_42057_read, i32 %mux_case_52058_read, i32 %mux_case_62059_read, i32 %mux_case_72060_read, i32 %mux_case_82061_read, i32 %mux_case_92062_read, i32 %mux_case_102063_read, i32 %mux_case_112064_read, i32 %mux_case_122065_read, i32 %mux_case_132066_read, i32 %mux_case_142067_read, i32 %mux_case_152068_read, i32 %j_1" [SA_broadcasting/src/mmult.cpp:133]   --->   Operation 302 'mux' 'tmp_10' <Predicate = (!icmp_ln126)> <Delay = 0.49> <CoreInst = "Multiplexer">   --->   Core 76 'Multiplexer' <Latency = 0> <II = 1> <Delay = 0.49> <FuncUnit> <Opcode : 'mux'> <InPorts = 2> <OutPorts = 1>
ST_2 : Operation 303 [1/1] (0.49ns)   --->   "%tmp_11 = mux i32 @_ssdm_op_Mux.ap_auto.16i32.i32, i32 %mux_case_02070_read, i32 %mux_case_12071_read, i32 %mux_case_22072_read, i32 %mux_case_32073_read, i32 %mux_case_42074_read, i32 %mux_case_52075_read, i32 %mux_case_62076_read, i32 %mux_case_72077_read, i32 %mux_case_82078_read, i32 %mux_case_92079_read, i32 %mux_case_102080_read, i32 %mux_case_112081_read, i32 %mux_case_122082_read, i32 %mux_case_132083_read, i32 %mux_case_142084_read, i32 %mux_case_152085_read, i32 %j_1" [SA_broadcasting/src/mmult.cpp:133]   --->   Operation 303 'mux' 'tmp_11' <Predicate = (!icmp_ln126)> <Delay = 0.49> <CoreInst = "Multiplexer">   --->   Core 76 'Multiplexer' <Latency = 0> <II = 1> <Delay = 0.49> <FuncUnit> <Opcode : 'mux'> <InPorts = 2> <OutPorts = 1>
ST_2 : Operation 304 [1/1] (0.49ns)   --->   "%tmp_12 = mux i32 @_ssdm_op_Mux.ap_auto.16i32.i32, i32 %mux_case_02087_read, i32 %mux_case_12088_read, i32 %mux_case_22089_read, i32 %mux_case_32090_read, i32 %mux_case_42091_read, i32 %mux_case_52092_read, i32 %mux_case_62093_read, i32 %mux_case_72094_read, i32 %mux_case_82095_read, i32 %mux_case_92096_read, i32 %mux_case_102097_read, i32 %mux_case_112098_read, i32 %mux_case_122099_read, i32 %mux_case_132100_read, i32 %mux_case_142101_read, i32 %mux_case_152102_read, i32 %j_1" [SA_broadcasting/src/mmult.cpp:133]   --->   Operation 304 'mux' 'tmp_12' <Predicate = (!icmp_ln126)> <Delay = 0.49> <CoreInst = "Multiplexer">   --->   Core 76 'Multiplexer' <Latency = 0> <II = 1> <Delay = 0.49> <FuncUnit> <Opcode : 'mux'> <InPorts = 2> <OutPorts = 1>
ST_2 : Operation 305 [1/1] (0.49ns)   --->   "%tmp_13 = mux i32 @_ssdm_op_Mux.ap_auto.16i32.i32, i32 %mux_case_02104_read, i32 %mux_case_12105_read, i32 %mux_case_22106_read, i32 %mux_case_32107_read, i32 %mux_case_42108_read, i32 %mux_case_52109_read, i32 %mux_case_62110_read, i32 %mux_case_72111_read, i32 %mux_case_82112_read, i32 %mux_case_92113_read, i32 %mux_case_102114_read, i32 %mux_case_112115_read, i32 %mux_case_122116_read, i32 %mux_case_132117_read, i32 %mux_case_142118_read, i32 %mux_case_152119_read, i32 %j_1" [SA_broadcasting/src/mmult.cpp:133]   --->   Operation 305 'mux' 'tmp_13' <Predicate = (!icmp_ln126)> <Delay = 0.49> <CoreInst = "Multiplexer">   --->   Core 76 'Multiplexer' <Latency = 0> <II = 1> <Delay = 0.49> <FuncUnit> <Opcode : 'mux'> <InPorts = 2> <OutPorts = 1>
ST_2 : Operation 306 [1/1] (0.49ns)   --->   "%tmp_14 = mux i32 @_ssdm_op_Mux.ap_auto.16i32.i32, i32 %mux_case_02121_read, i32 %mux_case_12122_read, i32 %mux_case_22123_read, i32 %mux_case_32124_read, i32 %mux_case_42125_read, i32 %mux_case_52126_read, i32 %mux_case_62127_read, i32 %mux_case_72128_read, i32 %mux_case_82129_read, i32 %mux_case_92130_read, i32 %mux_case_102131_read, i32 %mux_case_112132_read, i32 %mux_case_122133_read, i32 %mux_case_132134_read, i32 %mux_case_142135_read, i32 %mux_case_152136_read, i32 %j_1" [SA_broadcasting/src/mmult.cpp:133]   --->   Operation 306 'mux' 'tmp_14' <Predicate = (!icmp_ln126)> <Delay = 0.49> <CoreInst = "Multiplexer">   --->   Core 76 'Multiplexer' <Latency = 0> <II = 1> <Delay = 0.49> <FuncUnit> <Opcode : 'mux'> <InPorts = 2> <OutPorts = 1>
ST_2 : Operation 307 [1/1] (0.49ns)   --->   "%tmp_15 = mux i32 @_ssdm_op_Mux.ap_auto.16i32.i32, i32 %tmp, i32 %tmp_1, i32 %tmp_2, i32 %tmp_3, i32 %tmp_4, i32 %tmp_5, i32 %tmp_6, i32 %tmp_7, i32 %tmp_8, i32 %tmp_9, i32 %tmp_s, i32 %tmp_10, i32 %tmp_11, i32 %tmp_12, i32 %tmp_13, i32 %tmp_14, i32 %i_1" [SA_broadcasting/src/mmult.cpp:133]   --->   Operation 307 'mux' 'tmp_15' <Predicate = (!icmp_ln126)> <Delay = 0.49> <CoreInst = "Multiplexer">   --->   Core 76 'Multiplexer' <Latency = 0> <II = 1> <Delay = 0.49> <FuncUnit> <Opcode : 'mux'> <InPorts = 2> <OutPorts = 1>
ST_2 : Operation 308 [1/1] (0.88ns)   --->   "%j_2 = add i32 %j_1, i32 1" [SA_broadcasting/src/mmult.cpp:126]   --->   Operation 308 'add' 'j_2' <Predicate = (!icmp_ln126)> <Delay = 0.88> <CoreInst = "Adder">   --->   Core 1 'Adder' <Latency = 0> <II = 1> <Delay = 0.88> <FuncUnit> <Opcode : 'add' 'sub'> <InPorts = 2> <OutPorts = 1>
ST_2 : Operation 309 [1/1] (0.38ns)   --->   "%store_ln126 = store i32 %add_ln126, i32 %loc" [SA_broadcasting/src/mmult.cpp:126]   --->   Operation 309 'store' 'store_ln126' <Predicate = (!icmp_ln126)> <Delay = 0.38>
ST_2 : Operation 310 [1/1] (0.38ns)   --->   "%store_ln126 = store i32 %j_2, i32 %j" [SA_broadcasting/src/mmult.cpp:126]   --->   Operation 310 'store' 'store_ln126' <Predicate = (!icmp_ln126)> <Delay = 0.38>
ST_2 : Operation 311 [1/1] (0.38ns)   --->   "%store_ln126 = store i32 %i_1, i32 %i" [SA_broadcasting/src/mmult.cpp:126]   --->   Operation 311 'store' 'store_ln126' <Predicate = (!icmp_ln126)> <Delay = 0.38>

State 3 <SV = 2> <Delay = 7.30>
ST_3 : Operation 312 [1/1] (0.00ns)   --->   "%specpipeline_ln128 = specpipeline void @_ssdm_op_SpecPipeline, i32 4294967295, i32 0, i32 0, i32 0, void @empty_5" [SA_broadcasting/src/mmult.cpp:128]   --->   Operation 312 'specpipeline' 'specpipeline_ln128' <Predicate = true> <Delay = 0.00>
ST_3 : Operation 313 [1/1] (0.00ns)   --->   "%specloopname_ln126 = specloopname void @_ssdm_op_SpecLoopName, void @empty_8" [SA_broadcasting/src/mmult.cpp:126]   --->   Operation 313 'specloopname' 'specloopname_ln126' <Predicate = true> <Delay = 0.00>
ST_3 : Operation 314 [1/1] (7.30ns)   --->   "%write_ln133 = write void @_ssdm_op_Write.m_axi.i32P1A, i32 %gmem2_addr, i32 %tmp_15, i4 15" [SA_broadcasting/src/mmult.cpp:133]   --->   Operation 314 'write' 'write_ln133' <Predicate = true> <Delay = 7.30> <CoreInst = "m_axi">   --->   Core 121 'm_axi' <Latency = 0> <II = 1> <Delay = 1.00> <Adapter> <Opcode : 'read' 'write' 'readreq' 'writereq' 'writeresp'>
ST_3 : Operation 315 [1/1] (0.00ns)   --->   "%br_ln126 = br void %for.body111" [SA_broadcasting/src/mmult.cpp:126]   --->   Operation 315 'br' 'br_ln126' <Predicate = true> <Delay = 0.00>

State 4 <SV = 2> <Delay = 7.30>
ST_4 : Operation 316 [5/5] (7.30ns)   --->   "%p_wr_resp = writeresp i1 @_ssdm_op_WriteResp.m_axi.i32P1A, i32 %gmem2_addr" [SA_broadcasting/src/mmult.cpp:133]   --->   Operation 316 'writeresp' 'p_wr_resp' <Predicate = true> <Delay = 7.30> <CoreInst = "m_axi">   --->   Core 121 'm_axi' <Latency = 0> <II = 1> <Delay = 1.00> <Adapter> <Opcode : 'read' 'write' 'readreq' 'writereq' 'writeresp'>

State 5 <SV = 3> <Delay = 7.30>
ST_5 : Operation 317 [4/5] (7.30ns)   --->   "%p_wr_resp = writeresp i1 @_ssdm_op_WriteResp.m_axi.i32P1A, i32 %gmem2_addr" [SA_broadcasting/src/mmult.cpp:133]   --->   Operation 317 'writeresp' 'p_wr_resp' <Predicate = true> <Delay = 7.30> <CoreInst = "m_axi">   --->   Core 121 'm_axi' <Latency = 0> <II = 1> <Delay = 1.00> <Adapter> <Opcode : 'read' 'write' 'readreq' 'writereq' 'writeresp'>

State 6 <SV = 4> <Delay = 7.30>
ST_6 : Operation 318 [3/5] (7.30ns)   --->   "%p_wr_resp = writeresp i1 @_ssdm_op_WriteResp.m_axi.i32P1A, i32 %gmem2_addr" [SA_broadcasting/src/mmult.cpp:133]   --->   Operation 318 'writeresp' 'p_wr_resp' <Predicate = true> <Delay = 7.30> <CoreInst = "m_axi">   --->   Core 121 'm_axi' <Latency = 0> <II = 1> <Delay = 1.00> <Adapter> <Opcode : 'read' 'write' 'readreq' 'writereq' 'writeresp'>

State 7 <SV = 5> <Delay = 7.30>
ST_7 : Operation 319 [2/5] (7.30ns)   --->   "%p_wr_resp = writeresp i1 @_ssdm_op_WriteResp.m_axi.i32P1A, i32 %gmem2_addr" [SA_broadcasting/src/mmult.cpp:133]   --->   Operation 319 'writeresp' 'p_wr_resp' <Predicate = true> <Delay = 7.30> <CoreInst = "m_axi">   --->   Core 121 'm_axi' <Latency = 0> <II = 1> <Delay = 1.00> <Adapter> <Opcode : 'read' 'write' 'readreq' 'writereq' 'writeresp'>

State 8 <SV = 6> <Delay = 7.30>
ST_8 : Operation 320 [1/5] (7.30ns)   --->   "%p_wr_resp = writeresp i1 @_ssdm_op_WriteResp.m_axi.i32P1A, i32 %gmem2_addr" [SA_broadcasting/src/mmult.cpp:133]   --->   Operation 320 'writeresp' 'p_wr_resp' <Predicate = true> <Delay = 7.30> <CoreInst = "m_axi">   --->   Core 121 'm_axi' <Latency = 0> <II = 1> <Delay = 1.00> <Adapter> <Opcode : 'read' 'write' 'readreq' 'writereq' 'writeresp'>
ST_8 : Operation 321 [1/1] (0.00ns)   --->   "%ret_ln0 = ret"   --->   Operation 321 'ret' 'ret_ln0' <Predicate = true> <Delay = 0.00>


============================================================
+ Verbose Summary: Timing violations
============================================================
Target clock period: 10ns, clock uncertainty: 2.7ns.

 <State 1>: 7.3ns
The critical path consists of the following:
	wire read operation ('mul108_read') on port 'mul108' [523]  (0 ns)
	bus request operation ('p_wr_req', SA_broadcasting/src/mmult.cpp:133) on port 'gmem2' (SA_broadcasting/src/mmult.cpp:133) [528]  (7.3 ns)

 <State 2>: 2.35ns
The critical path consists of the following:
	'load' operation ('j_load', SA_broadcasting/src/mmult.cpp:129) on local variable 'j' [541]  (0 ns)
	'icmp' operation ('icmp_ln129', SA_broadcasting/src/mmult.cpp:129) [544]  (0.859 ns)
	'select' operation ('j', SA_broadcasting/src/mmult.cpp:129) [547]  (0.227 ns)
	'add' operation ('j', SA_broadcasting/src/mmult.cpp:126) [566]  (0.88 ns)
	'store' operation ('store_ln126', SA_broadcasting/src/mmult.cpp:126) of variable 'j', SA_broadcasting/src/mmult.cpp:126 on local variable 'j' [568]  (0.387 ns)

 <State 3>: 7.3ns
The critical path consists of the following:
	bus write operation ('write_ln133', SA_broadcasting/src/mmult.cpp:133) on port 'gmem2' (SA_broadcasting/src/mmult.cpp:133) [565]  (7.3 ns)

 <State 4>: 7.3ns
The critical path consists of the following:
	bus response operation ('p_wr_resp', SA_broadcasting/src/mmult.cpp:133) on port 'gmem2' (SA_broadcasting/src/mmult.cpp:133) [572]  (7.3 ns)

 <State 5>: 7.3ns
The critical path consists of the following:
	bus response operation ('p_wr_resp', SA_broadcasting/src/mmult.cpp:133) on port 'gmem2' (SA_broadcasting/src/mmult.cpp:133) [572]  (7.3 ns)

 <State 6>: 7.3ns
The critical path consists of the following:
	bus response operation ('p_wr_resp', SA_broadcasting/src/mmult.cpp:133) on port 'gmem2' (SA_broadcasting/src/mmult.cpp:133) [572]  (7.3 ns)

 <State 7>: 7.3ns
The critical path consists of the following:
	bus response operation ('p_wr_resp', SA_broadcasting/src/mmult.cpp:133) on port 'gmem2' (SA_broadcasting/src/mmult.cpp:133) [572]  (7.3 ns)

 <State 8>: 7.3ns
The critical path consists of the following:
	bus response operation ('p_wr_resp', SA_broadcasting/src/mmult.cpp:133) on port 'gmem2' (SA_broadcasting/src/mmult.cpp:133) [572]  (7.3 ns)


============================================================
+ Verbose Summary: Binding
============================================================
N/A
* FSMD analyzer results:
  - Output states:
 - Input state : 
  - Chain level:
	State 1
	State 2
	State 3
	State 4
	State 5
	State 6
	State 7
	State 8


============================================================
+ Verbose Summary: Datapath Resource usage 
============================================================
N/A
