

================================================================
== Vitis HLS Report for 'mmult_Pipeline_readA'
================================================================
* Date:           Wed Dec  4 13:23:23 2024

* Version:        2022.1 (Build 3526262 on Mon Apr 18 15:47:01 MDT 2022)
* Project:        SA_broadcasting
* Solution:       solution1 (Vivado IP Flow Target)
* Product family: virtexuplus
* Target device:  xcu50-fsvh2104-2-e


================================================================
== Performance Estimates
================================================================
+ Timing: 
    * Summary: 
    +--------+----------+----------+------------+
    |  Clock |  Target  | Estimated| Uncertainty|
    +--------+----------+----------+------------+
    |ap_clk  |  10.00 ns|  7.300 ns|     2.70 ns|
    +--------+----------+----------+------------+

+ Latency: 
    * Summary: 
    +---------+---------+----------+----------+-----+-----+---------+
    |  Latency (cycles) |  Latency (absolute) |  Interval | Pipeline|
    |   min   |   max   |    min   |    max   | min | max |   Type  |
    +---------+---------+----------+----------+-----+-----+---------+
    |      265|      265|  2.650 us|  2.650 us|  265|  265|       no|
    +---------+---------+----------+----------+-----+-----+---------+

    + Detail: 
        * Instance: 
        N/A

        * Loop: 
        +----------+---------+---------+----------+-----------+-----------+------+----------+
        |          |  Latency (cycles) | Iteration|  Initiation Interval  | Trip |          |
        | Loop Name|   min   |   max   |  Latency |  achieved |   target  | Count| Pipelined|
        +----------+---------+---------+----------+-----------+-----------+------+----------+
        |- readA   |      257|      257|         3|          1|          1|   256|       yes|
        +----------+---------+---------+----------+-----------+-----------+------+----------+

============================================================
+ Verbose Summary: Synthesis Manager
============================================================
InlineROM: 1
ExposeGlobal: 0
============================================================
+ Verbose Summary: CDFG Model
============================================================
IsTopModel: 0
ResetActiveHigh: 1
IsCombinational: 0
IsDatapathOnly: 0
HasWiredReturn: 1
HasMFsm: 2
HasVarLatency: 1
IsPipeline: 0
IsRtlPipelined: 0
IsInstanceOverlapped: 0
IsDontTouch: 0
HasImplIP: 0
IsGatedGlobalClock: 0

+ Individual pipeline summary: 
  * Pipeline-0: initiation interval (II) = 1, depth = 3


============================================================
+ Verbose Summary: Schedule
============================================================
* Number of FSM states : 11
* Pipeline : 1
  Pipeline-0 : II = 1, D = 3, States = { 8 9 10 }
* Dataflow Pipeline: 0

* FSM state transitions: 
1 --> 2 
2 --> 3 
3 --> 4 
4 --> 5 
5 --> 6 
6 --> 7 
7 --> 8 
8 --> 11 9 
9 --> 10 
10 --> 8 
11 --> 

* FSM state operations: 

State 1 <SV = 0> <Delay = 7.30>
ST_1 : Operation 12 [1/1] (0.00ns)   --->   "%j = alloca i32 1"   --->   Operation 12 'alloca' 'j' <Predicate = true> <Delay = 0.00>
ST_1 : Operation 13 [1/1] (0.00ns)   --->   "%i_1 = alloca i32 1"   --->   Operation 13 'alloca' 'i_1' <Predicate = true> <Delay = 0.00>
ST_1 : Operation 14 [1/1] (0.00ns)   --->   "%loc = alloca i32 1"   --->   Operation 14 'alloca' 'loc' <Predicate = true> <Delay = 0.00>
ST_1 : Operation 15 [1/1] (0.00ns)   --->   "%mul_read = read i32 @_ssdm_op_Read.ap_auto.i32, i32 %mul"   --->   Operation 15 'read' 'mul_read' <Predicate = true> <Delay = 0.00>
ST_1 : Operation 16 [1/1] (0.00ns)   --->   "%sext_ln69_read = read i62 @_ssdm_op_Read.ap_auto.i62, i62 %sext_ln69"   --->   Operation 16 'read' 'sext_ln69_read' <Predicate = true> <Delay = 0.00>
ST_1 : Operation 17 [1/1] (0.00ns)   --->   "%sext_ln69_cast = sext i62 %sext_ln69_read"   --->   Operation 17 'sext' 'sext_ln69_cast' <Predicate = true> <Delay = 0.00>
ST_1 : Operation 18 [1/1] (0.00ns)   --->   "%gmem0_addr = getelementptr i32 %gmem0, i64 %sext_ln69_cast" [SA_broadcasting/src/mmult.cpp:69]   --->   Operation 18 'getelementptr' 'gmem0_addr' <Predicate = true> <Delay = 0.00>
ST_1 : Operation 19 [7/7] (7.30ns)   --->   "%p_rd_req = readreq i1 @_ssdm_op_ReadReq.m_axi.i32P1A, i32 %gmem0_addr, i32 %mul_read" [SA_broadcasting/src/mmult.cpp:69]   --->   Operation 19 'readreq' 'p_rd_req' <Predicate = true> <Delay = 7.30> <CoreInst = "m_axi">   --->   Core 121 'm_axi' <Latency = 0> <II = 1> <Delay = 1.00> <Adapter> <Opcode : 'read' 'write' 'readreq' 'writereq' 'writeresp'>
ST_1 : Operation 20 [1/1] (0.38ns)   --->   "%store_ln0 = store i32 0, i32 %loc"   --->   Operation 20 'store' 'store_ln0' <Predicate = true> <Delay = 0.38>
ST_1 : Operation 21 [1/1] (0.38ns)   --->   "%store_ln0 = store i32 0, i32 %i_1"   --->   Operation 21 'store' 'store_ln0' <Predicate = true> <Delay = 0.38>
ST_1 : Operation 22 [1/1] (0.38ns)   --->   "%store_ln0 = store i32 0, i32 %j"   --->   Operation 22 'store' 'store_ln0' <Predicate = true> <Delay = 0.38>

State 2 <SV = 1> <Delay = 7.30>
ST_2 : Operation 23 [6/7] (7.30ns)   --->   "%p_rd_req = readreq i1 @_ssdm_op_ReadReq.m_axi.i32P1A, i32 %gmem0_addr, i32 %mul_read" [SA_broadcasting/src/mmult.cpp:69]   --->   Operation 23 'readreq' 'p_rd_req' <Predicate = true> <Delay = 7.30> <CoreInst = "m_axi">   --->   Core 121 'm_axi' <Latency = 0> <II = 1> <Delay = 1.00> <Adapter> <Opcode : 'read' 'write' 'readreq' 'writereq' 'writeresp'>

State 3 <SV = 2> <Delay = 7.30>
ST_3 : Operation 24 [5/7] (7.30ns)   --->   "%p_rd_req = readreq i1 @_ssdm_op_ReadReq.m_axi.i32P1A, i32 %gmem0_addr, i32 %mul_read" [SA_broadcasting/src/mmult.cpp:69]   --->   Operation 24 'readreq' 'p_rd_req' <Predicate = true> <Delay = 7.30> <CoreInst = "m_axi">   --->   Core 121 'm_axi' <Latency = 0> <II = 1> <Delay = 1.00> <Adapter> <Opcode : 'read' 'write' 'readreq' 'writereq' 'writeresp'>

State 4 <SV = 3> <Delay = 7.30>
ST_4 : Operation 25 [4/7] (7.30ns)   --->   "%p_rd_req = readreq i1 @_ssdm_op_ReadReq.m_axi.i32P1A, i32 %gmem0_addr, i32 %mul_read" [SA_broadcasting/src/mmult.cpp:69]   --->   Operation 25 'readreq' 'p_rd_req' <Predicate = true> <Delay = 7.30> <CoreInst = "m_axi">   --->   Core 121 'm_axi' <Latency = 0> <II = 1> <Delay = 1.00> <Adapter> <Opcode : 'read' 'write' 'readreq' 'writereq' 'writeresp'>

State 5 <SV = 4> <Delay = 7.30>
ST_5 : Operation 26 [3/7] (7.30ns)   --->   "%p_rd_req = readreq i1 @_ssdm_op_ReadReq.m_axi.i32P1A, i32 %gmem0_addr, i32 %mul_read" [SA_broadcasting/src/mmult.cpp:69]   --->   Operation 26 'readreq' 'p_rd_req' <Predicate = true> <Delay = 7.30> <CoreInst = "m_axi">   --->   Core 121 'm_axi' <Latency = 0> <II = 1> <Delay = 1.00> <Adapter> <Opcode : 'read' 'write' 'readreq' 'writereq' 'writeresp'>

State 6 <SV = 5> <Delay = 7.30>
ST_6 : Operation 27 [2/7] (7.30ns)   --->   "%p_rd_req = readreq i1 @_ssdm_op_ReadReq.m_axi.i32P1A, i32 %gmem0_addr, i32 %mul_read" [SA_broadcasting/src/mmult.cpp:69]   --->   Operation 27 'readreq' 'p_rd_req' <Predicate = true> <Delay = 7.30> <CoreInst = "m_axi">   --->   Core 121 'm_axi' <Latency = 0> <II = 1> <Delay = 1.00> <Adapter> <Opcode : 'read' 'write' 'readreq' 'writereq' 'writeresp'>

State 7 <SV = 6> <Delay = 7.30>
ST_7 : Operation 28 [1/1] (0.00ns)   --->   "%a5 = read i64 @_ssdm_op_Read.ap_auto.i64, i64 %a"   --->   Operation 28 'read' 'a5' <Predicate = true> <Delay = 0.00>
ST_7 : Operation 29 [1/1] (0.00ns)   --->   "%a_col_read = read i32 @_ssdm_op_Read.ap_auto.i32, i32 %a_col"   --->   Operation 29 'read' 'a_col_read' <Predicate = true> <Delay = 0.00>
ST_7 : Operation 30 [1/1] (0.00ns)   --->   "%specinterface_ln0 = specinterface void @_ssdm_op_SpecInterface, i32 %gmem0, void @empty_4, i32 0, i32 0, void @empty_5, i32 0, i32 256, void @empty_6, void @empty_7, void @empty_5, i32 16, i32 16, i32 16, i32 16, void @empty_5, void @empty_5, i32 4294967295, i32 0"   --->   Operation 30 'specinterface' 'specinterface_ln0' <Predicate = true> <Delay = 0.00>
ST_7 : Operation 31 [1/7] (7.30ns)   --->   "%p_rd_req = readreq i1 @_ssdm_op_ReadReq.m_axi.i32P1A, i32 %gmem0_addr, i32 %mul_read" [SA_broadcasting/src/mmult.cpp:69]   --->   Operation 31 'readreq' 'p_rd_req' <Predicate = true> <Delay = 7.30> <CoreInst = "m_axi">   --->   Core 121 'm_axi' <Latency = 0> <II = 1> <Delay = 1.00> <Adapter> <Opcode : 'read' 'write' 'readreq' 'writereq' 'writeresp'>
ST_7 : Operation 32 [1/1] (0.00ns)   --->   "%br_ln0 = br void %for.body15"   --->   Operation 32 'br' 'br_ln0' <Predicate = true> <Delay = 0.00>

State 8 <SV = 7> <Delay = 1.26>
ST_8 : Operation 33 [1/1] (0.00ns)   --->   "%loc_2 = load i32 %loc" [SA_broadcasting/src/mmult.cpp:62]   --->   Operation 33 'load' 'loc_2' <Predicate = true> <Delay = 0.00>
ST_8 : Operation 34 [1/1] (0.00ns)   --->   "%specbitsmap_ln0 = specbitsmap void @_ssdm_op_SpecBitsMap, i32 %gmem0"   --->   Operation 34 'specbitsmap' 'specbitsmap_ln0' <Predicate = true> <Delay = 0.00>
ST_8 : Operation 35 [1/1] (0.85ns)   --->   "%icmp_ln62 = icmp_eq  i32 %loc_2, i32 %mul_read" [SA_broadcasting/src/mmult.cpp:62]   --->   Operation 35 'icmp' 'icmp_ln62' <Predicate = true> <Delay = 0.85> <CoreInst = "Cmp">   --->   Core 9 'Cmp' <Latency = 0> <II = 1> <Delay = 0.85> <FuncUnit> <Opcode : 'icmp'> <InPorts = 2> <OutPorts = 1>
ST_8 : Operation 36 [1/1] (0.88ns)   --->   "%add_ln62 = add i32 %loc_2, i32 1" [SA_broadcasting/src/mmult.cpp:62]   --->   Operation 36 'add' 'add_ln62' <Predicate = true> <Delay = 0.88> <CoreInst = "Adder">   --->   Core 1 'Adder' <Latency = 0> <II = 1> <Delay = 0.88> <FuncUnit> <Opcode : 'add' 'sub'> <InPorts = 2> <OutPorts = 1>
ST_8 : Operation 37 [1/1] (0.00ns)   --->   "%br_ln62 = br i1 %icmp_ln62, void %for.body15.split, void %readB.loopexit.exitStub" [SA_broadcasting/src/mmult.cpp:62]   --->   Operation 37 'br' 'br_ln62' <Predicate = true> <Delay = 0.00>
ST_8 : Operation 38 [1/1] (0.38ns)   --->   "%store_ln62 = store i32 %add_ln62, i32 %loc" [SA_broadcasting/src/mmult.cpp:62]   --->   Operation 38 'store' 'store_ln62' <Predicate = (!icmp_ln62)> <Delay = 0.38>

State 9 <SV = 8> <Delay = 7.30>
ST_9 : Operation 39 [1/1] (7.30ns)   --->   "%gmem0_addr_read = read i32 @_ssdm_op_Read.m_axi.i32P1A, i32 %gmem0_addr" [SA_broadcasting/src/mmult.cpp:69]   --->   Operation 39 'read' 'gmem0_addr_read' <Predicate = true> <Delay = 7.30> <CoreInst = "m_axi">   --->   Core 121 'm_axi' <Latency = 0> <II = 1> <Delay = 1.00> <Adapter> <Opcode : 'read' 'write' 'readreq' 'writereq' 'writeresp'>

State 10 <SV = 9> <Delay = 2.35>
ST_10 : Operation 40 [1/1] (0.00ns)   --->   "%j_load = load i32 %j" [SA_broadcasting/src/mmult.cpp:65]   --->   Operation 40 'load' 'j_load' <Predicate = true> <Delay = 0.00>
ST_10 : Operation 41 [1/1] (0.00ns)   --->   "%i_1_load = load i32 %i_1" [SA_broadcasting/src/mmult.cpp:66]   --->   Operation 41 'load' 'i_1_load' <Predicate = true> <Delay = 0.00>
ST_10 : Operation 42 [1/1] (0.00ns)   --->   "%specpipeline_ln64 = specpipeline void @_ssdm_op_SpecPipeline, i32 4294967295, i32 0, i32 0, i32 0, void @empty_5" [SA_broadcasting/src/mmult.cpp:64]   --->   Operation 42 'specpipeline' 'specpipeline_ln64' <Predicate = true> <Delay = 0.00>
ST_10 : Operation 43 [1/1] (0.00ns)   --->   "%speclooptripcount_ln63 = speclooptripcount void @_ssdm_op_SpecLoopTripCount, i64 256, i64 256, i64 256" [SA_broadcasting/src/mmult.cpp:63]   --->   Operation 43 'speclooptripcount' 'speclooptripcount_ln63' <Predicate = true> <Delay = 0.00>
ST_10 : Operation 44 [1/1] (0.00ns)   --->   "%specloopname_ln62 = specloopname void @_ssdm_op_SpecLoopName, void @empty_17" [SA_broadcasting/src/mmult.cpp:62]   --->   Operation 44 'specloopname' 'specloopname_ln62' <Predicate = true> <Delay = 0.00>
ST_10 : Operation 45 [1/1] (0.85ns)   --->   "%icmp_ln65 = icmp_eq  i32 %j_load, i32 %a_col_read" [SA_broadcasting/src/mmult.cpp:65]   --->   Operation 45 'icmp' 'icmp_ln65' <Predicate = true> <Delay = 0.85> <CoreInst = "Cmp">   --->   Core 9 'Cmp' <Latency = 0> <II = 1> <Delay = 0.85> <FuncUnit> <Opcode : 'icmp'> <InPorts = 2> <OutPorts = 1>
ST_10 : Operation 46 [1/1] (0.88ns)   --->   "%add_ln66 = add i32 %i_1_load, i32 1" [SA_broadcasting/src/mmult.cpp:66]   --->   Operation 46 'add' 'add_ln66' <Predicate = true> <Delay = 0.88> <CoreInst = "Adder">   --->   Core 1 'Adder' <Latency = 0> <II = 1> <Delay = 0.88> <FuncUnit> <Opcode : 'add' 'sub'> <InPorts = 2> <OutPorts = 1>
ST_10 : Operation 47 [1/1] (0.22ns)   --->   "%j_5 = select i1 %icmp_ln65, i32 0, i32 %j_load" [SA_broadcasting/src/mmult.cpp:65]   --->   Operation 47 'select' 'j_5' <Predicate = true> <Delay = 0.22> <CoreInst = "Sel">   --->   Core 73 'Sel' <Latency = 0> <II = 1> <Delay = 0.22> <FuncUnit> <Opcode : 'select'> <InPorts = 3> <OutPorts = 1>
ST_10 : Operation 48 [1/1] (0.22ns)   --->   "%i = select i1 %icmp_ln65, i32 %add_ln66, i32 %i_1_load" [SA_broadcasting/src/mmult.cpp:65]   --->   Operation 48 'select' 'i' <Predicate = true> <Delay = 0.22> <CoreInst = "Sel">   --->   Core 73 'Sel' <Latency = 0> <II = 1> <Delay = 0.22> <FuncUnit> <Opcode : 'select'> <InPorts = 3> <OutPorts = 1>
ST_10 : Operation 49 [1/1] (0.00ns)   --->   "%zext_ln69 = zext i32 %j_5" [SA_broadcasting/src/mmult.cpp:69]   --->   Operation 49 'zext' 'zext_ln69' <Predicate = true> <Delay = 0.00>
ST_10 : Operation 50 [1/1] (0.00ns)   --->   "%localA_addr = getelementptr i32 %localA, i64 0, i64 %zext_ln69" [SA_broadcasting/src/mmult.cpp:69]   --->   Operation 50 'getelementptr' 'localA_addr' <Predicate = true> <Delay = 0.00>
ST_10 : Operation 51 [1/1] (0.00ns)   --->   "%localA_1_addr = getelementptr i32 %localA_1, i64 0, i64 %zext_ln69" [SA_broadcasting/src/mmult.cpp:69]   --->   Operation 51 'getelementptr' 'localA_1_addr' <Predicate = true> <Delay = 0.00>
ST_10 : Operation 52 [1/1] (0.00ns)   --->   "%localA_2_addr = getelementptr i32 %localA_2, i64 0, i64 %zext_ln69" [SA_broadcasting/src/mmult.cpp:69]   --->   Operation 52 'getelementptr' 'localA_2_addr' <Predicate = true> <Delay = 0.00>
ST_10 : Operation 53 [1/1] (0.00ns)   --->   "%localA_3_addr = getelementptr i32 %localA_3, i64 0, i64 %zext_ln69" [SA_broadcasting/src/mmult.cpp:69]   --->   Operation 53 'getelementptr' 'localA_3_addr' <Predicate = true> <Delay = 0.00>
ST_10 : Operation 54 [1/1] (0.00ns)   --->   "%localA_4_addr = getelementptr i32 %localA_4, i64 0, i64 %zext_ln69" [SA_broadcasting/src/mmult.cpp:69]   --->   Operation 54 'getelementptr' 'localA_4_addr' <Predicate = true> <Delay = 0.00>
ST_10 : Operation 55 [1/1] (0.00ns)   --->   "%localA_5_addr = getelementptr i32 %localA_5, i64 0, i64 %zext_ln69" [SA_broadcasting/src/mmult.cpp:69]   --->   Operation 55 'getelementptr' 'localA_5_addr' <Predicate = true> <Delay = 0.00>
ST_10 : Operation 56 [1/1] (0.00ns)   --->   "%localA_6_addr = getelementptr i32 %localA_6, i64 0, i64 %zext_ln69" [SA_broadcasting/src/mmult.cpp:69]   --->   Operation 56 'getelementptr' 'localA_6_addr' <Predicate = true> <Delay = 0.00>
ST_10 : Operation 57 [1/1] (0.00ns)   --->   "%localA_7_addr = getelementptr i32 %localA_7, i64 0, i64 %zext_ln69" [SA_broadcasting/src/mmult.cpp:69]   --->   Operation 57 'getelementptr' 'localA_7_addr' <Predicate = true> <Delay = 0.00>
ST_10 : Operation 58 [1/1] (0.00ns)   --->   "%localA_8_addr = getelementptr i32 %localA_8, i64 0, i64 %zext_ln69" [SA_broadcasting/src/mmult.cpp:69]   --->   Operation 58 'getelementptr' 'localA_8_addr' <Predicate = true> <Delay = 0.00>
ST_10 : Operation 59 [1/1] (0.00ns)   --->   "%localA_9_addr = getelementptr i32 %localA_9, i64 0, i64 %zext_ln69" [SA_broadcasting/src/mmult.cpp:69]   --->   Operation 59 'getelementptr' 'localA_9_addr' <Predicate = true> <Delay = 0.00>
ST_10 : Operation 60 [1/1] (0.00ns)   --->   "%localA_10_addr = getelementptr i32 %localA_10, i64 0, i64 %zext_ln69" [SA_broadcasting/src/mmult.cpp:69]   --->   Operation 60 'getelementptr' 'localA_10_addr' <Predicate = true> <Delay = 0.00>
ST_10 : Operation 61 [1/1] (0.00ns)   --->   "%localA_11_addr = getelementptr i32 %localA_11, i64 0, i64 %zext_ln69" [SA_broadcasting/src/mmult.cpp:69]   --->   Operation 61 'getelementptr' 'localA_11_addr' <Predicate = true> <Delay = 0.00>
ST_10 : Operation 62 [1/1] (0.00ns)   --->   "%localA_12_addr = getelementptr i32 %localA_12, i64 0, i64 %zext_ln69" [SA_broadcasting/src/mmult.cpp:69]   --->   Operation 62 'getelementptr' 'localA_12_addr' <Predicate = true> <Delay = 0.00>
ST_10 : Operation 63 [1/1] (0.00ns)   --->   "%localA_13_addr = getelementptr i32 %localA_13, i64 0, i64 %zext_ln69" [SA_broadcasting/src/mmult.cpp:69]   --->   Operation 63 'getelementptr' 'localA_13_addr' <Predicate = true> <Delay = 0.00>
ST_10 : Operation 64 [1/1] (0.00ns)   --->   "%localA_14_addr = getelementptr i32 %localA_14, i64 0, i64 %zext_ln69" [SA_broadcasting/src/mmult.cpp:69]   --->   Operation 64 'getelementptr' 'localA_14_addr' <Predicate = true> <Delay = 0.00>
ST_10 : Operation 65 [1/1] (0.00ns)   --->   "%localA_15_addr = getelementptr i32 %localA_15, i64 0, i64 %zext_ln69" [SA_broadcasting/src/mmult.cpp:69]   --->   Operation 65 'getelementptr' 'localA_15_addr' <Predicate = true> <Delay = 0.00>
ST_10 : Operation 66 [1/1] (0.00ns)   --->   "%trunc_ln69 = trunc i32 %i" [SA_broadcasting/src/mmult.cpp:69]   --->   Operation 66 'trunc' 'trunc_ln69' <Predicate = true> <Delay = 0.00>
ST_10 : Operation 67 [1/1] (0.34ns)   --->   "%switch_ln69 = switch i4 %trunc_ln69, void %arrayidx237.case.15, i4 0, void %arrayidx237.case.0, i4 1, void %arrayidx237.case.1, i4 2, void %arrayidx237.case.2, i4 3, void %arrayidx237.case.3, i4 4, void %arrayidx237.case.4, i4 5, void %arrayidx237.case.5, i4 6, void %arrayidx237.case.6, i4 7, void %arrayidx237.case.7, i4 8, void %arrayidx237.case.8, i4 9, void %arrayidx237.case.9, i4 10, void %arrayidx237.case.10, i4 11, void %arrayidx237.case.11, i4 12, void %arrayidx237.case.12, i4 13, void %arrayidx237.case.13, i4 14, void %arrayidx237.case.14" [SA_broadcasting/src/mmult.cpp:69]   --->   Operation 67 'switch' 'switch_ln69' <Predicate = true> <Delay = 0.34>
ST_10 : Operation 68 [1/1] (0.69ns)   --->   "%store_ln69 = store i32 %gmem0_addr_read, i4 %localA_14_addr" [SA_broadcasting/src/mmult.cpp:69]   --->   Operation 68 'store' 'store_ln69' <Predicate = (trunc_ln69 == 14)> <Delay = 0.69> <CoreInst = "RAM">   --->   Core 83 'RAM' <Latency = 1> <II = 1> <Delay = 0.69> <Storage> <Opcode : 'load' 'store'> <Ports = 2> <Width = 32> <Depth = 16> <RAM>
ST_10 : Operation 69 [1/1] (0.00ns)   --->   "%br_ln69 = br void %arrayidx237.exit" [SA_broadcasting/src/mmult.cpp:69]   --->   Operation 69 'br' 'br_ln69' <Predicate = (trunc_ln69 == 14)> <Delay = 0.00>
ST_10 : Operation 70 [1/1] (0.69ns)   --->   "%store_ln69 = store i32 %gmem0_addr_read, i4 %localA_13_addr" [SA_broadcasting/src/mmult.cpp:69]   --->   Operation 70 'store' 'store_ln69' <Predicate = (trunc_ln69 == 13)> <Delay = 0.69> <CoreInst = "RAM">   --->   Core 83 'RAM' <Latency = 1> <II = 1> <Delay = 0.69> <Storage> <Opcode : 'load' 'store'> <Ports = 2> <Width = 32> <Depth = 16> <RAM>
ST_10 : Operation 71 [1/1] (0.00ns)   --->   "%br_ln69 = br void %arrayidx237.exit" [SA_broadcasting/src/mmult.cpp:69]   --->   Operation 71 'br' 'br_ln69' <Predicate = (trunc_ln69 == 13)> <Delay = 0.00>
ST_10 : Operation 72 [1/1] (0.69ns)   --->   "%store_ln69 = store i32 %gmem0_addr_read, i4 %localA_12_addr" [SA_broadcasting/src/mmult.cpp:69]   --->   Operation 72 'store' 'store_ln69' <Predicate = (trunc_ln69 == 12)> <Delay = 0.69> <CoreInst = "RAM">   --->   Core 83 'RAM' <Latency = 1> <II = 1> <Delay = 0.69> <Storage> <Opcode : 'load' 'store'> <Ports = 2> <Width = 32> <Depth = 16> <RAM>
ST_10 : Operation 73 [1/1] (0.00ns)   --->   "%br_ln69 = br void %arrayidx237.exit" [SA_broadcasting/src/mmult.cpp:69]   --->   Operation 73 'br' 'br_ln69' <Predicate = (trunc_ln69 == 12)> <Delay = 0.00>
ST_10 : Operation 74 [1/1] (0.69ns)   --->   "%store_ln69 = store i32 %gmem0_addr_read, i4 %localA_11_addr" [SA_broadcasting/src/mmult.cpp:69]   --->   Operation 74 'store' 'store_ln69' <Predicate = (trunc_ln69 == 11)> <Delay = 0.69> <CoreInst = "RAM">   --->   Core 83 'RAM' <Latency = 1> <II = 1> <Delay = 0.69> <Storage> <Opcode : 'load' 'store'> <Ports = 2> <Width = 32> <Depth = 16> <RAM>
ST_10 : Operation 75 [1/1] (0.00ns)   --->   "%br_ln69 = br void %arrayidx237.exit" [SA_broadcasting/src/mmult.cpp:69]   --->   Operation 75 'br' 'br_ln69' <Predicate = (trunc_ln69 == 11)> <Delay = 0.00>
ST_10 : Operation 76 [1/1] (0.69ns)   --->   "%store_ln69 = store i32 %gmem0_addr_read, i4 %localA_10_addr" [SA_broadcasting/src/mmult.cpp:69]   --->   Operation 76 'store' 'store_ln69' <Predicate = (trunc_ln69 == 10)> <Delay = 0.69> <CoreInst = "RAM">   --->   Core 83 'RAM' <Latency = 1> <II = 1> <Delay = 0.69> <Storage> <Opcode : 'load' 'store'> <Ports = 2> <Width = 32> <Depth = 16> <RAM>
ST_10 : Operation 77 [1/1] (0.00ns)   --->   "%br_ln69 = br void %arrayidx237.exit" [SA_broadcasting/src/mmult.cpp:69]   --->   Operation 77 'br' 'br_ln69' <Predicate = (trunc_ln69 == 10)> <Delay = 0.00>
ST_10 : Operation 78 [1/1] (0.69ns)   --->   "%store_ln69 = store i32 %gmem0_addr_read, i4 %localA_9_addr" [SA_broadcasting/src/mmult.cpp:69]   --->   Operation 78 'store' 'store_ln69' <Predicate = (trunc_ln69 == 9)> <Delay = 0.69> <CoreInst = "RAM">   --->   Core 83 'RAM' <Latency = 1> <II = 1> <Delay = 0.69> <Storage> <Opcode : 'load' 'store'> <Ports = 2> <Width = 32> <Depth = 16> <RAM>
ST_10 : Operation 79 [1/1] (0.00ns)   --->   "%br_ln69 = br void %arrayidx237.exit" [SA_broadcasting/src/mmult.cpp:69]   --->   Operation 79 'br' 'br_ln69' <Predicate = (trunc_ln69 == 9)> <Delay = 0.00>
ST_10 : Operation 80 [1/1] (0.69ns)   --->   "%store_ln69 = store i32 %gmem0_addr_read, i4 %localA_8_addr" [SA_broadcasting/src/mmult.cpp:69]   --->   Operation 80 'store' 'store_ln69' <Predicate = (trunc_ln69 == 8)> <Delay = 0.69> <CoreInst = "RAM">   --->   Core 83 'RAM' <Latency = 1> <II = 1> <Delay = 0.69> <Storage> <Opcode : 'load' 'store'> <Ports = 2> <Width = 32> <Depth = 16> <RAM>
ST_10 : Operation 81 [1/1] (0.00ns)   --->   "%br_ln69 = br void %arrayidx237.exit" [SA_broadcasting/src/mmult.cpp:69]   --->   Operation 81 'br' 'br_ln69' <Predicate = (trunc_ln69 == 8)> <Delay = 0.00>
ST_10 : Operation 82 [1/1] (0.69ns)   --->   "%store_ln69 = store i32 %gmem0_addr_read, i4 %localA_7_addr" [SA_broadcasting/src/mmult.cpp:69]   --->   Operation 82 'store' 'store_ln69' <Predicate = (trunc_ln69 == 7)> <Delay = 0.69> <CoreInst = "RAM">   --->   Core 83 'RAM' <Latency = 1> <II = 1> <Delay = 0.69> <Storage> <Opcode : 'load' 'store'> <Ports = 2> <Width = 32> <Depth = 16> <RAM>
ST_10 : Operation 83 [1/1] (0.00ns)   --->   "%br_ln69 = br void %arrayidx237.exit" [SA_broadcasting/src/mmult.cpp:69]   --->   Operation 83 'br' 'br_ln69' <Predicate = (trunc_ln69 == 7)> <Delay = 0.00>
ST_10 : Operation 84 [1/1] (0.69ns)   --->   "%store_ln69 = store i32 %gmem0_addr_read, i4 %localA_6_addr" [SA_broadcasting/src/mmult.cpp:69]   --->   Operation 84 'store' 'store_ln69' <Predicate = (trunc_ln69 == 6)> <Delay = 0.69> <CoreInst = "RAM">   --->   Core 83 'RAM' <Latency = 1> <II = 1> <Delay = 0.69> <Storage> <Opcode : 'load' 'store'> <Ports = 2> <Width = 32> <Depth = 16> <RAM>
ST_10 : Operation 85 [1/1] (0.00ns)   --->   "%br_ln69 = br void %arrayidx237.exit" [SA_broadcasting/src/mmult.cpp:69]   --->   Operation 85 'br' 'br_ln69' <Predicate = (trunc_ln69 == 6)> <Delay = 0.00>
ST_10 : Operation 86 [1/1] (0.69ns)   --->   "%store_ln69 = store i32 %gmem0_addr_read, i4 %localA_5_addr" [SA_broadcasting/src/mmult.cpp:69]   --->   Operation 86 'store' 'store_ln69' <Predicate = (trunc_ln69 == 5)> <Delay = 0.69> <CoreInst = "RAM">   --->   Core 83 'RAM' <Latency = 1> <II = 1> <Delay = 0.69> <Storage> <Opcode : 'load' 'store'> <Ports = 2> <Width = 32> <Depth = 16> <RAM>
ST_10 : Operation 87 [1/1] (0.00ns)   --->   "%br_ln69 = br void %arrayidx237.exit" [SA_broadcasting/src/mmult.cpp:69]   --->   Operation 87 'br' 'br_ln69' <Predicate = (trunc_ln69 == 5)> <Delay = 0.00>
ST_10 : Operation 88 [1/1] (0.69ns)   --->   "%store_ln69 = store i32 %gmem0_addr_read, i4 %localA_4_addr" [SA_broadcasting/src/mmult.cpp:69]   --->   Operation 88 'store' 'store_ln69' <Predicate = (trunc_ln69 == 4)> <Delay = 0.69> <CoreInst = "RAM">   --->   Core 83 'RAM' <Latency = 1> <II = 1> <Delay = 0.69> <Storage> <Opcode : 'load' 'store'> <Ports = 2> <Width = 32> <Depth = 16> <RAM>
ST_10 : Operation 89 [1/1] (0.00ns)   --->   "%br_ln69 = br void %arrayidx237.exit" [SA_broadcasting/src/mmult.cpp:69]   --->   Operation 89 'br' 'br_ln69' <Predicate = (trunc_ln69 == 4)> <Delay = 0.00>
ST_10 : Operation 90 [1/1] (0.69ns)   --->   "%store_ln69 = store i32 %gmem0_addr_read, i4 %localA_3_addr" [SA_broadcasting/src/mmult.cpp:69]   --->   Operation 90 'store' 'store_ln69' <Predicate = (trunc_ln69 == 3)> <Delay = 0.69> <CoreInst = "RAM">   --->   Core 83 'RAM' <Latency = 1> <II = 1> <Delay = 0.69> <Storage> <Opcode : 'load' 'store'> <Ports = 2> <Width = 32> <Depth = 16> <RAM>
ST_10 : Operation 91 [1/1] (0.00ns)   --->   "%br_ln69 = br void %arrayidx237.exit" [SA_broadcasting/src/mmult.cpp:69]   --->   Operation 91 'br' 'br_ln69' <Predicate = (trunc_ln69 == 3)> <Delay = 0.00>
ST_10 : Operation 92 [1/1] (0.69ns)   --->   "%store_ln69 = store i32 %gmem0_addr_read, i4 %localA_2_addr" [SA_broadcasting/src/mmult.cpp:69]   --->   Operation 92 'store' 'store_ln69' <Predicate = (trunc_ln69 == 2)> <Delay = 0.69> <CoreInst = "RAM">   --->   Core 83 'RAM' <Latency = 1> <II = 1> <Delay = 0.69> <Storage> <Opcode : 'load' 'store'> <Ports = 2> <Width = 32> <Depth = 16> <RAM>
ST_10 : Operation 93 [1/1] (0.00ns)   --->   "%br_ln69 = br void %arrayidx237.exit" [SA_broadcasting/src/mmult.cpp:69]   --->   Operation 93 'br' 'br_ln69' <Predicate = (trunc_ln69 == 2)> <Delay = 0.00>
ST_10 : Operation 94 [1/1] (0.69ns)   --->   "%store_ln69 = store i32 %gmem0_addr_read, i4 %localA_1_addr" [SA_broadcasting/src/mmult.cpp:69]   --->   Operation 94 'store' 'store_ln69' <Predicate = (trunc_ln69 == 1)> <Delay = 0.69> <CoreInst = "RAM">   --->   Core 83 'RAM' <Latency = 1> <II = 1> <Delay = 0.69> <Storage> <Opcode : 'load' 'store'> <Ports = 2> <Width = 32> <Depth = 16> <RAM>
ST_10 : Operation 95 [1/1] (0.00ns)   --->   "%br_ln69 = br void %arrayidx237.exit" [SA_broadcasting/src/mmult.cpp:69]   --->   Operation 95 'br' 'br_ln69' <Predicate = (trunc_ln69 == 1)> <Delay = 0.00>
ST_10 : Operation 96 [1/1] (0.69ns)   --->   "%store_ln69 = store i32 %gmem0_addr_read, i4 %localA_addr" [SA_broadcasting/src/mmult.cpp:69]   --->   Operation 96 'store' 'store_ln69' <Predicate = (trunc_ln69 == 0)> <Delay = 0.69> <CoreInst = "RAM">   --->   Core 83 'RAM' <Latency = 1> <II = 1> <Delay = 0.69> <Storage> <Opcode : 'load' 'store'> <Ports = 2> <Width = 32> <Depth = 16> <RAM>
ST_10 : Operation 97 [1/1] (0.00ns)   --->   "%br_ln69 = br void %arrayidx237.exit" [SA_broadcasting/src/mmult.cpp:69]   --->   Operation 97 'br' 'br_ln69' <Predicate = (trunc_ln69 == 0)> <Delay = 0.00>
ST_10 : Operation 98 [1/1] (0.69ns)   --->   "%store_ln69 = store i32 %gmem0_addr_read, i4 %localA_15_addr" [SA_broadcasting/src/mmult.cpp:69]   --->   Operation 98 'store' 'store_ln69' <Predicate = (trunc_ln69 == 15)> <Delay = 0.69> <CoreInst = "RAM">   --->   Core 83 'RAM' <Latency = 1> <II = 1> <Delay = 0.69> <Storage> <Opcode : 'load' 'store'> <Ports = 2> <Width = 32> <Depth = 16> <RAM>
ST_10 : Operation 99 [1/1] (0.00ns)   --->   "%br_ln69 = br void %arrayidx237.exit" [SA_broadcasting/src/mmult.cpp:69]   --->   Operation 99 'br' 'br_ln69' <Predicate = (trunc_ln69 == 15)> <Delay = 0.00>
ST_10 : Operation 100 [1/1] (0.88ns)   --->   "%j_6 = add i32 %j_5, i32 1" [SA_broadcasting/src/mmult.cpp:62]   --->   Operation 100 'add' 'j_6' <Predicate = true> <Delay = 0.88> <CoreInst = "Adder">   --->   Core 1 'Adder' <Latency = 0> <II = 1> <Delay = 0.88> <FuncUnit> <Opcode : 'add' 'sub'> <InPorts = 2> <OutPorts = 1>
ST_10 : Operation 101 [1/1] (0.38ns)   --->   "%store_ln62 = store i32 %i, i32 %i_1" [SA_broadcasting/src/mmult.cpp:62]   --->   Operation 101 'store' 'store_ln62' <Predicate = true> <Delay = 0.38>
ST_10 : Operation 102 [1/1] (0.38ns)   --->   "%store_ln62 = store i32 %j_6, i32 %j" [SA_broadcasting/src/mmult.cpp:62]   --->   Operation 102 'store' 'store_ln62' <Predicate = true> <Delay = 0.38>
ST_10 : Operation 103 [1/1] (0.00ns)   --->   "%br_ln62 = br void %for.body15" [SA_broadcasting/src/mmult.cpp:62]   --->   Operation 103 'br' 'br_ln62' <Predicate = true> <Delay = 0.00>

State 11 <SV = 8> <Delay = 0.00>
ST_11 : Operation 104 [1/1] (0.00ns)   --->   "%ret_ln0 = ret"   --->   Operation 104 'ret' 'ret_ln0' <Predicate = true> <Delay = 0.00>


============================================================
+ Verbose Summary: Binding
============================================================
STG Binding: 
---------------- STG Properties BEGIN ----------------
- Is combinational: 0
- Is one-state seq: 0
- Is datapath-only: 0
- Is pipelined: 0
- Is top level: 0
Port [ Return ] is wired: 1; IO mode=ap_ctrl_hs:ce=0
Port [ gmem0]:  wired=1; compound=1; hidden=0; nouse=0; global=0; static=0; extern=0; dir=0; type=4; pingpong=0; private_global=0; IO mode=m_axi:ce=0
Port [ sext_ln69]:  wired=1; compound=0; hidden=0; nouse=0; global=0; static=0; extern=0; dir=0; type=0; pingpong=0; private_global=0; IO mode=ap_none:ce=0
Port [ mul]:  wired=1; compound=0; hidden=0; nouse=0; global=0; static=0; extern=0; dir=0; type=0; pingpong=0; private_global=0; IO mode=ap_none:ce=0
Port [ a_col]:  wired=1; compound=0; hidden=0; nouse=0; global=0; static=0; extern=0; dir=0; type=0; pingpong=0; private_global=0; IO mode=ap_none:ce=0
Port [ a]:  wired=1; compound=0; hidden=0; nouse=0; global=0; static=0; extern=0; dir=0; type=0; pingpong=0; private_global=0; IO mode=ap_none:ce=0
Port [ localA]:  wired=1; compound=1; hidden=0; nouse=0; global=0; static=0; extern=0; dir=1; type=1; pingpong=0; private_global=0; MemPort=[03]; IO mode=ap_memory:ce=0
Port [ localA_1]:  wired=1; compound=1; hidden=0; nouse=0; global=0; static=0; extern=0; dir=1; type=1; pingpong=0; private_global=0; MemPort=[03]; IO mode=ap_memory:ce=0
Port [ localA_2]:  wired=1; compound=1; hidden=0; nouse=0; global=0; static=0; extern=0; dir=1; type=1; pingpong=0; private_global=0; MemPort=[03]; IO mode=ap_memory:ce=0
Port [ localA_3]:  wired=1; compound=1; hidden=0; nouse=0; global=0; static=0; extern=0; dir=1; type=1; pingpong=0; private_global=0; MemPort=[03]; IO mode=ap_memory:ce=0
Port [ localA_4]:  wired=1; compound=1; hidden=0; nouse=0; global=0; static=0; extern=0; dir=1; type=1; pingpong=0; private_global=0; MemPort=[03]; IO mode=ap_memory:ce=0
Port [ localA_5]:  wired=1; compound=1; hidden=0; nouse=0; global=0; static=0; extern=0; dir=1; type=1; pingpong=0; private_global=0; MemPort=[03]; IO mode=ap_memory:ce=0
Port [ localA_6]:  wired=1; compound=1; hidden=0; nouse=0; global=0; static=0; extern=0; dir=1; type=1; pingpong=0; private_global=0; MemPort=[03]; IO mode=ap_memory:ce=0
Port [ localA_7]:  wired=1; compound=1; hidden=0; nouse=0; global=0; static=0; extern=0; dir=1; type=1; pingpong=0; private_global=0; MemPort=[03]; IO mode=ap_memory:ce=0
Port [ localA_8]:  wired=1; compound=1; hidden=0; nouse=0; global=0; static=0; extern=0; dir=1; type=1; pingpong=0; private_global=0; MemPort=[03]; IO mode=ap_memory:ce=0
Port [ localA_9]:  wired=1; compound=1; hidden=0; nouse=0; global=0; static=0; extern=0; dir=1; type=1; pingpong=0; private_global=0; MemPort=[03]; IO mode=ap_memory:ce=0
Port [ localA_10]:  wired=1; compound=1; hidden=0; nouse=0; global=0; static=0; extern=0; dir=1; type=1; pingpong=0; private_global=0; MemPort=[03]; IO mode=ap_memory:ce=0
Port [ localA_11]:  wired=1; compound=1; hidden=0; nouse=0; global=0; static=0; extern=0; dir=1; type=1; pingpong=0; private_global=0; MemPort=[03]; IO mode=ap_memory:ce=0
Port [ localA_12]:  wired=1; compound=1; hidden=0; nouse=0; global=0; static=0; extern=0; dir=1; type=1; pingpong=0; private_global=0; MemPort=[03]; IO mode=ap_memory:ce=0
Port [ localA_13]:  wired=1; compound=1; hidden=0; nouse=0; global=0; static=0; extern=0; dir=1; type=1; pingpong=0; private_global=0; MemPort=[03]; IO mode=ap_memory:ce=0
Port [ localA_14]:  wired=1; compound=1; hidden=0; nouse=0; global=0; static=0; extern=0; dir=1; type=1; pingpong=0; private_global=0; MemPort=[03]; IO mode=ap_memory:ce=0
Port [ localA_15]:  wired=1; compound=1; hidden=0; nouse=0; global=0; static=0; extern=0; dir=1; type=1; pingpong=0; private_global=0; MemPort=[03]; IO mode=ap_memory:ce=0
---------------- STG Properties END ------------------

---------------- Datapath Model BEGIN ----------------

<LifeTime>
<method=bitvector/>
j                      (alloca           ) [ 011111111110]
i_1                    (alloca           ) [ 011111111110]
loc                    (alloca           ) [ 011111111110]
mul_read               (read             ) [ 001111111110]
sext_ln69_read         (read             ) [ 000000000000]
sext_ln69_cast         (sext             ) [ 000000000000]
gmem0_addr             (getelementptr    ) [ 001111111110]
store_ln0              (store            ) [ 000000000000]
store_ln0              (store            ) [ 000000000000]
store_ln0              (store            ) [ 000000000000]
a5                     (read             ) [ 000000000000]
a_col_read             (read             ) [ 000000001110]
specinterface_ln0      (specinterface    ) [ 000000000000]
p_rd_req               (readreq          ) [ 000000000000]
br_ln0                 (br               ) [ 000000000000]
loc_2                  (load             ) [ 000000000000]
specbitsmap_ln0        (specbitsmap      ) [ 000000000000]
icmp_ln62              (icmp             ) [ 000000001110]
add_ln62               (add              ) [ 000000000000]
br_ln62                (br               ) [ 000000000000]
store_ln62             (store            ) [ 000000000000]
gmem0_addr_read        (read             ) [ 000000001010]
j_load                 (load             ) [ 000000000000]
i_1_load               (load             ) [ 000000000000]
specpipeline_ln64      (specpipeline     ) [ 000000000000]
speclooptripcount_ln63 (speclooptripcount) [ 000000000000]
specloopname_ln62      (specloopname     ) [ 000000000000]
icmp_ln65              (icmp             ) [ 000000000000]
add_ln66               (add              ) [ 000000000000]
j_5                    (select           ) [ 000000000000]
i                      (select           ) [ 000000000000]
zext_ln69              (zext             ) [ 000000000000]
localA_addr            (getelementptr    ) [ 000000000000]
localA_1_addr          (getelementptr    ) [ 000000000000]
localA_2_addr          (getelementptr    ) [ 000000000000]
localA_3_addr          (getelementptr    ) [ 000000000000]
localA_4_addr          (getelementptr    ) [ 000000000000]
localA_5_addr          (getelementptr    ) [ 000000000000]
localA_6_addr          (getelementptr    ) [ 000000000000]
localA_7_addr          (getelementptr    ) [ 000000000000]
localA_8_addr          (getelementptr    ) [ 000000000000]
localA_9_addr          (getelementptr    ) [ 000000000000]
localA_10_addr         (getelementptr    ) [ 000000000000]
localA_11_addr         (getelementptr    ) [ 000000000000]
localA_12_addr         (getelementptr    ) [ 000000000000]
localA_13_addr         (getelementptr    ) [ 000000000000]
localA_14_addr         (getelementptr    ) [ 000000000000]
localA_15_addr         (getelementptr    ) [ 000000000000]
trunc_ln69             (trunc            ) [ 000000001110]
switch_ln69            (switch           ) [ 000000000000]
store_ln69             (store            ) [ 000000000000]
br_ln69                (br               ) [ 000000000000]
store_ln69             (store            ) [ 000000000000]
br_ln69                (br               ) [ 000000000000]
store_ln69             (store            ) [ 000000000000]
br_ln69                (br               ) [ 000000000000]
store_ln69             (store            ) [ 000000000000]
br_ln69                (br               ) [ 000000000000]
store_ln69             (store            ) [ 000000000000]
br_ln69                (br               ) [ 000000000000]
store_ln69             (store            ) [ 000000000000]
br_ln69                (br               ) [ 000000000000]
store_ln69             (store            ) [ 000000000000]
br_ln69                (br               ) [ 000000000000]
store_ln69             (store            ) [ 000000000000]
br_ln69                (br               ) [ 000000000000]
store_ln69             (store            ) [ 000000000000]
br_ln69                (br               ) [ 000000000000]
store_ln69             (store            ) [ 000000000000]
br_ln69                (br               ) [ 000000000000]
store_ln69             (store            ) [ 000000000000]
br_ln69                (br               ) [ 000000000000]
store_ln69             (store            ) [ 000000000000]
br_ln69                (br               ) [ 000000000000]
store_ln69             (store            ) [ 000000000000]
br_ln69                (br               ) [ 000000000000]
store_ln69             (store            ) [ 000000000000]
br_ln69                (br               ) [ 000000000000]
store_ln69             (store            ) [ 000000000000]
br_ln69                (br               ) [ 000000000000]
store_ln69             (store            ) [ 000000000000]
br_ln69                (br               ) [ 000000000000]
j_6                    (add              ) [ 000000000000]
store_ln62             (store            ) [ 000000000000]
store_ln62             (store            ) [ 000000000000]
br_ln62                (br               ) [ 000000000000]
ret_ln0                (ret              ) [ 000000000000]
</LifeTime>

<model>

<comp_list>
<comp id="0" class="1000" name="gmem0">
<pin_list>
<pin id="1" dir="1" index="0" bw="1" slack="0"/>
</pin_list>
<bind>
<StgValue><ssdm name="gmem0"/></StgValue>
</bind>
</comp>

<comp id="2" class="1000" name="sext_ln69">
<pin_list>
<pin id="3" dir="1" index="0" bw="1" slack="0"/>
</pin_list>
<bind>
<StgValue><ssdm name="sext_ln69"/></StgValue>
</bind>
</comp>

<comp id="4" class="1000" name="mul">
<pin_list>
<pin id="5" dir="1" index="0" bw="1" slack="0"/>
</pin_list>
<bind>
<StgValue><ssdm name="mul"/></StgValue>
</bind>
</comp>

<comp id="6" class="1000" name="a_col">
<pin_list>
<pin id="7" dir="1" index="0" bw="1" slack="0"/>
</pin_list>
<bind>
<StgValue><ssdm name="a_col"/></StgValue>
</bind>
</comp>

<comp id="8" class="1000" name="a">
<pin_list>
<pin id="9" dir="1" index="0" bw="1" slack="0"/>
</pin_list>
<bind>
<StgValue><ssdm name="a"/></StgValue>
</bind>
</comp>

<comp id="10" class="1000" name="localA">
<pin_list>
<pin id="11" dir="1" index="0" bw="1" slack="0"/>
</pin_list>
<bind>
<StgValue><ssdm name="localA"/><MemPortTyVec>0 3 </MemPortTyVec>
</StgValue>
</bind>
</comp>

<comp id="12" class="1000" name="localA_1">
<pin_list>
<pin id="13" dir="1" index="0" bw="1" slack="0"/>
</pin_list>
<bind>
<StgValue><ssdm name="localA_1"/><MemPortTyVec>0 3 </MemPortTyVec>
</StgValue>
</bind>
</comp>

<comp id="14" class="1000" name="localA_2">
<pin_list>
<pin id="15" dir="1" index="0" bw="1" slack="0"/>
</pin_list>
<bind>
<StgValue><ssdm name="localA_2"/><MemPortTyVec>0 3 </MemPortTyVec>
</StgValue>
</bind>
</comp>

<comp id="16" class="1000" name="localA_3">
<pin_list>
<pin id="17" dir="1" index="0" bw="1" slack="0"/>
</pin_list>
<bind>
<StgValue><ssdm name="localA_3"/><MemPortTyVec>0 3 </MemPortTyVec>
</StgValue>
</bind>
</comp>

<comp id="18" class="1000" name="localA_4">
<pin_list>
<pin id="19" dir="1" index="0" bw="1" slack="0"/>
</pin_list>
<bind>
<StgValue><ssdm name="localA_4"/><MemPortTyVec>0 3 </MemPortTyVec>
</StgValue>
</bind>
</comp>

<comp id="20" class="1000" name="localA_5">
<pin_list>
<pin id="21" dir="1" index="0" bw="1" slack="0"/>
</pin_list>
<bind>
<StgValue><ssdm name="localA_5"/><MemPortTyVec>0 3 </MemPortTyVec>
</StgValue>
</bind>
</comp>

<comp id="22" class="1000" name="localA_6">
<pin_list>
<pin id="23" dir="1" index="0" bw="1" slack="0"/>
</pin_list>
<bind>
<StgValue><ssdm name="localA_6"/><MemPortTyVec>0 3 </MemPortTyVec>
</StgValue>
</bind>
</comp>

<comp id="24" class="1000" name="localA_7">
<pin_list>
<pin id="25" dir="1" index="0" bw="1" slack="0"/>
</pin_list>
<bind>
<StgValue><ssdm name="localA_7"/><MemPortTyVec>0 3 </MemPortTyVec>
</StgValue>
</bind>
</comp>

<comp id="26" class="1000" name="localA_8">
<pin_list>
<pin id="27" dir="1" index="0" bw="1" slack="0"/>
</pin_list>
<bind>
<StgValue><ssdm name="localA_8"/><MemPortTyVec>0 3 </MemPortTyVec>
</StgValue>
</bind>
</comp>

<comp id="28" class="1000" name="localA_9">
<pin_list>
<pin id="29" dir="1" index="0" bw="1" slack="0"/>
</pin_list>
<bind>
<StgValue><ssdm name="localA_9"/><MemPortTyVec>0 3 </MemPortTyVec>
</StgValue>
</bind>
</comp>

<comp id="30" class="1000" name="localA_10">
<pin_list>
<pin id="31" dir="1" index="0" bw="1" slack="0"/>
</pin_list>
<bind>
<StgValue><ssdm name="localA_10"/><MemPortTyVec>0 3 </MemPortTyVec>
</StgValue>
</bind>
</comp>

<comp id="32" class="1000" name="localA_11">
<pin_list>
<pin id="33" dir="1" index="0" bw="1" slack="0"/>
</pin_list>
<bind>
<StgValue><ssdm name="localA_11"/><MemPortTyVec>0 3 </MemPortTyVec>
</StgValue>
</bind>
</comp>

<comp id="34" class="1000" name="localA_12">
<pin_list>
<pin id="35" dir="1" index="0" bw="1" slack="0"/>
</pin_list>
<bind>
<StgValue><ssdm name="localA_12"/><MemPortTyVec>0 3 </MemPortTyVec>
</StgValue>
</bind>
</comp>

<comp id="36" class="1000" name="localA_13">
<pin_list>
<pin id="37" dir="1" index="0" bw="1" slack="0"/>
</pin_list>
<bind>
<StgValue><ssdm name="localA_13"/><MemPortTyVec>0 3 </MemPortTyVec>
</StgValue>
</bind>
</comp>

<comp id="38" class="1000" name="localA_14">
<pin_list>
<pin id="39" dir="1" index="0" bw="1" slack="0"/>
</pin_list>
<bind>
<StgValue><ssdm name="localA_14"/><MemPortTyVec>0 3 </MemPortTyVec>
</StgValue>
</bind>
</comp>

<comp id="40" class="1000" name="localA_15">
<pin_list>
<pin id="41" dir="1" index="0" bw="1" slack="0"/>
</pin_list>
<bind>
<StgValue><ssdm name="localA_15"/><MemPortTyVec>0 3 </MemPortTyVec>
</StgValue>
</bind>
</comp>

<comp id="42" class="1001" name="const_42">
<pin_list>
<pin id="43" dir="1" index="0" bw="1" slack="0"/>
</pin_list>
<bind>
<StgValue><ssdm name=""/></StgValue>
</bind>
</comp>

<comp id="44" class="1001" name="const_44">
<pin_list>
<pin id="45" dir="1" index="0" bw="1" slack="0"/>
</pin_list>
<bind>
<StgValue><ssdm name="_ssdm_op_Read.ap_auto.i32"/></StgValue>
</bind>
</comp>

<comp id="46" class="1001" name="const_46">
<pin_list>
<pin id="47" dir="1" index="0" bw="1" slack="0"/>
</pin_list>
<bind>
<StgValue><ssdm name="_ssdm_op_Read.ap_auto.i62"/></StgValue>
</bind>
</comp>

<comp id="48" class="1001" name="const_48">
<pin_list>
<pin id="49" dir="1" index="0" bw="1" slack="0"/>
</pin_list>
<bind>
<StgValue><ssdm name="_ssdm_op_ReadReq.m_axi.i32P1A"/></StgValue>
</bind>
</comp>

<comp id="50" class="1001" name="const_50">
<pin_list>
<pin id="51" dir="1" index="0" bw="1" slack="0"/>
</pin_list>
<bind>
<StgValue><ssdm name=""/></StgValue>
</bind>
</comp>

<comp id="52" class="1001" name="const_52">
<pin_list>
<pin id="53" dir="1" index="0" bw="1" slack="0"/>
</pin_list>
<bind>
<StgValue><ssdm name="_ssdm_op_Read.ap_auto.i64"/></StgValue>
</bind>
</comp>

<comp id="54" class="1001" name="const_54">
<pin_list>
<pin id="55" dir="1" index="0" bw="1" slack="2147483647"/>
</pin_list>
<bind>
<StgValue><ssdm name="_ssdm_op_SpecInterface"/></StgValue>
</bind>
</comp>

<comp id="56" class="1001" name="const_56">
<pin_list>
<pin id="57" dir="1" index="0" bw="1" slack="2147483647"/>
</pin_list>
<bind>
<StgValue><ssdm name="empty_4"/></StgValue>
</bind>
</comp>

<comp id="58" class="1001" name="const_58">
<pin_list>
<pin id="59" dir="1" index="0" bw="1" slack="2147483647"/>
</pin_list>
<bind>
<StgValue><ssdm name="empty_5"/></StgValue>
</bind>
</comp>

<comp id="60" class="1001" name="const_60">
<pin_list>
<pin id="61" dir="1" index="0" bw="1" slack="2147483647"/>
</pin_list>
<bind>
<StgValue><ssdm name=""/></StgValue>
</bind>
</comp>

<comp id="62" class="1001" name="const_62">
<pin_list>
<pin id="63" dir="1" index="0" bw="1" slack="2147483647"/>
</pin_list>
<bind>
<StgValue><ssdm name="empty_6"/></StgValue>
</bind>
</comp>

<comp id="64" class="1001" name="const_64">
<pin_list>
<pin id="65" dir="1" index="0" bw="1" slack="2147483647"/>
</pin_list>
<bind>
<StgValue><ssdm name="empty_7"/></StgValue>
</bind>
</comp>

<comp id="66" class="1001" name="const_66">
<pin_list>
<pin id="67" dir="1" index="0" bw="1" slack="2147483647"/>
</pin_list>
<bind>
<StgValue><ssdm name=""/></StgValue>
</bind>
</comp>

<comp id="68" class="1001" name="const_68">
<pin_list>
<pin id="69" dir="1" index="0" bw="1" slack="2147483647"/>
</pin_list>
<bind>
<StgValue><ssdm name=""/></StgValue>
</bind>
</comp>

<comp id="70" class="1001" name="const_70">
<pin_list>
<pin id="71" dir="1" index="0" bw="1" slack="2147483647"/>
</pin_list>
<bind>
<StgValue><ssdm name="_ssdm_op_SpecBitsMap"/></StgValue>
</bind>
</comp>

<comp id="72" class="1001" name="const_72">
<pin_list>
<pin id="73" dir="1" index="0" bw="1" slack="0"/>
</pin_list>
<bind>
<StgValue><ssdm name="_ssdm_op_Read.m_axi.i32P1A"/></StgValue>
</bind>
</comp>

<comp id="74" class="1001" name="const_74">
<pin_list>
<pin id="75" dir="1" index="0" bw="1" slack="2147483647"/>
</pin_list>
<bind>
<StgValue><ssdm name="_ssdm_op_SpecPipeline"/></StgValue>
</bind>
</comp>

<comp id="76" class="1001" name="const_76">
<pin_list>
<pin id="77" dir="1" index="0" bw="1" slack="2147483647"/>
</pin_list>
<bind>
<StgValue><ssdm name="_ssdm_op_SpecLoopTripCount"/></StgValue>
</bind>
</comp>

<comp id="78" class="1001" name="const_78">
<pin_list>
<pin id="79" dir="1" index="0" bw="1" slack="2147483647"/>
</pin_list>
<bind>
<StgValue><ssdm name=""/></StgValue>
</bind>
</comp>

<comp id="80" class="1001" name="const_80">
<pin_list>
<pin id="81" dir="1" index="0" bw="1" slack="2147483647"/>
</pin_list>
<bind>
<StgValue><ssdm name="_ssdm_op_SpecLoopName"/></StgValue>
</bind>
</comp>

<comp id="82" class="1001" name="const_82">
<pin_list>
<pin id="83" dir="1" index="0" bw="1" slack="2147483647"/>
</pin_list>
<bind>
<StgValue><ssdm name="empty_17"/></StgValue>
</bind>
</comp>

<comp id="84" class="1001" name="const_84">
<pin_list>
<pin id="85" dir="1" index="0" bw="1" slack="0"/>
</pin_list>
<bind>
<StgValue><ssdm name=""/></StgValue>
</bind>
</comp>

<comp id="86" class="1001" name="const_86">
<pin_list>
<pin id="87" dir="1" index="0" bw="1" slack="2147483647"/>
</pin_list>
<bind>
<StgValue><ssdm name=""/></StgValue>
</bind>
</comp>

<comp id="88" class="1001" name="const_88">
<pin_list>
<pin id="89" dir="1" index="0" bw="1" slack="2147483647"/>
</pin_list>
<bind>
<StgValue><ssdm name=""/></StgValue>
</bind>
</comp>

<comp id="90" class="1001" name="const_90">
<pin_list>
<pin id="91" dir="1" index="0" bw="1" slack="2147483647"/>
</pin_list>
<bind>
<StgValue><ssdm name=""/></StgValue>
</bind>
</comp>

<comp id="92" class="1001" name="const_92">
<pin_list>
<pin id="93" dir="1" index="0" bw="1" slack="2147483647"/>
</pin_list>
<bind>
<StgValue><ssdm name=""/></StgValue>
</bind>
</comp>

<comp id="94" class="1001" name="const_94">
<pin_list>
<pin id="95" dir="1" index="0" bw="1" slack="2147483647"/>
</pin_list>
<bind>
<StgValue><ssdm name=""/></StgValue>
</bind>
</comp>

<comp id="96" class="1001" name="const_96">
<pin_list>
<pin id="97" dir="1" index="0" bw="1" slack="2147483647"/>
</pin_list>
<bind>
<StgValue><ssdm name=""/></StgValue>
</bind>
</comp>

<comp id="98" class="1001" name="const_98">
<pin_list>
<pin id="99" dir="1" index="0" bw="1" slack="2147483647"/>
</pin_list>
<bind>
<StgValue><ssdm name=""/></StgValue>
</bind>
</comp>

<comp id="100" class="1001" name="const_100">
<pin_list>
<pin id="101" dir="1" index="0" bw="1" slack="2147483647"/>
</pin_list>
<bind>
<StgValue><ssdm name=""/></StgValue>
</bind>
</comp>

<comp id="102" class="1001" name="const_102">
<pin_list>
<pin id="103" dir="1" index="0" bw="1" slack="2147483647"/>
</pin_list>
<bind>
<StgValue><ssdm name=""/></StgValue>
</bind>
</comp>

<comp id="104" class="1001" name="const_104">
<pin_list>
<pin id="105" dir="1" index="0" bw="1" slack="2147483647"/>
</pin_list>
<bind>
<StgValue><ssdm name=""/></StgValue>
</bind>
</comp>

<comp id="106" class="1001" name="const_106">
<pin_list>
<pin id="107" dir="1" index="0" bw="1" slack="2147483647"/>
</pin_list>
<bind>
<StgValue><ssdm name=""/></StgValue>
</bind>
</comp>

<comp id="108" class="1001" name="const_108">
<pin_list>
<pin id="109" dir="1" index="0" bw="1" slack="2147483647"/>
</pin_list>
<bind>
<StgValue><ssdm name=""/></StgValue>
</bind>
</comp>

<comp id="110" class="1001" name="const_110">
<pin_list>
<pin id="111" dir="1" index="0" bw="1" slack="2147483647"/>
</pin_list>
<bind>
<StgValue><ssdm name=""/></StgValue>
</bind>
</comp>

<comp id="112" class="1001" name="const_112">
<pin_list>
<pin id="113" dir="1" index="0" bw="1" slack="2147483647"/>
</pin_list>
<bind>
<StgValue><ssdm name=""/></StgValue>
</bind>
</comp>

<comp id="114" class="1001" name="const_114">
<pin_list>
<pin id="115" dir="1" index="0" bw="1" slack="2147483647"/>
</pin_list>
<bind>
<StgValue><ssdm name=""/></StgValue>
</bind>
</comp>

<comp id="116" class="1004" name="j_fu_116">
<pin_list>
<pin id="117" dir="0" index="0" bw="1" slack="0"/>
<pin id="118" dir="1" index="1" bw="32" slack="0"/>
</pin_list>
<bind>
<opcode="alloca(26) " fcode="alloca"/>
<opset="j/1 "/>
</bind>
</comp>

<comp id="120" class="1004" name="i_1_fu_120">
<pin_list>
<pin id="121" dir="0" index="0" bw="1" slack="0"/>
<pin id="122" dir="1" index="1" bw="32" slack="0"/>
</pin_list>
<bind>
<opcode="alloca(26) " fcode="alloca"/>
<opset="i_1/1 "/>
</bind>
</comp>

<comp id="124" class="1004" name="loc_fu_124">
<pin_list>
<pin id="125" dir="0" index="0" bw="1" slack="0"/>
<pin id="126" dir="1" index="1" bw="32" slack="0"/>
</pin_list>
<bind>
<opcode="alloca(26) " fcode="alloca"/>
<opset="loc/1 "/>
</bind>
</comp>

<comp id="128" class="1004" name="mul_read_read_fu_128">
<pin_list>
<pin id="129" dir="0" index="0" bw="32" slack="0"/>
<pin id="130" dir="0" index="1" bw="32" slack="0"/>
<pin id="131" dir="1" index="2" bw="32" slack="0"/>
</pin_list>
<bind>
<opcode="read(1150) " fcode="read"/>
<opset="mul_read/1 "/>
</bind>
</comp>

<comp id="134" class="1004" name="sext_ln69_read_read_fu_134">
<pin_list>
<pin id="135" dir="0" index="0" bw="62" slack="0"/>
<pin id="136" dir="0" index="1" bw="62" slack="0"/>
<pin id="137" dir="1" index="2" bw="62" slack="0"/>
</pin_list>
<bind>
<opcode="read(1150) " fcode="read"/>
<opset="sext_ln69_read/1 "/>
</bind>
</comp>

<comp id="140" class="1004" name="grp_readreq_fu_140">
<pin_list>
<pin id="141" dir="0" index="0" bw="1" slack="0"/>
<pin id="142" dir="0" index="1" bw="32" slack="0"/>
<pin id="143" dir="0" index="2" bw="32" slack="0"/>
<pin id="144" dir="1" index="3" bw="1" slack="2147483647"/>
</pin_list>
<bind>
<opcode="readreq(1154) " fcode="readreq"/>
<opset="p_rd_req/1 "/>
</bind>
</comp>

<comp id="147" class="1004" name="a5_read_fu_147">
<pin_list>
<pin id="148" dir="0" index="0" bw="64" slack="0"/>
<pin id="149" dir="0" index="1" bw="64" slack="0"/>
<pin id="150" dir="1" index="2" bw="64" slack="2147483647"/>
</pin_list>
<bind>
<opcode="read(1150) " fcode="read"/>
<opset="a5/7 "/>
</bind>
</comp>

<comp id="153" class="1004" name="a_col_read_read_fu_153">
<pin_list>
<pin id="154" dir="0" index="0" bw="32" slack="0"/>
<pin id="155" dir="0" index="1" bw="32" slack="0"/>
<pin id="156" dir="1" index="2" bw="32" slack="3"/>
</pin_list>
<bind>
<opcode="read(1150) " fcode="read"/>
<opset="a_col_read/7 "/>
</bind>
</comp>

<comp id="159" class="1004" name="gmem0_addr_read_read_fu_159">
<pin_list>
<pin id="160" dir="0" index="0" bw="32" slack="0"/>
<pin id="161" dir="0" index="1" bw="32" slack="8"/>
<pin id="162" dir="1" index="2" bw="32" slack="1"/>
</pin_list>
<bind>
<opcode="read(1150) " fcode="read"/>
<opset="gmem0_addr_read/9 "/>
</bind>
</comp>

<comp id="164" class="1004" name="localA_addr_gep_fu_164">
<pin_list>
<pin id="165" dir="0" index="0" bw="32" slack="0"/>
<pin id="166" dir="0" index="1" bw="1" slack="0"/>
<pin id="167" dir="0" index="2" bw="32" slack="0"/>
<pin id="168" dir="1" index="3" bw="4" slack="0"/>
</pin_list>
<bind>
<opcode="getelementptr(29) " fcode="getelementptr"/>
<opset="localA_addr/10 "/>
</bind>
</comp>

<comp id="171" class="1004" name="localA_1_addr_gep_fu_171">
<pin_list>
<pin id="172" dir="0" index="0" bw="32" slack="0"/>
<pin id="173" dir="0" index="1" bw="1" slack="0"/>
<pin id="174" dir="0" index="2" bw="32" slack="0"/>
<pin id="175" dir="1" index="3" bw="4" slack="0"/>
</pin_list>
<bind>
<opcode="getelementptr(29) " fcode="getelementptr"/>
<opset="localA_1_addr/10 "/>
</bind>
</comp>

<comp id="178" class="1004" name="localA_2_addr_gep_fu_178">
<pin_list>
<pin id="179" dir="0" index="0" bw="32" slack="0"/>
<pin id="180" dir="0" index="1" bw="1" slack="0"/>
<pin id="181" dir="0" index="2" bw="32" slack="0"/>
<pin id="182" dir="1" index="3" bw="4" slack="0"/>
</pin_list>
<bind>
<opcode="getelementptr(29) " fcode="getelementptr"/>
<opset="localA_2_addr/10 "/>
</bind>
</comp>

<comp id="185" class="1004" name="localA_3_addr_gep_fu_185">
<pin_list>
<pin id="186" dir="0" index="0" bw="32" slack="0"/>
<pin id="187" dir="0" index="1" bw="1" slack="0"/>
<pin id="188" dir="0" index="2" bw="32" slack="0"/>
<pin id="189" dir="1" index="3" bw="4" slack="0"/>
</pin_list>
<bind>
<opcode="getelementptr(29) " fcode="getelementptr"/>
<opset="localA_3_addr/10 "/>
</bind>
</comp>

<comp id="192" class="1004" name="localA_4_addr_gep_fu_192">
<pin_list>
<pin id="193" dir="0" index="0" bw="32" slack="0"/>
<pin id="194" dir="0" index="1" bw="1" slack="0"/>
<pin id="195" dir="0" index="2" bw="32" slack="0"/>
<pin id="196" dir="1" index="3" bw="4" slack="0"/>
</pin_list>
<bind>
<opcode="getelementptr(29) " fcode="getelementptr"/>
<opset="localA_4_addr/10 "/>
</bind>
</comp>

<comp id="199" class="1004" name="localA_5_addr_gep_fu_199">
<pin_list>
<pin id="200" dir="0" index="0" bw="32" slack="0"/>
<pin id="201" dir="0" index="1" bw="1" slack="0"/>
<pin id="202" dir="0" index="2" bw="32" slack="0"/>
<pin id="203" dir="1" index="3" bw="4" slack="0"/>
</pin_list>
<bind>
<opcode="getelementptr(29) " fcode="getelementptr"/>
<opset="localA_5_addr/10 "/>
</bind>
</comp>

<comp id="206" class="1004" name="localA_6_addr_gep_fu_206">
<pin_list>
<pin id="207" dir="0" index="0" bw="32" slack="0"/>
<pin id="208" dir="0" index="1" bw="1" slack="0"/>
<pin id="209" dir="0" index="2" bw="32" slack="0"/>
<pin id="210" dir="1" index="3" bw="4" slack="0"/>
</pin_list>
<bind>
<opcode="getelementptr(29) " fcode="getelementptr"/>
<opset="localA_6_addr/10 "/>
</bind>
</comp>

<comp id="213" class="1004" name="localA_7_addr_gep_fu_213">
<pin_list>
<pin id="214" dir="0" index="0" bw="32" slack="0"/>
<pin id="215" dir="0" index="1" bw="1" slack="0"/>
<pin id="216" dir="0" index="2" bw="32" slack="0"/>
<pin id="217" dir="1" index="3" bw="4" slack="0"/>
</pin_list>
<bind>
<opcode="getelementptr(29) " fcode="getelementptr"/>
<opset="localA_7_addr/10 "/>
</bind>
</comp>

<comp id="220" class="1004" name="localA_8_addr_gep_fu_220">
<pin_list>
<pin id="221" dir="0" index="0" bw="32" slack="0"/>
<pin id="222" dir="0" index="1" bw="1" slack="0"/>
<pin id="223" dir="0" index="2" bw="32" slack="0"/>
<pin id="224" dir="1" index="3" bw="4" slack="0"/>
</pin_list>
<bind>
<opcode="getelementptr(29) " fcode="getelementptr"/>
<opset="localA_8_addr/10 "/>
</bind>
</comp>

<comp id="227" class="1004" name="localA_9_addr_gep_fu_227">
<pin_list>
<pin id="228" dir="0" index="0" bw="32" slack="0"/>
<pin id="229" dir="0" index="1" bw="1" slack="0"/>
<pin id="230" dir="0" index="2" bw="32" slack="0"/>
<pin id="231" dir="1" index="3" bw="4" slack="0"/>
</pin_list>
<bind>
<opcode="getelementptr(29) " fcode="getelementptr"/>
<opset="localA_9_addr/10 "/>
</bind>
</comp>

<comp id="234" class="1004" name="localA_10_addr_gep_fu_234">
<pin_list>
<pin id="235" dir="0" index="0" bw="32" slack="0"/>
<pin id="236" dir="0" index="1" bw="1" slack="0"/>
<pin id="237" dir="0" index="2" bw="32" slack="0"/>
<pin id="238" dir="1" index="3" bw="4" slack="0"/>
</pin_list>
<bind>
<opcode="getelementptr(29) " fcode="getelementptr"/>
<opset="localA_10_addr/10 "/>
</bind>
</comp>

<comp id="241" class="1004" name="localA_11_addr_gep_fu_241">
<pin_list>
<pin id="242" dir="0" index="0" bw="32" slack="0"/>
<pin id="243" dir="0" index="1" bw="1" slack="0"/>
<pin id="244" dir="0" index="2" bw="32" slack="0"/>
<pin id="245" dir="1" index="3" bw="4" slack="0"/>
</pin_list>
<bind>
<opcode="getelementptr(29) " fcode="getelementptr"/>
<opset="localA_11_addr/10 "/>
</bind>
</comp>

<comp id="248" class="1004" name="localA_12_addr_gep_fu_248">
<pin_list>
<pin id="249" dir="0" index="0" bw="32" slack="0"/>
<pin id="250" dir="0" index="1" bw="1" slack="0"/>
<pin id="251" dir="0" index="2" bw="32" slack="0"/>
<pin id="252" dir="1" index="3" bw="4" slack="0"/>
</pin_list>
<bind>
<opcode="getelementptr(29) " fcode="getelementptr"/>
<opset="localA_12_addr/10 "/>
</bind>
</comp>

<comp id="255" class="1004" name="localA_13_addr_gep_fu_255">
<pin_list>
<pin id="256" dir="0" index="0" bw="32" slack="0"/>
<pin id="257" dir="0" index="1" bw="1" slack="0"/>
<pin id="258" dir="0" index="2" bw="32" slack="0"/>
<pin id="259" dir="1" index="3" bw="4" slack="0"/>
</pin_list>
<bind>
<opcode="getelementptr(29) " fcode="getelementptr"/>
<opset="localA_13_addr/10 "/>
</bind>
</comp>

<comp id="262" class="1004" name="localA_14_addr_gep_fu_262">
<pin_list>
<pin id="263" dir="0" index="0" bw="32" slack="0"/>
<pin id="264" dir="0" index="1" bw="1" slack="0"/>
<pin id="265" dir="0" index="2" bw="32" slack="0"/>
<pin id="266" dir="1" index="3" bw="4" slack="0"/>
</pin_list>
<bind>
<opcode="getelementptr(29) " fcode="getelementptr"/>
<opset="localA_14_addr/10 "/>
</bind>
</comp>

<comp id="269" class="1004" name="localA_15_addr_gep_fu_269">
<pin_list>
<pin id="270" dir="0" index="0" bw="32" slack="0"/>
<pin id="271" dir="0" index="1" bw="1" slack="0"/>
<pin id="272" dir="0" index="2" bw="32" slack="0"/>
<pin id="273" dir="1" index="3" bw="4" slack="0"/>
</pin_list>
<bind>
<opcode="getelementptr(29) " fcode="getelementptr"/>
<opset="localA_15_addr/10 "/>
</bind>
</comp>

<comp id="276" class="1004" name="store_ln69_access_fu_276">
<pin_list>
<pin id="277" dir="0" index="0" bw="4" slack="0"/>
<pin id="278" dir="0" index="1" bw="32" slack="1"/>
<pin id="279" dir="0" index="2" bw="0" slack="2147483647"/>
<pin id="280" dir="1" index="3" bw="32" slack="2147483647"/>
</pin_list>
<bind>
<opcode="store(28) " fcode="store"/>
<opset="store_ln69/10 "/>
</bind>
</comp>

<comp id="282" class="1004" name="store_ln69_access_fu_282">
<pin_list>
<pin id="283" dir="0" index="0" bw="4" slack="0"/>
<pin id="284" dir="0" index="1" bw="32" slack="1"/>
<pin id="285" dir="0" index="2" bw="0" slack="2147483647"/>
<pin id="286" dir="1" index="3" bw="32" slack="2147483647"/>
</pin_list>
<bind>
<opcode="store(28) " fcode="store"/>
<opset="store_ln69/10 "/>
</bind>
</comp>

<comp id="288" class="1004" name="store_ln69_access_fu_288">
<pin_list>
<pin id="289" dir="0" index="0" bw="4" slack="0"/>
<pin id="290" dir="0" index="1" bw="32" slack="1"/>
<pin id="291" dir="0" index="2" bw="0" slack="2147483647"/>
<pin id="292" dir="1" index="3" bw="32" slack="2147483647"/>
</pin_list>
<bind>
<opcode="store(28) " fcode="store"/>
<opset="store_ln69/10 "/>
</bind>
</comp>

<comp id="294" class="1004" name="store_ln69_access_fu_294">
<pin_list>
<pin id="295" dir="0" index="0" bw="4" slack="0"/>
<pin id="296" dir="0" index="1" bw="32" slack="1"/>
<pin id="297" dir="0" index="2" bw="0" slack="2147483647"/>
<pin id="298" dir="1" index="3" bw="32" slack="2147483647"/>
</pin_list>
<bind>
<opcode="store(28) " fcode="store"/>
<opset="store_ln69/10 "/>
</bind>
</comp>

<comp id="300" class="1004" name="store_ln69_access_fu_300">
<pin_list>
<pin id="301" dir="0" index="0" bw="4" slack="0"/>
<pin id="302" dir="0" index="1" bw="32" slack="1"/>
<pin id="303" dir="0" index="2" bw="0" slack="2147483647"/>
<pin id="304" dir="1" index="3" bw="32" slack="2147483647"/>
</pin_list>
<bind>
<opcode="store(28) " fcode="store"/>
<opset="store_ln69/10 "/>
</bind>
</comp>

<comp id="306" class="1004" name="store_ln69_access_fu_306">
<pin_list>
<pin id="307" dir="0" index="0" bw="4" slack="0"/>
<pin id="308" dir="0" index="1" bw="32" slack="1"/>
<pin id="309" dir="0" index="2" bw="0" slack="2147483647"/>
<pin id="310" dir="1" index="3" bw="32" slack="2147483647"/>
</pin_list>
<bind>
<opcode="store(28) " fcode="store"/>
<opset="store_ln69/10 "/>
</bind>
</comp>

<comp id="312" class="1004" name="store_ln69_access_fu_312">
<pin_list>
<pin id="313" dir="0" index="0" bw="4" slack="0"/>
<pin id="314" dir="0" index="1" bw="32" slack="1"/>
<pin id="315" dir="0" index="2" bw="0" slack="2147483647"/>
<pin id="316" dir="1" index="3" bw="32" slack="2147483647"/>
</pin_list>
<bind>
<opcode="store(28) " fcode="store"/>
<opset="store_ln69/10 "/>
</bind>
</comp>

<comp id="318" class="1004" name="store_ln69_access_fu_318">
<pin_list>
<pin id="319" dir="0" index="0" bw="4" slack="0"/>
<pin id="320" dir="0" index="1" bw="32" slack="1"/>
<pin id="321" dir="0" index="2" bw="0" slack="2147483647"/>
<pin id="322" dir="1" index="3" bw="32" slack="2147483647"/>
</pin_list>
<bind>
<opcode="store(28) " fcode="store"/>
<opset="store_ln69/10 "/>
</bind>
</comp>

<comp id="324" class="1004" name="store_ln69_access_fu_324">
<pin_list>
<pin id="325" dir="0" index="0" bw="4" slack="0"/>
<pin id="326" dir="0" index="1" bw="32" slack="1"/>
<pin id="327" dir="0" index="2" bw="0" slack="2147483647"/>
<pin id="328" dir="1" index="3" bw="32" slack="2147483647"/>
</pin_list>
<bind>
<opcode="store(28) " fcode="store"/>
<opset="store_ln69/10 "/>
</bind>
</comp>

<comp id="330" class="1004" name="store_ln69_access_fu_330">
<pin_list>
<pin id="331" dir="0" index="0" bw="4" slack="0"/>
<pin id="332" dir="0" index="1" bw="32" slack="1"/>
<pin id="333" dir="0" index="2" bw="0" slack="2147483647"/>
<pin id="334" dir="1" index="3" bw="32" slack="2147483647"/>
</pin_list>
<bind>
<opcode="store(28) " fcode="store"/>
<opset="store_ln69/10 "/>
</bind>
</comp>

<comp id="336" class="1004" name="store_ln69_access_fu_336">
<pin_list>
<pin id="337" dir="0" index="0" bw="4" slack="0"/>
<pin id="338" dir="0" index="1" bw="32" slack="1"/>
<pin id="339" dir="0" index="2" bw="0" slack="2147483647"/>
<pin id="340" dir="1" index="3" bw="32" slack="2147483647"/>
</pin_list>
<bind>
<opcode="store(28) " fcode="store"/>
<opset="store_ln69/10 "/>
</bind>
</comp>

<comp id="342" class="1004" name="store_ln69_access_fu_342">
<pin_list>
<pin id="343" dir="0" index="0" bw="4" slack="0"/>
<pin id="344" dir="0" index="1" bw="32" slack="1"/>
<pin id="345" dir="0" index="2" bw="0" slack="2147483647"/>
<pin id="346" dir="1" index="3" bw="32" slack="2147483647"/>
</pin_list>
<bind>
<opcode="store(28) " fcode="store"/>
<opset="store_ln69/10 "/>
</bind>
</comp>

<comp id="348" class="1004" name="store_ln69_access_fu_348">
<pin_list>
<pin id="349" dir="0" index="0" bw="4" slack="0"/>
<pin id="350" dir="0" index="1" bw="32" slack="1"/>
<pin id="351" dir="0" index="2" bw="0" slack="2147483647"/>
<pin id="352" dir="1" index="3" bw="32" slack="2147483647"/>
</pin_list>
<bind>
<opcode="store(28) " fcode="store"/>
<opset="store_ln69/10 "/>
</bind>
</comp>

<comp id="354" class="1004" name="store_ln69_access_fu_354">
<pin_list>
<pin id="355" dir="0" index="0" bw="4" slack="0"/>
<pin id="356" dir="0" index="1" bw="32" slack="1"/>
<pin id="357" dir="0" index="2" bw="0" slack="2147483647"/>
<pin id="358" dir="1" index="3" bw="32" slack="2147483647"/>
</pin_list>
<bind>
<opcode="store(28) " fcode="store"/>
<opset="store_ln69/10 "/>
</bind>
</comp>

<comp id="360" class="1004" name="store_ln69_access_fu_360">
<pin_list>
<pin id="361" dir="0" index="0" bw="4" slack="0"/>
<pin id="362" dir="0" index="1" bw="32" slack="1"/>
<pin id="363" dir="0" index="2" bw="0" slack="2147483647"/>
<pin id="364" dir="1" index="3" bw="32" slack="2147483647"/>
</pin_list>
<bind>
<opcode="store(28) " fcode="store"/>
<opset="store_ln69/10 "/>
</bind>
</comp>

<comp id="366" class="1004" name="store_ln69_access_fu_366">
<pin_list>
<pin id="367" dir="0" index="0" bw="4" slack="0"/>
<pin id="368" dir="0" index="1" bw="32" slack="1"/>
<pin id="369" dir="0" index="2" bw="0" slack="2147483647"/>
<pin id="370" dir="1" index="3" bw="32" slack="2147483647"/>
</pin_list>
<bind>
<opcode="store(28) " fcode="store"/>
<opset="store_ln69/10 "/>
</bind>
</comp>

<comp id="372" class="1004" name="sext_ln69_cast_fu_372">
<pin_list>
<pin id="373" dir="0" index="0" bw="62" slack="0"/>
<pin id="374" dir="1" index="1" bw="64" slack="0"/>
</pin_list>
<bind>
<opcode="sext(35) " fcode="sext"/>
<opset="sext_ln69_cast/1 "/>
</bind>
</comp>

<comp id="376" class="1004" name="gmem0_addr_fu_376">
<pin_list>
<pin id="377" dir="0" index="0" bw="32" slack="0"/>
<pin id="378" dir="0" index="1" bw="62" slack="0"/>
<pin id="379" dir="1" index="2" bw="32" slack="0"/>
</pin_list>
<bind>
<opcode="getelementptr(29) " fcode="getelementptr"/>
<opset="gmem0_addr/1 "/>
</bind>
</comp>

<comp id="383" class="1004" name="store_ln0_store_fu_383">
<pin_list>
<pin id="384" dir="0" index="0" bw="1" slack="0"/>
<pin id="385" dir="0" index="1" bw="32" slack="0"/>
<pin id="386" dir="1" index="2" bw="0" slack="2147483647"/>
</pin_list>
<bind>
<opcode="store(28) " fcode="store"/>
<opset="store_ln0/1 "/>
</bind>
</comp>

<comp id="388" class="1004" name="store_ln0_store_fu_388">
<pin_list>
<pin id="389" dir="0" index="0" bw="1" slack="0"/>
<pin id="390" dir="0" index="1" bw="32" slack="0"/>
<pin id="391" dir="1" index="2" bw="0" slack="2147483647"/>
</pin_list>
<bind>
<opcode="store(28) " fcode="store"/>
<opset="store_ln0/1 "/>
</bind>
</comp>

<comp id="393" class="1004" name="store_ln0_store_fu_393">
<pin_list>
<pin id="394" dir="0" index="0" bw="1" slack="0"/>
<pin id="395" dir="0" index="1" bw="32" slack="0"/>
<pin id="396" dir="1" index="2" bw="0" slack="2147483647"/>
</pin_list>
<bind>
<opcode="store(28) " fcode="store"/>
<opset="store_ln0/1 "/>
</bind>
</comp>

<comp id="398" class="1004" name="loc_2_load_fu_398">
<pin_list>
<pin id="399" dir="0" index="0" bw="32" slack="7"/>
<pin id="400" dir="1" index="1" bw="32" slack="0"/>
</pin_list>
<bind>
<opcode="load(27) " fcode="load"/>
<opset="loc_2/8 "/>
</bind>
</comp>

<comp id="401" class="1004" name="icmp_ln62_fu_401">
<pin_list>
<pin id="402" dir="0" index="0" bw="32" slack="0"/>
<pin id="403" dir="0" index="1" bw="32" slack="7"/>
<pin id="404" dir="1" index="2" bw="1" slack="2147483647"/>
</pin_list>
<bind>
<opcode="icmp(45) " fcode="icmp"/>
<opset="icmp_ln62/8 "/>
</bind>
</comp>

<comp id="406" class="1004" name="add_ln62_fu_406">
<pin_list>
<pin id="407" dir="0" index="0" bw="32" slack="0"/>
<pin id="408" dir="0" index="1" bw="1" slack="0"/>
<pin id="409" dir="1" index="2" bw="32" slack="0"/>
</pin_list>
<bind>
<opcode="add(8) " fcode="add"/>
<opset="add_ln62/8 "/>
</bind>
</comp>

<comp id="412" class="1004" name="store_ln62_store_fu_412">
<pin_list>
<pin id="413" dir="0" index="0" bw="32" slack="0"/>
<pin id="414" dir="0" index="1" bw="32" slack="7"/>
<pin id="415" dir="1" index="2" bw="0" slack="2147483647"/>
</pin_list>
<bind>
<opcode="store(28) " fcode="store"/>
<opset="store_ln62/8 "/>
</bind>
</comp>

<comp id="417" class="1004" name="j_load_load_fu_417">
<pin_list>
<pin id="418" dir="0" index="0" bw="32" slack="9"/>
<pin id="419" dir="1" index="1" bw="32" slack="0"/>
</pin_list>
<bind>
<opcode="load(27) " fcode="load"/>
<opset="j_load/10 "/>
</bind>
</comp>

<comp id="420" class="1004" name="i_1_load_load_fu_420">
<pin_list>
<pin id="421" dir="0" index="0" bw="32" slack="9"/>
<pin id="422" dir="1" index="1" bw="32" slack="0"/>
</pin_list>
<bind>
<opcode="load(27) " fcode="load"/>
<opset="i_1_load/10 "/>
</bind>
</comp>

<comp id="423" class="1004" name="icmp_ln65_fu_423">
<pin_list>
<pin id="424" dir="0" index="0" bw="32" slack="0"/>
<pin id="425" dir="0" index="1" bw="32" slack="3"/>
<pin id="426" dir="1" index="2" bw="1" slack="0"/>
</pin_list>
<bind>
<opcode="icmp(45) " fcode="icmp"/>
<opset="icmp_ln65/10 "/>
</bind>
</comp>

<comp id="428" class="1004" name="add_ln66_fu_428">
<pin_list>
<pin id="429" dir="0" index="0" bw="32" slack="0"/>
<pin id="430" dir="0" index="1" bw="1" slack="0"/>
<pin id="431" dir="1" index="2" bw="32" slack="0"/>
</pin_list>
<bind>
<opcode="add(8) " fcode="add"/>
<opset="add_ln66/10 "/>
</bind>
</comp>

<comp id="434" class="1004" name="j_5_fu_434">
<pin_list>
<pin id="435" dir="0" index="0" bw="1" slack="0"/>
<pin id="436" dir="0" index="1" bw="1" slack="0"/>
<pin id="437" dir="0" index="2" bw="32" slack="0"/>
<pin id="438" dir="1" index="3" bw="32" slack="0"/>
</pin_list>
<bind>
<opcode="select(49) " fcode="select"/>
<opset="j_5/10 "/>
</bind>
</comp>

<comp id="442" class="1004" name="i_fu_442">
<pin_list>
<pin id="443" dir="0" index="0" bw="1" slack="0"/>
<pin id="444" dir="0" index="1" bw="32" slack="0"/>
<pin id="445" dir="0" index="2" bw="32" slack="0"/>
<pin id="446" dir="1" index="3" bw="32" slack="0"/>
</pin_list>
<bind>
<opcode="select(49) " fcode="select"/>
<opset="i/10 "/>
</bind>
</comp>

<comp id="450" class="1004" name="zext_ln69_fu_450">
<pin_list>
<pin id="451" dir="0" index="0" bw="32" slack="0"/>
<pin id="452" dir="1" index="1" bw="64" slack="0"/>
</pin_list>
<bind>
<opcode="zext(34) " fcode="zext"/>
<opset="zext_ln69/10 "/>
</bind>
</comp>

<comp id="470" class="1004" name="trunc_ln69_fu_470">
<pin_list>
<pin id="471" dir="0" index="0" bw="32" slack="0"/>
<pin id="472" dir="1" index="1" bw="4" slack="2147483647"/>
</pin_list>
<bind>
<opcode="trunc(33) " fcode="trunc"/>
<opset="trunc_ln69/10 "/>
</bind>
</comp>

<comp id="474" class="1004" name="j_6_fu_474">
<pin_list>
<pin id="475" dir="0" index="0" bw="32" slack="0"/>
<pin id="476" dir="0" index="1" bw="1" slack="0"/>
<pin id="477" dir="1" index="2" bw="32" slack="0"/>
</pin_list>
<bind>
<opcode="add(8) " fcode="add"/>
<opset="j_6/10 "/>
</bind>
</comp>

<comp id="480" class="1004" name="store_ln62_store_fu_480">
<pin_list>
<pin id="481" dir="0" index="0" bw="32" slack="0"/>
<pin id="482" dir="0" index="1" bw="32" slack="9"/>
<pin id="483" dir="1" index="2" bw="0" slack="2147483647"/>
</pin_list>
<bind>
<opcode="store(28) " fcode="store"/>
<opset="store_ln62/10 "/>
</bind>
</comp>

<comp id="485" class="1004" name="store_ln62_store_fu_485">
<pin_list>
<pin id="486" dir="0" index="0" bw="32" slack="0"/>
<pin id="487" dir="0" index="1" bw="32" slack="9"/>
<pin id="488" dir="1" index="2" bw="0" slack="2147483647"/>
</pin_list>
<bind>
<opcode="store(28) " fcode="store"/>
<opset="store_ln62/10 "/>
</bind>
</comp>

<comp id="490" class="1005" name="j_reg_490">
<pin_list>
<pin id="491" dir="0" index="0" bw="32" slack="0"/>
<pin id="492" dir="1" index="1" bw="32" slack="0"/>
</pin_list>
<bind>
<opset="j "/>
</bind>
</comp>

<comp id="497" class="1005" name="i_1_reg_497">
<pin_list>
<pin id="498" dir="0" index="0" bw="32" slack="0"/>
<pin id="499" dir="1" index="1" bw="32" slack="0"/>
</pin_list>
<bind>
<opset="i_1 "/>
</bind>
</comp>

<comp id="504" class="1005" name="loc_reg_504">
<pin_list>
<pin id="505" dir="0" index="0" bw="32" slack="0"/>
<pin id="506" dir="1" index="1" bw="32" slack="0"/>
</pin_list>
<bind>
<opset="loc "/>
</bind>
</comp>

<comp id="511" class="1005" name="mul_read_reg_511">
<pin_list>
<pin id="512" dir="0" index="0" bw="32" slack="1"/>
<pin id="513" dir="1" index="1" bw="32" slack="1"/>
</pin_list>
<bind>
<opset="mul_read "/>
</bind>
</comp>

<comp id="517" class="1005" name="gmem0_addr_reg_517">
<pin_list>
<pin id="518" dir="0" index="0" bw="32" slack="1"/>
<pin id="519" dir="1" index="1" bw="32" slack="1"/>
</pin_list>
<bind>
<opset="gmem0_addr "/>
</bind>
</comp>

<comp id="523" class="1005" name="a_col_read_reg_523">
<pin_list>
<pin id="524" dir="0" index="0" bw="32" slack="3"/>
<pin id="525" dir="1" index="1" bw="32" slack="3"/>
</pin_list>
<bind>
<opset="a_col_read "/>
</bind>
</comp>

<comp id="531" class="1005" name="gmem0_addr_read_reg_531">
<pin_list>
<pin id="532" dir="0" index="0" bw="32" slack="1"/>
<pin id="533" dir="1" index="1" bw="32" slack="1"/>
</pin_list>
<bind>
<opset="gmem0_addr_read "/>
</bind>
</comp>

</comp_list>

<net_list>
<net id="119"><net_src comp="42" pin="0"/><net_sink comp="116" pin=0"/></net>

<net id="123"><net_src comp="42" pin="0"/><net_sink comp="120" pin=0"/></net>

<net id="127"><net_src comp="42" pin="0"/><net_sink comp="124" pin=0"/></net>

<net id="132"><net_src comp="44" pin="0"/><net_sink comp="128" pin=0"/></net>

<net id="133"><net_src comp="4" pin="0"/><net_sink comp="128" pin=1"/></net>

<net id="138"><net_src comp="46" pin="0"/><net_sink comp="134" pin=0"/></net>

<net id="139"><net_src comp="2" pin="0"/><net_sink comp="134" pin=1"/></net>

<net id="145"><net_src comp="48" pin="0"/><net_sink comp="140" pin=0"/></net>

<net id="146"><net_src comp="128" pin="2"/><net_sink comp="140" pin=2"/></net>

<net id="151"><net_src comp="52" pin="0"/><net_sink comp="147" pin=0"/></net>

<net id="152"><net_src comp="8" pin="0"/><net_sink comp="147" pin=1"/></net>

<net id="157"><net_src comp="44" pin="0"/><net_sink comp="153" pin=0"/></net>

<net id="158"><net_src comp="6" pin="0"/><net_sink comp="153" pin=1"/></net>

<net id="163"><net_src comp="72" pin="0"/><net_sink comp="159" pin=0"/></net>

<net id="169"><net_src comp="10" pin="0"/><net_sink comp="164" pin=0"/></net>

<net id="170"><net_src comp="84" pin="0"/><net_sink comp="164" pin=1"/></net>

<net id="176"><net_src comp="12" pin="0"/><net_sink comp="171" pin=0"/></net>

<net id="177"><net_src comp="84" pin="0"/><net_sink comp="171" pin=1"/></net>

<net id="183"><net_src comp="14" pin="0"/><net_sink comp="178" pin=0"/></net>

<net id="184"><net_src comp="84" pin="0"/><net_sink comp="178" pin=1"/></net>

<net id="190"><net_src comp="16" pin="0"/><net_sink comp="185" pin=0"/></net>

<net id="191"><net_src comp="84" pin="0"/><net_sink comp="185" pin=1"/></net>

<net id="197"><net_src comp="18" pin="0"/><net_sink comp="192" pin=0"/></net>

<net id="198"><net_src comp="84" pin="0"/><net_sink comp="192" pin=1"/></net>

<net id="204"><net_src comp="20" pin="0"/><net_sink comp="199" pin=0"/></net>

<net id="205"><net_src comp="84" pin="0"/><net_sink comp="199" pin=1"/></net>

<net id="211"><net_src comp="22" pin="0"/><net_sink comp="206" pin=0"/></net>

<net id="212"><net_src comp="84" pin="0"/><net_sink comp="206" pin=1"/></net>

<net id="218"><net_src comp="24" pin="0"/><net_sink comp="213" pin=0"/></net>

<net id="219"><net_src comp="84" pin="0"/><net_sink comp="213" pin=1"/></net>

<net id="225"><net_src comp="26" pin="0"/><net_sink comp="220" pin=0"/></net>

<net id="226"><net_src comp="84" pin="0"/><net_sink comp="220" pin=1"/></net>

<net id="232"><net_src comp="28" pin="0"/><net_sink comp="227" pin=0"/></net>

<net id="233"><net_src comp="84" pin="0"/><net_sink comp="227" pin=1"/></net>

<net id="239"><net_src comp="30" pin="0"/><net_sink comp="234" pin=0"/></net>

<net id="240"><net_src comp="84" pin="0"/><net_sink comp="234" pin=1"/></net>

<net id="246"><net_src comp="32" pin="0"/><net_sink comp="241" pin=0"/></net>

<net id="247"><net_src comp="84" pin="0"/><net_sink comp="241" pin=1"/></net>

<net id="253"><net_src comp="34" pin="0"/><net_sink comp="248" pin=0"/></net>

<net id="254"><net_src comp="84" pin="0"/><net_sink comp="248" pin=1"/></net>

<net id="260"><net_src comp="36" pin="0"/><net_sink comp="255" pin=0"/></net>

<net id="261"><net_src comp="84" pin="0"/><net_sink comp="255" pin=1"/></net>

<net id="267"><net_src comp="38" pin="0"/><net_sink comp="262" pin=0"/></net>

<net id="268"><net_src comp="84" pin="0"/><net_sink comp="262" pin=1"/></net>

<net id="274"><net_src comp="40" pin="0"/><net_sink comp="269" pin=0"/></net>

<net id="275"><net_src comp="84" pin="0"/><net_sink comp="269" pin=1"/></net>

<net id="281"><net_src comp="262" pin="3"/><net_sink comp="276" pin=0"/></net>

<net id="287"><net_src comp="255" pin="3"/><net_sink comp="282" pin=0"/></net>

<net id="293"><net_src comp="248" pin="3"/><net_sink comp="288" pin=0"/></net>

<net id="299"><net_src comp="241" pin="3"/><net_sink comp="294" pin=0"/></net>

<net id="305"><net_src comp="234" pin="3"/><net_sink comp="300" pin=0"/></net>

<net id="311"><net_src comp="227" pin="3"/><net_sink comp="306" pin=0"/></net>

<net id="317"><net_src comp="220" pin="3"/><net_sink comp="312" pin=0"/></net>

<net id="323"><net_src comp="213" pin="3"/><net_sink comp="318" pin=0"/></net>

<net id="329"><net_src comp="206" pin="3"/><net_sink comp="324" pin=0"/></net>

<net id="335"><net_src comp="199" pin="3"/><net_sink comp="330" pin=0"/></net>

<net id="341"><net_src comp="192" pin="3"/><net_sink comp="336" pin=0"/></net>

<net id="347"><net_src comp="185" pin="3"/><net_sink comp="342" pin=0"/></net>

<net id="353"><net_src comp="178" pin="3"/><net_sink comp="348" pin=0"/></net>

<net id="359"><net_src comp="171" pin="3"/><net_sink comp="354" pin=0"/></net>

<net id="365"><net_src comp="164" pin="3"/><net_sink comp="360" pin=0"/></net>

<net id="371"><net_src comp="269" pin="3"/><net_sink comp="366" pin=0"/></net>

<net id="375"><net_src comp="134" pin="2"/><net_sink comp="372" pin=0"/></net>

<net id="380"><net_src comp="0" pin="0"/><net_sink comp="376" pin=0"/></net>

<net id="381"><net_src comp="372" pin="1"/><net_sink comp="376" pin=1"/></net>

<net id="382"><net_src comp="376" pin="2"/><net_sink comp="140" pin=1"/></net>

<net id="387"><net_src comp="50" pin="0"/><net_sink comp="383" pin=0"/></net>

<net id="392"><net_src comp="50" pin="0"/><net_sink comp="388" pin=0"/></net>

<net id="397"><net_src comp="50" pin="0"/><net_sink comp="393" pin=0"/></net>

<net id="405"><net_src comp="398" pin="1"/><net_sink comp="401" pin=0"/></net>

<net id="410"><net_src comp="398" pin="1"/><net_sink comp="406" pin=0"/></net>

<net id="411"><net_src comp="42" pin="0"/><net_sink comp="406" pin=1"/></net>

<net id="416"><net_src comp="406" pin="2"/><net_sink comp="412" pin=0"/></net>

<net id="427"><net_src comp="417" pin="1"/><net_sink comp="423" pin=0"/></net>

<net id="432"><net_src comp="420" pin="1"/><net_sink comp="428" pin=0"/></net>

<net id="433"><net_src comp="42" pin="0"/><net_sink comp="428" pin=1"/></net>

<net id="439"><net_src comp="423" pin="2"/><net_sink comp="434" pin=0"/></net>

<net id="440"><net_src comp="50" pin="0"/><net_sink comp="434" pin=1"/></net>

<net id="441"><net_src comp="417" pin="1"/><net_sink comp="434" pin=2"/></net>

<net id="447"><net_src comp="423" pin="2"/><net_sink comp="442" pin=0"/></net>

<net id="448"><net_src comp="428" pin="2"/><net_sink comp="442" pin=1"/></net>

<net id="449"><net_src comp="420" pin="1"/><net_sink comp="442" pin=2"/></net>

<net id="453"><net_src comp="434" pin="3"/><net_sink comp="450" pin=0"/></net>

<net id="454"><net_src comp="450" pin="1"/><net_sink comp="164" pin=2"/></net>

<net id="455"><net_src comp="450" pin="1"/><net_sink comp="171" pin=2"/></net>

<net id="456"><net_src comp="450" pin="1"/><net_sink comp="178" pin=2"/></net>

<net id="457"><net_src comp="450" pin="1"/><net_sink comp="185" pin=2"/></net>

<net id="458"><net_src comp="450" pin="1"/><net_sink comp="192" pin=2"/></net>

<net id="459"><net_src comp="450" pin="1"/><net_sink comp="199" pin=2"/></net>

<net id="460"><net_src comp="450" pin="1"/><net_sink comp="206" pin=2"/></net>

<net id="461"><net_src comp="450" pin="1"/><net_sink comp="213" pin=2"/></net>

<net id="462"><net_src comp="450" pin="1"/><net_sink comp="220" pin=2"/></net>

<net id="463"><net_src comp="450" pin="1"/><net_sink comp="227" pin=2"/></net>

<net id="464"><net_src comp="450" pin="1"/><net_sink comp="234" pin=2"/></net>

<net id="465"><net_src comp="450" pin="1"/><net_sink comp="241" pin=2"/></net>

<net id="466"><net_src comp="450" pin="1"/><net_sink comp="248" pin=2"/></net>

<net id="467"><net_src comp="450" pin="1"/><net_sink comp="255" pin=2"/></net>

<net id="468"><net_src comp="450" pin="1"/><net_sink comp="262" pin=2"/></net>

<net id="469"><net_src comp="450" pin="1"/><net_sink comp="269" pin=2"/></net>

<net id="473"><net_src comp="442" pin="3"/><net_sink comp="470" pin=0"/></net>

<net id="478"><net_src comp="434" pin="3"/><net_sink comp="474" pin=0"/></net>

<net id="479"><net_src comp="42" pin="0"/><net_sink comp="474" pin=1"/></net>

<net id="484"><net_src comp="442" pin="3"/><net_sink comp="480" pin=0"/></net>

<net id="489"><net_src comp="474" pin="2"/><net_sink comp="485" pin=0"/></net>

<net id="493"><net_src comp="116" pin="1"/><net_sink comp="490" pin=0"/></net>

<net id="494"><net_src comp="490" pin="1"/><net_sink comp="393" pin=1"/></net>

<net id="495"><net_src comp="490" pin="1"/><net_sink comp="417" pin=0"/></net>

<net id="496"><net_src comp="490" pin="1"/><net_sink comp="485" pin=1"/></net>

<net id="500"><net_src comp="120" pin="1"/><net_sink comp="497" pin=0"/></net>

<net id="501"><net_src comp="497" pin="1"/><net_sink comp="388" pin=1"/></net>

<net id="502"><net_src comp="497" pin="1"/><net_sink comp="420" pin=0"/></net>

<net id="503"><net_src comp="497" pin="1"/><net_sink comp="480" pin=1"/></net>

<net id="507"><net_src comp="124" pin="1"/><net_sink comp="504" pin=0"/></net>

<net id="508"><net_src comp="504" pin="1"/><net_sink comp="383" pin=1"/></net>

<net id="509"><net_src comp="504" pin="1"/><net_sink comp="398" pin=0"/></net>

<net id="510"><net_src comp="504" pin="1"/><net_sink comp="412" pin=1"/></net>

<net id="514"><net_src comp="128" pin="2"/><net_sink comp="511" pin=0"/></net>

<net id="515"><net_src comp="511" pin="1"/><net_sink comp="140" pin=2"/></net>

<net id="516"><net_src comp="511" pin="1"/><net_sink comp="401" pin=1"/></net>

<net id="520"><net_src comp="376" pin="2"/><net_sink comp="517" pin=0"/></net>

<net id="521"><net_src comp="517" pin="1"/><net_sink comp="140" pin=1"/></net>

<net id="522"><net_src comp="517" pin="1"/><net_sink comp="159" pin=1"/></net>

<net id="526"><net_src comp="153" pin="2"/><net_sink comp="523" pin=0"/></net>

<net id="527"><net_src comp="523" pin="1"/><net_sink comp="423" pin=1"/></net>

<net id="534"><net_src comp="159" pin="2"/><net_sink comp="531" pin=0"/></net>

<net id="535"><net_src comp="531" pin="1"/><net_sink comp="276" pin=1"/></net>

<net id="536"><net_src comp="531" pin="1"/><net_sink comp="282" pin=1"/></net>

<net id="537"><net_src comp="531" pin="1"/><net_sink comp="288" pin=1"/></net>

<net id="538"><net_src comp="531" pin="1"/><net_sink comp="294" pin=1"/></net>

<net id="539"><net_src comp="531" pin="1"/><net_sink comp="300" pin=1"/></net>

<net id="540"><net_src comp="531" pin="1"/><net_sink comp="306" pin=1"/></net>

<net id="541"><net_src comp="531" pin="1"/><net_sink comp="312" pin=1"/></net>

<net id="542"><net_src comp="531" pin="1"/><net_sink comp="318" pin=1"/></net>

<net id="543"><net_src comp="531" pin="1"/><net_sink comp="324" pin=1"/></net>

<net id="544"><net_src comp="531" pin="1"/><net_sink comp="330" pin=1"/></net>

<net id="545"><net_src comp="531" pin="1"/><net_sink comp="336" pin=1"/></net>

<net id="546"><net_src comp="531" pin="1"/><net_sink comp="342" pin=1"/></net>

<net id="547"><net_src comp="531" pin="1"/><net_sink comp="348" pin=1"/></net>

<net id="548"><net_src comp="531" pin="1"/><net_sink comp="354" pin=1"/></net>

<net id="549"><net_src comp="531" pin="1"/><net_sink comp="360" pin=1"/></net>

<net id="550"><net_src comp="531" pin="1"/><net_sink comp="366" pin=1"/></net>

</net_list>

</model> 
---------------- Datapath Model END ------------------

* FSMD analyzer results:
  - Output states:
	Port: localA | {10 }
	Port: localA_1 | {10 }
	Port: localA_2 | {10 }
	Port: localA_3 | {10 }
	Port: localA_4 | {10 }
	Port: localA_5 | {10 }
	Port: localA_6 | {10 }
	Port: localA_7 | {10 }
	Port: localA_8 | {10 }
	Port: localA_9 | {10 }
	Port: localA_10 | {10 }
	Port: localA_11 | {10 }
	Port: localA_12 | {10 }
	Port: localA_13 | {10 }
	Port: localA_14 | {10 }
	Port: localA_15 | {10 }
 - Input state : 
	Port: mmult_Pipeline_readA : gmem0 | {1 2 3 4 5 6 7 9 }
	Port: mmult_Pipeline_readA : sext_ln69 | {1 }
	Port: mmult_Pipeline_readA : mul | {1 }
	Port: mmult_Pipeline_readA : a_col | {7 }
	Port: mmult_Pipeline_readA : a | {7 }
  - Chain level:
	State 1
		gmem0_addr : 1
		p_rd_req : 2
		store_ln0 : 1
		store_ln0 : 1
		store_ln0 : 1
	State 2
	State 3
	State 4
	State 5
	State 6
	State 7
	State 8
		icmp_ln62 : 1
		add_ln62 : 1
		br_ln62 : 2
		store_ln62 : 2
	State 9
	State 10
		icmp_ln65 : 1
		add_ln66 : 1
		j_5 : 2
		i : 2
		zext_ln69 : 3
		localA_addr : 4
		localA_1_addr : 4
		localA_2_addr : 4
		localA_3_addr : 4
		localA_4_addr : 4
		localA_5_addr : 4
		localA_6_addr : 4
		localA_7_addr : 4
		localA_8_addr : 4
		localA_9_addr : 4
		localA_10_addr : 4
		localA_11_addr : 4
		localA_12_addr : 4
		localA_13_addr : 4
		localA_14_addr : 4
		localA_15_addr : 4
		trunc_ln69 : 3
		switch_ln69 : 4
		store_ln69 : 5
		store_ln69 : 5
		store_ln69 : 5
		store_ln69 : 5
		store_ln69 : 5
		store_ln69 : 5
		store_ln69 : 5
		store_ln69 : 5
		store_ln69 : 5
		store_ln69 : 5
		store_ln69 : 5
		store_ln69 : 5
		store_ln69 : 5
		store_ln69 : 5
		store_ln69 : 5
		store_ln69 : 5
		j_6 : 3
		store_ln62 : 3
		store_ln62 : 4
	State 11


============================================================
+ Verbose Summary: Datapath Resource usage 
============================================================

* Functional unit list:
|----------|-----------------------------|---------|---------|
| Operation|       Functional Unit       |    FF   |   LUT   |
|----------|-----------------------------|---------|---------|
|          |       add_ln62_fu_406       |    0    |    39   |
|    add   |       add_ln66_fu_428       |    0    |    39   |
|          |          j_6_fu_474         |    0    |    39   |
|----------|-----------------------------|---------|---------|
|  select  |          j_5_fu_434         |    0    |    32   |
|          |           i_fu_442          |    0    |    32   |
|----------|-----------------------------|---------|---------|
|   icmp   |       icmp_ln62_fu_401      |    0    |    20   |
|          |       icmp_ln65_fu_423      |    0    |    20   |
|----------|-----------------------------|---------|---------|
|          |     mul_read_read_fu_128    |    0    |    0    |
|          |  sext_ln69_read_read_fu_134 |    0    |    0    |
|   read   |        a5_read_fu_147       |    0    |    0    |
|          |    a_col_read_read_fu_153   |    0    |    0    |
|          | gmem0_addr_read_read_fu_159 |    0    |    0    |
|----------|-----------------------------|---------|---------|
|  readreq |      grp_readreq_fu_140     |    0    |    0    |
|----------|-----------------------------|---------|---------|
|   sext   |    sext_ln69_cast_fu_372    |    0    |    0    |
|----------|-----------------------------|---------|---------|
|   zext   |       zext_ln69_fu_450      |    0    |    0    |
|----------|-----------------------------|---------|---------|
|   trunc  |      trunc_ln69_fu_470      |    0    |    0    |
|----------|-----------------------------|---------|---------|
|   Total  |                             |    0    |   221   |
|----------|-----------------------------|---------|---------|

Memories:
N/A

* Register list:
+-----------------------+--------+
|                       |   FF   |
+-----------------------+--------+
|   a_col_read_reg_523  |   32   |
|gmem0_addr_read_reg_531|   32   |
|   gmem0_addr_reg_517  |   32   |
|      i_1_reg_497      |   32   |
|       j_reg_490       |   32   |
|      loc_reg_504      |   32   |
|    mul_read_reg_511   |   32   |
+-----------------------+--------+
|         Total         |   224  |
+-----------------------+--------+

* Multiplexer (MUX) list: 
|--------------------|------|------|------|--------||---------||---------|
|        Comp        |  Pin | Size |  BW  | S x BW ||  Delay  ||   LUT   |
|--------------------|------|------|------|--------||---------||---------|
| grp_readreq_fu_140 |  p1  |   2  |  32  |   64   ||    9    |
| grp_readreq_fu_140 |  p2  |   2  |  32  |   64   ||    9    |
|--------------------|------|------|------|--------||---------||---------|
|        Total       |      |      |      |   128  ||  0.774  ||    18   |
|--------------------|------|------|------|--------||---------||---------|



* Summary:
+-----------+--------+--------+--------+
|           |  Delay |   FF   |   LUT  |
+-----------+--------+--------+--------+
|  Function |    -   |    0   |   221  |
|   Memory  |    -   |    -   |    -   |
|Multiplexer|    0   |    -   |   18   |
|  Register |    -   |   224  |    -   |
+-----------+--------+--------+--------+
|   Total   |    0   |   224  |   239  |
+-----------+--------+--------+--------+
