

================================================================
== Vitis HLS Report for 'mmult_Pipeline_readB'
================================================================
* Date:           Wed Dec  4 13:23:23 2024

* Version:        2022.1 (Build 3526262 on Mon Apr 18 15:47:01 MDT 2022)
* Project:        SA_broadcasting
* Solution:       solution1 (Vivado IP Flow Target)
* Product family: virtexuplus
* Target device:  xcu50-fsvh2104-2-e


================================================================
== Performance Estimates
================================================================
+ Timing: 
    * Summary: 
    +--------+----------+----------+------------+
    |  Clock |  Target  | Estimated| Uncertainty|
    +--------+----------+----------+------------+
    |ap_clk  |  10.00 ns|  7.300 ns|     2.70 ns|
    +--------+----------+----------+------------+

+ Latency: 
    * Summary: 
    +---------+---------+----------+----------+-----+-----+---------+
    |  Latency (cycles) |  Latency (absolute) |  Interval | Pipeline|
    |   min   |   max   |    min   |    max   | min | max |   Type  |
    +---------+---------+----------+----------+-----+-----+---------+
    |      265|      265|  2.650 us|  2.650 us|  265|  265|       no|
    +---------+---------+----------+----------+-----+-----+---------+

    + Detail: 
        * Instance: 
        N/A

        * Loop: 
        +----------+---------+---------+----------+-----------+-----------+------+----------+
        |          |  Latency (cycles) | Iteration|  Initiation Interval  | Trip |          |
        | Loop Name|   min   |   max   |  Latency |  achieved |   target  | Count| Pipelined|
        +----------+---------+---------+----------+-----------+-----------+------+----------+
        |- readB   |      257|      257|         3|          1|          1|   256|       yes|
        +----------+---------+---------+----------+-----------+-----------+------+----------+

============================================================
+ Verbose Summary: Synthesis Manager
============================================================
InlineROM: 1
ExposeGlobal: 0
============================================================
+ Verbose Summary: CDFG Model
============================================================
IsTopModel: 0
ResetActiveHigh: 1
IsCombinational: 0
IsDatapathOnly: 0
HasWiredReturn: 1
HasMFsm: 2
HasVarLatency: 1
IsPipeline: 0
IsRtlPipelined: 0
IsInstanceOverlapped: 0
IsDontTouch: 0
HasImplIP: 0
IsGatedGlobalClock: 0

+ Individual pipeline summary: 
  * Pipeline-0: initiation interval (II) = 1, depth = 3


============================================================
+ Verbose Summary: Schedule
============================================================
* Number of FSM states : 11
* Pipeline : 1
  Pipeline-0 : II = 1, D = 3, States = { 8 9 10 }
* Dataflow Pipeline: 0

* FSM state transitions: 
1 --> 2 
2 --> 3 
3 --> 4 
4 --> 5 
5 --> 6 
6 --> 7 
7 --> 8 
8 --> 11 9 
9 --> 10 
10 --> 8 
11 --> 

* FSM state operations: 

State 1 <SV = 0> <Delay = 7.30>
ST_1 : Operation 12 [1/1] (0.00ns)   --->   "%i = alloca i32 1"   --->   Operation 12 'alloca' 'i' <Predicate = true> <Delay = 0.00>
ST_1 : Operation 13 [1/1] (0.00ns)   --->   "%j_2 = alloca i32 1"   --->   Operation 13 'alloca' 'j_2' <Predicate = true> <Delay = 0.00>
ST_1 : Operation 14 [1/1] (0.00ns)   --->   "%loc_1 = alloca i32 1"   --->   Operation 14 'alloca' 'loc_1' <Predicate = true> <Delay = 0.00>
ST_1 : Operation 15 [1/1] (0.00ns)   --->   "%mul32_read = read i32 @_ssdm_op_Read.ap_auto.i32, i32 %mul32"   --->   Operation 15 'read' 'mul32_read' <Predicate = true> <Delay = 0.00>
ST_1 : Operation 16 [1/1] (0.00ns)   --->   "%sext_ln88_read = read i62 @_ssdm_op_Read.ap_auto.i62, i62 %sext_ln88"   --->   Operation 16 'read' 'sext_ln88_read' <Predicate = true> <Delay = 0.00>
ST_1 : Operation 17 [1/1] (0.00ns)   --->   "%sext_ln88_cast = sext i62 %sext_ln88_read"   --->   Operation 17 'sext' 'sext_ln88_cast' <Predicate = true> <Delay = 0.00>
ST_1 : Operation 18 [1/1] (0.00ns)   --->   "%gmem1_addr = getelementptr i32 %gmem1, i64 %sext_ln88_cast" [SA_broadcasting/src/mmult.cpp:88]   --->   Operation 18 'getelementptr' 'gmem1_addr' <Predicate = true> <Delay = 0.00>
ST_1 : Operation 19 [7/7] (7.30ns)   --->   "%p_rd_req = readreq i1 @_ssdm_op_ReadReq.m_axi.i32P1A, i32 %gmem1_addr, i32 %mul32_read" [SA_broadcasting/src/mmult.cpp:88]   --->   Operation 19 'readreq' 'p_rd_req' <Predicate = true> <Delay = 7.30> <CoreInst = "m_axi">   --->   Core 121 'm_axi' <Latency = 0> <II = 1> <Delay = 1.00> <Adapter> <Opcode : 'read' 'write' 'readreq' 'writereq' 'writeresp'>
ST_1 : Operation 20 [1/1] (0.38ns)   --->   "%store_ln0 = store i32 0, i32 %loc_1"   --->   Operation 20 'store' 'store_ln0' <Predicate = true> <Delay = 0.38>
ST_1 : Operation 21 [1/1] (0.38ns)   --->   "%store_ln0 = store i32 0, i32 %j_2"   --->   Operation 21 'store' 'store_ln0' <Predicate = true> <Delay = 0.38>
ST_1 : Operation 22 [1/1] (0.38ns)   --->   "%store_ln0 = store i32 0, i32 %i"   --->   Operation 22 'store' 'store_ln0' <Predicate = true> <Delay = 0.38>

State 2 <SV = 1> <Delay = 7.30>
ST_2 : Operation 23 [6/7] (7.30ns)   --->   "%p_rd_req = readreq i1 @_ssdm_op_ReadReq.m_axi.i32P1A, i32 %gmem1_addr, i32 %mul32_read" [SA_broadcasting/src/mmult.cpp:88]   --->   Operation 23 'readreq' 'p_rd_req' <Predicate = true> <Delay = 7.30> <CoreInst = "m_axi">   --->   Core 121 'm_axi' <Latency = 0> <II = 1> <Delay = 1.00> <Adapter> <Opcode : 'read' 'write' 'readreq' 'writereq' 'writeresp'>

State 3 <SV = 2> <Delay = 7.30>
ST_3 : Operation 24 [5/7] (7.30ns)   --->   "%p_rd_req = readreq i1 @_ssdm_op_ReadReq.m_axi.i32P1A, i32 %gmem1_addr, i32 %mul32_read" [SA_broadcasting/src/mmult.cpp:88]   --->   Operation 24 'readreq' 'p_rd_req' <Predicate = true> <Delay = 7.30> <CoreInst = "m_axi">   --->   Core 121 'm_axi' <Latency = 0> <II = 1> <Delay = 1.00> <Adapter> <Opcode : 'read' 'write' 'readreq' 'writereq' 'writeresp'>

State 4 <SV = 3> <Delay = 7.30>
ST_4 : Operation 25 [4/7] (7.30ns)   --->   "%p_rd_req = readreq i1 @_ssdm_op_ReadReq.m_axi.i32P1A, i32 %gmem1_addr, i32 %mul32_read" [SA_broadcasting/src/mmult.cpp:88]   --->   Operation 25 'readreq' 'p_rd_req' <Predicate = true> <Delay = 7.30> <CoreInst = "m_axi">   --->   Core 121 'm_axi' <Latency = 0> <II = 1> <Delay = 1.00> <Adapter> <Opcode : 'read' 'write' 'readreq' 'writereq' 'writeresp'>

State 5 <SV = 4> <Delay = 7.30>
ST_5 : Operation 26 [3/7] (7.30ns)   --->   "%p_rd_req = readreq i1 @_ssdm_op_ReadReq.m_axi.i32P1A, i32 %gmem1_addr, i32 %mul32_read" [SA_broadcasting/src/mmult.cpp:88]   --->   Operation 26 'readreq' 'p_rd_req' <Predicate = true> <Delay = 7.30> <CoreInst = "m_axi">   --->   Core 121 'm_axi' <Latency = 0> <II = 1> <Delay = 1.00> <Adapter> <Opcode : 'read' 'write' 'readreq' 'writereq' 'writeresp'>

State 6 <SV = 5> <Delay = 7.30>
ST_6 : Operation 27 [2/7] (7.30ns)   --->   "%p_rd_req = readreq i1 @_ssdm_op_ReadReq.m_axi.i32P1A, i32 %gmem1_addr, i32 %mul32_read" [SA_broadcasting/src/mmult.cpp:88]   --->   Operation 27 'readreq' 'p_rd_req' <Predicate = true> <Delay = 7.30> <CoreInst = "m_axi">   --->   Core 121 'm_axi' <Latency = 0> <II = 1> <Delay = 1.00> <Adapter> <Opcode : 'read' 'write' 'readreq' 'writereq' 'writeresp'>

State 7 <SV = 6> <Delay = 7.30>
ST_7 : Operation 28 [1/1] (0.00ns)   --->   "%b5 = read i64 @_ssdm_op_Read.ap_auto.i64, i64 %b"   --->   Operation 28 'read' 'b5' <Predicate = true> <Delay = 0.00>
ST_7 : Operation 29 [1/1] (0.00ns)   --->   "%b_col_read = read i32 @_ssdm_op_Read.ap_auto.i32, i32 %b_col"   --->   Operation 29 'read' 'b_col_read' <Predicate = true> <Delay = 0.00>
ST_7 : Operation 30 [1/1] (0.00ns)   --->   "%specinterface_ln0 = specinterface void @_ssdm_op_SpecInterface, i32 %gmem1, void @empty_4, i32 0, i32 0, void @empty_5, i32 0, i32 256, void @empty_13, void @empty_7, void @empty_5, i32 16, i32 16, i32 16, i32 16, void @empty_5, void @empty_5, i32 4294967295, i32 0"   --->   Operation 30 'specinterface' 'specinterface_ln0' <Predicate = true> <Delay = 0.00>
ST_7 : Operation 31 [1/7] (7.30ns)   --->   "%p_rd_req = readreq i1 @_ssdm_op_ReadReq.m_axi.i32P1A, i32 %gmem1_addr, i32 %mul32_read" [SA_broadcasting/src/mmult.cpp:88]   --->   Operation 31 'readreq' 'p_rd_req' <Predicate = true> <Delay = 7.30> <CoreInst = "m_axi">   --->   Core 121 'm_axi' <Latency = 0> <II = 1> <Delay = 1.00> <Adapter> <Opcode : 'read' 'write' 'readreq' 'writereq' 'writeresp'>
ST_7 : Operation 32 [1/1] (0.00ns)   --->   "%br_ln0 = br void %for.body35"   --->   Operation 32 'br' 'br_ln0' <Predicate = true> <Delay = 0.00>

State 8 <SV = 7> <Delay = 2.35>
ST_8 : Operation 33 [1/1] (0.00ns)   --->   "%loc = load i32 %loc_1" [SA_broadcasting/src/mmult.cpp:81]   --->   Operation 33 'load' 'loc' <Predicate = true> <Delay = 0.00>
ST_8 : Operation 34 [1/1] (0.00ns)   --->   "%specbitsmap_ln0 = specbitsmap void @_ssdm_op_SpecBitsMap, i32 %gmem1"   --->   Operation 34 'specbitsmap' 'specbitsmap_ln0' <Predicate = true> <Delay = 0.00>
ST_8 : Operation 35 [1/1] (0.85ns)   --->   "%icmp_ln81 = icmp_eq  i32 %loc, i32 %mul32_read" [SA_broadcasting/src/mmult.cpp:81]   --->   Operation 35 'icmp' 'icmp_ln81' <Predicate = true> <Delay = 0.85> <CoreInst = "Cmp">   --->   Core 9 'Cmp' <Latency = 0> <II = 1> <Delay = 0.85> <FuncUnit> <Opcode : 'icmp'> <InPorts = 2> <OutPorts = 1>
ST_8 : Operation 36 [1/1] (0.88ns)   --->   "%add_ln81 = add i32 %loc, i32 1" [SA_broadcasting/src/mmult.cpp:81]   --->   Operation 36 'add' 'add_ln81' <Predicate = true> <Delay = 0.88> <CoreInst = "Adder">   --->   Core 1 'Adder' <Latency = 0> <II = 1> <Delay = 0.88> <FuncUnit> <Opcode : 'add' 'sub'> <InPorts = 2> <OutPorts = 1>
ST_8 : Operation 37 [1/1] (0.00ns)   --->   "%br_ln81 = br i1 %icmp_ln81, void %for.body35.split, void %systolic1.loopexit.exitStub" [SA_broadcasting/src/mmult.cpp:81]   --->   Operation 37 'br' 'br_ln81' <Predicate = true> <Delay = 0.00>
ST_8 : Operation 38 [1/1] (0.00ns)   --->   "%j_2_load = load i32 %j_2" [SA_broadcasting/src/mmult.cpp:84]   --->   Operation 38 'load' 'j_2_load' <Predicate = (!icmp_ln81)> <Delay = 0.00>
ST_8 : Operation 39 [1/1] (0.85ns)   --->   "%icmp_ln84 = icmp_eq  i32 %j_2_load, i32 %b_col_read" [SA_broadcasting/src/mmult.cpp:84]   --->   Operation 39 'icmp' 'icmp_ln84' <Predicate = (!icmp_ln81)> <Delay = 0.85> <CoreInst = "Cmp">   --->   Core 9 'Cmp' <Latency = 0> <II = 1> <Delay = 0.85> <FuncUnit> <Opcode : 'icmp'> <InPorts = 2> <OutPorts = 1>
ST_8 : Operation 40 [1/1] (0.22ns)   --->   "%j = select i1 %icmp_ln84, i32 0, i32 %j_2_load" [SA_broadcasting/src/mmult.cpp:84]   --->   Operation 40 'select' 'j' <Predicate = (!icmp_ln81)> <Delay = 0.22> <CoreInst = "Sel">   --->   Core 73 'Sel' <Latency = 0> <II = 1> <Delay = 0.22> <FuncUnit> <Opcode : 'select'> <InPorts = 3> <OutPorts = 1>
ST_8 : Operation 41 [1/1] (0.00ns)   --->   "%trunc_ln88 = trunc i32 %j" [SA_broadcasting/src/mmult.cpp:88]   --->   Operation 41 'trunc' 'trunc_ln88' <Predicate = (!icmp_ln81)> <Delay = 0.00>
ST_8 : Operation 42 [1/1] (0.34ns)   --->   "%switch_ln88 = switch i4 %trunc_ln88, void %arrayidx456.case.15, i4 0, void %arrayidx456.case.0, i4 1, void %arrayidx456.case.1, i4 2, void %arrayidx456.case.2, i4 3, void %arrayidx456.case.3, i4 4, void %arrayidx456.case.4, i4 5, void %arrayidx456.case.5, i4 6, void %arrayidx456.case.6, i4 7, void %arrayidx456.case.7, i4 8, void %arrayidx456.case.8, i4 9, void %arrayidx456.case.9, i4 10, void %arrayidx456.case.10, i4 11, void %arrayidx456.case.11, i4 12, void %arrayidx456.case.12, i4 13, void %arrayidx456.case.13, i4 14, void %arrayidx456.case.14" [SA_broadcasting/src/mmult.cpp:88]   --->   Operation 42 'switch' 'switch_ln88' <Predicate = (!icmp_ln81)> <Delay = 0.34>
ST_8 : Operation 43 [1/1] (0.88ns)   --->   "%j_3 = add i32 %j, i32 1" [SA_broadcasting/src/mmult.cpp:81]   --->   Operation 43 'add' 'j_3' <Predicate = (!icmp_ln81)> <Delay = 0.88> <CoreInst = "Adder">   --->   Core 1 'Adder' <Latency = 0> <II = 1> <Delay = 0.88> <FuncUnit> <Opcode : 'add' 'sub'> <InPorts = 2> <OutPorts = 1>
ST_8 : Operation 44 [1/1] (0.38ns)   --->   "%store_ln81 = store i32 %add_ln81, i32 %loc_1" [SA_broadcasting/src/mmult.cpp:81]   --->   Operation 44 'store' 'store_ln81' <Predicate = (!icmp_ln81)> <Delay = 0.38>
ST_8 : Operation 45 [1/1] (0.38ns)   --->   "%store_ln81 = store i32 %j_3, i32 %j_2" [SA_broadcasting/src/mmult.cpp:81]   --->   Operation 45 'store' 'store_ln81' <Predicate = (!icmp_ln81)> <Delay = 0.38>

State 9 <SV = 8> <Delay = 7.30>
ST_9 : Operation 46 [1/1] (7.30ns)   --->   "%gmem1_addr_read = read i32 @_ssdm_op_Read.m_axi.i32P1A, i32 %gmem1_addr" [SA_broadcasting/src/mmult.cpp:88]   --->   Operation 46 'read' 'gmem1_addr_read' <Predicate = true> <Delay = 7.30> <CoreInst = "m_axi">   --->   Core 121 'm_axi' <Latency = 0> <II = 1> <Delay = 1.00> <Adapter> <Opcode : 'read' 'write' 'readreq' 'writereq' 'writeresp'>

State 10 <SV = 9> <Delay = 1.80>
ST_10 : Operation 47 [1/1] (0.00ns)   --->   "%i_load = load i32 %i" [SA_broadcasting/src/mmult.cpp:85]   --->   Operation 47 'load' 'i_load' <Predicate = true> <Delay = 0.00>
ST_10 : Operation 48 [1/1] (0.00ns)   --->   "%specpipeline_ln83 = specpipeline void @_ssdm_op_SpecPipeline, i32 4294967295, i32 0, i32 0, i32 0, void @empty_5" [SA_broadcasting/src/mmult.cpp:83]   --->   Operation 48 'specpipeline' 'specpipeline_ln83' <Predicate = true> <Delay = 0.00>
ST_10 : Operation 49 [1/1] (0.00ns)   --->   "%speclooptripcount_ln82 = speclooptripcount void @_ssdm_op_SpecLoopTripCount, i64 256, i64 256, i64 256" [SA_broadcasting/src/mmult.cpp:82]   --->   Operation 49 'speclooptripcount' 'speclooptripcount_ln82' <Predicate = true> <Delay = 0.00>
ST_10 : Operation 50 [1/1] (0.00ns)   --->   "%specloopname_ln81 = specloopname void @_ssdm_op_SpecLoopName, void @empty_16" [SA_broadcasting/src/mmult.cpp:81]   --->   Operation 50 'specloopname' 'specloopname_ln81' <Predicate = true> <Delay = 0.00>
ST_10 : Operation 51 [1/1] (0.88ns)   --->   "%add_ln85 = add i32 %i_load, i32 1" [SA_broadcasting/src/mmult.cpp:85]   --->   Operation 51 'add' 'add_ln85' <Predicate = (icmp_ln84)> <Delay = 0.88> <CoreInst = "Adder">   --->   Core 1 'Adder' <Latency = 0> <II = 1> <Delay = 0.88> <FuncUnit> <Opcode : 'add' 'sub'> <InPorts = 2> <OutPorts = 1>
ST_10 : Operation 52 [1/1] (0.22ns)   --->   "%i_2 = select i1 %icmp_ln84, i32 %add_ln85, i32 %i_load" [SA_broadcasting/src/mmult.cpp:84]   --->   Operation 52 'select' 'i_2' <Predicate = true> <Delay = 0.22> <CoreInst = "Sel">   --->   Core 73 'Sel' <Latency = 0> <II = 1> <Delay = 0.22> <FuncUnit> <Opcode : 'select'> <InPorts = 3> <OutPorts = 1>
ST_10 : Operation 53 [1/1] (0.00ns)   --->   "%zext_ln88 = zext i32 %i_2" [SA_broadcasting/src/mmult.cpp:88]   --->   Operation 53 'zext' 'zext_ln88' <Predicate = true> <Delay = 0.00>
ST_10 : Operation 54 [1/1] (0.00ns)   --->   "%localB_addr = getelementptr i32 %localB, i64 0, i64 %zext_ln88" [SA_broadcasting/src/mmult.cpp:88]   --->   Operation 54 'getelementptr' 'localB_addr' <Predicate = true> <Delay = 0.00>
ST_10 : Operation 55 [1/1] (0.00ns)   --->   "%localB_1_addr = getelementptr i32 %localB_1, i64 0, i64 %zext_ln88" [SA_broadcasting/src/mmult.cpp:88]   --->   Operation 55 'getelementptr' 'localB_1_addr' <Predicate = true> <Delay = 0.00>
ST_10 : Operation 56 [1/1] (0.00ns)   --->   "%localB_2_addr = getelementptr i32 %localB_2, i64 0, i64 %zext_ln88" [SA_broadcasting/src/mmult.cpp:88]   --->   Operation 56 'getelementptr' 'localB_2_addr' <Predicate = true> <Delay = 0.00>
ST_10 : Operation 57 [1/1] (0.00ns)   --->   "%localB_3_addr = getelementptr i32 %localB_3, i64 0, i64 %zext_ln88" [SA_broadcasting/src/mmult.cpp:88]   --->   Operation 57 'getelementptr' 'localB_3_addr' <Predicate = true> <Delay = 0.00>
ST_10 : Operation 58 [1/1] (0.00ns)   --->   "%localB_4_addr = getelementptr i32 %localB_4, i64 0, i64 %zext_ln88" [SA_broadcasting/src/mmult.cpp:88]   --->   Operation 58 'getelementptr' 'localB_4_addr' <Predicate = true> <Delay = 0.00>
ST_10 : Operation 59 [1/1] (0.00ns)   --->   "%localB_5_addr = getelementptr i32 %localB_5, i64 0, i64 %zext_ln88" [SA_broadcasting/src/mmult.cpp:88]   --->   Operation 59 'getelementptr' 'localB_5_addr' <Predicate = true> <Delay = 0.00>
ST_10 : Operation 60 [1/1] (0.00ns)   --->   "%localB_6_addr = getelementptr i32 %localB_6, i64 0, i64 %zext_ln88" [SA_broadcasting/src/mmult.cpp:88]   --->   Operation 60 'getelementptr' 'localB_6_addr' <Predicate = true> <Delay = 0.00>
ST_10 : Operation 61 [1/1] (0.00ns)   --->   "%localB_7_addr = getelementptr i32 %localB_7, i64 0, i64 %zext_ln88" [SA_broadcasting/src/mmult.cpp:88]   --->   Operation 61 'getelementptr' 'localB_7_addr' <Predicate = true> <Delay = 0.00>
ST_10 : Operation 62 [1/1] (0.00ns)   --->   "%localB_8_addr = getelementptr i32 %localB_8, i64 0, i64 %zext_ln88" [SA_broadcasting/src/mmult.cpp:88]   --->   Operation 62 'getelementptr' 'localB_8_addr' <Predicate = true> <Delay = 0.00>
ST_10 : Operation 63 [1/1] (0.00ns)   --->   "%localB_9_addr = getelementptr i32 %localB_9, i64 0, i64 %zext_ln88" [SA_broadcasting/src/mmult.cpp:88]   --->   Operation 63 'getelementptr' 'localB_9_addr' <Predicate = true> <Delay = 0.00>
ST_10 : Operation 64 [1/1] (0.00ns)   --->   "%localB_10_addr = getelementptr i32 %localB_10, i64 0, i64 %zext_ln88" [SA_broadcasting/src/mmult.cpp:88]   --->   Operation 64 'getelementptr' 'localB_10_addr' <Predicate = true> <Delay = 0.00>
ST_10 : Operation 65 [1/1] (0.00ns)   --->   "%localB_11_addr = getelementptr i32 %localB_11, i64 0, i64 %zext_ln88" [SA_broadcasting/src/mmult.cpp:88]   --->   Operation 65 'getelementptr' 'localB_11_addr' <Predicate = true> <Delay = 0.00>
ST_10 : Operation 66 [1/1] (0.00ns)   --->   "%localB_12_addr = getelementptr i32 %localB_12, i64 0, i64 %zext_ln88" [SA_broadcasting/src/mmult.cpp:88]   --->   Operation 66 'getelementptr' 'localB_12_addr' <Predicate = true> <Delay = 0.00>
ST_10 : Operation 67 [1/1] (0.00ns)   --->   "%localB_13_addr = getelementptr i32 %localB_13, i64 0, i64 %zext_ln88" [SA_broadcasting/src/mmult.cpp:88]   --->   Operation 67 'getelementptr' 'localB_13_addr' <Predicate = true> <Delay = 0.00>
ST_10 : Operation 68 [1/1] (0.00ns)   --->   "%localB_14_addr = getelementptr i32 %localB_14, i64 0, i64 %zext_ln88" [SA_broadcasting/src/mmult.cpp:88]   --->   Operation 68 'getelementptr' 'localB_14_addr' <Predicate = true> <Delay = 0.00>
ST_10 : Operation 69 [1/1] (0.00ns)   --->   "%localB_15_addr = getelementptr i32 %localB_15, i64 0, i64 %zext_ln88" [SA_broadcasting/src/mmult.cpp:88]   --->   Operation 69 'getelementptr' 'localB_15_addr' <Predicate = true> <Delay = 0.00>
ST_10 : Operation 70 [1/1] (0.69ns)   --->   "%store_ln88 = store i32 %gmem1_addr_read, i4 %localB_14_addr" [SA_broadcasting/src/mmult.cpp:88]   --->   Operation 70 'store' 'store_ln88' <Predicate = (trunc_ln88 == 14)> <Delay = 0.69> <CoreInst = "RAM">   --->   Core 83 'RAM' <Latency = 1> <II = 1> <Delay = 0.69> <Storage> <Opcode : 'load' 'store'> <Ports = 2> <Width = 32> <Depth = 16> <RAM>
ST_10 : Operation 71 [1/1] (0.00ns)   --->   "%br_ln88 = br void %arrayidx456.exit" [SA_broadcasting/src/mmult.cpp:88]   --->   Operation 71 'br' 'br_ln88' <Predicate = (trunc_ln88 == 14)> <Delay = 0.00>
ST_10 : Operation 72 [1/1] (0.69ns)   --->   "%store_ln88 = store i32 %gmem1_addr_read, i4 %localB_13_addr" [SA_broadcasting/src/mmult.cpp:88]   --->   Operation 72 'store' 'store_ln88' <Predicate = (trunc_ln88 == 13)> <Delay = 0.69> <CoreInst = "RAM">   --->   Core 83 'RAM' <Latency = 1> <II = 1> <Delay = 0.69> <Storage> <Opcode : 'load' 'store'> <Ports = 2> <Width = 32> <Depth = 16> <RAM>
ST_10 : Operation 73 [1/1] (0.00ns)   --->   "%br_ln88 = br void %arrayidx456.exit" [SA_broadcasting/src/mmult.cpp:88]   --->   Operation 73 'br' 'br_ln88' <Predicate = (trunc_ln88 == 13)> <Delay = 0.00>
ST_10 : Operation 74 [1/1] (0.69ns)   --->   "%store_ln88 = store i32 %gmem1_addr_read, i4 %localB_12_addr" [SA_broadcasting/src/mmult.cpp:88]   --->   Operation 74 'store' 'store_ln88' <Predicate = (trunc_ln88 == 12)> <Delay = 0.69> <CoreInst = "RAM">   --->   Core 83 'RAM' <Latency = 1> <II = 1> <Delay = 0.69> <Storage> <Opcode : 'load' 'store'> <Ports = 2> <Width = 32> <Depth = 16> <RAM>
ST_10 : Operation 75 [1/1] (0.00ns)   --->   "%br_ln88 = br void %arrayidx456.exit" [SA_broadcasting/src/mmult.cpp:88]   --->   Operation 75 'br' 'br_ln88' <Predicate = (trunc_ln88 == 12)> <Delay = 0.00>
ST_10 : Operation 76 [1/1] (0.69ns)   --->   "%store_ln88 = store i32 %gmem1_addr_read, i4 %localB_11_addr" [SA_broadcasting/src/mmult.cpp:88]   --->   Operation 76 'store' 'store_ln88' <Predicate = (trunc_ln88 == 11)> <Delay = 0.69> <CoreInst = "RAM">   --->   Core 83 'RAM' <Latency = 1> <II = 1> <Delay = 0.69> <Storage> <Opcode : 'load' 'store'> <Ports = 2> <Width = 32> <Depth = 16> <RAM>
ST_10 : Operation 77 [1/1] (0.00ns)   --->   "%br_ln88 = br void %arrayidx456.exit" [SA_broadcasting/src/mmult.cpp:88]   --->   Operation 77 'br' 'br_ln88' <Predicate = (trunc_ln88 == 11)> <Delay = 0.00>
ST_10 : Operation 78 [1/1] (0.69ns)   --->   "%store_ln88 = store i32 %gmem1_addr_read, i4 %localB_10_addr" [SA_broadcasting/src/mmult.cpp:88]   --->   Operation 78 'store' 'store_ln88' <Predicate = (trunc_ln88 == 10)> <Delay = 0.69> <CoreInst = "RAM">   --->   Core 83 'RAM' <Latency = 1> <II = 1> <Delay = 0.69> <Storage> <Opcode : 'load' 'store'> <Ports = 2> <Width = 32> <Depth = 16> <RAM>
ST_10 : Operation 79 [1/1] (0.00ns)   --->   "%br_ln88 = br void %arrayidx456.exit" [SA_broadcasting/src/mmult.cpp:88]   --->   Operation 79 'br' 'br_ln88' <Predicate = (trunc_ln88 == 10)> <Delay = 0.00>
ST_10 : Operation 80 [1/1] (0.69ns)   --->   "%store_ln88 = store i32 %gmem1_addr_read, i4 %localB_9_addr" [SA_broadcasting/src/mmult.cpp:88]   --->   Operation 80 'store' 'store_ln88' <Predicate = (trunc_ln88 == 9)> <Delay = 0.69> <CoreInst = "RAM">   --->   Core 83 'RAM' <Latency = 1> <II = 1> <Delay = 0.69> <Storage> <Opcode : 'load' 'store'> <Ports = 2> <Width = 32> <Depth = 16> <RAM>
ST_10 : Operation 81 [1/1] (0.00ns)   --->   "%br_ln88 = br void %arrayidx456.exit" [SA_broadcasting/src/mmult.cpp:88]   --->   Operation 81 'br' 'br_ln88' <Predicate = (trunc_ln88 == 9)> <Delay = 0.00>
ST_10 : Operation 82 [1/1] (0.69ns)   --->   "%store_ln88 = store i32 %gmem1_addr_read, i4 %localB_8_addr" [SA_broadcasting/src/mmult.cpp:88]   --->   Operation 82 'store' 'store_ln88' <Predicate = (trunc_ln88 == 8)> <Delay = 0.69> <CoreInst = "RAM">   --->   Core 83 'RAM' <Latency = 1> <II = 1> <Delay = 0.69> <Storage> <Opcode : 'load' 'store'> <Ports = 2> <Width = 32> <Depth = 16> <RAM>
ST_10 : Operation 83 [1/1] (0.00ns)   --->   "%br_ln88 = br void %arrayidx456.exit" [SA_broadcasting/src/mmult.cpp:88]   --->   Operation 83 'br' 'br_ln88' <Predicate = (trunc_ln88 == 8)> <Delay = 0.00>
ST_10 : Operation 84 [1/1] (0.69ns)   --->   "%store_ln88 = store i32 %gmem1_addr_read, i4 %localB_7_addr" [SA_broadcasting/src/mmult.cpp:88]   --->   Operation 84 'store' 'store_ln88' <Predicate = (trunc_ln88 == 7)> <Delay = 0.69> <CoreInst = "RAM">   --->   Core 83 'RAM' <Latency = 1> <II = 1> <Delay = 0.69> <Storage> <Opcode : 'load' 'store'> <Ports = 2> <Width = 32> <Depth = 16> <RAM>
ST_10 : Operation 85 [1/1] (0.00ns)   --->   "%br_ln88 = br void %arrayidx456.exit" [SA_broadcasting/src/mmult.cpp:88]   --->   Operation 85 'br' 'br_ln88' <Predicate = (trunc_ln88 == 7)> <Delay = 0.00>
ST_10 : Operation 86 [1/1] (0.69ns)   --->   "%store_ln88 = store i32 %gmem1_addr_read, i4 %localB_6_addr" [SA_broadcasting/src/mmult.cpp:88]   --->   Operation 86 'store' 'store_ln88' <Predicate = (trunc_ln88 == 6)> <Delay = 0.69> <CoreInst = "RAM">   --->   Core 83 'RAM' <Latency = 1> <II = 1> <Delay = 0.69> <Storage> <Opcode : 'load' 'store'> <Ports = 2> <Width = 32> <Depth = 16> <RAM>
ST_10 : Operation 87 [1/1] (0.00ns)   --->   "%br_ln88 = br void %arrayidx456.exit" [SA_broadcasting/src/mmult.cpp:88]   --->   Operation 87 'br' 'br_ln88' <Predicate = (trunc_ln88 == 6)> <Delay = 0.00>
ST_10 : Operation 88 [1/1] (0.69ns)   --->   "%store_ln88 = store i32 %gmem1_addr_read, i4 %localB_5_addr" [SA_broadcasting/src/mmult.cpp:88]   --->   Operation 88 'store' 'store_ln88' <Predicate = (trunc_ln88 == 5)> <Delay = 0.69> <CoreInst = "RAM">   --->   Core 83 'RAM' <Latency = 1> <II = 1> <Delay = 0.69> <Storage> <Opcode : 'load' 'store'> <Ports = 2> <Width = 32> <Depth = 16> <RAM>
ST_10 : Operation 89 [1/1] (0.00ns)   --->   "%br_ln88 = br void %arrayidx456.exit" [SA_broadcasting/src/mmult.cpp:88]   --->   Operation 89 'br' 'br_ln88' <Predicate = (trunc_ln88 == 5)> <Delay = 0.00>
ST_10 : Operation 90 [1/1] (0.69ns)   --->   "%store_ln88 = store i32 %gmem1_addr_read, i4 %localB_4_addr" [SA_broadcasting/src/mmult.cpp:88]   --->   Operation 90 'store' 'store_ln88' <Predicate = (trunc_ln88 == 4)> <Delay = 0.69> <CoreInst = "RAM">   --->   Core 83 'RAM' <Latency = 1> <II = 1> <Delay = 0.69> <Storage> <Opcode : 'load' 'store'> <Ports = 2> <Width = 32> <Depth = 16> <RAM>
ST_10 : Operation 91 [1/1] (0.00ns)   --->   "%br_ln88 = br void %arrayidx456.exit" [SA_broadcasting/src/mmult.cpp:88]   --->   Operation 91 'br' 'br_ln88' <Predicate = (trunc_ln88 == 4)> <Delay = 0.00>
ST_10 : Operation 92 [1/1] (0.69ns)   --->   "%store_ln88 = store i32 %gmem1_addr_read, i4 %localB_3_addr" [SA_broadcasting/src/mmult.cpp:88]   --->   Operation 92 'store' 'store_ln88' <Predicate = (trunc_ln88 == 3)> <Delay = 0.69> <CoreInst = "RAM">   --->   Core 83 'RAM' <Latency = 1> <II = 1> <Delay = 0.69> <Storage> <Opcode : 'load' 'store'> <Ports = 2> <Width = 32> <Depth = 16> <RAM>
ST_10 : Operation 93 [1/1] (0.00ns)   --->   "%br_ln88 = br void %arrayidx456.exit" [SA_broadcasting/src/mmult.cpp:88]   --->   Operation 93 'br' 'br_ln88' <Predicate = (trunc_ln88 == 3)> <Delay = 0.00>
ST_10 : Operation 94 [1/1] (0.69ns)   --->   "%store_ln88 = store i32 %gmem1_addr_read, i4 %localB_2_addr" [SA_broadcasting/src/mmult.cpp:88]   --->   Operation 94 'store' 'store_ln88' <Predicate = (trunc_ln88 == 2)> <Delay = 0.69> <CoreInst = "RAM">   --->   Core 83 'RAM' <Latency = 1> <II = 1> <Delay = 0.69> <Storage> <Opcode : 'load' 'store'> <Ports = 2> <Width = 32> <Depth = 16> <RAM>
ST_10 : Operation 95 [1/1] (0.00ns)   --->   "%br_ln88 = br void %arrayidx456.exit" [SA_broadcasting/src/mmult.cpp:88]   --->   Operation 95 'br' 'br_ln88' <Predicate = (trunc_ln88 == 2)> <Delay = 0.00>
ST_10 : Operation 96 [1/1] (0.69ns)   --->   "%store_ln88 = store i32 %gmem1_addr_read, i4 %localB_1_addr" [SA_broadcasting/src/mmult.cpp:88]   --->   Operation 96 'store' 'store_ln88' <Predicate = (trunc_ln88 == 1)> <Delay = 0.69> <CoreInst = "RAM">   --->   Core 83 'RAM' <Latency = 1> <II = 1> <Delay = 0.69> <Storage> <Opcode : 'load' 'store'> <Ports = 2> <Width = 32> <Depth = 16> <RAM>
ST_10 : Operation 97 [1/1] (0.00ns)   --->   "%br_ln88 = br void %arrayidx456.exit" [SA_broadcasting/src/mmult.cpp:88]   --->   Operation 97 'br' 'br_ln88' <Predicate = (trunc_ln88 == 1)> <Delay = 0.00>
ST_10 : Operation 98 [1/1] (0.69ns)   --->   "%store_ln88 = store i32 %gmem1_addr_read, i4 %localB_addr" [SA_broadcasting/src/mmult.cpp:88]   --->   Operation 98 'store' 'store_ln88' <Predicate = (trunc_ln88 == 0)> <Delay = 0.69> <CoreInst = "RAM">   --->   Core 83 'RAM' <Latency = 1> <II = 1> <Delay = 0.69> <Storage> <Opcode : 'load' 'store'> <Ports = 2> <Width = 32> <Depth = 16> <RAM>
ST_10 : Operation 99 [1/1] (0.00ns)   --->   "%br_ln88 = br void %arrayidx456.exit" [SA_broadcasting/src/mmult.cpp:88]   --->   Operation 99 'br' 'br_ln88' <Predicate = (trunc_ln88 == 0)> <Delay = 0.00>
ST_10 : Operation 100 [1/1] (0.69ns)   --->   "%store_ln88 = store i32 %gmem1_addr_read, i4 %localB_15_addr" [SA_broadcasting/src/mmult.cpp:88]   --->   Operation 100 'store' 'store_ln88' <Predicate = (trunc_ln88 == 15)> <Delay = 0.69> <CoreInst = "RAM">   --->   Core 83 'RAM' <Latency = 1> <II = 1> <Delay = 0.69> <Storage> <Opcode : 'load' 'store'> <Ports = 2> <Width = 32> <Depth = 16> <RAM>
ST_10 : Operation 101 [1/1] (0.00ns)   --->   "%br_ln88 = br void %arrayidx456.exit" [SA_broadcasting/src/mmult.cpp:88]   --->   Operation 101 'br' 'br_ln88' <Predicate = (trunc_ln88 == 15)> <Delay = 0.00>
ST_10 : Operation 102 [1/1] (0.38ns)   --->   "%store_ln81 = store i32 %i_2, i32 %i" [SA_broadcasting/src/mmult.cpp:81]   --->   Operation 102 'store' 'store_ln81' <Predicate = true> <Delay = 0.38>
ST_10 : Operation 103 [1/1] (0.00ns)   --->   "%br_ln81 = br void %for.body35" [SA_broadcasting/src/mmult.cpp:81]   --->   Operation 103 'br' 'br_ln81' <Predicate = true> <Delay = 0.00>

State 11 <SV = 8> <Delay = 0.00>
ST_11 : Operation 104 [1/1] (0.00ns)   --->   "%ret_ln0 = ret"   --->   Operation 104 'ret' 'ret_ln0' <Predicate = true> <Delay = 0.00>


============================================================
+ Verbose Summary: Timing violations
============================================================
Target clock period: 10ns, clock uncertainty: 2.7ns.

 <State 1>: 7.3ns
The critical path consists of the following:
	wire read operation ('mul32_read') on port 'mul32' [27]  (0 ns)
	bus request operation ('p_rd_req', SA_broadcasting/src/mmult.cpp:88) on port 'gmem1' (SA_broadcasting/src/mmult.cpp:88) [32]  (7.3 ns)

 <State 2>: 7.3ns
The critical path consists of the following:
	bus request operation ('p_rd_req', SA_broadcasting/src/mmult.cpp:88) on port 'gmem1' (SA_broadcasting/src/mmult.cpp:88) [32]  (7.3 ns)

 <State 3>: 7.3ns
The critical path consists of the following:
	bus request operation ('p_rd_req', SA_broadcasting/src/mmult.cpp:88) on port 'gmem1' (SA_broadcasting/src/mmult.cpp:88) [32]  (7.3 ns)

 <State 4>: 7.3ns
The critical path consists of the following:
	bus request operation ('p_rd_req', SA_broadcasting/src/mmult.cpp:88) on port 'gmem1' (SA_broadcasting/src/mmult.cpp:88) [32]  (7.3 ns)

 <State 5>: 7.3ns
The critical path consists of the following:
	bus request operation ('p_rd_req', SA_broadcasting/src/mmult.cpp:88) on port 'gmem1' (SA_broadcasting/src/mmult.cpp:88) [32]  (7.3 ns)

 <State 6>: 7.3ns
The critical path consists of the following:
	bus request operation ('p_rd_req', SA_broadcasting/src/mmult.cpp:88) on port 'gmem1' (SA_broadcasting/src/mmult.cpp:88) [32]  (7.3 ns)

 <State 7>: 7.3ns
The critical path consists of the following:
	bus request operation ('p_rd_req', SA_broadcasting/src/mmult.cpp:88) on port 'gmem1' (SA_broadcasting/src/mmult.cpp:88) [32]  (7.3 ns)

 <State 8>: 2.35ns
The critical path consists of the following:
	'load' operation ('j_2_load', SA_broadcasting/src/mmult.cpp:84) on local variable 'j' [45]  (0 ns)
	'icmp' operation ('icmp_ln84', SA_broadcasting/src/mmult.cpp:84) [49]  (0.859 ns)
	'select' operation ('j', SA_broadcasting/src/mmult.cpp:84) [52]  (0.227 ns)
	'add' operation ('j', SA_broadcasting/src/mmult.cpp:81) [122]  (0.88 ns)
	'store' operation ('store_ln81', SA_broadcasting/src/mmult.cpp:81) of variable 'j', SA_broadcasting/src/mmult.cpp:81 on local variable 'j' [124]  (0.387 ns)

 <State 9>: 7.3ns
The critical path consists of the following:
	bus read operation ('gmem1_addr_read', SA_broadcasting/src/mmult.cpp:88) on port 'gmem1' (SA_broadcasting/src/mmult.cpp:88) [53]  (7.3 ns)

 <State 10>: 1.81ns
The critical path consists of the following:
	'load' operation ('i_load', SA_broadcasting/src/mmult.cpp:85) on local variable 'i' [44]  (0 ns)
	'add' operation ('add_ln85', SA_broadcasting/src/mmult.cpp:85) [50]  (0.88 ns)
	'select' operation ('i', SA_broadcasting/src/mmult.cpp:84) [51]  (0.227 ns)
	'getelementptr' operation ('localB_14_addr', SA_broadcasting/src/mmult.cpp:88) [69]  (0 ns)
	'store' operation ('store_ln88', SA_broadcasting/src/mmult.cpp:88) of variable 'gmem1_addr_read', SA_broadcasting/src/mmult.cpp:88 on array 'localB_14' [74]  (0.699 ns)

 <State 11>: 0ns
The critical path consists of the following:


============================================================
+ Verbose Summary: Binding
============================================================
N/A
* FSMD analyzer results:
  - Output states:
 - Input state : 
  - Chain level:
	State 1
	State 2
	State 3
	State 4
	State 5
	State 6
	State 7
	State 8
	State 9
	State 10
	State 11


============================================================
+ Verbose Summary: Datapath Resource usage 
============================================================
N/A
