

================================================================
== Vitis HLS Report for 'getinstream'
================================================================
* Date:           Thu Dec 14 14:20:38 2023

* Version:        2022.1 (Build 3526262 on Mon Apr 18 15:48:16 MDT 2022)
* Project:        userdma_upsb_1204_refine
* Solution:       solution1 (Vivado IP Flow Target)
* Product family: zynq
* Target device:  xc7z020-clg400-1


================================================================
== Performance Estimates
================================================================
+ Timing: 
    * Summary: 
    +--------+----------+----------+------------+
    |  Clock |  Target  | Estimated| Uncertainty|
    +--------+----------+----------+------------+
    |ap_clk  |  10.00 ns|  6.613 ns|     2.70 ns|
    +--------+----------+----------+------------+

+ Latency: 
    * Summary: 
    +---------+---------+----------+----------+-----+-----+---------+
    |  Latency (cycles) |  Latency (absolute) |  Interval | Pipeline|
    |   min   |   max   |    min   |    max   | min | max |   Type  |
    +---------+---------+----------+----------+-----+-----+---------+
    |        ?|        ?|         ?|         ?|    ?|    ?|       no|
    +---------+---------+----------+----------+-----+-----+---------+

    + Detail: 
        * Instance: 
        N/A

        * Loop: 
        N/A

============================================================
+ Verbose Summary: Synthesis Manager
============================================================
InlineROM: 1
ExposeGlobal: 0
============================================================
+ Verbose Summary: CDFG Model
============================================================
IsTopModel: 0
ResetActiveHigh: 1
IsCombinational: 2
IsDatapathOnly: 0
HasWiredReturn: 1
HasMFsm: 0
HasVarLatency: 1
IsPipeline: 0
IsRtlPipelined: 0
IsInstanceOverlapped: 0
IsDontTouch: 0
HasImplIP: 0
IsGatedGlobalClock: 0


============================================================
+ Verbose Summary: Schedule
============================================================
* Number of FSM states : 3
* Pipeline : 0
* Dataflow Pipeline: 0

* FSM state transitions: 
1 --> 2 3 
2 --> 3 
3 --> 

* FSM state operations: 

State 1 <SV = 0> <Delay = 6.08>
ST_1 : Operation 4 [1/1] (0.00ns)   --->   "%in_Img_width_read = read i32 @_ssdm_op_Read.ap_auto.i32, i32 %in_Img_width"   --->   Operation 4 'read' 'in_Img_width_read' <Predicate = true> <Delay = 0.00>
ST_1 : Operation 5 [1/1] (0.00ns)   --->   "%in_s2m_len_read = read i32 @_ssdm_op_Read.ap_auto.i32, i32 %in_s2m_len"   --->   Operation 5 'read' 'in_s2m_len_read' <Predicate = true> <Delay = 0.00>
ST_1 : Operation 6 [1/1] (0.00ns)   --->   "%in_en_clrsts_read = read i1 @_ssdm_op_Read.ap_auto.i1, i1 %in_en_clrsts"   --->   Operation 6 'read' 'in_en_clrsts_read' <Predicate = true> <Delay = 0.00>
ST_1 : Operation 7 [1/1] (0.00ns)   --->   "%icmp_ln1065_loc = alloca i64 1"   --->   Operation 7 'alloca' 'icmp_ln1065_loc' <Predicate = true> <Delay = 0.00>
ST_1 : Operation 8 [1/1] (0.00ns)   --->   "%tmp_user_V_loc = alloca i64 1"   --->   Operation 8 'alloca' 'tmp_user_V_loc' <Predicate = true> <Delay = 0.00>
ST_1 : Operation 9 [1/1] (0.00ns)   --->   "%specinterface_ln0 = specinterface void @_ssdm_op_SpecInterface, i1 %s2m_enb_clrsts_c, void @ap_fifo_str, i32 0, i32 0, void @p_str, i32 0, i32 0, void @p_str, void @p_str, void @p_str, i32 2, i32 2, i32 16, i32 16, void @p_str, void @ScalarProp_str, i32 4294967295, i32 0"   --->   Operation 9 'specinterface' 'specinterface_ln0' <Predicate = true> <Delay = 0.00>
ST_1 : Operation 10 [1/1] (3.63ns)   --->   "%write_ln0 = write void @_ssdm_op_Write.ap_fifo.i1P0A, i1 %s2m_enb_clrsts_c, i1 %in_en_clrsts_read"   --->   Operation 10 'write' 'write_ln0' <Predicate = true> <Delay = 3.63> <CoreInst = "FIFO_SRL">   --->   Core 81 'FIFO_SRL' <Latency = 0> <II = 1> <Delay = 3.63> <Storage> <Opcode : 'read' 'write' 'nbread' 'nbwrite'> <Ports = 0> <Width = 1> <Depth = 2> <FIFO>
ST_1 : Operation 11 [1/1] (0.00ns)   --->   "%specinterface_ln0 = specinterface void @_ssdm_op_SpecInterface, i32 %s2m_len_c, void @ap_fifo_str, i32 0, i32 0, void @p_str, i32 0, i32 0, void @p_str, void @p_str, void @p_str, i32 2, i32 2, i32 16, i32 16, void @p_str, void @ScalarProp_str, i32 4294967295, i32 0"   --->   Operation 11 'specinterface' 'specinterface_ln0' <Predicate = true> <Delay = 0.00>
ST_1 : Operation 12 [1/1] (3.63ns)   --->   "%write_ln0 = write void @_ssdm_op_Write.ap_fifo.i32P0A, i32 %s2m_len_c, i32 %in_s2m_len_read"   --->   Operation 12 'write' 'write_ln0' <Predicate = true> <Delay = 3.63> <CoreInst = "FIFO_SRL">   --->   Core 81 'FIFO_SRL' <Latency = 0> <II = 1> <Delay = 3.63> <Storage> <Opcode : 'read' 'write' 'nbread' 'nbwrite'> <Ports = 0> <Width = 32> <Depth = 2> <FIFO>
ST_1 : Operation 13 [1/1] (0.00ns)   --->   "%specinterface_ln0 = specinterface void @_ssdm_op_SpecInterface, i32 %incount47, void @empty_14, i32 0, i32 0, void @empty_17, i32 0, i32 0, void @empty_17, void @empty_17, void @empty_17, i32 0, i32 0, i32 0, i32 0, void @empty_17, void @empty_17, i32 4294967295, i32 0"   --->   Operation 13 'specinterface' 'specinterface_ln0' <Predicate = true> <Delay = 0.00>
ST_1 : Operation 14 [1/1] (0.00ns)   --->   "%specinterface_ln0 = specinterface void @_ssdm_op_SpecInterface, i33 %inbuf, void @empty_14, i32 0, i32 0, void @empty_17, i32 0, i32 0, void @empty_17, void @empty_17, void @empty_17, i32 0, i32 0, i32 0, i32 0, void @empty_17, void @empty_17, i32 4294967295, i32 0"   --->   Operation 14 'specinterface' 'specinterface_ln0' <Predicate = true> <Delay = 0.00>
ST_1 : Operation 15 [1/1] (0.00ns)   --->   "%specinterface_ln0 = specinterface void @_ssdm_op_SpecInterface, i1 %inStreamTop_V_last_V, i7 %inStreamTop_V_user_V, i4 %inStreamTop_V_strb_V, i4 %inStreamTop_V_keep_V, i32 %inStreamTop_V_data_V, void @empty_10, i32 1, i32 1, void @empty_22, i32 0, i32 0, void @empty_17, void @empty_17, void @empty_17, i32 0, i32 0, i32 0, i32 0, void @empty_17, void @empty_17, i32 4294967295, i32 0"   --->   Operation 15 'specinterface' 'specinterface_ln0' <Predicate = true> <Delay = 0.00>
ST_1 : Operation 16 [1/1] (0.00ns)   --->   "%br_ln47 = br i1 %in_en_clrsts_read, void %VITIS_LOOP_48_1, void %if.else39" [userdma.cpp:47]   --->   Operation 16 'br' 'br_ln47' <Predicate = true> <Delay = 0.00>
ST_1 : Operation 17 [1/1] (0.00ns)   --->   "%in_Img_width_cast = zext i32 %in_Img_width_read"   --->   Operation 17 'zext' 'in_Img_width_cast' <Predicate = (!in_en_clrsts_read)> <Delay = 0.00>
ST_1 : Operation 18 [1/1] (2.55ns)   --->   "%sub_i_i52 = add i33 %in_Img_width_cast, i33 8589934591"   --->   Operation 18 'add' 'sub_i_i52' <Predicate = (!in_en_clrsts_read)> <Delay = 2.55> <CoreInst = "Adder">   --->   Core 1 'Adder' <Latency = 0> <II = 1> <Delay = 2.55> <FuncUnit> <Opcode : 'add' 'sub'> <InPorts = 2> <OutPorts = 1>
ST_1 : Operation 19 [1/1] (0.00ns)   --->   "%in_len_V_load = load i32 %in_len_V"   --->   Operation 19 'load' 'in_len_V_load' <Predicate = (!in_en_clrsts_read)> <Delay = 0.00>
ST_1 : Operation 20 [1/1] (2.55ns)   --->   "%add_ln48 = add i32 %in_len_V_load, i32 1" [userdma.cpp:48]   --->   Operation 20 'add' 'add_ln48' <Predicate = (!in_en_clrsts_read)> <Delay = 2.55> <CoreInst = "Adder">   --->   Core 1 'Adder' <Latency = 0> <II = 1> <Delay = 2.55> <FuncUnit> <Opcode : 'add' 'sub'> <InPorts = 2> <OutPorts = 1>
ST_1 : Operation 21 [1/1] (2.47ns)   --->   "%empty = icmp_ult  i32 %add_ln48, i32 %in_s2m_len_read" [userdma.cpp:48]   --->   Operation 21 'icmp' 'empty' <Predicate = (!in_en_clrsts_read)> <Delay = 2.47> <CoreInst = "Cmp">   --->   Core 9 'Cmp' <Latency = 0> <II = 1> <Delay = 2.47> <FuncUnit> <Opcode : 'icmp'> <InPorts = 2> <OutPorts = 1>
ST_1 : Operation 22 [1/1] (0.69ns)   --->   "%umax = select i1 %empty, i32 %in_s2m_len_read, i32 %add_ln48" [userdma.cpp:48]   --->   Operation 22 'select' 'umax' <Predicate = (!in_en_clrsts_read)> <Delay = 0.69> <CoreInst = "Sel">   --->   Core 73 'Sel' <Latency = 0> <II = 1> <Delay = 0.69> <FuncUnit> <Opcode : 'select'> <InPorts = 3> <OutPorts = 1>
ST_1 : Operation 23 [1/1] (0.00ns)   --->   "%empty_60 = wait i32 @_ssdm_op_Wait"   --->   Operation 23 'wait' 'empty_60' <Predicate = (!in_en_clrsts_read)> <Delay = 0.00>
ST_1 : Operation 24 [2/2] (3.52ns)   --->   "%call_ln886 = call void @getinstream_Pipeline_VITIS_LOOP_48_1, i32 %in_len_V_load, i32 %inStreamTop_V_data_V, i4 %inStreamTop_V_keep_V, i4 %inStreamTop_V_strb_V, i7 %inStreamTop_V_user_V, i1 %inStreamTop_V_last_V, i33 %inbuf, i33 %sub_i_i52, i32 %in_s2m_len_read, i32 %incount47, i4 %tmp_user_V_loc, i1 %icmp_ln1065_loc, i32 %width_count"   --->   Operation 24 'call' 'call_ln886' <Predicate = (!in_en_clrsts_read)> <Delay = 3.52> <CoreType = "Generic">   --->   Core 0 '' <Latency = 0> <II = 1> <Delay = 1.00> <Generic> <Opcode : >
ST_1 : Operation 25 [1/1] (1.58ns)   --->   "%store_ln78 = store i32 0, i32 %in_len_V" [userdma.cpp:78]   --->   Operation 25 'store' 'store_ln78' <Predicate = (in_en_clrsts_read)> <Delay = 1.58>
ST_1 : Operation 26 [1/1] (0.00ns)   --->   "%write_ln79 = write void @_ssdm_op_Write.ap_auto.i1P0A, i1 %s2m_err, i1 0" [userdma.cpp:79]   --->   Operation 26 'write' 'write_ln79' <Predicate = (in_en_clrsts_read)> <Delay = 0.00>
ST_1 : Operation 27 [1/1] (0.00ns)   --->   "%br_ln0 = br void %if.end41"   --->   Operation 27 'br' 'br_ln0' <Predicate = (in_en_clrsts_read)> <Delay = 0.00>

State 2 <SV = 1> <Delay = 2.47>
ST_2 : Operation 28 [1/2] (0.00ns)   --->   "%call_ln886 = call void @getinstream_Pipeline_VITIS_LOOP_48_1, i32 %in_len_V_load, i32 %inStreamTop_V_data_V, i4 %inStreamTop_V_keep_V, i4 %inStreamTop_V_strb_V, i7 %inStreamTop_V_user_V, i1 %inStreamTop_V_last_V, i33 %inbuf, i33 %sub_i_i52, i32 %in_s2m_len_read, i32 %incount47, i4 %tmp_user_V_loc, i1 %icmp_ln1065_loc, i32 %width_count"   --->   Operation 28 'call' 'call_ln886' <Predicate = true> <Delay = 0.00> <CoreType = "Generic">   --->   Core 0 '' <Latency = 0> <II = 1> <Delay = 1.00> <Generic> <Opcode : >
ST_2 : Operation 29 [1/1] (2.47ns)   --->   "%icmp_ln1065 = icmp_eq  i32 %umax, i32 1"   --->   Operation 29 'icmp' 'icmp_ln1065' <Predicate = true> <Delay = 2.47> <CoreInst = "Cmp">   --->   Core 9 'Cmp' <Latency = 0> <II = 1> <Delay = 2.47> <FuncUnit> <Opcode : 'icmp'> <InPorts = 2> <OutPorts = 1>
ST_2 : Operation 30 [1/1] (1.58ns)   --->   "%store_ln886 = store i32 %umax, i32 %in_len_V"   --->   Operation 30 'store' 'store_ln886' <Predicate = true> <Delay = 1.58>

State 3 <SV = 2> <Delay = 0.97>
ST_3 : Operation 31 [1/1] (0.00ns)   --->   "%tmp_user_V_loc_load = load i4 %tmp_user_V_loc"   --->   Operation 31 'load' 'tmp_user_V_loc_load' <Predicate = (!in_en_clrsts_read)> <Delay = 0.00>
ST_3 : Operation 32 [1/1] (0.00ns)   --->   "%icmp_ln1065_loc_load = load i1 %icmp_ln1065_loc"   --->   Operation 32 'load' 'icmp_ln1065_loc_load' <Predicate = (!in_en_clrsts_read)> <Delay = 0.00>
ST_3 : Operation 33 [1/1] (0.00ns) (grouped into LUT with out node or_ln61)   --->   "%tmp = bitselect i1 @_ssdm_op_BitSelect.i1.i4.i32, i4 %tmp_user_V_loc_load, i32 3"   --->   Operation 33 'bitselect' 'tmp' <Predicate = (!in_en_clrsts_read)> <Delay = 0.00>
ST_3 : Operation 34 [1/1] (0.00ns) (grouped into LUT with out node or_ln61)   --->   "%xor_ln1069 = xor i1 %tmp, i1 1"   --->   Operation 34 'xor' 'xor_ln1069' <Predicate = (!in_en_clrsts_read)> <Delay = 0.00> <CoreInst = "LogicGate">   --->   Core 74 'LogicGate' <Latency = 0> <II = 1> <Delay = 0.97> <FuncUnit> <Opcode : 'and' 'or' 'xor'> <InPorts = 2> <OutPorts = 1>
ST_3 : Operation 35 [1/1] (0.00ns) (grouped into LUT with out node or_ln61)   --->   "%and_ln1065 = and i1 %icmp_ln1065_loc_load, i1 %xor_ln1069"   --->   Operation 35 'and' 'and_ln1065' <Predicate = (!in_en_clrsts_read)> <Delay = 0.00> <CoreInst = "LogicGate">   --->   Core 74 'LogicGate' <Latency = 0> <II = 1> <Delay = 0.97> <FuncUnit> <Opcode : 'and' 'or' 'xor'> <InPorts = 2> <OutPorts = 1>
ST_3 : Operation 36 [1/1] (0.00ns) (grouped into LUT with out node or_ln61)   --->   "%tmp_2 = bitselect i1 @_ssdm_op_BitSelect.i1.i4.i32, i4 %tmp_user_V_loc_load, i32 2"   --->   Operation 36 'bitselect' 'tmp_2' <Predicate = (!in_en_clrsts_read)> <Delay = 0.00>
ST_3 : Operation 37 [1/1] (0.00ns) (grouped into LUT with out node or_ln61)   --->   "%xor_ln58 = xor i1 %tmp_2, i1 %icmp_ln1065" [userdma.cpp:58]   --->   Operation 37 'xor' 'xor_ln58' <Predicate = (!in_en_clrsts_read)> <Delay = 0.00> <CoreInst = "LogicGate">   --->   Core 74 'LogicGate' <Latency = 0> <II = 1> <Delay = 0.97> <FuncUnit> <Opcode : 'and' 'or' 'xor'> <InPorts = 2> <OutPorts = 1>
ST_3 : Operation 38 [1/1] (0.97ns) (out node of the LUT)   --->   "%or_ln61 = or i1 %and_ln1065, i1 %xor_ln58" [userdma.cpp:61]   --->   Operation 38 'or' 'or_ln61' <Predicate = (!in_en_clrsts_read)> <Delay = 0.97> <CoreInst = "LogicGate">   --->   Core 74 'LogicGate' <Latency = 0> <II = 1> <Delay = 0.97> <FuncUnit> <Opcode : 'and' 'or' 'xor'> <InPorts = 2> <OutPorts = 1>
ST_3 : Operation 39 [1/1] (0.00ns)   --->   "%write_ln62 = write void @_ssdm_op_Write.ap_auto.i1P0A, i1 %s2m_err, i1 %or_ln61" [userdma.cpp:62]   --->   Operation 39 'write' 'write_ln62' <Predicate = (!in_en_clrsts_read)> <Delay = 0.00>
ST_3 : Operation 40 [1/1] (0.00ns)   --->   "%br_ln77 = br void %if.end41" [userdma.cpp:77]   --->   Operation 40 'br' 'br_ln77' <Predicate = (!in_en_clrsts_read)> <Delay = 0.00>
ST_3 : Operation 41 [1/1] (0.00ns)   --->   "%ret_ln81 = ret" [userdma.cpp:81]   --->   Operation 41 'ret' 'ret_ln81' <Predicate = true> <Delay = 0.00>


============================================================
+ Verbose Summary: Timing violations
============================================================
Target clock period: 10ns, clock uncertainty: 2.7ns.

 <State 1>: 6.08ns
The critical path consists of the following:
	wire read operation ('in_Img_width_read') on port 'in_Img_width' [16]  (0 ns)
	'add' operation ('sub_i_i52') [31]  (2.55 ns)
	'call' operation ('call_ln886') to 'getinstream_Pipeline_VITIS_LOOP_48_1' [37]  (3.53 ns)

 <State 2>: 2.47ns
The critical path consists of the following:
	'icmp' operation ('icmp_ln1065') [43]  (2.47 ns)

 <State 3>: 0.978ns
The critical path consists of the following:
	'load' operation ('tmp_user_V_loc_load') on local variable 'tmp_user_V_loc' [38]  (0 ns)
	'xor' operation ('xor_ln58', userdma.cpp:58) [45]  (0 ns)
	'or' operation ('or_ln61', userdma.cpp:61) [46]  (0.978 ns)


============================================================
+ Verbose Summary: Binding
============================================================
N/A
* FSMD analyzer results:
  - Output states:
 - Input state : 
  - Chain level:
	State 1
	State 2
	State 3


============================================================
+ Verbose Summary: Datapath Resource usage 
============================================================
N/A
