

================================================================
== Vitis HLS Report for 'getinstream'
================================================================
* Date:           Thu Dec 14 14:20:39 2023

* Version:        2022.1 (Build 3526262 on Mon Apr 18 15:48:16 MDT 2022)
* Project:        userdma_upsb_1204_refine
* Solution:       solution1 (Vivado IP Flow Target)
* Product family: zynq
* Target device:  xc7z020-clg400-1


================================================================
== Performance Estimates
================================================================
+ Timing: 
    * Summary: 
    +--------+----------+----------+------------+
    |  Clock |  Target  | Estimated| Uncertainty|
    +--------+----------+----------+------------+
    |ap_clk  |  10.00 ns|  6.613 ns|     2.70 ns|
    +--------+----------+----------+------------+

+ Latency: 
    * Summary: 
    +---------+---------+----------+----------+-----+-----+---------+
    |  Latency (cycles) |  Latency (absolute) |  Interval | Pipeline|
    |   min   |   max   |    min   |    max   | min | max |   Type  |
    +---------+---------+----------+----------+-----+-----+---------+
    |        ?|        ?|         ?|         ?|    ?|    ?|       no|
    +---------+---------+----------+----------+-----+-----+---------+

    + Detail: 
        * Instance: 
        +-------------------------------------------------+--------------------------------------+---------+---------+----------+----------+-----+-----+---------+
        |                                                 |                                      |  Latency (cycles) |  Latency (absolute) |  Interval | Pipeline|
        |                     Instance                    |                Module                |   min   |   max   |    min   |    max   | min | max |   Type  |
        +-------------------------------------------------+--------------------------------------+---------+---------+----------+----------+-----+-----+---------+
        |grp_getinstream_Pipeline_VITIS_LOOP_48_1_fu_132  |getinstream_Pipeline_VITIS_LOOP_48_1  |        ?|        ?|         ?|         ?|    ?|    ?|       no|
        +-------------------------------------------------+--------------------------------------+---------+---------+----------+----------+-----+-----+---------+

        * Loop: 
        N/A

============================================================
+ Verbose Summary: Synthesis Manager
============================================================
InlineROM: 1
ExposeGlobal: 0
============================================================
+ Verbose Summary: CDFG Model
============================================================
IsTopModel: 0
ResetActiveHigh: 1
IsCombinational: 2
IsDatapathOnly: 0
HasWiredReturn: 1
HasMFsm: 0
HasVarLatency: 1
IsPipeline: 0
IsRtlPipelined: 0
IsInstanceOverlapped: 0
IsDontTouch: 0
HasImplIP: 0
IsGatedGlobalClock: 0


============================================================
+ Verbose Summary: Schedule
============================================================
* Number of FSM states : 3
* Pipeline : 0
* Dataflow Pipeline: 0

* FSM state transitions: 
1 --> 2 3 
2 --> 3 
3 --> 

* FSM state operations: 

State 1 <SV = 0> <Delay = 6.08>
ST_1 : Operation 4 [1/1] (0.00ns)   --->   "%in_Img_width_read = read i32 @_ssdm_op_Read.ap_auto.i32, i32 %in_Img_width"   --->   Operation 4 'read' 'in_Img_width_read' <Predicate = true> <Delay = 0.00>
ST_1 : Operation 5 [1/1] (0.00ns)   --->   "%in_s2m_len_read = read i32 @_ssdm_op_Read.ap_auto.i32, i32 %in_s2m_len"   --->   Operation 5 'read' 'in_s2m_len_read' <Predicate = true> <Delay = 0.00>
ST_1 : Operation 6 [1/1] (0.00ns)   --->   "%in_en_clrsts_read = read i1 @_ssdm_op_Read.ap_auto.i1, i1 %in_en_clrsts"   --->   Operation 6 'read' 'in_en_clrsts_read' <Predicate = true> <Delay = 0.00>
ST_1 : Operation 7 [1/1] (0.00ns)   --->   "%icmp_ln1065_loc = alloca i64 1"   --->   Operation 7 'alloca' 'icmp_ln1065_loc' <Predicate = true> <Delay = 0.00>
ST_1 : Operation 8 [1/1] (0.00ns)   --->   "%tmp_user_V_loc = alloca i64 1"   --->   Operation 8 'alloca' 'tmp_user_V_loc' <Predicate = true> <Delay = 0.00>
ST_1 : Operation 9 [1/1] (0.00ns)   --->   "%specinterface_ln0 = specinterface void @_ssdm_op_SpecInterface, i1 %s2m_enb_clrsts_c, void @ap_fifo_str, i32 0, i32 0, void @p_str, i32 0, i32 0, void @p_str, void @p_str, void @p_str, i32 2, i32 2, i32 16, i32 16, void @p_str, void @ScalarProp_str, i32 4294967295, i32 0"   --->   Operation 9 'specinterface' 'specinterface_ln0' <Predicate = true> <Delay = 0.00>
ST_1 : Operation 10 [1/1] (3.63ns)   --->   "%write_ln0 = write void @_ssdm_op_Write.ap_fifo.i1P0A, i1 %s2m_enb_clrsts_c, i1 %in_en_clrsts_read"   --->   Operation 10 'write' 'write_ln0' <Predicate = true> <Delay = 3.63> <CoreInst = "FIFO_SRL">   --->   Core 81 'FIFO_SRL' <Latency = 0> <II = 1> <Delay = 3.63> <Storage> <Opcode : 'read' 'write' 'nbread' 'nbwrite'> <Ports = 0> <Width = 1> <Depth = 2> <FIFO>
ST_1 : Operation 11 [1/1] (0.00ns)   --->   "%specinterface_ln0 = specinterface void @_ssdm_op_SpecInterface, i32 %s2m_len_c, void @ap_fifo_str, i32 0, i32 0, void @p_str, i32 0, i32 0, void @p_str, void @p_str, void @p_str, i32 2, i32 2, i32 16, i32 16, void @p_str, void @ScalarProp_str, i32 4294967295, i32 0"   --->   Operation 11 'specinterface' 'specinterface_ln0' <Predicate = true> <Delay = 0.00>
ST_1 : Operation 12 [1/1] (3.63ns)   --->   "%write_ln0 = write void @_ssdm_op_Write.ap_fifo.i32P0A, i32 %s2m_len_c, i32 %in_s2m_len_read"   --->   Operation 12 'write' 'write_ln0' <Predicate = true> <Delay = 3.63> <CoreInst = "FIFO_SRL">   --->   Core 81 'FIFO_SRL' <Latency = 0> <II = 1> <Delay = 3.63> <Storage> <Opcode : 'read' 'write' 'nbread' 'nbwrite'> <Ports = 0> <Width = 32> <Depth = 2> <FIFO>
ST_1 : Operation 13 [1/1] (0.00ns)   --->   "%specinterface_ln0 = specinterface void @_ssdm_op_SpecInterface, i32 %incount47, void @empty_14, i32 0, i32 0, void @empty_17, i32 0, i32 0, void @empty_17, void @empty_17, void @empty_17, i32 0, i32 0, i32 0, i32 0, void @empty_17, void @empty_17, i32 4294967295, i32 0"   --->   Operation 13 'specinterface' 'specinterface_ln0' <Predicate = true> <Delay = 0.00>
ST_1 : Operation 14 [1/1] (0.00ns)   --->   "%specinterface_ln0 = specinterface void @_ssdm_op_SpecInterface, i33 %inbuf, void @empty_14, i32 0, i32 0, void @empty_17, i32 0, i32 0, void @empty_17, void @empty_17, void @empty_17, i32 0, i32 0, i32 0, i32 0, void @empty_17, void @empty_17, i32 4294967295, i32 0"   --->   Operation 14 'specinterface' 'specinterface_ln0' <Predicate = true> <Delay = 0.00>
ST_1 : Operation 15 [1/1] (0.00ns)   --->   "%specinterface_ln0 = specinterface void @_ssdm_op_SpecInterface, i1 %inStreamTop_V_last_V, i7 %inStreamTop_V_user_V, i4 %inStreamTop_V_strb_V, i4 %inStreamTop_V_keep_V, i32 %inStreamTop_V_data_V, void @empty_10, i32 1, i32 1, void @empty_22, i32 0, i32 0, void @empty_17, void @empty_17, void @empty_17, i32 0, i32 0, i32 0, i32 0, void @empty_17, void @empty_17, i32 4294967295, i32 0"   --->   Operation 15 'specinterface' 'specinterface_ln0' <Predicate = true> <Delay = 0.00>
ST_1 : Operation 16 [1/1] (0.00ns)   --->   "%br_ln47 = br i1 %in_en_clrsts_read, void %VITIS_LOOP_48_1, void %if.else39" [userdma.cpp:47]   --->   Operation 16 'br' 'br_ln47' <Predicate = true> <Delay = 0.00>
ST_1 : Operation 17 [1/1] (0.00ns)   --->   "%in_Img_width_cast = zext i32 %in_Img_width_read"   --->   Operation 17 'zext' 'in_Img_width_cast' <Predicate = (!in_en_clrsts_read)> <Delay = 0.00>
ST_1 : Operation 18 [1/1] (2.55ns)   --->   "%sub_i_i52 = add i33 %in_Img_width_cast, i33 8589934591"   --->   Operation 18 'add' 'sub_i_i52' <Predicate = (!in_en_clrsts_read)> <Delay = 2.55> <CoreInst = "Adder">   --->   Core 1 'Adder' <Latency = 0> <II = 1> <Delay = 2.55> <FuncUnit> <Opcode : 'add' 'sub'> <InPorts = 2> <OutPorts = 1>
ST_1 : Operation 19 [1/1] (0.00ns)   --->   "%in_len_V_load = load i32 %in_len_V"   --->   Operation 19 'load' 'in_len_V_load' <Predicate = (!in_en_clrsts_read)> <Delay = 0.00>
ST_1 : Operation 20 [1/1] (2.55ns)   --->   "%add_ln48 = add i32 %in_len_V_load, i32 1" [userdma.cpp:48]   --->   Operation 20 'add' 'add_ln48' <Predicate = (!in_en_clrsts_read)> <Delay = 2.55> <CoreInst = "Adder">   --->   Core 1 'Adder' <Latency = 0> <II = 1> <Delay = 2.55> <FuncUnit> <Opcode : 'add' 'sub'> <InPorts = 2> <OutPorts = 1>
ST_1 : Operation 21 [1/1] (2.47ns)   --->   "%empty = icmp_ult  i32 %add_ln48, i32 %in_s2m_len_read" [userdma.cpp:48]   --->   Operation 21 'icmp' 'empty' <Predicate = (!in_en_clrsts_read)> <Delay = 2.47> <CoreInst = "Cmp">   --->   Core 9 'Cmp' <Latency = 0> <II = 1> <Delay = 2.47> <FuncUnit> <Opcode : 'icmp'> <InPorts = 2> <OutPorts = 1>
ST_1 : Operation 22 [1/1] (0.69ns)   --->   "%umax = select i1 %empty, i32 %in_s2m_len_read, i32 %add_ln48" [userdma.cpp:48]   --->   Operation 22 'select' 'umax' <Predicate = (!in_en_clrsts_read)> <Delay = 0.69> <CoreInst = "Sel">   --->   Core 73 'Sel' <Latency = 0> <II = 1> <Delay = 0.69> <FuncUnit> <Opcode : 'select'> <InPorts = 3> <OutPorts = 1>
ST_1 : Operation 23 [1/1] (0.00ns)   --->   "%empty_60 = wait i32 @_ssdm_op_Wait"   --->   Operation 23 'wait' 'empty_60' <Predicate = (!in_en_clrsts_read)> <Delay = 0.00>
ST_1 : Operation 24 [2/2] (3.52ns)   --->   "%call_ln886 = call void @getinstream_Pipeline_VITIS_LOOP_48_1, i32 %in_len_V_load, i32 %inStreamTop_V_data_V, i4 %inStreamTop_V_keep_V, i4 %inStreamTop_V_strb_V, i7 %inStreamTop_V_user_V, i1 %inStreamTop_V_last_V, i33 %inbuf, i33 %sub_i_i52, i32 %in_s2m_len_read, i32 %incount47, i4 %tmp_user_V_loc, i1 %icmp_ln1065_loc, i32 %width_count"   --->   Operation 24 'call' 'call_ln886' <Predicate = (!in_en_clrsts_read)> <Delay = 3.52> <CoreType = "Generic">   --->   Core 0 '' <Latency = 0> <II = 1> <Delay = 1.00> <Generic> <Opcode : >
ST_1 : Operation 25 [1/1] (1.58ns)   --->   "%store_ln78 = store i32 0, i32 %in_len_V" [userdma.cpp:78]   --->   Operation 25 'store' 'store_ln78' <Predicate = (in_en_clrsts_read)> <Delay = 1.58>
ST_1 : Operation 26 [1/1] (0.00ns)   --->   "%write_ln79 = write void @_ssdm_op_Write.ap_auto.i1P0A, i1 %s2m_err, i1 0" [userdma.cpp:79]   --->   Operation 26 'write' 'write_ln79' <Predicate = (in_en_clrsts_read)> <Delay = 0.00>
ST_1 : Operation 27 [1/1] (0.00ns)   --->   "%br_ln0 = br void %if.end41"   --->   Operation 27 'br' 'br_ln0' <Predicate = (in_en_clrsts_read)> <Delay = 0.00>

State 2 <SV = 1> <Delay = 2.47>
ST_2 : Operation 28 [1/2] (0.00ns)   --->   "%call_ln886 = call void @getinstream_Pipeline_VITIS_LOOP_48_1, i32 %in_len_V_load, i32 %inStreamTop_V_data_V, i4 %inStreamTop_V_keep_V, i4 %inStreamTop_V_strb_V, i7 %inStreamTop_V_user_V, i1 %inStreamTop_V_last_V, i33 %inbuf, i33 %sub_i_i52, i32 %in_s2m_len_read, i32 %incount47, i4 %tmp_user_V_loc, i1 %icmp_ln1065_loc, i32 %width_count"   --->   Operation 28 'call' 'call_ln886' <Predicate = true> <Delay = 0.00> <CoreType = "Generic">   --->   Core 0 '' <Latency = 0> <II = 1> <Delay = 1.00> <Generic> <Opcode : >
ST_2 : Operation 29 [1/1] (2.47ns)   --->   "%icmp_ln1065 = icmp_eq  i32 %umax, i32 1"   --->   Operation 29 'icmp' 'icmp_ln1065' <Predicate = true> <Delay = 2.47> <CoreInst = "Cmp">   --->   Core 9 'Cmp' <Latency = 0> <II = 1> <Delay = 2.47> <FuncUnit> <Opcode : 'icmp'> <InPorts = 2> <OutPorts = 1>
ST_2 : Operation 30 [1/1] (1.58ns)   --->   "%store_ln886 = store i32 %umax, i32 %in_len_V"   --->   Operation 30 'store' 'store_ln886' <Predicate = true> <Delay = 1.58>

State 3 <SV = 2> <Delay = 0.97>
ST_3 : Operation 31 [1/1] (0.00ns)   --->   "%tmp_user_V_loc_load = load i4 %tmp_user_V_loc"   --->   Operation 31 'load' 'tmp_user_V_loc_load' <Predicate = (!in_en_clrsts_read)> <Delay = 0.00>
ST_3 : Operation 32 [1/1] (0.00ns)   --->   "%icmp_ln1065_loc_load = load i1 %icmp_ln1065_loc"   --->   Operation 32 'load' 'icmp_ln1065_loc_load' <Predicate = (!in_en_clrsts_read)> <Delay = 0.00>
ST_3 : Operation 33 [1/1] (0.00ns) (grouped into LUT with out node or_ln61)   --->   "%tmp = bitselect i1 @_ssdm_op_BitSelect.i1.i4.i32, i4 %tmp_user_V_loc_load, i32 3"   --->   Operation 33 'bitselect' 'tmp' <Predicate = (!in_en_clrsts_read)> <Delay = 0.00>
ST_3 : Operation 34 [1/1] (0.00ns) (grouped into LUT with out node or_ln61)   --->   "%xor_ln1069 = xor i1 %tmp, i1 1"   --->   Operation 34 'xor' 'xor_ln1069' <Predicate = (!in_en_clrsts_read)> <Delay = 0.00> <CoreInst = "LogicGate">   --->   Core 74 'LogicGate' <Latency = 0> <II = 1> <Delay = 0.97> <FuncUnit> <Opcode : 'and' 'or' 'xor'> <InPorts = 2> <OutPorts = 1>
ST_3 : Operation 35 [1/1] (0.00ns) (grouped into LUT with out node or_ln61)   --->   "%and_ln1065 = and i1 %icmp_ln1065_loc_load, i1 %xor_ln1069"   --->   Operation 35 'and' 'and_ln1065' <Predicate = (!in_en_clrsts_read)> <Delay = 0.00> <CoreInst = "LogicGate">   --->   Core 74 'LogicGate' <Latency = 0> <II = 1> <Delay = 0.97> <FuncUnit> <Opcode : 'and' 'or' 'xor'> <InPorts = 2> <OutPorts = 1>
ST_3 : Operation 36 [1/1] (0.00ns) (grouped into LUT with out node or_ln61)   --->   "%tmp_2 = bitselect i1 @_ssdm_op_BitSelect.i1.i4.i32, i4 %tmp_user_V_loc_load, i32 2"   --->   Operation 36 'bitselect' 'tmp_2' <Predicate = (!in_en_clrsts_read)> <Delay = 0.00>
ST_3 : Operation 37 [1/1] (0.00ns) (grouped into LUT with out node or_ln61)   --->   "%xor_ln58 = xor i1 %tmp_2, i1 %icmp_ln1065" [userdma.cpp:58]   --->   Operation 37 'xor' 'xor_ln58' <Predicate = (!in_en_clrsts_read)> <Delay = 0.00> <CoreInst = "LogicGate">   --->   Core 74 'LogicGate' <Latency = 0> <II = 1> <Delay = 0.97> <FuncUnit> <Opcode : 'and' 'or' 'xor'> <InPorts = 2> <OutPorts = 1>
ST_3 : Operation 38 [1/1] (0.97ns) (out node of the LUT)   --->   "%or_ln61 = or i1 %and_ln1065, i1 %xor_ln58" [userdma.cpp:61]   --->   Operation 38 'or' 'or_ln61' <Predicate = (!in_en_clrsts_read)> <Delay = 0.97> <CoreInst = "LogicGate">   --->   Core 74 'LogicGate' <Latency = 0> <II = 1> <Delay = 0.97> <FuncUnit> <Opcode : 'and' 'or' 'xor'> <InPorts = 2> <OutPorts = 1>
ST_3 : Operation 39 [1/1] (0.00ns)   --->   "%write_ln62 = write void @_ssdm_op_Write.ap_auto.i1P0A, i1 %s2m_err, i1 %or_ln61" [userdma.cpp:62]   --->   Operation 39 'write' 'write_ln62' <Predicate = (!in_en_clrsts_read)> <Delay = 0.00>
ST_3 : Operation 40 [1/1] (0.00ns)   --->   "%br_ln77 = br void %if.end41" [userdma.cpp:77]   --->   Operation 40 'br' 'br_ln77' <Predicate = (!in_en_clrsts_read)> <Delay = 0.00>
ST_3 : Operation 41 [1/1] (0.00ns)   --->   "%ret_ln81 = ret" [userdma.cpp:81]   --->   Operation 41 'ret' 'ret_ln81' <Predicate = true> <Delay = 0.00>


============================================================
+ Verbose Summary: Binding
============================================================
STG Binding: 
---------------- STG Properties BEGIN ----------------
- Is combinational: 0
- Is one-state seq: 0
- Is datapath-only: 0
- Is pipelined: 0
- Is top level: 0
Port [ Return ] is wired: 1; IO mode=ap_ctrl_hs:ce=0
Port [ inStreamTop_V_data_V]:  wired=1; compound=1; hidden=0; nouse=0; global=0; static=0; extern=0; dir=0; type=0; pingpong=0; private_global=0; IO mode=axis:ce=0
Port [ inStreamTop_V_keep_V]:  wired=1; compound=1; hidden=0; nouse=0; global=0; static=0; extern=0; dir=0; type=0; pingpong=0; private_global=0; IO mode=axis:ce=0
Port [ inStreamTop_V_strb_V]:  wired=1; compound=1; hidden=0; nouse=0; global=0; static=0; extern=0; dir=0; type=0; pingpong=0; private_global=0; IO mode=axis:ce=0
Port [ inStreamTop_V_user_V]:  wired=1; compound=1; hidden=0; nouse=0; global=0; static=0; extern=0; dir=0; type=0; pingpong=0; private_global=0; IO mode=axis:ce=0
Port [ inStreamTop_V_last_V]:  wired=1; compound=1; hidden=0; nouse=0; global=0; static=0; extern=0; dir=0; type=0; pingpong=0; private_global=0; IO mode=axis:ce=0
Port [ in_en_clrsts]:  wired=1; compound=0; hidden=0; nouse=0; global=0; static=0; extern=0; dir=0; type=0; pingpong=0; private_global=0; IO mode=ap_none:ce=0
Port [ in_s2m_len]:  wired=1; compound=0; hidden=0; nouse=0; global=0; static=0; extern=0; dir=0; type=0; pingpong=0; private_global=0; IO mode=ap_none:ce=0
Port [ s2m_err]:  wired=1; compound=0; hidden=0; nouse=0; global=0; static=0; extern=0; dir=1; type=0; pingpong=0; private_global=0; IO mode=ap_vld:ce=0
Port [ in_Img_width]:  wired=1; compound=0; hidden=0; nouse=0; global=0; static=0; extern=0; dir=0; type=0; pingpong=0; private_global=0; IO mode=ap_none:ce=0
Port [ inbuf]:  wired=1; compound=1; hidden=0; nouse=0; global=0; static=0; extern=0; dir=1; type=3; pingpong=0; private_global=0; IO mode=ap_fifo:ce=0
Port [ incount47]:  wired=1; compound=1; hidden=0; nouse=0; global=0; static=0; extern=0; dir=1; type=3; pingpong=0; private_global=0; IO mode=ap_fifo:ce=0
Port [ s2m_len_c]:  wired=1; compound=1; hidden=0; nouse=0; global=0; static=0; extern=0; dir=1; type=3; pingpong=0; private_global=0; IO mode=ap_fifo:ce=0
Port [ s2m_enb_clrsts_c]:  wired=1; compound=1; hidden=0; nouse=0; global=0; static=0; extern=0; dir=1; type=3; pingpong=0; private_global=0; IO mode=ap_fifo:ce=0
Port [ in_len_V]:  wired=0; compound=0; hidden=1; nouse=0; global=1; static=1; extern=0; dir=2; type=0; pingpong=0; private_global=1; IO mode=ap_ovld:ce=0
Port [ width_count]:  wired=0; compound=0; hidden=1; nouse=1; global=1; static=1; extern=0; dir=2; type=0; pingpong=0; private_global=0; IO mode=ap_ovld:ce=0
---------------- STG Properties END ------------------

---------------- Datapath Model BEGIN ----------------

<LifeTime>
<method=bitvector/>
in_Img_width_read    (read         ) [ 0000]
in_s2m_len_read      (read         ) [ 0010]
in_en_clrsts_read    (read         ) [ 0111]
icmp_ln1065_loc      (alloca       ) [ 0111]
tmp_user_V_loc       (alloca       ) [ 0111]
specinterface_ln0    (specinterface) [ 0000]
write_ln0            (write        ) [ 0000]
specinterface_ln0    (specinterface) [ 0000]
write_ln0            (write        ) [ 0000]
specinterface_ln0    (specinterface) [ 0000]
specinterface_ln0    (specinterface) [ 0000]
specinterface_ln0    (specinterface) [ 0000]
br_ln47              (br           ) [ 0000]
in_Img_width_cast    (zext         ) [ 0000]
sub_i_i52            (add          ) [ 0010]
in_len_V_load        (load         ) [ 0010]
add_ln48             (add          ) [ 0000]
empty                (icmp         ) [ 0000]
umax                 (select       ) [ 0010]
empty_60             (wait         ) [ 0000]
store_ln78           (store        ) [ 0000]
write_ln79           (write        ) [ 0000]
br_ln0               (br           ) [ 0000]
call_ln886           (call         ) [ 0000]
icmp_ln1065          (icmp         ) [ 0001]
store_ln886          (store        ) [ 0000]
tmp_user_V_loc_load  (load         ) [ 0000]
icmp_ln1065_loc_load (load         ) [ 0000]
tmp                  (bitselect    ) [ 0000]
xor_ln1069           (xor          ) [ 0000]
and_ln1065           (and          ) [ 0000]
tmp_2                (bitselect    ) [ 0000]
xor_ln58             (xor          ) [ 0000]
or_ln61              (or           ) [ 0000]
write_ln62           (write        ) [ 0000]
br_ln77              (br           ) [ 0000]
ret_ln81             (ret          ) [ 0000]
</LifeTime>

<model>

<comp_list>
<comp id="0" class="1000" name="inStreamTop_V_data_V">
<pin_list>
<pin id="1" dir="1" index="0" bw="1" slack="0"/>
</pin_list>
<bind>
<StgValue><ssdm name="inStreamTop_V_data_V"/></StgValue>
</bind>
</comp>

<comp id="2" class="1000" name="inStreamTop_V_keep_V">
<pin_list>
<pin id="3" dir="1" index="0" bw="1" slack="0"/>
</pin_list>
<bind>
<StgValue><ssdm name="inStreamTop_V_keep_V"/></StgValue>
</bind>
</comp>

<comp id="4" class="1000" name="inStreamTop_V_strb_V">
<pin_list>
<pin id="5" dir="1" index="0" bw="1" slack="0"/>
</pin_list>
<bind>
<StgValue><ssdm name="inStreamTop_V_strb_V"/></StgValue>
</bind>
</comp>

<comp id="6" class="1000" name="inStreamTop_V_user_V">
<pin_list>
<pin id="7" dir="1" index="0" bw="1" slack="0"/>
</pin_list>
<bind>
<StgValue><ssdm name="inStreamTop_V_user_V"/></StgValue>
</bind>
</comp>

<comp id="8" class="1000" name="inStreamTop_V_last_V">
<pin_list>
<pin id="9" dir="1" index="0" bw="1" slack="0"/>
</pin_list>
<bind>
<StgValue><ssdm name="inStreamTop_V_last_V"/></StgValue>
</bind>
</comp>

<comp id="10" class="1000" name="in_en_clrsts">
<pin_list>
<pin id="11" dir="1" index="0" bw="1" slack="0"/>
</pin_list>
<bind>
<StgValue><ssdm name="in_en_clrsts"/></StgValue>
</bind>
</comp>

<comp id="12" class="1000" name="in_s2m_len">
<pin_list>
<pin id="13" dir="1" index="0" bw="1" slack="0"/>
</pin_list>
<bind>
<StgValue><ssdm name="in_s2m_len"/></StgValue>
</bind>
</comp>

<comp id="14" class="1000" name="s2m_err">
<pin_list>
<pin id="15" dir="1" index="0" bw="1" slack="0"/>
</pin_list>
<bind>
<StgValue><ssdm name="s2m_err"/></StgValue>
</bind>
</comp>

<comp id="16" class="1000" name="in_Img_width">
<pin_list>
<pin id="17" dir="1" index="0" bw="1" slack="0"/>
</pin_list>
<bind>
<StgValue><ssdm name="in_Img_width"/></StgValue>
</bind>
</comp>

<comp id="18" class="1000" name="inbuf">
<pin_list>
<pin id="19" dir="1" index="0" bw="1" slack="0"/>
</pin_list>
<bind>
<StgValue><ssdm name="inbuf"/></StgValue>
</bind>
</comp>

<comp id="20" class="1000" name="incount47">
<pin_list>
<pin id="21" dir="1" index="0" bw="1" slack="0"/>
</pin_list>
<bind>
<StgValue><ssdm name="incount47"/></StgValue>
</bind>
</comp>

<comp id="22" class="1000" name="s2m_len_c">
<pin_list>
<pin id="23" dir="1" index="0" bw="1" slack="0"/>
</pin_list>
<bind>
<StgValue><ssdm name="s2m_len_c"/></StgValue>
</bind>
</comp>

<comp id="24" class="1000" name="s2m_enb_clrsts_c">
<pin_list>
<pin id="25" dir="1" index="0" bw="1" slack="0"/>
</pin_list>
<bind>
<StgValue><ssdm name="s2m_enb_clrsts_c"/></StgValue>
</bind>
</comp>

<comp id="26" class="1000" name="in_len_V">
<pin_list>
<pin id="27" dir="1" index="0" bw="1" slack="0"/>
</pin_list>
<bind>
<StgValue><ssdm name="in_len_V"/></StgValue>
</bind>
</comp>

<comp id="28" class="1000" name="width_count">
<pin_list>
<pin id="29" dir="1" index="0" bw="1" slack="0"/>
</pin_list>
<bind>
<StgValue><ssdm name="width_count"/></StgValue>
</bind>
</comp>

<comp id="30" class="1001" name="const_30">
<pin_list>
<pin id="31" dir="1" index="0" bw="1" slack="0"/>
</pin_list>
<bind>
<StgValue><ssdm name="_ssdm_op_Read.ap_auto.i32"/></StgValue>
</bind>
</comp>

<comp id="32" class="1001" name="const_32">
<pin_list>
<pin id="33" dir="1" index="0" bw="1" slack="0"/>
</pin_list>
<bind>
<StgValue><ssdm name="_ssdm_op_Read.ap_auto.i1"/></StgValue>
</bind>
</comp>

<comp id="34" class="1001" name="const_34">
<pin_list>
<pin id="35" dir="1" index="0" bw="1" slack="0"/>
</pin_list>
<bind>
<StgValue><ssdm name=""/></StgValue>
</bind>
</comp>

<comp id="36" class="1001" name="const_36">
<pin_list>
<pin id="37" dir="1" index="0" bw="1" slack="2147483647"/>
</pin_list>
<bind>
<StgValue><ssdm name="_ssdm_op_SpecInterface"/></StgValue>
</bind>
</comp>

<comp id="38" class="1001" name="const_38">
<pin_list>
<pin id="39" dir="1" index="0" bw="1" slack="2147483647"/>
</pin_list>
<bind>
<StgValue><ssdm name="ap_fifo_str"/></StgValue>
</bind>
</comp>

<comp id="40" class="1001" name="const_40">
<pin_list>
<pin id="41" dir="1" index="0" bw="1" slack="0"/>
</pin_list>
<bind>
<StgValue><ssdm name=""/></StgValue>
</bind>
</comp>

<comp id="42" class="1001" name="const_42">
<pin_list>
<pin id="43" dir="1" index="0" bw="1" slack="2147483647"/>
</pin_list>
<bind>
<StgValue><ssdm name="p_str"/></StgValue>
</bind>
</comp>

<comp id="44" class="1001" name="const_44">
<pin_list>
<pin id="45" dir="1" index="0" bw="1" slack="0"/>
</pin_list>
<bind>
<StgValue><ssdm name=""/></StgValue>
</bind>
</comp>

<comp id="46" class="1001" name="const_46">
<pin_list>
<pin id="47" dir="1" index="0" bw="1" slack="2147483647"/>
</pin_list>
<bind>
<StgValue><ssdm name=""/></StgValue>
</bind>
</comp>

<comp id="48" class="1001" name="const_48">
<pin_list>
<pin id="49" dir="1" index="0" bw="1" slack="2147483647"/>
</pin_list>
<bind>
<StgValue><ssdm name="ScalarProp_str"/></StgValue>
</bind>
</comp>

<comp id="50" class="1001" name="const_50">
<pin_list>
<pin id="51" dir="1" index="0" bw="1" slack="2147483647"/>
</pin_list>
<bind>
<StgValue><ssdm name=""/></StgValue>
</bind>
</comp>

<comp id="52" class="1001" name="const_52">
<pin_list>
<pin id="53" dir="1" index="0" bw="1" slack="0"/>
</pin_list>
<bind>
<StgValue><ssdm name="_ssdm_op_Write.ap_fifo.i1P0A"/></StgValue>
</bind>
</comp>

<comp id="54" class="1001" name="const_54">
<pin_list>
<pin id="55" dir="1" index="0" bw="1" slack="0"/>
</pin_list>
<bind>
<StgValue><ssdm name="_ssdm_op_Write.ap_fifo.i32P0A"/></StgValue>
</bind>
</comp>

<comp id="56" class="1001" name="const_56">
<pin_list>
<pin id="57" dir="1" index="0" bw="1" slack="2147483647"/>
</pin_list>
<bind>
<StgValue><ssdm name="empty_14"/></StgValue>
</bind>
</comp>

<comp id="58" class="1001" name="const_58">
<pin_list>
<pin id="59" dir="1" index="0" bw="1" slack="2147483647"/>
</pin_list>
<bind>
<StgValue><ssdm name="empty_17"/></StgValue>
</bind>
</comp>

<comp id="60" class="1001" name="const_60">
<pin_list>
<pin id="61" dir="1" index="0" bw="1" slack="2147483647"/>
</pin_list>
<bind>
<StgValue><ssdm name="empty_10"/></StgValue>
</bind>
</comp>

<comp id="62" class="1001" name="const_62">
<pin_list>
<pin id="63" dir="1" index="0" bw="1" slack="0"/>
</pin_list>
<bind>
<StgValue><ssdm name=""/></StgValue>
</bind>
</comp>

<comp id="64" class="1001" name="const_64">
<pin_list>
<pin id="65" dir="1" index="0" bw="1" slack="2147483647"/>
</pin_list>
<bind>
<StgValue><ssdm name="empty_22"/></StgValue>
</bind>
</comp>

<comp id="66" class="1001" name="const_66">
<pin_list>
<pin id="67" dir="1" index="0" bw="1" slack="0"/>
</pin_list>
<bind>
<StgValue><ssdm name=""/></StgValue>
</bind>
</comp>

<comp id="68" class="1001" name="const_68">
<pin_list>
<pin id="69" dir="1" index="0" bw="1" slack="2147483647"/>
</pin_list>
<bind>
<StgValue><ssdm name="_ssdm_op_Wait"/></StgValue>
</bind>
</comp>

<comp id="70" class="1001" name="const_70">
<pin_list>
<pin id="71" dir="1" index="0" bw="1" slack="0"/>
</pin_list>
<bind>
<StgValue><ssdm name="getinstream_Pipeline_VITIS_LOOP_48_1"/></StgValue>
</bind>
</comp>

<comp id="72" class="1001" name="const_72">
<pin_list>
<pin id="73" dir="1" index="0" bw="1" slack="0"/>
</pin_list>
<bind>
<StgValue><ssdm name="_ssdm_op_Write.ap_auto.i1P0A"/></StgValue>
</bind>
</comp>

<comp id="74" class="1001" name="const_74">
<pin_list>
<pin id="75" dir="1" index="0" bw="1" slack="0"/>
</pin_list>
<bind>
<StgValue><ssdm name=""/></StgValue>
</bind>
</comp>

<comp id="76" class="1001" name="const_76">
<pin_list>
<pin id="77" dir="1" index="0" bw="1" slack="0"/>
</pin_list>
<bind>
<StgValue><ssdm name="_ssdm_op_BitSelect.i1.i4.i32"/></StgValue>
</bind>
</comp>

<comp id="78" class="1001" name="const_78">
<pin_list>
<pin id="79" dir="1" index="0" bw="1" slack="0"/>
</pin_list>
<bind>
<StgValue><ssdm name=""/></StgValue>
</bind>
</comp>

<comp id="80" class="1001" name="const_80">
<pin_list>
<pin id="81" dir="1" index="0" bw="1" slack="0"/>
</pin_list>
<bind>
<StgValue><ssdm name=""/></StgValue>
</bind>
</comp>

<comp id="82" class="1004" name="icmp_ln1065_loc_fu_82">
<pin_list>
<pin id="83" dir="0" index="0" bw="1" slack="0"/>
<pin id="84" dir="1" index="1" bw="1" slack="0"/>
</pin_list>
<bind>
<opcode="alloca(26) " fcode="alloca"/>
<opset="icmp_ln1065_loc/1 "/>
</bind>
</comp>

<comp id="86" class="1004" name="tmp_user_V_loc_fu_86">
<pin_list>
<pin id="87" dir="0" index="0" bw="1" slack="0"/>
<pin id="88" dir="1" index="1" bw="4" slack="0"/>
</pin_list>
<bind>
<opcode="alloca(26) " fcode="alloca"/>
<opset="tmp_user_V_loc/1 "/>
</bind>
</comp>

<comp id="90" class="1004" name="in_Img_width_read_read_fu_90">
<pin_list>
<pin id="91" dir="0" index="0" bw="32" slack="0"/>
<pin id="92" dir="0" index="1" bw="32" slack="0"/>
<pin id="93" dir="1" index="2" bw="32" slack="0"/>
</pin_list>
<bind>
<opcode="read(1150) " fcode="read"/>
<opset="in_Img_width_read/1 "/>
</bind>
</comp>

<comp id="96" class="1004" name="in_s2m_len_read_read_fu_96">
<pin_list>
<pin id="97" dir="0" index="0" bw="32" slack="0"/>
<pin id="98" dir="0" index="1" bw="32" slack="0"/>
<pin id="99" dir="1" index="2" bw="32" slack="0"/>
</pin_list>
<bind>
<opcode="read(1150) " fcode="read"/>
<opset="in_s2m_len_read/1 "/>
</bind>
</comp>

<comp id="102" class="1004" name="in_en_clrsts_read_read_fu_102">
<pin_list>
<pin id="103" dir="0" index="0" bw="1" slack="0"/>
<pin id="104" dir="0" index="1" bw="1" slack="0"/>
<pin id="105" dir="1" index="2" bw="1" slack="0"/>
</pin_list>
<bind>
<opcode="read(1150) " fcode="read"/>
<opset="in_en_clrsts_read/1 "/>
</bind>
</comp>

<comp id="108" class="1004" name="write_ln0_write_fu_108">
<pin_list>
<pin id="109" dir="0" index="0" bw="0" slack="0"/>
<pin id="110" dir="0" index="1" bw="1" slack="0"/>
<pin id="111" dir="0" index="2" bw="1" slack="0"/>
<pin id="112" dir="1" index="3" bw="0" slack="2147483647"/>
</pin_list>
<bind>
<opcode="write(1151) " fcode="write"/>
<opset="write_ln0/1 "/>
</bind>
</comp>

<comp id="116" class="1004" name="write_ln0_write_fu_116">
<pin_list>
<pin id="117" dir="0" index="0" bw="0" slack="0"/>
<pin id="118" dir="0" index="1" bw="32" slack="0"/>
<pin id="119" dir="0" index="2" bw="32" slack="0"/>
<pin id="120" dir="1" index="3" bw="0" slack="2147483647"/>
</pin_list>
<bind>
<opcode="write(1151) " fcode="write"/>
<opset="write_ln0/1 "/>
</bind>
</comp>

<comp id="124" class="1004" name="grp_write_fu_124">
<pin_list>
<pin id="125" dir="0" index="0" bw="0" slack="0"/>
<pin id="126" dir="0" index="1" bw="1" slack="0"/>
<pin id="127" dir="0" index="2" bw="1" slack="0"/>
<pin id="128" dir="1" index="3" bw="0" slack="2147483647"/>
</pin_list>
<bind>
<opcode="write(1151) " fcode="write"/>
<opset="write_ln79/1 write_ln62/3 "/>
</bind>
</comp>

<comp id="132" class="1004" name="grp_getinstream_Pipeline_VITIS_LOOP_48_1_fu_132">
<pin_list>
<pin id="133" dir="0" index="0" bw="0" slack="0"/>
<pin id="134" dir="0" index="1" bw="32" slack="0"/>
<pin id="135" dir="0" index="2" bw="32" slack="0"/>
<pin id="136" dir="0" index="3" bw="4" slack="0"/>
<pin id="137" dir="0" index="4" bw="4" slack="0"/>
<pin id="138" dir="0" index="5" bw="7" slack="0"/>
<pin id="139" dir="0" index="6" bw="1" slack="0"/>
<pin id="140" dir="0" index="7" bw="33" slack="0"/>
<pin id="141" dir="0" index="8" bw="33" slack="0"/>
<pin id="142" dir="0" index="9" bw="32" slack="0"/>
<pin id="143" dir="0" index="10" bw="32" slack="0"/>
<pin id="144" dir="0" index="11" bw="4" slack="0"/>
<pin id="145" dir="0" index="12" bw="1" slack="0"/>
<pin id="146" dir="0" index="13" bw="32" slack="0"/>
<pin id="147" dir="1" index="14" bw="0" slack="2147483647"/>
</pin_list>
<bind>
<opcode="call(48) " fcode="call"/>
<opset="call_ln886/1 "/>
</bind>
</comp>

<comp id="158" class="1004" name="in_Img_width_cast_fu_158">
<pin_list>
<pin id="159" dir="0" index="0" bw="32" slack="0"/>
<pin id="160" dir="1" index="1" bw="33" slack="0"/>
</pin_list>
<bind>
<opcode="zext(34) " fcode="zext"/>
<opset="in_Img_width_cast/1 "/>
</bind>
</comp>

<comp id="162" class="1004" name="sub_i_i52_fu_162">
<pin_list>
<pin id="163" dir="0" index="0" bw="32" slack="0"/>
<pin id="164" dir="0" index="1" bw="1" slack="0"/>
<pin id="165" dir="1" index="2" bw="33" slack="0"/>
</pin_list>
<bind>
<opcode="add(8) " fcode="add"/>
<opset="sub_i_i52/1 "/>
</bind>
</comp>

<comp id="169" class="1004" name="in_len_V_load_load_fu_169">
<pin_list>
<pin id="170" dir="0" index="0" bw="32" slack="0"/>
<pin id="171" dir="1" index="1" bw="32" slack="0"/>
</pin_list>
<bind>
<opcode="load(27) " fcode="load"/>
<opset="in_len_V_load/1 "/>
</bind>
</comp>

<comp id="174" class="1004" name="add_ln48_fu_174">
<pin_list>
<pin id="175" dir="0" index="0" bw="32" slack="0"/>
<pin id="176" dir="0" index="1" bw="1" slack="0"/>
<pin id="177" dir="1" index="2" bw="32" slack="0"/>
</pin_list>
<bind>
<opcode="add(8) " fcode="add"/>
<opset="add_ln48/1 "/>
</bind>
</comp>

<comp id="180" class="1004" name="empty_fu_180">
<pin_list>
<pin id="181" dir="0" index="0" bw="32" slack="0"/>
<pin id="182" dir="0" index="1" bw="32" slack="0"/>
<pin id="183" dir="1" index="2" bw="1" slack="0"/>
</pin_list>
<bind>
<opcode="icmp(45) " fcode="icmp"/>
<opset="empty/1 "/>
</bind>
</comp>

<comp id="186" class="1004" name="umax_fu_186">
<pin_list>
<pin id="187" dir="0" index="0" bw="1" slack="0"/>
<pin id="188" dir="0" index="1" bw="32" slack="0"/>
<pin id="189" dir="0" index="2" bw="32" slack="0"/>
<pin id="190" dir="1" index="3" bw="32" slack="1"/>
</pin_list>
<bind>
<opcode="select(49) " fcode="select"/>
<opset="umax/1 "/>
</bind>
</comp>

<comp id="194" class="1004" name="store_ln78_store_fu_194">
<pin_list>
<pin id="195" dir="0" index="0" bw="1" slack="0"/>
<pin id="196" dir="0" index="1" bw="32" slack="0"/>
<pin id="197" dir="1" index="2" bw="0" slack="2147483647"/>
</pin_list>
<bind>
<opcode="store(28) " fcode="store"/>
<opset="store_ln78/1 "/>
</bind>
</comp>

<comp id="200" class="1004" name="icmp_ln1065_fu_200">
<pin_list>
<pin id="201" dir="0" index="0" bw="32" slack="1"/>
<pin id="202" dir="0" index="1" bw="1" slack="0"/>
<pin id="203" dir="1" index="2" bw="1" slack="1"/>
</pin_list>
<bind>
<opcode="icmp(45) " fcode="icmp"/>
<opset="icmp_ln1065/2 "/>
</bind>
</comp>

<comp id="205" class="1004" name="store_ln886_store_fu_205">
<pin_list>
<pin id="206" dir="0" index="0" bw="32" slack="1"/>
<pin id="207" dir="0" index="1" bw="32" slack="0"/>
<pin id="208" dir="1" index="2" bw="0" slack="2147483647"/>
</pin_list>
<bind>
<opcode="store(28) " fcode="store"/>
<opset="store_ln886/2 "/>
</bind>
</comp>

<comp id="210" class="1004" name="tmp_user_V_loc_load_load_fu_210">
<pin_list>
<pin id="211" dir="0" index="0" bw="4" slack="2"/>
<pin id="212" dir="1" index="1" bw="4" slack="0"/>
</pin_list>
<bind>
<opcode="load(27) " fcode="load"/>
<opset="tmp_user_V_loc_load/3 "/>
</bind>
</comp>

<comp id="213" class="1004" name="icmp_ln1065_loc_load_load_fu_213">
<pin_list>
<pin id="214" dir="0" index="0" bw="1" slack="2"/>
<pin id="215" dir="1" index="1" bw="1" slack="0"/>
</pin_list>
<bind>
<opcode="load(27) " fcode="load"/>
<opset="icmp_ln1065_loc_load/3 "/>
</bind>
</comp>

<comp id="216" class="1004" name="tmp_fu_216">
<pin_list>
<pin id="217" dir="0" index="0" bw="1" slack="0"/>
<pin id="218" dir="0" index="1" bw="4" slack="0"/>
<pin id="219" dir="0" index="2" bw="3" slack="0"/>
<pin id="220" dir="1" index="3" bw="1" slack="0"/>
</pin_list>
<bind>
<opcode="bitselect(1000) " fcode="bitselect"/>
<opset="tmp/3 "/>
</bind>
</comp>

<comp id="224" class="1004" name="xor_ln1069_fu_224">
<pin_list>
<pin id="225" dir="0" index="0" bw="1" slack="0"/>
<pin id="226" dir="0" index="1" bw="1" slack="0"/>
<pin id="227" dir="1" index="2" bw="1" slack="0"/>
</pin_list>
<bind>
<opcode="xor(25) " fcode="xor"/>
<opset="xor_ln1069/3 "/>
</bind>
</comp>

<comp id="230" class="1004" name="and_ln1065_fu_230">
<pin_list>
<pin id="231" dir="0" index="0" bw="1" slack="0"/>
<pin id="232" dir="0" index="1" bw="1" slack="0"/>
<pin id="233" dir="1" index="2" bw="1" slack="0"/>
</pin_list>
<bind>
<opcode="and(23) " fcode="and"/>
<opset="and_ln1065/3 "/>
</bind>
</comp>

<comp id="236" class="1004" name="tmp_2_fu_236">
<pin_list>
<pin id="237" dir="0" index="0" bw="1" slack="0"/>
<pin id="238" dir="0" index="1" bw="4" slack="0"/>
<pin id="239" dir="0" index="2" bw="3" slack="0"/>
<pin id="240" dir="1" index="3" bw="1" slack="0"/>
</pin_list>
<bind>
<opcode="bitselect(1000) " fcode="bitselect"/>
<opset="tmp_2/3 "/>
</bind>
</comp>

<comp id="244" class="1004" name="xor_ln58_fu_244">
<pin_list>
<pin id="245" dir="0" index="0" bw="1" slack="0"/>
<pin id="246" dir="0" index="1" bw="1" slack="1"/>
<pin id="247" dir="1" index="2" bw="1" slack="0"/>
</pin_list>
<bind>
<opcode="xor(25) " fcode="xor"/>
<opset="xor_ln58/3 "/>
</bind>
</comp>

<comp id="249" class="1004" name="or_ln61_fu_249">
<pin_list>
<pin id="250" dir="0" index="0" bw="1" slack="0"/>
<pin id="251" dir="0" index="1" bw="1" slack="0"/>
<pin id="252" dir="1" index="2" bw="1" slack="0"/>
</pin_list>
<bind>
<opcode="or(24) " fcode="or"/>
<opset="or_ln61/3 "/>
</bind>
</comp>

<comp id="256" class="1005" name="in_s2m_len_read_reg_256">
<pin_list>
<pin id="257" dir="0" index="0" bw="32" slack="1"/>
<pin id="258" dir="1" index="1" bw="32" slack="1"/>
</pin_list>
<bind>
<opset="in_s2m_len_read "/>
</bind>
</comp>

<comp id="261" class="1005" name="in_en_clrsts_read_reg_261">
<pin_list>
<pin id="262" dir="0" index="0" bw="1" slack="2"/>
<pin id="263" dir="1" index="1" bw="1" slack="2147483647"/>
</pin_list>
<bind>
<opset="in_en_clrsts_read "/>
</bind>
</comp>

<comp id="265" class="1005" name="icmp_ln1065_loc_reg_265">
<pin_list>
<pin id="266" dir="0" index="0" bw="1" slack="0"/>
<pin id="267" dir="1" index="1" bw="1" slack="0"/>
</pin_list>
<bind>
<opset="icmp_ln1065_loc "/>
</bind>
</comp>

<comp id="271" class="1005" name="tmp_user_V_loc_reg_271">
<pin_list>
<pin id="272" dir="0" index="0" bw="4" slack="0"/>
<pin id="273" dir="1" index="1" bw="4" slack="0"/>
</pin_list>
<bind>
<opset="tmp_user_V_loc "/>
</bind>
</comp>

<comp id="277" class="1005" name="sub_i_i52_reg_277">
<pin_list>
<pin id="278" dir="0" index="0" bw="33" slack="1"/>
<pin id="279" dir="1" index="1" bw="33" slack="1"/>
</pin_list>
<bind>
<opset="sub_i_i52 "/>
</bind>
</comp>

<comp id="282" class="1005" name="in_len_V_load_reg_282">
<pin_list>
<pin id="283" dir="0" index="0" bw="32" slack="1"/>
<pin id="284" dir="1" index="1" bw="32" slack="1"/>
</pin_list>
<bind>
<opset="in_len_V_load "/>
</bind>
</comp>

<comp id="287" class="1005" name="umax_reg_287">
<pin_list>
<pin id="288" dir="0" index="0" bw="32" slack="1"/>
<pin id="289" dir="1" index="1" bw="32" slack="1"/>
</pin_list>
<bind>
<opset="umax "/>
</bind>
</comp>

<comp id="293" class="1005" name="icmp_ln1065_reg_293">
<pin_list>
<pin id="294" dir="0" index="0" bw="1" slack="1"/>
<pin id="295" dir="1" index="1" bw="1" slack="1"/>
</pin_list>
<bind>
<opset="icmp_ln1065 "/>
</bind>
</comp>

</comp_list>

<net_list>
<net id="85"><net_src comp="34" pin="0"/><net_sink comp="82" pin=0"/></net>

<net id="89"><net_src comp="34" pin="0"/><net_sink comp="86" pin=0"/></net>

<net id="94"><net_src comp="30" pin="0"/><net_sink comp="90" pin=0"/></net>

<net id="95"><net_src comp="16" pin="0"/><net_sink comp="90" pin=1"/></net>

<net id="100"><net_src comp="30" pin="0"/><net_sink comp="96" pin=0"/></net>

<net id="101"><net_src comp="12" pin="0"/><net_sink comp="96" pin=1"/></net>

<net id="106"><net_src comp="32" pin="0"/><net_sink comp="102" pin=0"/></net>

<net id="107"><net_src comp="10" pin="0"/><net_sink comp="102" pin=1"/></net>

<net id="113"><net_src comp="52" pin="0"/><net_sink comp="108" pin=0"/></net>

<net id="114"><net_src comp="24" pin="0"/><net_sink comp="108" pin=1"/></net>

<net id="115"><net_src comp="102" pin="2"/><net_sink comp="108" pin=2"/></net>

<net id="121"><net_src comp="54" pin="0"/><net_sink comp="116" pin=0"/></net>

<net id="122"><net_src comp="22" pin="0"/><net_sink comp="116" pin=1"/></net>

<net id="123"><net_src comp="96" pin="2"/><net_sink comp="116" pin=2"/></net>

<net id="129"><net_src comp="72" pin="0"/><net_sink comp="124" pin=0"/></net>

<net id="130"><net_src comp="14" pin="0"/><net_sink comp="124" pin=1"/></net>

<net id="131"><net_src comp="74" pin="0"/><net_sink comp="124" pin=2"/></net>

<net id="148"><net_src comp="70" pin="0"/><net_sink comp="132" pin=0"/></net>

<net id="149"><net_src comp="0" pin="0"/><net_sink comp="132" pin=2"/></net>

<net id="150"><net_src comp="2" pin="0"/><net_sink comp="132" pin=3"/></net>

<net id="151"><net_src comp="4" pin="0"/><net_sink comp="132" pin=4"/></net>

<net id="152"><net_src comp="6" pin="0"/><net_sink comp="132" pin=5"/></net>

<net id="153"><net_src comp="8" pin="0"/><net_sink comp="132" pin=6"/></net>

<net id="154"><net_src comp="18" pin="0"/><net_sink comp="132" pin=7"/></net>

<net id="155"><net_src comp="96" pin="2"/><net_sink comp="132" pin=9"/></net>

<net id="156"><net_src comp="20" pin="0"/><net_sink comp="132" pin=10"/></net>

<net id="157"><net_src comp="28" pin="0"/><net_sink comp="132" pin=13"/></net>

<net id="161"><net_src comp="90" pin="2"/><net_sink comp="158" pin=0"/></net>

<net id="166"><net_src comp="158" pin="1"/><net_sink comp="162" pin=0"/></net>

<net id="167"><net_src comp="66" pin="0"/><net_sink comp="162" pin=1"/></net>

<net id="168"><net_src comp="162" pin="2"/><net_sink comp="132" pin=8"/></net>

<net id="172"><net_src comp="26" pin="0"/><net_sink comp="169" pin=0"/></net>

<net id="173"><net_src comp="169" pin="1"/><net_sink comp="132" pin=1"/></net>

<net id="178"><net_src comp="169" pin="1"/><net_sink comp="174" pin=0"/></net>

<net id="179"><net_src comp="62" pin="0"/><net_sink comp="174" pin=1"/></net>

<net id="184"><net_src comp="174" pin="2"/><net_sink comp="180" pin=0"/></net>

<net id="185"><net_src comp="96" pin="2"/><net_sink comp="180" pin=1"/></net>

<net id="191"><net_src comp="180" pin="2"/><net_sink comp="186" pin=0"/></net>

<net id="192"><net_src comp="96" pin="2"/><net_sink comp="186" pin=1"/></net>

<net id="193"><net_src comp="174" pin="2"/><net_sink comp="186" pin=2"/></net>

<net id="198"><net_src comp="40" pin="0"/><net_sink comp="194" pin=0"/></net>

<net id="199"><net_src comp="26" pin="0"/><net_sink comp="194" pin=1"/></net>

<net id="204"><net_src comp="62" pin="0"/><net_sink comp="200" pin=1"/></net>

<net id="209"><net_src comp="26" pin="0"/><net_sink comp="205" pin=1"/></net>

<net id="221"><net_src comp="76" pin="0"/><net_sink comp="216" pin=0"/></net>

<net id="222"><net_src comp="210" pin="1"/><net_sink comp="216" pin=1"/></net>

<net id="223"><net_src comp="78" pin="0"/><net_sink comp="216" pin=2"/></net>

<net id="228"><net_src comp="216" pin="3"/><net_sink comp="224" pin=0"/></net>

<net id="229"><net_src comp="80" pin="0"/><net_sink comp="224" pin=1"/></net>

<net id="234"><net_src comp="213" pin="1"/><net_sink comp="230" pin=0"/></net>

<net id="235"><net_src comp="224" pin="2"/><net_sink comp="230" pin=1"/></net>

<net id="241"><net_src comp="76" pin="0"/><net_sink comp="236" pin=0"/></net>

<net id="242"><net_src comp="210" pin="1"/><net_sink comp="236" pin=1"/></net>

<net id="243"><net_src comp="44" pin="0"/><net_sink comp="236" pin=2"/></net>

<net id="248"><net_src comp="236" pin="3"/><net_sink comp="244" pin=0"/></net>

<net id="253"><net_src comp="230" pin="2"/><net_sink comp="249" pin=0"/></net>

<net id="254"><net_src comp="244" pin="2"/><net_sink comp="249" pin=1"/></net>

<net id="255"><net_src comp="249" pin="2"/><net_sink comp="124" pin=2"/></net>

<net id="259"><net_src comp="96" pin="2"/><net_sink comp="256" pin=0"/></net>

<net id="260"><net_src comp="256" pin="1"/><net_sink comp="132" pin=9"/></net>

<net id="264"><net_src comp="102" pin="2"/><net_sink comp="261" pin=0"/></net>

<net id="268"><net_src comp="82" pin="1"/><net_sink comp="265" pin=0"/></net>

<net id="269"><net_src comp="265" pin="1"/><net_sink comp="132" pin=12"/></net>

<net id="270"><net_src comp="265" pin="1"/><net_sink comp="213" pin=0"/></net>

<net id="274"><net_src comp="86" pin="1"/><net_sink comp="271" pin=0"/></net>

<net id="275"><net_src comp="271" pin="1"/><net_sink comp="132" pin=11"/></net>

<net id="276"><net_src comp="271" pin="1"/><net_sink comp="210" pin=0"/></net>

<net id="280"><net_src comp="162" pin="2"/><net_sink comp="277" pin=0"/></net>

<net id="281"><net_src comp="277" pin="1"/><net_sink comp="132" pin=8"/></net>

<net id="285"><net_src comp="169" pin="1"/><net_sink comp="282" pin=0"/></net>

<net id="286"><net_src comp="282" pin="1"/><net_sink comp="132" pin=1"/></net>

<net id="290"><net_src comp="186" pin="3"/><net_sink comp="287" pin=0"/></net>

<net id="291"><net_src comp="287" pin="1"/><net_sink comp="200" pin=0"/></net>

<net id="292"><net_src comp="287" pin="1"/><net_sink comp="205" pin=0"/></net>

<net id="296"><net_src comp="200" pin="2"/><net_sink comp="293" pin=0"/></net>

<net id="297"><net_src comp="293" pin="1"/><net_sink comp="244" pin=1"/></net>

</net_list>

</model> 
---------------- Datapath Model END ------------------

* FSMD analyzer results:
  - Output states:
	Port: s2m_err | {1 3 }
	Port: inbuf | {1 2 }
	Port: incount47 | {1 2 }
	Port: s2m_len_c | {1 }
	Port: s2m_enb_clrsts_c | {1 }
	Port: in_len_V | {1 2 }
	Port: width_count | {1 2 }
 - Input state : 
	Port: getinstream : inStreamTop_V_data_V | {1 2 }
	Port: getinstream : inStreamTop_V_keep_V | {1 2 }
	Port: getinstream : inStreamTop_V_strb_V | {1 2 }
	Port: getinstream : inStreamTop_V_user_V | {1 2 }
	Port: getinstream : inStreamTop_V_last_V | {1 2 }
	Port: getinstream : in_en_clrsts | {1 }
	Port: getinstream : in_s2m_len | {1 }
	Port: getinstream : in_Img_width | {1 }
	Port: getinstream : in_len_V | {1 }
	Port: getinstream : width_count | {1 2 }
  - Chain level:
	State 1
		sub_i_i52 : 1
		add_ln48 : 1
		empty : 2
		umax : 3
		call_ln886 : 2
	State 2
	State 3
		tmp : 1
		xor_ln1069 : 2
		and_ln1065 : 2
		tmp_2 : 1
		xor_ln58 : 2
		or_ln61 : 2
		write_ln62 : 2


============================================================
+ Verbose Summary: Datapath Resource usage 
============================================================

* Functional unit list:
|----------|-------------------------------------------------|---------|---------|
| Operation|                 Functional Unit                 |    FF   |   LUT   |
|----------|-------------------------------------------------|---------|---------|
|   call   | grp_getinstream_Pipeline_VITIS_LOOP_48_1_fu_132 |   168   |   201   |
|----------|-------------------------------------------------|---------|---------|
|    add   |                 sub_i_i52_fu_162                |    0    |    39   |
|          |                 add_ln48_fu_174                 |    0    |    39   |
|----------|-------------------------------------------------|---------|---------|
|   icmp   |                   empty_fu_180                  |    0    |    18   |
|          |                icmp_ln1065_fu_200               |    0    |    18   |
|----------|-------------------------------------------------|---------|---------|
|  select  |                   umax_fu_186                   |    0    |    32   |
|----------|-------------------------------------------------|---------|---------|
|    xor   |                xor_ln1069_fu_224                |    0    |    2    |
|          |                 xor_ln58_fu_244                 |    0    |    2    |
|----------|-------------------------------------------------|---------|---------|
|    and   |                and_ln1065_fu_230                |    0    |    2    |
|----------|-------------------------------------------------|---------|---------|
|    or    |                  or_ln61_fu_249                 |    0    |    2    |
|----------|-------------------------------------------------|---------|---------|
|          |           in_Img_width_read_read_fu_90          |    0    |    0    |
|   read   |            in_s2m_len_read_read_fu_96           |    0    |    0    |
|          |          in_en_clrsts_read_read_fu_102          |    0    |    0    |
|----------|-------------------------------------------------|---------|---------|
|          |              write_ln0_write_fu_108             |    0    |    0    |
|   write  |              write_ln0_write_fu_116             |    0    |    0    |
|          |                 grp_write_fu_124                |    0    |    0    |
|----------|-------------------------------------------------|---------|---------|
|   zext   |             in_Img_width_cast_fu_158            |    0    |    0    |
|----------|-------------------------------------------------|---------|---------|
| bitselect|                    tmp_fu_216                   |    0    |    0    |
|          |                   tmp_2_fu_236                  |    0    |    0    |
|----------|-------------------------------------------------|---------|---------|
|   Total  |                                                 |   168   |   355   |
|----------|-------------------------------------------------|---------|---------|

Memories:
N/A

* Register list:
+-------------------------+--------+
|                         |   FF   |
+-------------------------+--------+
| icmp_ln1065_loc_reg_265 |    1   |
|   icmp_ln1065_reg_293   |    1   |
|in_en_clrsts_read_reg_261|    1   |
|  in_len_V_load_reg_282  |   32   |
| in_s2m_len_read_reg_256 |   32   |
|    sub_i_i52_reg_277    |   33   |
|  tmp_user_V_loc_reg_271 |    4   |
|       umax_reg_287      |   32   |
+-------------------------+--------+
|          Total          |   136  |
+-------------------------+--------+

* Multiplexer (MUX) list: 
|-------------------------------------------------|------|------|------|--------||---------||---------|
|                       Comp                      |  Pin | Size |  BW  | S x BW ||  Delay  ||   LUT   |
|-------------------------------------------------|------|------|------|--------||---------||---------|
|                 grp_write_fu_124                |  p2  |   2  |   1  |    2   ||    9    |
| grp_getinstream_Pipeline_VITIS_LOOP_48_1_fu_132 |  p1  |   2  |  32  |   64   ||    9    |
| grp_getinstream_Pipeline_VITIS_LOOP_48_1_fu_132 |  p8  |   2  |  33  |   66   ||    9    |
| grp_getinstream_Pipeline_VITIS_LOOP_48_1_fu_132 |  p9  |   2  |  32  |   64   ||    9    |
|-------------------------------------------------|------|------|------|--------||---------||---------|
|                      Total                      |      |      |      |   196  ||  6.352  ||    36   |
|-------------------------------------------------|------|------|------|--------||---------||---------|



* Summary:
+-----------+--------+--------+--------+
|           |  Delay |   FF   |   LUT  |
+-----------+--------+--------+--------+
|  Function |    -   |   168  |   355  |
|   Memory  |    -   |    -   |    -   |
|Multiplexer|    6   |    -   |   36   |
|  Register |    -   |   136  |    -   |
+-----------+--------+--------+--------+
|   Total   |    6   |   304  |   391  |
+-----------+--------+--------+--------+
