

================================================================
== Vitis HLS Report for 'getinstream_Pipeline_VITIS_LOOP_48_1'
================================================================
* Date:           Thu Dec 14 14:20:38 2023

* Version:        2022.1 (Build 3526262 on Mon Apr 18 15:48:16 MDT 2022)
* Project:        userdma_upsb_1204_refine
* Solution:       solution1 (Vivado IP Flow Target)
* Product family: zynq
* Target device:  xc7z020-clg400-1


================================================================
== Performance Estimates
================================================================
+ Timing: 
    * Summary: 
    +--------+----------+----------+------------+
    |  Clock |  Target  | Estimated| Uncertainty|
    +--------+----------+----------+------------+
    |ap_clk  |  10.00 ns|  6.613 ns|     2.70 ns|
    +--------+----------+----------+------------+

+ Latency: 
    * Summary: 
    +---------+---------+----------+----------+-----+-----+---------+
    |  Latency (cycles) |  Latency (absolute) |  Interval | Pipeline|
    |   min   |   max   |    min   |    max   | min | max |   Type  |
    +---------+---------+----------+----------+-----+-----+---------+
    |        ?|        ?|         ?|         ?|    ?|    ?|       no|
    +---------+---------+----------+----------+-----+-----+---------+

    + Detail: 
        * Instance: 
        N/A

        * Loop: 
        +-------------------+---------+---------+----------+-----------+-----------+------+----------+
        |                   |  Latency (cycles) | Iteration|  Initiation Interval  | Trip |          |
        |     Loop Name     |   min   |   max   |  Latency |  achieved |   target  | Count| Pipelined|
        +-------------------+---------+---------+----------+-----------+-----------+------+----------+
        |- VITIS_LOOP_48_1  |        ?|        ?|         2|          1|          1|     ?|       yes|
        +-------------------+---------+---------+----------+-----------+-----------+------+----------+

============================================================
+ Verbose Summary: Synthesis Manager
============================================================
InlineROM: 1
ExposeGlobal: 0
============================================================
+ Verbose Summary: CDFG Model
============================================================
IsTopModel: 0
ResetActiveHigh: 1
IsCombinational: 0
IsDatapathOnly: 0
HasWiredReturn: 1
HasMFsm: 2
HasVarLatency: 1
IsPipeline: 0
IsRtlPipelined: 0
IsInstanceOverlapped: 0
IsDontTouch: 0
HasImplIP: 0
IsGatedGlobalClock: 0

+ Individual pipeline summary: 
  * Pipeline-0: initiation interval (II) = 1, depth = 3


============================================================
+ Verbose Summary: Schedule
============================================================
* Number of FSM states : 3
* Pipeline : 1
  Pipeline-0 : II = 1, D = 3, States = { 1 2 3 }
* Dataflow Pipeline: 0

* FSM state transitions: 
1 --> 2 
2 --> 3 
3 --> 

* FSM state operations: 

State 1 <SV = 0> <Delay = 1.58>
ST_1 : Operation 5 [1/1] (0.00ns)   --->   "%count = alloca i32 1"   --->   Operation 5 'alloca' 'count' <Predicate = true> <Delay = 0.00>
ST_1 : Operation 6 [1/1] (0.00ns)   --->   "%empty = alloca i32 1"   --->   Operation 6 'alloca' 'empty' <Predicate = true> <Delay = 0.00>
ST_1 : Operation 7 [1/1] (0.00ns)   --->   "%specinterface_ln0 = specinterface void @_ssdm_op_SpecInterface, i32 %inStreamTop_V_data_V, i4 %inStreamTop_V_keep_V, i4 %inStreamTop_V_strb_V, i7 %inStreamTop_V_user_V, i1 %inStreamTop_V_last_V, void @empty_10, i32 0, i32 0, void @empty_22, i32 0, i32 0, void @empty_17, void @empty_17, void @empty_17, i32 0, i32 0, i32 0, i32 0, void @empty_17, void @empty_17, i32 4294967295, i32 0"   --->   Operation 7 'specinterface' 'specinterface_ln0' <Predicate = true> <Delay = 0.00>
ST_1 : Operation 8 [1/1] (0.00ns)   --->   "%specinterface_ln0 = specinterface void @_ssdm_op_SpecInterface, i33 %inbuf, void @empty_14, i32 0, i32 0, void @empty_17, i32 0, i32 0, void @empty_17, void @empty_17, void @empty_17, i32 0, i32 0, i32 0, i32 0, void @empty_17, void @empty_17, i32 4294967295, i32 0"   --->   Operation 8 'specinterface' 'specinterface_ln0' <Predicate = true> <Delay = 0.00>
ST_1 : Operation 9 [1/1] (0.00ns)   --->   "%specinterface_ln0 = specinterface void @_ssdm_op_SpecInterface, i32 %incount47, void @empty_14, i32 0, i32 0, void @empty_17, i32 0, i32 0, void @empty_17, void @empty_17, void @empty_17, i32 0, i32 0, i32 0, i32 0, void @empty_17, void @empty_17, i32 4294967295, i32 0"   --->   Operation 9 'specinterface' 'specinterface_ln0' <Predicate = true> <Delay = 0.00>
ST_1 : Operation 10 [1/1] (0.00ns)   --->   "%in_s2m_len_read = read i32 @_ssdm_op_Read.ap_auto.i32, i32 %in_s2m_len"   --->   Operation 10 'read' 'in_s2m_len_read' <Predicate = true> <Delay = 0.00>
ST_1 : Operation 11 [1/1] (0.00ns)   --->   "%sub_i_i52_read = read i33 @_ssdm_op_Read.ap_auto.i33, i33 %sub_i_i52"   --->   Operation 11 'read' 'sub_i_i52_read' <Predicate = true> <Delay = 0.00>
ST_1 : Operation 12 [1/1] (0.00ns)   --->   "%in_len_V_load_read = read i32 @_ssdm_op_Read.ap_auto.i32, i32 %in_len_V_load"   --->   Operation 12 'read' 'in_len_V_load_read' <Predicate = true> <Delay = 0.00>
ST_1 : Operation 13 [1/1] (1.58ns)   --->   "%store_ln0 = store i32 %in_len_V_load_read, i32 %empty"   --->   Operation 13 'store' 'store_ln0' <Predicate = true> <Delay = 1.58>
ST_1 : Operation 14 [1/1] (1.58ns)   --->   "%store_ln0 = store i32 0, i32 %count"   --->   Operation 14 'store' 'store_ln0' <Predicate = true> <Delay = 1.58>
ST_1 : Operation 15 [1/1] (0.00ns)   --->   "%br_ln0 = br void %do.body_ifconv"   --->   Operation 15 'br' 'br_ln0' <Predicate = true> <Delay = 0.00>

State 2 <SV = 1> <Delay = 6.61>
ST_2 : Operation 16 [1/1] (0.00ns)   --->   "%count_3 = load i32 %count" [userdma.cpp:70]   --->   Operation 16 'load' 'count_3' <Predicate = true> <Delay = 0.00>
ST_2 : Operation 17 [1/1] (0.00ns)   --->   "%p_load = load i32 %empty"   --->   Operation 17 'load' 'p_load' <Predicate = true> <Delay = 0.00>
ST_2 : Operation 18 [1/1] (0.00ns)   --->   "%specpipeline_ln49 = specpipeline void @_ssdm_op_SpecPipeline, i32 4294967295, i32 0, i32 0, i32 0, void @empty_17" [userdma.cpp:49]   --->   Operation 18 'specpipeline' 'specpipeline_ln49' <Predicate = true> <Delay = 0.00>
ST_2 : Operation 19 [1/1] (0.00ns)   --->   "%specloopname_ln43 = specloopname void @_ssdm_op_SpecLoopName, void @empty_12" [userdma.cpp:43]   --->   Operation 19 'specloopname' 'specloopname_ln43' <Predicate = true> <Delay = 0.00>
ST_2 : Operation 20 [1/1] (0.00ns)   --->   "%empty_59 = read i48 @_ssdm_op_Read.axis.volatile.i32P0A.i4P0A.i4P0A.i7P0A.i1P0A, i32 %inStreamTop_V_data_V, i4 %inStreamTop_V_keep_V, i4 %inStreamTop_V_strb_V, i7 %inStreamTop_V_user_V, i1 %inStreamTop_V_last_V"   --->   Operation 20 'read' 'empty_59' <Predicate = true> <Delay = 0.00> <CoreInst = "axis">   --->   Core 115 'axis' <Latency = 0> <II = 1> <Delay = 1.00> <Adapter> <Opcode : >
ST_2 : Operation 21 [1/1] (0.00ns)   --->   "%tmp_data_V = extractvalue i48 %empty_59"   --->   Operation 21 'extractvalue' 'tmp_data_V' <Predicate = true> <Delay = 0.00>
ST_2 : Operation 22 [1/1] (0.00ns)   --->   "%tmp_user_V = extractvalue i48 %empty_59"   --->   Operation 22 'extractvalue' 'tmp_user_V' <Predicate = true> <Delay = 0.00>
ST_2 : Operation 23 [1/1] (0.00ns)   --->   "%tmp_last_V = extractvalue i48 %empty_59"   --->   Operation 23 'extractvalue' 'tmp_last_V' <Predicate = true> <Delay = 0.00>
ST_2 : Operation 24 [1/1] (0.00ns)   --->   "%trunc_ln293 = trunc i7 %tmp_user_V"   --->   Operation 24 'trunc' 'trunc_ln293' <Predicate = true> <Delay = 0.00>
ST_2 : Operation 25 [1/1] (0.00ns)   --->   "%p_0 = bitconcatenate i33 @_ssdm_op_BitConcatenate.i33.i1.i32, i1 %tmp_last_V, i32 %tmp_data_V" [C:/Xilinx/Vitis_HLS/2022.1/common/technology/autopilot/hls_stream_39.h:174]   --->   Operation 25 'bitconcatenate' 'p_0' <Predicate = true> <Delay = 0.00>
ST_2 : Operation 26 [1/1] (3.52ns)   --->   "%write_ln174 = write void @_ssdm_op_Write.ap_fifo.volatile.i33P0A, i33 %inbuf, i33 %p_0" [C:/Xilinx/Vitis_HLS/2022.1/common/technology/autopilot/hls_stream_39.h:174]   --->   Operation 26 'write' 'write_ln174' <Predicate = true> <Delay = 3.52> <CoreInst = "FIFO">   --->   Core 78 'FIFO' <Latency = 0> <II = 1> <Delay = 3.52> <Storage> <Opcode : 'read' 'write' 'nbread' 'nbwrite'> <Ports = 0> <Width = 33> <Depth = 128> <FIFO>
ST_2 : Operation 27 [1/1] (0.00ns)   --->   "%width_count_load = load i32 %width_count" [userdma.cpp:61]   --->   Operation 27 'load' 'width_count_load' <Predicate = true> <Delay = 0.00>
ST_2 : Operation 28 [1/1] (0.00ns)   --->   "%sext_ln1065 = sext i32 %width_count_load"   --->   Operation 28 'sext' 'sext_ln1065' <Predicate = true> <Delay = 0.00>
ST_2 : Operation 29 [1/1] (2.48ns)   --->   "%icmp_ln1065 = icmp_eq  i33 %sext_ln1065, i33 %sub_i_i52_read"   --->   Operation 29 'icmp' 'icmp_ln1065' <Predicate = true> <Delay = 2.48> <CoreInst = "Cmp">   --->   Core 9 'Cmp' <Latency = 0> <II = 1> <Delay = 2.48> <FuncUnit> <Opcode : 'icmp'> <InPorts = 2> <OutPorts = 1>
ST_2 : Operation 30 [1/1] (2.55ns)   --->   "%add_ln67 = add i32 %width_count_load, i32 1" [userdma.cpp:67]   --->   Operation 30 'add' 'add_ln67' <Predicate = true> <Delay = 2.55> <CoreInst = "Adder">   --->   Core 1 'Adder' <Latency = 0> <II = 1> <Delay = 2.55> <FuncUnit> <Opcode : 'add' 'sub'> <InPorts = 2> <OutPorts = 1>
ST_2 : Operation 31 [1/1] (0.69ns)   --->   "%select_ln1065 = select i1 %icmp_ln1065, i32 0, i32 %add_ln67"   --->   Operation 31 'select' 'select_ln1065' <Predicate = true> <Delay = 0.69> <CoreInst = "Sel">   --->   Core 73 'Sel' <Latency = 0> <II = 1> <Delay = 0.69> <FuncUnit> <Opcode : 'select'> <InPorts = 3> <OutPorts = 1>
ST_2 : Operation 32 [1/1] (0.00ns)   --->   "%store_ln65 = store i32 %select_ln1065, i32 %width_count" [userdma.cpp:65]   --->   Operation 32 'store' 'store_ln65' <Predicate = true> <Delay = 0.00>
ST_2 : Operation 33 [1/1] (2.55ns)   --->   "%count_4 = add i32 %count_3, i32 1" [userdma.cpp:70]   --->   Operation 33 'add' 'count_4' <Predicate = true> <Delay = 2.55> <CoreInst = "Adder">   --->   Core 1 'Adder' <Latency = 0> <II = 1> <Delay = 2.55> <FuncUnit> <Opcode : 'add' 'sub'> <InPorts = 2> <OutPorts = 1>
ST_2 : Operation 34 [1/1] (2.55ns)   --->   "%add_ln886 = add i32 %p_load, i32 1"   --->   Operation 34 'add' 'add_ln886' <Predicate = true> <Delay = 2.55> <CoreInst = "Adder">   --->   Core 1 'Adder' <Latency = 0> <II = 1> <Delay = 2.55> <FuncUnit> <Opcode : 'add' 'sub'> <InPorts = 2> <OutPorts = 1>
ST_2 : Operation 35 [1/1] (0.00ns)   --->   "%tmp = partselect i28 @_ssdm_op_PartSelect.i28.i32.i32.i32, i32 %count_4, i32 4, i32 31" [userdma.cpp:72]   --->   Operation 35 'partselect' 'tmp' <Predicate = true> <Delay = 0.00>
ST_2 : Operation 36 [1/1] (2.46ns)   --->   "%icmp_ln72 = icmp_sgt  i28 %tmp, i28 0" [userdma.cpp:72]   --->   Operation 36 'icmp' 'icmp_ln72' <Predicate = true> <Delay = 2.46> <CoreInst = "Cmp">   --->   Core 9 'Cmp' <Latency = 0> <II = 1> <Delay = 2.46> <FuncUnit> <Opcode : 'icmp'> <InPorts = 2> <OutPorts = 1>
ST_2 : Operation 37 [1/1] (0.00ns)   --->   "%br_ln72 = br i1 %icmp_ln72, void %do.body_ifconv.do.cond_crit_edge, void %if.then36" [userdma.cpp:72]   --->   Operation 37 'br' 'br_ln72' <Predicate = true> <Delay = 0.00>
ST_2 : Operation 38 [1/1] (1.58ns)   --->   "%store_ln72 = store i32 %count_4, i32 %count" [userdma.cpp:72]   --->   Operation 38 'store' 'store_ln72' <Predicate = (!icmp_ln72)> <Delay = 1.58>
ST_2 : Operation 39 [1/1] (0.00ns)   --->   "%br_ln72 = br void %do.cond" [userdma.cpp:72]   --->   Operation 39 'br' 'br_ln72' <Predicate = (!icmp_ln72)> <Delay = 0.00>
ST_2 : Operation 40 [1/1] (1.58ns)   --->   "%store_ln75 = store i32 0, i32 %count" [userdma.cpp:75]   --->   Operation 40 'store' 'store_ln75' <Predicate = (icmp_ln72)> <Delay = 1.58>
ST_2 : Operation 41 [1/1] (2.47ns)   --->   "%icmp_ln1073 = icmp_ult  i32 %add_ln886, i32 %in_s2m_len_read"   --->   Operation 41 'icmp' 'icmp_ln1073' <Predicate = true> <Delay = 2.47> <CoreInst = "Cmp">   --->   Core 9 'Cmp' <Latency = 0> <II = 1> <Delay = 2.47> <FuncUnit> <Opcode : 'icmp'> <InPorts = 2> <OutPorts = 1>
ST_2 : Operation 42 [1/1] (0.00ns)   --->   "%br_ln76 = br i1 %icmp_ln1073, void %do.end.exitStub, void %do.cond.do.body_ifconv_crit_edge" [userdma.cpp:76]   --->   Operation 42 'br' 'br_ln76' <Predicate = true> <Delay = 0.00>
ST_2 : Operation 43 [1/1] (1.58ns)   --->   "%store_ln76 = store i32 %add_ln886, i32 %empty" [userdma.cpp:76]   --->   Operation 43 'store' 'store_ln76' <Predicate = (icmp_ln1073)> <Delay = 1.58>
ST_2 : Operation 44 [1/1] (0.00ns)   --->   "%br_ln76 = br void %do.body_ifconv" [userdma.cpp:76]   --->   Operation 44 'br' 'br_ln76' <Predicate = (icmp_ln1073)> <Delay = 0.00>

State 3 <SV = 2> <Delay = 3.54>
ST_3 : Operation 45 [1/1] (3.54ns)   --->   "%write_ln174 = write void @_ssdm_op_Write.ap_fifo.volatile.i32P0A, i32 %incount47, i32 %count_4" [C:/Xilinx/Vitis_HLS/2022.1/common/technology/autopilot/hls_stream_39.h:174]   --->   Operation 45 'write' 'write_ln174' <Predicate = (icmp_ln72)> <Delay = 3.54> <CoreInst = "FIFO_SRL">   --->   Core 81 'FIFO_SRL' <Latency = 0> <II = 1> <Delay = 3.54> <Storage> <Opcode : 'read' 'write' 'nbread' 'nbwrite'> <Ports = 0> <Width = 32> <Depth = 8> <FIFO>
ST_3 : Operation 46 [1/1] (0.00ns)   --->   "%br_ln75 = br void %do.cond" [userdma.cpp:75]   --->   Operation 46 'br' 'br_ln75' <Predicate = (icmp_ln72)> <Delay = 0.00>
ST_3 : Operation 47 [1/1] (0.00ns)   --->   "%write_ln293 = write void @_ssdm_op_Write.ap_auto.i4P0A, i4 %tmp_user_V_out, i4 %trunc_ln293"   --->   Operation 47 'write' 'write_ln293' <Predicate = (!icmp_ln1073)> <Delay = 0.00>
ST_3 : Operation 48 [1/1] (0.00ns)   --->   "%write_ln1065 = write void @_ssdm_op_Write.ap_auto.i1P0A, i1 %icmp_ln1065_out, i1 %icmp_ln1065"   --->   Operation 48 'write' 'write_ln1065' <Predicate = (!icmp_ln1073)> <Delay = 0.00>
ST_3 : Operation 49 [1/1] (0.00ns)   --->   "%ret_ln0 = ret"   --->   Operation 49 'ret' 'ret_ln0' <Predicate = (!icmp_ln1073)> <Delay = 0.00>


============================================================
+ Verbose Summary: Timing violations
============================================================
Target clock period: 10ns, clock uncertainty: 2.7ns.

 <State 1>: 1.59ns
The critical path consists of the following:
	'alloca' operation ('empty') [15]  (0 ns)
	'store' operation ('store_ln0') of variable 'in_len_V_load_read' on local variable 'empty' [22]  (1.59 ns)

 <State 2>: 6.61ns
The critical path consists of the following:
	'load' operation ('p_load') on local variable 'empty' [27]  (0 ns)
	'add' operation ('add_ln886') [44]  (2.55 ns)
	'icmp' operation ('icmp_ln1073') [56]  (2.47 ns)
	blocking operation 1.59 ns on control path)

 <State 3>: 3.55ns
The critical path consists of the following:
	fifo write operation ('write_ln174', C:/Xilinx/Vitis_HLS/2022.1/common/technology/autopilot/hls_stream_39.h:174) on port 'incount47' (C:/Xilinx/Vitis_HLS/2022.1/common/technology/autopilot/hls_stream_39.h:174) [52]  (3.55 ns)


============================================================
+ Verbose Summary: Binding
============================================================
N/A
* FSMD analyzer results:
  - Output states:
 - Input state : 
  - Chain level:
	State 1
	State 2
	State 3


============================================================
+ Verbose Summary: Datapath Resource usage 
============================================================
N/A
