

================================================================
== Vitis HLS Report for 'paralleltostreamwithburst_Pipeline_VITIS_LOOP_107_2'
================================================================
* Date:           Thu Dec 14 14:20:39 2023

* Version:        2022.1 (Build 3526262 on Mon Apr 18 15:48:16 MDT 2022)
* Project:        userdma_upsb_1204_refine
* Solution:       solution1 (Vivado IP Flow Target)
* Product family: zynq
* Target device:  xc7z020-clg400-1


================================================================
== Performance Estimates
================================================================
+ Timing: 
    * Summary: 
    +--------+----------+----------+------------+
    |  Clock |  Target  | Estimated| Uncertainty|
    +--------+----------+----------+------------+
    |ap_clk  |  10.00 ns|  7.300 ns|     2.70 ns|
    +--------+----------+----------+------------+

+ Latency: 
    * Summary: 
    +---------+---------+-----------+----------+-----+-----+---------+
    |  Latency (cycles) |  Latency (absolute)  |  Interval | Pipeline|
    |   min   |   max   |    min    |    max   | min | max |   Type  |
    +---------+---------+-----------+----------+-----+-----+---------+
    |        4|        ?|  40.000 ns|         ?|    4|    ?|       no|
    +---------+---------+-----------+----------+-----+-----+---------+

    + Detail: 
        * Instance: 
        N/A

        * Loop: 
        +--------------------+---------+---------+----------+-----------+-----------+-------+----------+
        |                    |  Latency (cycles) | Iteration|  Initiation Interval  |  Trip |          |
        |      Loop Name     |   min   |   max   |  Latency |  achieved |   target  | Count | Pipelined|
        +--------------------+---------+---------+----------+-----------+-----------+-------+----------+
        |- VITIS_LOOP_107_2  |        2|        ?|         3|          1|          1|  1 ~ ?|       yes|
        +--------------------+---------+---------+----------+-----------+-----------+-------+----------+

============================================================
+ Verbose Summary: Synthesis Manager
============================================================
InlineROM: 1
ExposeGlobal: 0
============================================================
+ Verbose Summary: CDFG Model
============================================================
IsTopModel: 0
ResetActiveHigh: 1
IsCombinational: 0
IsDatapathOnly: 0
HasWiredReturn: 1
HasMFsm: 2
HasVarLatency: 1
IsPipeline: 0
IsRtlPipelined: 0
IsInstanceOverlapped: 0
IsDontTouch: 0
HasImplIP: 0
IsGatedGlobalClock: 0

+ Individual pipeline summary: 
  * Pipeline-0: initiation interval (II) = 1, depth = 3


============================================================
+ Verbose Summary: Schedule
============================================================
* Number of FSM states : 3
* Pipeline : 1
  Pipeline-0 : II = 1, D = 3, States = { 1 2 3 }
* Dataflow Pipeline: 0

* FSM state transitions: 
1 --> 2 
2 --> 3 
3 --> 

* FSM state operations: 

State 1 <SV = 0> <Delay = 4.11>
ST_1 : Operation 6 [1/1] (0.00ns)   --->   "%dec_phi = alloca i32 1"   --->   Operation 6 'alloca' 'dec_phi' <Predicate = true> <Delay = 0.00>
ST_1 : Operation 7 [1/1] (0.00ns)   --->   "%i = alloca i32 1"   --->   Operation 7 'alloca' 'i' <Predicate = true> <Delay = 0.00>
ST_1 : Operation 8 [1/1] (0.00ns)   --->   "%sub_i_i_read = read i33 @_ssdm_op_Read.ap_auto.i33, i33 %sub_i_i"   --->   Operation 8 'read' 'sub_i_i_read' <Predicate = true> <Delay = 0.00>
ST_1 : Operation 9 [1/1] (0.00ns)   --->   "%in_m2s_len_read = read i32 @_ssdm_op_Read.ap_auto.i32, i32 %in_m2s_len"   --->   Operation 9 'read' 'in_m2s_len_read' <Predicate = true> <Delay = 0.00>
ST_1 : Operation 10 [1/1] (0.00ns)   --->   "%sub_read = read i31 @_ssdm_op_Read.ap_auto.i31, i31 %sub"   --->   Operation 10 'read' 'sub_read' <Predicate = true> <Delay = 0.00>
ST_1 : Operation 11 [1/1] (0.00ns)   --->   "%trunc_ln_read = read i31 @_ssdm_op_Read.ap_auto.i31, i31 %trunc_ln"   --->   Operation 11 'read' 'trunc_ln_read' <Predicate = true> <Delay = 0.00>
ST_1 : Operation 12 [1/1] (0.00ns)   --->   "%sext_ln107_read = read i62 @_ssdm_op_Read.ap_auto.i62, i62 %sext_ln107"   --->   Operation 12 'read' 'sext_ln107_read' <Predicate = true> <Delay = 0.00>
ST_1 : Operation 13 [1/1] (0.00ns)   --->   "%sext_ln107_cast = sext i62 %sext_ln107_read"   --->   Operation 13 'sext' 'sext_ln107_cast' <Predicate = true> <Delay = 0.00>
ST_1 : Operation 14 [1/1] (0.00ns)   --->   "%specinterface_ln0 = specinterface void @_ssdm_op_SpecInterface, i32 %gmem1, void @empty_16, i32 0, i32 0, void @empty_17, i32 10, i32 1024, void @empty_20, void @empty_19, void @empty_17, i32 16, i32 16, i32 16, i32 64, void @empty_17, void @empty_17, i32 4294967295, i32 0"   --->   Operation 14 'specinterface' 'specinterface_ln0' <Predicate = true> <Delay = 0.00>
ST_1 : Operation 15 [1/1] (0.00ns)   --->   "%specinterface_ln0 = specinterface void @_ssdm_op_SpecInterface, i40 %outbuf, void @empty_14, i32 0, i32 0, void @empty_17, i32 0, i32 0, void @empty_17, void @empty_17, void @empty_17, i32 0, i32 0, i32 0, i32 0, void @empty_17, void @empty_17, i32 4294967295, i32 0"   --->   Operation 15 'specinterface' 'specinterface_ln0' <Predicate = true> <Delay = 0.00>
ST_1 : Operation 16 [1/1] (1.58ns)   --->   "%store_ln0 = store i31 0, i31 %i"   --->   Operation 16 'store' 'store_ln0' <Predicate = true> <Delay = 1.58>
ST_1 : Operation 17 [1/1] (0.00ns)   --->   "%br_ln0 = br void %for.body"   --->   Operation 17 'br' 'br_ln0' <Predicate = true> <Delay = 0.00>
ST_1 : Operation 18 [1/1] (0.00ns)   --->   "%i_2 = load i31 %i" [userdma.cpp:107]   --->   Operation 18 'load' 'i_2' <Predicate = true> <Delay = 0.00>
ST_1 : Operation 19 [1/1] (2.47ns)   --->   "%icmp_ln107 = icmp_eq  i31 %i_2, i31 %trunc_ln_read" [userdma.cpp:107]   --->   Operation 19 'icmp' 'icmp_ln107' <Predicate = true> <Delay = 2.47> <CoreInst = "Cmp">   --->   Core 9 'Cmp' <Latency = 0> <II = 1> <Delay = 2.47> <FuncUnit> <Opcode : 'icmp'> <InPorts = 2> <OutPorts = 1>
ST_1 : Operation 20 [1/1] (2.52ns)   --->   "%add_ln107 = add i31 %i_2, i31 1" [userdma.cpp:107]   --->   Operation 20 'add' 'add_ln107' <Predicate = true> <Delay = 2.52> <CoreInst = "Adder">   --->   Core 1 'Adder' <Latency = 0> <II = 1> <Delay = 2.52> <FuncUnit> <Opcode : 'add' 'sub'> <InPorts = 2> <OutPorts = 1>
ST_1 : Operation 21 [1/1] (0.00ns)   --->   "%br_ln107 = br i1 %icmp_ln107, void %for.body.split_ifconv, void %do.cond.loopexit.exitStub" [userdma.cpp:107]   --->   Operation 21 'br' 'br_ln107' <Predicate = true> <Delay = 0.00>
ST_1 : Operation 22 [1/1] (0.00ns)   --->   "%m2s_len_load = load i32 %m2s_len" [userdma.cpp:111]   --->   Operation 22 'load' 'm2s_len_load' <Predicate = (!icmp_ln107)> <Delay = 0.00>
ST_1 : Operation 23 [1/1] (2.47ns)   --->   "%icmp_ln111 = icmp_slt  i32 %m2s_len_load, i32 17" [userdma.cpp:111]   --->   Operation 23 'icmp' 'icmp_ln111' <Predicate = (!icmp_ln107)> <Delay = 2.47> <CoreInst = "Cmp">   --->   Core 9 'Cmp' <Latency = 0> <II = 1> <Delay = 2.47> <FuncUnit> <Opcode : 'icmp'> <InPorts = 2> <OutPorts = 1>
ST_1 : Operation 24 [1/1] (2.47ns)   --->   "%icmp_ln111_1 = icmp_eq  i31 %i_2, i31 %sub_read" [userdma.cpp:111]   --->   Operation 24 'icmp' 'icmp_ln111_1' <Predicate = (!icmp_ln107)> <Delay = 2.47> <CoreInst = "Cmp">   --->   Core 9 'Cmp' <Latency = 0> <II = 1> <Delay = 2.47> <FuncUnit> <Opcode : 'icmp'> <InPorts = 2> <OutPorts = 1>
ST_1 : Operation 25 [1/1] (0.97ns)   --->   "%out_val_last_V = and i1 %icmp_ln111, i1 %icmp_ln111_1" [userdma.cpp:111]   --->   Operation 25 'and' 'out_val_last_V' <Predicate = (!icmp_ln107)> <Delay = 0.97> <CoreInst = "LogicGate">   --->   Core 74 'LogicGate' <Latency = 0> <II = 1> <Delay = 0.97> <FuncUnit> <Opcode : 'and' 'or' 'xor'> <InPorts = 2> <OutPorts = 1>
ST_1 : Operation 26 [1/1] (2.47ns)   --->   "%icmp_ln116 = icmp_eq  i32 %m2s_len_load, i32 %in_m2s_len_read" [userdma.cpp:116]   --->   Operation 26 'icmp' 'icmp_ln116' <Predicate = (!icmp_ln107)> <Delay = 2.47> <CoreInst = "Cmp">   --->   Core 9 'Cmp' <Latency = 0> <II = 1> <Delay = 2.47> <FuncUnit> <Opcode : 'icmp'> <InPorts = 2> <OutPorts = 1>
ST_1 : Operation 27 [1/1] (0.00ns)   --->   "%Img_width_count_load = load i32 %Img_width_count" [userdma.cpp:120]   --->   Operation 27 'load' 'Img_width_count_load' <Predicate = (!icmp_ln107)> <Delay = 0.00>
ST_1 : Operation 28 [1/1] (0.00ns)   --->   "%sext_ln1065 = sext i32 %Img_width_count_load"   --->   Operation 28 'sext' 'sext_ln1065' <Predicate = (!icmp_ln107)> <Delay = 0.00>
ST_1 : Operation 29 [1/1] (2.48ns)   --->   "%icmp_ln1065 = icmp_eq  i33 %sext_ln1065, i33 %sub_i_i_read"   --->   Operation 29 'icmp' 'icmp_ln1065' <Predicate = (!icmp_ln107)> <Delay = 2.48> <CoreInst = "Cmp">   --->   Core 9 'Cmp' <Latency = 0> <II = 1> <Delay = 2.48> <FuncUnit> <Opcode : 'icmp'> <InPorts = 2> <OutPorts = 1>
ST_1 : Operation 30 [1/1] (2.55ns)   --->   "%add_ln125 = add i32 %Img_width_count_load, i32 1" [userdma.cpp:125]   --->   Operation 30 'add' 'add_ln125' <Predicate = (!icmp_ln107)> <Delay = 2.55> <CoreInst = "Adder">   --->   Core 1 'Adder' <Latency = 0> <II = 1> <Delay = 2.55> <FuncUnit> <Opcode : 'add' 'sub'> <InPorts = 2> <OutPorts = 1>
ST_1 : Operation 31 [1/1] (0.69ns)   --->   "%select_ln1065 = select i1 %icmp_ln1065, i32 0, i32 %add_ln125"   --->   Operation 31 'select' 'select_ln1065' <Predicate = (!icmp_ln107)> <Delay = 0.69> <CoreInst = "Sel">   --->   Core 73 'Sel' <Latency = 0> <II = 1> <Delay = 0.69> <FuncUnit> <Opcode : 'select'> <InPorts = 3> <OutPorts = 1>
ST_1 : Operation 32 [1/1] (0.00ns)   --->   "%store_ln122 = store i32 %select_ln1065, i32 %Img_width_count" [userdma.cpp:122]   --->   Operation 32 'store' 'store_ln122' <Predicate = (!icmp_ln107)> <Delay = 0.00>
ST_1 : Operation 33 [1/1] (2.55ns)   --->   "%add_ln129 = add i32 %m2s_len_load, i32 4294967295" [userdma.cpp:129]   --->   Operation 33 'add' 'add_ln129' <Predicate = (!icmp_ln107)> <Delay = 2.55> <CoreInst = "Adder">   --->   Core 1 'Adder' <Latency = 0> <II = 1> <Delay = 2.55> <FuncUnit> <Opcode : 'add' 'sub'> <InPorts = 2> <OutPorts = 1>
ST_1 : Operation 34 [1/1] (0.00ns)   --->   "%store_ln129 = store i32 %add_ln129, i32 %m2s_len" [userdma.cpp:129]   --->   Operation 34 'store' 'store_ln129' <Predicate = (!icmp_ln107)> <Delay = 0.00>
ST_1 : Operation 35 [1/1] (1.58ns)   --->   "%store_ln107 = store i31 %add_ln107, i31 %i" [userdma.cpp:107]   --->   Operation 35 'store' 'store_ln107' <Predicate = (!icmp_ln107)> <Delay = 1.58>
ST_1 : Operation 36 [1/1] (0.00ns)   --->   "%store_ln107 = store i32 %add_ln129, i32 %dec_phi" [userdma.cpp:107]   --->   Operation 36 'store' 'store_ln107' <Predicate = (!icmp_ln107)> <Delay = 0.00>

State 2 <SV = 1> <Delay = 7.30>
ST_2 : Operation 37 [1/1] (0.00ns)   --->   "%gmem1_addr = getelementptr i32 %gmem1, i64 %sext_ln107_cast" [userdma.cpp:107]   --->   Operation 37 'getelementptr' 'gmem1_addr' <Predicate = true> <Delay = 0.00>
ST_2 : Operation 38 [1/1] (0.00ns)   --->   "%empty = speclooptripcount i32 @_ssdm_op_SpecLoopTripCount, i64 1, i64 18446744073709551615, i64 0"   --->   Operation 38 'speclooptripcount' 'empty' <Predicate = true> <Delay = 0.00>
ST_2 : Operation 39 [1/1] (7.30ns)   --->   "%out_val_data_filed_V = read i32 @_ssdm_op_Read.m_axi.p1i32, i32 %gmem1_addr"   --->   Operation 39 'read' 'out_val_data_filed_V' <Predicate = (!icmp_ln107)> <Delay = 7.30> <CoreInst = "m_axi">   --->   Core 113 'm_axi' <Latency = 0> <II = 1> <Delay = 1.00> <Adapter> <Opcode : 'read' 'write' 'readreq' 'writereq' 'writeresp'>
ST_2 : Operation 50 [1/1] (0.00ns)   --->   "%dec_phi_load = load i32 %dec_phi"   --->   Operation 50 'load' 'dec_phi_load' <Predicate = (icmp_ln107)> <Delay = 0.00>
ST_2 : Operation 51 [1/1] (0.00ns)   --->   "%write_ln0 = write void @_ssdm_op_Write.ap_auto.i32P0A, i32 %dec_phi_out, i32 %dec_phi_load"   --->   Operation 51 'write' 'write_ln0' <Predicate = (icmp_ln107)> <Delay = 0.00>
ST_2 : Operation 52 [1/1] (0.00ns)   --->   "%ret_ln0 = ret"   --->   Operation 52 'ret' 'ret_ln0' <Predicate = (icmp_ln107)> <Delay = 0.00>

State 3 <SV = 2> <Delay = 4.55>
ST_3 : Operation 40 [1/1] (0.00ns)   --->   "%specpipeline_ln108 = specpipeline void @_ssdm_op_SpecPipeline, i32 4294967295, i32 0, i32 0, i32 0, void @empty_17" [userdma.cpp:108]   --->   Operation 40 'specpipeline' 'specpipeline_ln108' <Predicate = true> <Delay = 0.00>
ST_3 : Operation 41 [1/1] (0.00ns)   --->   "%specloopname_ln107 = specloopname void @_ssdm_op_SpecLoopName, void @empty_5" [userdma.cpp:107]   --->   Operation 41 'specloopname' 'specloopname_ln107' <Predicate = true> <Delay = 0.00>
ST_3 : Operation 42 [1/1] (0.00ns) (grouped into LUT with out node select_ln1065_1)   --->   "%select_ln120 = select i1 %icmp_ln116, i3 4, i3 0" [userdma.cpp:120]   --->   Operation 42 'select' 'select_ln120' <Predicate = (icmp_ln1065)> <Delay = 0.00> <CoreInst = "Sel">   --->   Core 73 'Sel' <Latency = 0> <II = 1> <Delay = 0.98> <FuncUnit> <Opcode : 'select'> <InPorts = 3> <OutPorts = 1>
ST_3 : Operation 43 [1/1] (0.00ns) (grouped into LUT with out node select_ln1065_1)   --->   "%select_ln120_1 = select i1 %icmp_ln116, i7 4, i7 0" [userdma.cpp:120]   --->   Operation 43 'select' 'select_ln120_1' <Predicate = (!icmp_ln1065)> <Delay = 0.00> <CoreInst = "Sel">   --->   Core 73 'Sel' <Latency = 0> <II = 1> <Delay = 1.02> <FuncUnit> <Opcode : 'select'> <InPorts = 3> <OutPorts = 1>
ST_3 : Operation 44 [1/1] (0.00ns) (grouped into LUT with out node select_ln1065_1)   --->   "%tmp = bitconcatenate i4 @_ssdm_op_BitConcatenate.i4.i1.i3, i1 1, i3 %select_ln120"   --->   Operation 44 'bitconcatenate' 'tmp' <Predicate = (icmp_ln1065)> <Delay = 0.00>
ST_3 : Operation 45 [1/1] (0.00ns) (grouped into LUT with out node select_ln1065_1)   --->   "%p_Result_s = zext i4 %tmp"   --->   Operation 45 'zext' 'p_Result_s' <Predicate = (icmp_ln1065)> <Delay = 0.00>
ST_3 : Operation 46 [1/1] (1.02ns) (out node of the LUT)   --->   "%select_ln1065_1 = select i1 %icmp_ln1065, i7 %p_Result_s, i7 %select_ln120_1"   --->   Operation 46 'select' 'select_ln1065_1' <Predicate = true> <Delay = 1.02> <CoreInst = "Sel">   --->   Core 73 'Sel' <Latency = 0> <II = 1> <Delay = 1.02> <FuncUnit> <Opcode : 'select'> <InPorts = 3> <OutPorts = 1>
ST_3 : Operation 47 [1/1] (0.00ns)   --->   "%p_0 = bitconcatenate i40 @_ssdm_op_BitConcatenate.i40.i1.i7.i32, i1 %out_val_last_V, i7 %select_ln1065_1, i32 %out_val_data_filed_V" [C:/Xilinx/Vitis_HLS/2022.1/common/technology/autopilot/hls_stream_39.h:174]   --->   Operation 47 'bitconcatenate' 'p_0' <Predicate = true> <Delay = 0.00>
ST_3 : Operation 48 [1/1] (3.52ns)   --->   "%write_ln174 = write void @_ssdm_op_Write.ap_fifo.volatile.i40P0A, i40 %outbuf, i40 %p_0" [C:/Xilinx/Vitis_HLS/2022.1/common/technology/autopilot/hls_stream_39.h:174]   --->   Operation 48 'write' 'write_ln174' <Predicate = true> <Delay = 3.52> <CoreInst = "FIFO">   --->   Core 78 'FIFO' <Latency = 0> <II = 1> <Delay = 3.52> <Storage> <Opcode : 'read' 'write' 'nbread' 'nbwrite'> <Ports = 0> <Width = 40> <Depth = 128> <FIFO>
ST_3 : Operation 49 [1/1] (0.00ns)   --->   "%br_ln107 = br void %for.body" [userdma.cpp:107]   --->   Operation 49 'br' 'br_ln107' <Predicate = true> <Delay = 0.00>


============================================================
+ Verbose Summary: Timing violations
============================================================
Target clock period: 10ns, clock uncertainty: 2.7ns.

 <State 1>: 4.11ns
The critical path consists of the following:
	'alloca' operation ('i') [12]  (0 ns)
	'load' operation ('i', userdma.cpp:107) on local variable 'i' [24]  (0 ns)
	'add' operation ('add_ln107', userdma.cpp:107) [28]  (2.52 ns)
	'store' operation ('store_ln107', userdma.cpp:107) of variable 'add_ln107', userdma.cpp:107 on local variable 'i' [54]  (1.59 ns)

 <State 2>: 7.3ns
The critical path consists of the following:
	'getelementptr' operation ('gmem1_addr', userdma.cpp:107) [25]  (0 ns)
	bus read operation ('out_val.data_filed.V') on port 'gmem1' [33]  (7.3 ns)

 <State 3>: 4.55ns
The critical path consists of the following:
	'select' operation ('select_ln120', userdma.cpp:120) [39]  (0 ns)
	'select' operation ('select_ln1065_1') [49]  (1.02 ns)
	fifo write operation ('write_ln174', C:/Xilinx/Vitis_HLS/2022.1/common/technology/autopilot/hls_stream_39.h:174) on port 'outbuf' (C:/Xilinx/Vitis_HLS/2022.1/common/technology/autopilot/hls_stream_39.h:174) [51]  (3.53 ns)


============================================================
+ Verbose Summary: Binding
============================================================
N/A
* FSMD analyzer results:
  - Output states:
 - Input state : 
  - Chain level:
	State 1
	State 2
	State 3


============================================================
+ Verbose Summary: Datapath Resource usage 
============================================================
N/A
