8c000001
3f000002
09000003
23000004
0d000005
0d000006
25000007
12000008
3f000009
0d00000a
3600000b
3d00000c
2d00000d
0c00000e
3900000f
06000010
05000011
2a000012
25000013
37000014
12000015
0f000016
32000017
0e000018
28000019
0500001a
1c00001b
3d00001c
2d00001d
2500001e
2300001f
0a000020
3f000021
20000022
2a000023
1d000024
16000025
13000026
0d000027
13000028
2b000029
1500002a
0200002b
2e00002c
1d00002d
0f00002e
2300002f
0a000030
0a000031
3c000032
32000033
0a000034
3f000035
18000036
38000037
09000038
2b000039
3600003a
0600003b
2e00003c
3c00003d
2a00003e
0b00003f
31000040
00000000
05000041
0f000042
3b000043
3a000044
3e000045
15000046
31000047
19000048
22000049
0c00004a
1f00004b
0f00004c
3800004d
3700004e
1f00004f
1c000050
1b000051
09000052
09000053
10000054
17000055
11000056
16000057
0c000058
02000059
0800005a
3700005b
3d00005c
1200005d
3e00005e
2d00005f
39000060
1f000061
13000062
05000063
38000064
1b000065
09000066
3f000067
2a000068
18000069
0600006a
0e00006b
1c00006c
3a00006d
2600006e
3300006f
23000070
2f000071
33000072
1f000073
04000074
37000075
0b000076
26000077
1a000078
29000079
2d00007a
1a00007b
2500007c
3500007d
1f00007e
3900007f
04000080
00000000
11111101
02111102
02111103
02111104
02111105
02111106
02111107
02111108
02111109
0211110a
0211110b
0211110c
0211110d
0211110e
0211110f
02111110
02111111
02111112
02111113
02111114
02111115
02111116
02111117
02111118
02111119
0211111a
0211111b
0211111c
0211111d
0211111e
0211111f
02111120
02111121
02111122
02111123
02111124
02111125
02111126
02111127
02111128
02111129
0211112a
0211112b
0211112c
0211112d
0211112e
0211112f
02111130
02111131
02111132
02111133
02111134
02111135
02111136
02111137
02111138
02111139
0211113a
0211113b
0211113c
0211113d
0211113e
0211113f
02111140
00000000
02111141
02111142
02111143
02111144
02111145
02111146
02111147
02111148
02111149
0211114a
0211114b
0211114c
0211114d
0211114e
0211114f
02111150
02111151
02111152
02111153
02111154
02111155
02111156
02111157
02111158
02111159
0211115a
0211115b
0211115c
0211115d
0211115e
0211115f
02111160
02111161
02111162
02111163
02111164
02111165
02111166
02111167
02111168
02111169
0211116a
0211116b
0211116c
0211116d
0211116e
0211116f
02111170
02111171
02111172
02111173
02111174
02111175
02111176
02111177
02111178
02111179
0211117a
0211117b
0211117c
0211117d