

================================================================
== Vitis HLS Report for 'mmult'
================================================================
* Date:           Wed Dec  4 13:26:38 2024

* Version:        2022.1 (Build 3526262 on Mon Apr 18 15:47:01 MDT 2022)
* Project:        SA_propagating
* Solution:       solution1 (Vivado IP Flow Target)
* Product family: virtexuplus
* Target device:  xcu50-fsvh2104-2-e


================================================================
== Performance Estimates
================================================================
+ Timing: 
    * Summary: 
    +--------+----------+----------+------------+
    |  Clock |  Target  | Estimated| Uncertainty|
    +--------+----------+----------+------------+
    |ap_clk  |  10.00 ns|  7.300 ns|     2.70 ns|
    +--------+----------+----------+------------+

+ Latency: 
    * Summary: 
    +---------+---------+----------+----------+-----+-----+---------+
    |  Latency (cycles) |  Latency (absolute) |  Interval | Pipeline|
    |   min   |   max   |    min   |    max   | min | max |   Type  |
    +---------+---------+----------+----------+-----+-----+---------+
    |        ?|        ?|         ?|         ?|    ?|    ?|       no|
    +---------+---------+----------+----------+-----+-----+---------+

    + Detail: 
        * Instance: 
        +--------------------------------------+--------------------------+---------+---------+----------+----------+-----+-----+---------+
        |                                      |                          |  Latency (cycles) |  Latency (absolute) |  Interval | Pipeline|
        |               Instance               |          Module          |   min   |   max   |    min   |    max   | min | max |   Type  |
        +--------------------------------------+--------------------------+---------+---------+----------+----------+-----+-----+---------+
        |grp_mmult_Pipeline_init_fu_5882       |mmult_Pipeline_init       |       18|       18|  0.180 us|  0.180 us|   18|   18|       no|
        |grp_mmult_Pipeline_readA_fu_5934      |mmult_Pipeline_readA      |      265|      265|  2.650 us|  2.650 us|  265|  265|       no|
        |grp_mmult_Pipeline_readB_fu_5960      |mmult_Pipeline_readB      |      265|      265|  2.650 us|  2.650 us|  265|  265|       no|
        |grp_mmult_Pipeline_systolic1_fu_5986  |mmult_Pipeline_systolic1  |       48|       48|  0.480 us|  0.480 us|   48|   48|       no|
        |grp_mmult_Pipeline_writeC_fu_6870     |mmult_Pipeline_writeC     |        ?|        ?|         ?|         ?|    ?|    ?|       no|
        +--------------------------------------+--------------------------+---------+---------+----------+----------+-----+-----+---------+

        * Loop: 
        N/A



================================================================
== Utilization Estimates
================================================================
* Summary: 
+---------------------+---------+------+---------+--------+-----+
|         Name        | BRAM_18K|  DSP |    FF   |   LUT  | URAM|
+---------------------+---------+------+---------+--------+-----+
|DSP                  |        -|     -|        -|       -|    -|
|Expression           |        -|     -|        0|       2|    -|
|FIFO                 |        -|     -|        -|       -|    -|
|Instance             |        0|   777|    26647|   31428|    0|
|Memory               |        0|     -|     1024|    1056|    0|
|Multiplexer          |        -|     -|        -|    4160|    -|
|Register             |        -|     -|    16974|       -|    -|
+---------------------+---------+------+---------+--------+-----+
|Total                |        0|   777|    44645|   36646|    0|
+---------------------+---------+------+---------+--------+-----+
|Available SLR        |     1344|  2976|   871680|  435840|  320|
+---------------------+---------+------+---------+--------+-----+
|Utilization SLR (%)  |        0|    26|        5|       8|    0|
+---------------------+---------+------+---------+--------+-----+
|Available            |     2688|  5952|  1743360|  871680|  640|
+---------------------+---------+------+---------+--------+-----+
|Utilization (%)      |        0|    13|        2|       4|    0|
+---------------------+---------+------+---------+--------+-----+

+ Detail: 
    * Instance: 
    +--------------------------------------+--------------------------+---------+-----+-------+-------+-----+
    |               Instance               |          Module          | BRAM_18K| DSP |   FF  |  LUT  | URAM|
    +--------------------------------------+--------------------------+---------+-----+-------+-------+-----+
    |control_s_axi_U                       |control_s_axi             |        0|    0|    360|    616|    0|
    |gmem0_m_axi_U                         |gmem0_m_axi               |        0|    0|    764|   1118|    0|
    |gmem1_m_axi_U                         |gmem1_m_axi               |        0|    0|    764|   1118|    0|
    |gmem2_m_axi_U                         |gmem2_m_axi               |        0|    0|    764|   1118|    0|
    |grp_mmult_Pipeline_init_fu_5882       |mmult_Pipeline_init       |        0|    0|      7|     49|    0|
    |grp_mmult_Pipeline_readA_fu_5934      |mmult_Pipeline_readA      |        0|    0|    150|    344|    0|
    |grp_mmult_Pipeline_readB_fu_5960      |mmult_Pipeline_readB      |        0|    0|    140|    344|    0|
    |grp_mmult_Pipeline_systolic1_fu_5986  |mmult_Pipeline_systolic1  |        0|  768|  23561|  25218|    0|
    |grp_mmult_Pipeline_writeC_fu_6870     |mmult_Pipeline_writeC     |        0|    0|    137|   1443|    0|
    |mul_32s_32s_32_1_1_U1477              |mul_32s_32s_32_1_1        |        0|    3|      0|     20|    0|
    |mul_32s_32s_32_1_1_U1478              |mul_32s_32s_32_1_1        |        0|    3|      0|     20|    0|
    |mul_32s_32s_32_1_1_U1479              |mul_32s_32s_32_1_1        |        0|    3|      0|     20|    0|
    +--------------------------------------+--------------------------+---------+-----+-------+-------+-----+
    |Total                                 |                          |        0|  777|  26647|  31428|    0|
    +--------------------------------------+--------------------------+---------+-----+-------+-------+-----+

    * DSP: 
    N/A

    * Memory: 
    +-------------+----------------------+---------+----+----+-----+------+-----+------+-------------+
    |    Memory   |        Module        | BRAM_18K| FF | LUT| URAM| Words| Bits| Banks| W*Bits*Banks|
    +-------------+----------------------+---------+----+----+-----+------+-----+------+-------------+
    |localA_U     |localA_RAM_AUTO_1R1W  |        0|  32|  33|    0|    16|   32|     1|          512|
    |localA_1_U   |localA_RAM_AUTO_1R1W  |        0|  32|  33|    0|    16|   32|     1|          512|
    |localA_2_U   |localA_RAM_AUTO_1R1W  |        0|  32|  33|    0|    16|   32|     1|          512|
    |localA_3_U   |localA_RAM_AUTO_1R1W  |        0|  32|  33|    0|    16|   32|     1|          512|
    |localA_4_U   |localA_RAM_AUTO_1R1W  |        0|  32|  33|    0|    16|   32|     1|          512|
    |localA_5_U   |localA_RAM_AUTO_1R1W  |        0|  32|  33|    0|    16|   32|     1|          512|
    |localA_6_U   |localA_RAM_AUTO_1R1W  |        0|  32|  33|    0|    16|   32|     1|          512|
    |localA_7_U   |localA_RAM_AUTO_1R1W  |        0|  32|  33|    0|    16|   32|     1|          512|
    |localA_8_U   |localA_RAM_AUTO_1R1W  |        0|  32|  33|    0|    16|   32|     1|          512|
    |localA_9_U   |localA_RAM_AUTO_1R1W  |        0|  32|  33|    0|    16|   32|     1|          512|
    |localA_10_U  |localA_RAM_AUTO_1R1W  |        0|  32|  33|    0|    16|   32|     1|          512|
    |localA_11_U  |localA_RAM_AUTO_1R1W  |        0|  32|  33|    0|    16|   32|     1|          512|
    |localA_12_U  |localA_RAM_AUTO_1R1W  |        0|  32|  33|    0|    16|   32|     1|          512|
    |localA_13_U  |localA_RAM_AUTO_1R1W  |        0|  32|  33|    0|    16|   32|     1|          512|
    |localA_14_U  |localA_RAM_AUTO_1R1W  |        0|  32|  33|    0|    16|   32|     1|          512|
    |localA_15_U  |localA_RAM_AUTO_1R1W  |        0|  32|  33|    0|    16|   32|     1|          512|
    |localB_U     |localA_RAM_AUTO_1R1W  |        0|  32|  33|    0|    16|   32|     1|          512|
    |localB_1_U   |localA_RAM_AUTO_1R1W  |        0|  32|  33|    0|    16|   32|     1|          512|
    |localB_2_U   |localA_RAM_AUTO_1R1W  |        0|  32|  33|    0|    16|   32|     1|          512|
    |localB_3_U   |localA_RAM_AUTO_1R1W  |        0|  32|  33|    0|    16|   32|     1|          512|
    |localB_4_U   |localA_RAM_AUTO_1R1W  |        0|  32|  33|    0|    16|   32|     1|          512|
    |localB_5_U   |localA_RAM_AUTO_1R1W  |        0|  32|  33|    0|    16|   32|     1|          512|
    |localB_6_U   |localA_RAM_AUTO_1R1W  |        0|  32|  33|    0|    16|   32|     1|          512|
    |localB_7_U   |localA_RAM_AUTO_1R1W  |        0|  32|  33|    0|    16|   32|     1|          512|
    |localB_8_U   |localA_RAM_AUTO_1R1W  |        0|  32|  33|    0|    16|   32|     1|          512|
    |localB_9_U   |localA_RAM_AUTO_1R1W  |        0|  32|  33|    0|    16|   32|     1|          512|
    |localB_10_U  |localA_RAM_AUTO_1R1W  |        0|  32|  33|    0|    16|   32|     1|          512|
    |localB_11_U  |localA_RAM_AUTO_1R1W  |        0|  32|  33|    0|    16|   32|     1|          512|
    |localB_12_U  |localA_RAM_AUTO_1R1W  |        0|  32|  33|    0|    16|   32|     1|          512|
    |localB_13_U  |localA_RAM_AUTO_1R1W  |        0|  32|  33|    0|    16|   32|     1|          512|
    |localB_14_U  |localA_RAM_AUTO_1R1W  |        0|  32|  33|    0|    16|   32|     1|          512|
    |localB_15_U  |localA_RAM_AUTO_1R1W  |        0|  32|  33|    0|    16|   32|     1|          512|
    +-------------+----------------------+---------+----+----+-----+------+-----+------+-------------+
    |Total        |                      |        0|1024|1056|    0|   512| 1024|    32|        16384|
    +-------------+----------------------+---------+----+----+-----+------+-----+------+-------------+

    * FIFO: 
    N/A

    * Expression: 
    +---------------------------------+----------+----+---+----+------------+------------+
    |          Variable Name          | Operation| DSP| FF| LUT| Bitwidth P0| Bitwidth P1|
    +---------------------------------+----------+----+---+----+------------+------------+
    |ap_block_state3_on_subcall_done  |        or|   0|  0|   2|           1|           1|
    +---------------------------------+----------+----+---+----+------------+------------+
    |Total                            |          |   0|  0|   2|           1|           1|
    +---------------------------------+----------+----+---+----+------------+------------+

    * Multiplexer: 
    +--------------------+----+-----------+-----+-----------+
    |        Name        | LUT| Input Size| Bits| Total Bits|
    +--------------------+----+-----------+-----+-----------+
    |ap_NS_fsm           |  65|         16|    1|         16|
    |gmem0_ARVALID       |   9|          2|    1|          2|
    |gmem0_RREADY        |   9|          2|    1|          2|
    |gmem1_ARVALID       |   9|          2|    1|          2|
    |gmem1_RREADY        |   9|          2|    1|          2|
    |gmem2_AWVALID       |   9|          2|    1|          2|
    |gmem2_BREADY        |   9|          2|    1|          2|
    |gmem2_WVALID        |   9|          2|    1|          2|
    |localA_10_address0  |  54|         10|    4|         40|
    |localA_10_address1  |  49|          9|    4|         36|
    |localA_10_ce0       |  14|          3|    1|          3|
    |localA_10_we0       |   9|          2|    1|          2|
    |localA_11_address0  |  54|         10|    4|         40|
    |localA_11_address1  |  49|          9|    4|         36|
    |localA_11_ce0       |  14|          3|    1|          3|
    |localA_11_we0       |   9|          2|    1|          2|
    |localA_12_address0  |  54|         10|    4|         40|
    |localA_12_address1  |  49|          9|    4|         36|
    |localA_12_ce0       |  14|          3|    1|          3|
    |localA_12_we0       |   9|          2|    1|          2|
    |localA_13_address0  |  54|         10|    4|         40|
    |localA_13_address1  |  49|          9|    4|         36|
    |localA_13_ce0       |  14|          3|    1|          3|
    |localA_13_we0       |   9|          2|    1|          2|
    |localA_14_address0  |  54|         10|    4|         40|
    |localA_14_address1  |  49|          9|    4|         36|
    |localA_14_ce0       |  14|          3|    1|          3|
    |localA_14_we0       |   9|          2|    1|          2|
    |localA_15_address0  |  54|         10|    4|         40|
    |localA_15_address1  |  49|          9|    4|         36|
    |localA_15_ce0       |  14|          3|    1|          3|
    |localA_15_we0       |   9|          2|    1|          2|
    |localA_1_address0   |  54|         10|    4|         40|
    |localA_1_address1   |  49|          9|    4|         36|
    |localA_1_ce0        |  14|          3|    1|          3|
    |localA_1_we0        |   9|          2|    1|          2|
    |localA_2_address0   |  54|         10|    4|         40|
    |localA_2_address1   |  49|          9|    4|         36|
    |localA_2_ce0        |  14|          3|    1|          3|
    |localA_2_we0        |   9|          2|    1|          2|
    |localA_3_address0   |  54|         10|    4|         40|
    |localA_3_address1   |  49|          9|    4|         36|
    |localA_3_ce0        |  14|          3|    1|          3|
    |localA_3_we0        |   9|          2|    1|          2|
    |localA_4_address0   |  54|         10|    4|         40|
    |localA_4_address1   |  49|          9|    4|         36|
    |localA_4_ce0        |  14|          3|    1|          3|
    |localA_4_we0        |   9|          2|    1|          2|
    |localA_5_address0   |  54|         10|    4|         40|
    |localA_5_address1   |  49|          9|    4|         36|
    |localA_5_ce0        |  14|          3|    1|          3|
    |localA_5_we0        |   9|          2|    1|          2|
    |localA_6_address0   |  54|         10|    4|         40|
    |localA_6_address1   |  49|          9|    4|         36|
    |localA_6_ce0        |  14|          3|    1|          3|
    |localA_6_we0        |   9|          2|    1|          2|
    |localA_7_address0   |  54|         10|    4|         40|
    |localA_7_address1   |  49|          9|    4|         36|
    |localA_7_ce0        |  14|          3|    1|          3|
    |localA_7_we0        |   9|          2|    1|          2|
    |localA_8_address0   |  54|         10|    4|         40|
    |localA_8_address1   |  49|          9|    4|         36|
    |localA_8_ce0        |  14|          3|    1|          3|
    |localA_8_we0        |   9|          2|    1|          2|
    |localA_9_address0   |  54|         10|    4|         40|
    |localA_9_address1   |  49|          9|    4|         36|
    |localA_9_ce0        |  14|          3|    1|          3|
    |localA_9_we0        |   9|          2|    1|          2|
    |localA_address0     |  54|         10|    4|         40|
    |localA_address1     |  49|          9|    4|         36|
    |localA_ce0          |  14|          3|    1|          3|
    |localA_we0          |   9|          2|    1|          2|
    |localB_10_address0  |  54|         10|    4|         40|
    |localB_10_address1  |  49|          9|    4|         36|
    |localB_10_ce0       |  14|          3|    1|          3|
    |localB_10_we0       |   9|          2|    1|          2|
    |localB_11_address0  |  54|         10|    4|         40|
    |localB_11_address1  |  49|          9|    4|         36|
    |localB_11_ce0       |  14|          3|    1|          3|
    |localB_11_we0       |   9|          2|    1|          2|
    |localB_12_address0  |  54|         10|    4|         40|
    |localB_12_address1  |  49|          9|    4|         36|
    |localB_12_ce0       |  14|          3|    1|          3|
    |localB_12_we0       |   9|          2|    1|          2|
    |localB_13_address0  |  54|         10|    4|         40|
    |localB_13_address1  |  49|          9|    4|         36|
    |localB_13_ce0       |  14|          3|    1|          3|
    |localB_13_we0       |   9|          2|    1|          2|
    |localB_14_address0  |  54|         10|    4|         40|
    |localB_14_address1  |  49|          9|    4|         36|
    |localB_14_ce0       |  14|          3|    1|          3|
    |localB_14_we0       |   9|          2|    1|          2|
    |localB_15_address0  |  54|         10|    4|         40|
    |localB_15_address1  |  49|          9|    4|         36|
    |localB_15_ce0       |  14|          3|    1|          3|
    |localB_15_we0       |   9|          2|    1|          2|
    |localB_1_address0   |  54|         10|    4|         40|
    |localB_1_address1   |  49|          9|    4|         36|
    |localB_1_ce0        |  14|          3|    1|          3|
    |localB_1_we0        |   9|          2|    1|          2|
    |localB_2_address0   |  54|         10|    4|         40|
    |localB_2_address1   |  49|          9|    4|         36|
    |localB_2_ce0        |  14|          3|    1|          3|
    |localB_2_we0        |   9|          2|    1|          2|
    |localB_3_address0   |  54|         10|    4|         40|
    |localB_3_address1   |  49|          9|    4|         36|
    |localB_3_ce0        |  14|          3|    1|          3|
    |localB_3_we0        |   9|          2|    1|          2|
    |localB_4_address0   |  54|         10|    4|         40|
    |localB_4_address1   |  49|          9|    4|         36|
    |localB_4_ce0        |  14|          3|    1|          3|
    |localB_4_we0        |   9|          2|    1|          2|
    |localB_5_address0   |  54|         10|    4|         40|
    |localB_5_address1   |  49|          9|    4|         36|
    |localB_5_ce0        |  14|          3|    1|          3|
    |localB_5_we0        |   9|          2|    1|          2|
    |localB_6_address0   |  54|         10|    4|         40|
    |localB_6_address1   |  49|          9|    4|         36|
    |localB_6_ce0        |  14|          3|    1|          3|
    |localB_6_we0        |   9|          2|    1|          2|
    |localB_7_address0   |  54|         10|    4|         40|
    |localB_7_address1   |  49|          9|    4|         36|
    |localB_7_ce0        |  14|          3|    1|          3|
    |localB_7_we0        |   9|          2|    1|          2|
    |localB_8_address0   |  54|         10|    4|         40|
    |localB_8_address1   |  49|          9|    4|         36|
    |localB_8_ce0        |  14|          3|    1|          3|
    |localB_8_we0        |   9|          2|    1|          2|
    |localB_9_address0   |  54|         10|    4|         40|
    |localB_9_address1   |  49|          9|    4|         36|
    |localB_9_ce0        |  14|          3|    1|          3|
    |localB_9_we0        |   9|          2|    1|          2|
    |localB_address0     |  54|         10|    4|         40|
    |localB_address1     |  49|          9|    4|         36|
    |localB_ce0          |  14|          3|    1|          3|
    |localB_we0          |   9|          2|    1|          2|
    +--------------------+----+-----------+-----+-----------+
    |Total               |4160|        798|  328|       2622|
    +--------------------+----+-----------+-----+-----------+

    * Register: 
    +---------------------------------------------------+-----+----+-----+-----------+
    |                        Name                       |  FF | LUT| Bits| Const Bits|
    +---------------------------------------------------+-----+----+-----+-----------+
    |a_col_read_reg_8405                                |   32|   0|   32|          0|
    |a_read_reg_8425                                    |   64|   0|   64|          0|
    |a_row_read_reg_8410                                |   32|   0|   32|          0|
    |ap_CS_fsm                                          |   15|   0|   15|          0|
    |b_col_read_reg_8398                                |   32|   0|   32|          0|
    |b_read_reg_8420                                    |   64|   0|   64|          0|
    |c_read_reg_8415                                    |   64|   0|   64|          0|
    |grp_mmult_Pipeline_init_fu_5882_ap_start_reg       |    1|   0|    1|          0|
    |grp_mmult_Pipeline_readA_fu_5934_ap_start_reg      |    1|   0|    1|          0|
    |grp_mmult_Pipeline_readB_fu_5960_ap_start_reg      |    1|   0|    1|          0|
    |grp_mmult_Pipeline_systolic1_fu_5986_ap_start_reg  |    1|   0|    1|          0|
    |grp_mmult_Pipeline_writeC_fu_6870_ap_start_reg     |    1|   0|    1|          0|
    |localA_10_load_10_reg_13849                        |   32|   0|   32|          0|
    |localA_10_load_11_reg_13929                        |   32|   0|   32|          0|
    |localA_10_load_12_reg_14489                        |   32|   0|   32|          0|
    |localA_10_load_13_reg_14569                        |   32|   0|   32|          0|
    |localA_10_load_14_reg_15273                        |   32|   0|   32|          0|
    |localA_10_load_15_reg_15353                        |   32|   0|   32|          0|
    |localA_10_load_1_reg_10729                         |   32|   0|   32|          0|
    |localA_10_load_2_reg_11289                         |   32|   0|   32|          0|
    |localA_10_load_3_reg_11369                         |   32|   0|   32|          0|
    |localA_10_load_4_reg_11929                         |   32|   0|   32|          0|
    |localA_10_load_5_reg_12009                         |   32|   0|   32|          0|
    |localA_10_load_6_reg_12569                         |   32|   0|   32|          0|
    |localA_10_load_7_reg_12649                         |   32|   0|   32|          0|
    |localA_10_load_8_reg_13209                         |   32|   0|   32|          0|
    |localA_10_load_9_reg_13289                         |   32|   0|   32|          0|
    |localA_10_load_reg_10649                           |   32|   0|   32|          0|
    |localA_11_load_10_reg_13854                        |   32|   0|   32|          0|
    |localA_11_load_11_reg_13934                        |   32|   0|   32|          0|
    |localA_11_load_12_reg_14494                        |   32|   0|   32|          0|
    |localA_11_load_13_reg_14574                        |   32|   0|   32|          0|
    |localA_11_load_14_reg_15278                        |   32|   0|   32|          0|
    |localA_11_load_15_reg_15358                        |   32|   0|   32|          0|
    |localA_11_load_1_reg_10734                         |   32|   0|   32|          0|
    |localA_11_load_2_reg_11294                         |   32|   0|   32|          0|
    |localA_11_load_3_reg_11374                         |   32|   0|   32|          0|
    |localA_11_load_4_reg_11934                         |   32|   0|   32|          0|
    |localA_11_load_5_reg_12014                         |   32|   0|   32|          0|
    |localA_11_load_6_reg_12574                         |   32|   0|   32|          0|
    |localA_11_load_7_reg_12654                         |   32|   0|   32|          0|
    |localA_11_load_8_reg_13214                         |   32|   0|   32|          0|
    |localA_11_load_9_reg_13294                         |   32|   0|   32|          0|
    |localA_11_load_reg_10654                           |   32|   0|   32|          0|
    |localA_12_load_10_reg_13859                        |   32|   0|   32|          0|
    |localA_12_load_11_reg_13939                        |   32|   0|   32|          0|
    |localA_12_load_12_reg_14499                        |   32|   0|   32|          0|
    |localA_12_load_13_reg_14579                        |   32|   0|   32|          0|
    |localA_12_load_14_reg_15283                        |   32|   0|   32|          0|
    |localA_12_load_15_reg_15363                        |   32|   0|   32|          0|
    |localA_12_load_1_reg_10739                         |   32|   0|   32|          0|
    |localA_12_load_2_reg_11299                         |   32|   0|   32|          0|
    |localA_12_load_3_reg_11379                         |   32|   0|   32|          0|
    |localA_12_load_4_reg_11939                         |   32|   0|   32|          0|
    |localA_12_load_5_reg_12019                         |   32|   0|   32|          0|
    |localA_12_load_6_reg_12579                         |   32|   0|   32|          0|
    |localA_12_load_7_reg_12659                         |   32|   0|   32|          0|
    |localA_12_load_8_reg_13219                         |   32|   0|   32|          0|
    |localA_12_load_9_reg_13299                         |   32|   0|   32|          0|
    |localA_12_load_reg_10659                           |   32|   0|   32|          0|
    |localA_13_load_10_reg_13864                        |   32|   0|   32|          0|
    |localA_13_load_11_reg_13944                        |   32|   0|   32|          0|
    |localA_13_load_12_reg_14504                        |   32|   0|   32|          0|
    |localA_13_load_13_reg_14584                        |   32|   0|   32|          0|
    |localA_13_load_14_reg_15288                        |   32|   0|   32|          0|
    |localA_13_load_15_reg_15368                        |   32|   0|   32|          0|
    |localA_13_load_1_reg_10744                         |   32|   0|   32|          0|
    |localA_13_load_2_reg_11304                         |   32|   0|   32|          0|
    |localA_13_load_3_reg_11384                         |   32|   0|   32|          0|
    |localA_13_load_4_reg_11944                         |   32|   0|   32|          0|
    |localA_13_load_5_reg_12024                         |   32|   0|   32|          0|
    |localA_13_load_6_reg_12584                         |   32|   0|   32|          0|
    |localA_13_load_7_reg_12664                         |   32|   0|   32|          0|
    |localA_13_load_8_reg_13224                         |   32|   0|   32|          0|
    |localA_13_load_9_reg_13304                         |   32|   0|   32|          0|
    |localA_13_load_reg_10664                           |   32|   0|   32|          0|
    |localA_14_load_10_reg_13869                        |   32|   0|   32|          0|
    |localA_14_load_11_reg_13949                        |   32|   0|   32|          0|
    |localA_14_load_12_reg_14509                        |   32|   0|   32|          0|
    |localA_14_load_13_reg_14589                        |   32|   0|   32|          0|
    |localA_14_load_14_reg_15293                        |   32|   0|   32|          0|
    |localA_14_load_15_reg_15373                        |   32|   0|   32|          0|
    |localA_14_load_1_reg_10749                         |   32|   0|   32|          0|
    |localA_14_load_2_reg_11309                         |   32|   0|   32|          0|
    |localA_14_load_3_reg_11389                         |   32|   0|   32|          0|
    |localA_14_load_4_reg_11949                         |   32|   0|   32|          0|
    |localA_14_load_5_reg_12029                         |   32|   0|   32|          0|
    |localA_14_load_6_reg_12589                         |   32|   0|   32|          0|
    |localA_14_load_7_reg_12669                         |   32|   0|   32|          0|
    |localA_14_load_8_reg_13229                         |   32|   0|   32|          0|
    |localA_14_load_9_reg_13309                         |   32|   0|   32|          0|
    |localA_14_load_reg_10669                           |   32|   0|   32|          0|
    |localA_15_load_10_reg_13874                        |   32|   0|   32|          0|
    |localA_15_load_11_reg_13954                        |   32|   0|   32|          0|
    |localA_15_load_12_reg_14514                        |   32|   0|   32|          0|
    |localA_15_load_13_reg_14594                        |   32|   0|   32|          0|
    |localA_15_load_14_reg_15298                        |   32|   0|   32|          0|
    |localA_15_load_15_reg_15378                        |   32|   0|   32|          0|
    |localA_15_load_1_reg_10754                         |   32|   0|   32|          0|
    |localA_15_load_2_reg_11314                         |   32|   0|   32|          0|
    |localA_15_load_3_reg_11394                         |   32|   0|   32|          0|
    |localA_15_load_4_reg_11954                         |   32|   0|   32|          0|
    |localA_15_load_5_reg_12034                         |   32|   0|   32|          0|
    |localA_15_load_6_reg_12594                         |   32|   0|   32|          0|
    |localA_15_load_7_reg_12674                         |   32|   0|   32|          0|
    |localA_15_load_8_reg_13234                         |   32|   0|   32|          0|
    |localA_15_load_9_reg_13314                         |   32|   0|   32|          0|
    |localA_15_load_reg_10674                           |   32|   0|   32|          0|
    |localA_1_load_10_reg_13804                         |   32|   0|   32|          0|
    |localA_1_load_11_reg_13884                         |   32|   0|   32|          0|
    |localA_1_load_12_reg_14444                         |   32|   0|   32|          0|
    |localA_1_load_13_reg_14524                         |   32|   0|   32|          0|
    |localA_1_load_14_reg_15228                         |   32|   0|   32|          0|
    |localA_1_load_15_reg_15308                         |   32|   0|   32|          0|
    |localA_1_load_1_reg_10684                          |   32|   0|   32|          0|
    |localA_1_load_2_reg_11244                          |   32|   0|   32|          0|
    |localA_1_load_3_reg_11324                          |   32|   0|   32|          0|
    |localA_1_load_4_reg_11884                          |   32|   0|   32|          0|
    |localA_1_load_5_reg_11964                          |   32|   0|   32|          0|
    |localA_1_load_6_reg_12524                          |   32|   0|   32|          0|
    |localA_1_load_7_reg_12604                          |   32|   0|   32|          0|
    |localA_1_load_8_reg_13164                          |   32|   0|   32|          0|
    |localA_1_load_9_reg_13244                          |   32|   0|   32|          0|
    |localA_1_load_reg_10604                            |   32|   0|   32|          0|
    |localA_2_load_10_reg_13809                         |   32|   0|   32|          0|
    |localA_2_load_11_reg_13889                         |   32|   0|   32|          0|
    |localA_2_load_12_reg_14449                         |   32|   0|   32|          0|
    |localA_2_load_13_reg_14529                         |   32|   0|   32|          0|
    |localA_2_load_14_reg_15233                         |   32|   0|   32|          0|
    |localA_2_load_15_reg_15313                         |   32|   0|   32|          0|
    |localA_2_load_1_reg_10689                          |   32|   0|   32|          0|
    |localA_2_load_2_reg_11249                          |   32|   0|   32|          0|
    |localA_2_load_3_reg_11329                          |   32|   0|   32|          0|
    |localA_2_load_4_reg_11889                          |   32|   0|   32|          0|
    |localA_2_load_5_reg_11969                          |   32|   0|   32|          0|
    |localA_2_load_6_reg_12529                          |   32|   0|   32|          0|
    |localA_2_load_7_reg_12609                          |   32|   0|   32|          0|
    |localA_2_load_8_reg_13169                          |   32|   0|   32|          0|
    |localA_2_load_9_reg_13249                          |   32|   0|   32|          0|
    |localA_2_load_reg_10609                            |   32|   0|   32|          0|
    |localA_3_load_10_reg_13814                         |   32|   0|   32|          0|
    |localA_3_load_11_reg_13894                         |   32|   0|   32|          0|
    |localA_3_load_12_reg_14454                         |   32|   0|   32|          0|
    |localA_3_load_13_reg_14534                         |   32|   0|   32|          0|
    |localA_3_load_14_reg_15238                         |   32|   0|   32|          0|
    |localA_3_load_15_reg_15318                         |   32|   0|   32|          0|
    |localA_3_load_1_reg_10694                          |   32|   0|   32|          0|
    |localA_3_load_2_reg_11254                          |   32|   0|   32|          0|
    |localA_3_load_3_reg_11334                          |   32|   0|   32|          0|
    |localA_3_load_4_reg_11894                          |   32|   0|   32|          0|
    |localA_3_load_5_reg_11974                          |   32|   0|   32|          0|
    |localA_3_load_6_reg_12534                          |   32|   0|   32|          0|
    |localA_3_load_7_reg_12614                          |   32|   0|   32|          0|
    |localA_3_load_8_reg_13174                          |   32|   0|   32|          0|
    |localA_3_load_9_reg_13254                          |   32|   0|   32|          0|
    |localA_3_load_reg_10614                            |   32|   0|   32|          0|
    |localA_4_load_10_reg_13819                         |   32|   0|   32|          0|
    |localA_4_load_11_reg_13899                         |   32|   0|   32|          0|
    |localA_4_load_12_reg_14459                         |   32|   0|   32|          0|
    |localA_4_load_13_reg_14539                         |   32|   0|   32|          0|
    |localA_4_load_14_reg_15243                         |   32|   0|   32|          0|
    |localA_4_load_15_reg_15323                         |   32|   0|   32|          0|
    |localA_4_load_1_reg_10699                          |   32|   0|   32|          0|
    |localA_4_load_2_reg_11259                          |   32|   0|   32|          0|
    |localA_4_load_3_reg_11339                          |   32|   0|   32|          0|
    |localA_4_load_4_reg_11899                          |   32|   0|   32|          0|
    |localA_4_load_5_reg_11979                          |   32|   0|   32|          0|
    |localA_4_load_6_reg_12539                          |   32|   0|   32|          0|
    |localA_4_load_7_reg_12619                          |   32|   0|   32|          0|
    |localA_4_load_8_reg_13179                          |   32|   0|   32|          0|
    |localA_4_load_9_reg_13259                          |   32|   0|   32|          0|
    |localA_4_load_reg_10619                            |   32|   0|   32|          0|
    |localA_5_load_10_reg_13824                         |   32|   0|   32|          0|
    |localA_5_load_11_reg_13904                         |   32|   0|   32|          0|
    |localA_5_load_12_reg_14464                         |   32|   0|   32|          0|
    |localA_5_load_13_reg_14544                         |   32|   0|   32|          0|
    |localA_5_load_14_reg_15248                         |   32|   0|   32|          0|
    |localA_5_load_15_reg_15328                         |   32|   0|   32|          0|
    |localA_5_load_1_reg_10704                          |   32|   0|   32|          0|
    |localA_5_load_2_reg_11264                          |   32|   0|   32|          0|
    |localA_5_load_3_reg_11344                          |   32|   0|   32|          0|
    |localA_5_load_4_reg_11904                          |   32|   0|   32|          0|
    |localA_5_load_5_reg_11984                          |   32|   0|   32|          0|
    |localA_5_load_6_reg_12544                          |   32|   0|   32|          0|
    |localA_5_load_7_reg_12624                          |   32|   0|   32|          0|
    |localA_5_load_8_reg_13184                          |   32|   0|   32|          0|
    |localA_5_load_9_reg_13264                          |   32|   0|   32|          0|
    |localA_5_load_reg_10624                            |   32|   0|   32|          0|
    |localA_6_load_10_reg_13829                         |   32|   0|   32|          0|
    |localA_6_load_11_reg_13909                         |   32|   0|   32|          0|
    |localA_6_load_12_reg_14469                         |   32|   0|   32|          0|
    |localA_6_load_13_reg_14549                         |   32|   0|   32|          0|
    |localA_6_load_14_reg_15253                         |   32|   0|   32|          0|
    |localA_6_load_15_reg_15333                         |   32|   0|   32|          0|
    |localA_6_load_1_reg_10709                          |   32|   0|   32|          0|
    |localA_6_load_2_reg_11269                          |   32|   0|   32|          0|
    |localA_6_load_3_reg_11349                          |   32|   0|   32|          0|
    |localA_6_load_4_reg_11909                          |   32|   0|   32|          0|
    |localA_6_load_5_reg_11989                          |   32|   0|   32|          0|
    |localA_6_load_6_reg_12549                          |   32|   0|   32|          0|
    |localA_6_load_7_reg_12629                          |   32|   0|   32|          0|
    |localA_6_load_8_reg_13189                          |   32|   0|   32|          0|
    |localA_6_load_9_reg_13269                          |   32|   0|   32|          0|
    |localA_6_load_reg_10629                            |   32|   0|   32|          0|
    |localA_7_load_10_reg_13834                         |   32|   0|   32|          0|
    |localA_7_load_11_reg_13914                         |   32|   0|   32|          0|
    |localA_7_load_12_reg_14474                         |   32|   0|   32|          0|
    |localA_7_load_13_reg_14554                         |   32|   0|   32|          0|
    |localA_7_load_14_reg_15258                         |   32|   0|   32|          0|
    |localA_7_load_15_reg_15338                         |   32|   0|   32|          0|
    |localA_7_load_1_reg_10714                          |   32|   0|   32|          0|
    |localA_7_load_2_reg_11274                          |   32|   0|   32|          0|
    |localA_7_load_3_reg_11354                          |   32|   0|   32|          0|
    |localA_7_load_4_reg_11914                          |   32|   0|   32|          0|
    |localA_7_load_5_reg_11994                          |   32|   0|   32|          0|
    |localA_7_load_6_reg_12554                          |   32|   0|   32|          0|
    |localA_7_load_7_reg_12634                          |   32|   0|   32|          0|
    |localA_7_load_8_reg_13194                          |   32|   0|   32|          0|
    |localA_7_load_9_reg_13274                          |   32|   0|   32|          0|
    |localA_7_load_reg_10634                            |   32|   0|   32|          0|
    |localA_8_load_10_reg_13839                         |   32|   0|   32|          0|
    |localA_8_load_11_reg_13919                         |   32|   0|   32|          0|
    |localA_8_load_12_reg_14479                         |   32|   0|   32|          0|
    |localA_8_load_13_reg_14559                         |   32|   0|   32|          0|
    |localA_8_load_14_reg_15263                         |   32|   0|   32|          0|
    |localA_8_load_15_reg_15343                         |   32|   0|   32|          0|
    |localA_8_load_1_reg_10719                          |   32|   0|   32|          0|
    |localA_8_load_2_reg_11279                          |   32|   0|   32|          0|
    |localA_8_load_3_reg_11359                          |   32|   0|   32|          0|
    |localA_8_load_4_reg_11919                          |   32|   0|   32|          0|
    |localA_8_load_5_reg_11999                          |   32|   0|   32|          0|
    |localA_8_load_6_reg_12559                          |   32|   0|   32|          0|
    |localA_8_load_7_reg_12639                          |   32|   0|   32|          0|
    |localA_8_load_8_reg_13199                          |   32|   0|   32|          0|
    |localA_8_load_9_reg_13279                          |   32|   0|   32|          0|
    |localA_8_load_reg_10639                            |   32|   0|   32|          0|
    |localA_9_load_10_reg_13844                         |   32|   0|   32|          0|
    |localA_9_load_11_reg_13924                         |   32|   0|   32|          0|
    |localA_9_load_12_reg_14484                         |   32|   0|   32|          0|
    |localA_9_load_13_reg_14564                         |   32|   0|   32|          0|
    |localA_9_load_14_reg_15268                         |   32|   0|   32|          0|
    |localA_9_load_15_reg_15348                         |   32|   0|   32|          0|
    |localA_9_load_1_reg_10724                          |   32|   0|   32|          0|
    |localA_9_load_2_reg_11284                          |   32|   0|   32|          0|
    |localA_9_load_3_reg_11364                          |   32|   0|   32|          0|
    |localA_9_load_4_reg_11924                          |   32|   0|   32|          0|
    |localA_9_load_5_reg_12004                          |   32|   0|   32|          0|
    |localA_9_load_6_reg_12564                          |   32|   0|   32|          0|
    |localA_9_load_7_reg_12644                          |   32|   0|   32|          0|
    |localA_9_load_8_reg_13204                          |   32|   0|   32|          0|
    |localA_9_load_9_reg_13284                          |   32|   0|   32|          0|
    |localA_9_load_reg_10644                            |   32|   0|   32|          0|
    |localA_load_10_reg_13799                           |   32|   0|   32|          0|
    |localA_load_11_reg_13879                           |   32|   0|   32|          0|
    |localA_load_12_reg_14439                           |   32|   0|   32|          0|
    |localA_load_13_reg_14519                           |   32|   0|   32|          0|
    |localA_load_14_reg_15223                           |   32|   0|   32|          0|
    |localA_load_15_reg_15303                           |   32|   0|   32|          0|
    |localA_load_1_reg_10679                            |   32|   0|   32|          0|
    |localA_load_2_reg_11239                            |   32|   0|   32|          0|
    |localA_load_3_reg_11319                            |   32|   0|   32|          0|
    |localA_load_4_reg_11879                            |   32|   0|   32|          0|
    |localA_load_5_reg_11959                            |   32|   0|   32|          0|
    |localA_load_6_reg_12519                            |   32|   0|   32|          0|
    |localA_load_7_reg_12599                            |   32|   0|   32|          0|
    |localA_load_8_reg_13159                            |   32|   0|   32|          0|
    |localA_load_9_reg_13239                            |   32|   0|   32|          0|
    |localA_load_reg_10599                              |   32|   0|   32|          0|
    |localB_10_load_10_reg_14169                        |   32|   0|   32|          0|
    |localB_10_load_11_reg_14249                        |   32|   0|   32|          0|
    |localB_10_load_12_reg_14809                        |   32|   0|   32|          0|
    |localB_10_load_13_reg_14889                        |   32|   0|   32|          0|
    |localB_10_load_14_reg_15433                        |   32|   0|   32|          0|
    |localB_10_load_15_reg_15513                        |   32|   0|   32|          0|
    |localB_10_load_1_reg_11049                         |   32|   0|   32|          0|
    |localB_10_load_2_reg_11609                         |   32|   0|   32|          0|
    |localB_10_load_3_reg_11689                         |   32|   0|   32|          0|
    |localB_10_load_4_reg_12249                         |   32|   0|   32|          0|
    |localB_10_load_5_reg_12329                         |   32|   0|   32|          0|
    |localB_10_load_6_reg_12889                         |   32|   0|   32|          0|
    |localB_10_load_7_reg_12969                         |   32|   0|   32|          0|
    |localB_10_load_8_reg_13529                         |   32|   0|   32|          0|
    |localB_10_load_9_reg_13609                         |   32|   0|   32|          0|
    |localB_10_load_reg_10969                           |   32|   0|   32|          0|
    |localB_11_load_10_reg_14174                        |   32|   0|   32|          0|
    |localB_11_load_11_reg_14254                        |   32|   0|   32|          0|
    |localB_11_load_12_reg_14814                        |   32|   0|   32|          0|
    |localB_11_load_13_reg_14894                        |   32|   0|   32|          0|
    |localB_11_load_14_reg_15438                        |   32|   0|   32|          0|
    |localB_11_load_15_reg_15518                        |   32|   0|   32|          0|
    |localB_11_load_1_reg_11054                         |   32|   0|   32|          0|
    |localB_11_load_2_reg_11614                         |   32|   0|   32|          0|
    |localB_11_load_3_reg_11694                         |   32|   0|   32|          0|
    |localB_11_load_4_reg_12254                         |   32|   0|   32|          0|
    |localB_11_load_5_reg_12334                         |   32|   0|   32|          0|
    |localB_11_load_6_reg_12894                         |   32|   0|   32|          0|
    |localB_11_load_7_reg_12974                         |   32|   0|   32|          0|
    |localB_11_load_8_reg_13534                         |   32|   0|   32|          0|
    |localB_11_load_9_reg_13614                         |   32|   0|   32|          0|
    |localB_11_load_reg_10974                           |   32|   0|   32|          0|
    |localB_12_load_10_reg_14179                        |   32|   0|   32|          0|
    |localB_12_load_11_reg_14259                        |   32|   0|   32|          0|
    |localB_12_load_12_reg_14819                        |   32|   0|   32|          0|
    |localB_12_load_13_reg_14899                        |   32|   0|   32|          0|
    |localB_12_load_14_reg_15443                        |   32|   0|   32|          0|
    |localB_12_load_15_reg_15523                        |   32|   0|   32|          0|
    |localB_12_load_1_reg_11059                         |   32|   0|   32|          0|
    |localB_12_load_2_reg_11619                         |   32|   0|   32|          0|
    |localB_12_load_3_reg_11699                         |   32|   0|   32|          0|
    |localB_12_load_4_reg_12259                         |   32|   0|   32|          0|
    |localB_12_load_5_reg_12339                         |   32|   0|   32|          0|
    |localB_12_load_6_reg_12899                         |   32|   0|   32|          0|
    |localB_12_load_7_reg_12979                         |   32|   0|   32|          0|
    |localB_12_load_8_reg_13539                         |   32|   0|   32|          0|
    |localB_12_load_9_reg_13619                         |   32|   0|   32|          0|
    |localB_12_load_reg_10979                           |   32|   0|   32|          0|
    |localB_13_load_10_reg_14184                        |   32|   0|   32|          0|
    |localB_13_load_11_reg_14264                        |   32|   0|   32|          0|
    |localB_13_load_12_reg_14824                        |   32|   0|   32|          0|
    |localB_13_load_13_reg_14904                        |   32|   0|   32|          0|
    |localB_13_load_14_reg_15448                        |   32|   0|   32|          0|
    |localB_13_load_15_reg_15528                        |   32|   0|   32|          0|
    |localB_13_load_1_reg_11064                         |   32|   0|   32|          0|
    |localB_13_load_2_reg_11624                         |   32|   0|   32|          0|
    |localB_13_load_3_reg_11704                         |   32|   0|   32|          0|
    |localB_13_load_4_reg_12264                         |   32|   0|   32|          0|
    |localB_13_load_5_reg_12344                         |   32|   0|   32|          0|
    |localB_13_load_6_reg_12904                         |   32|   0|   32|          0|
    |localB_13_load_7_reg_12984                         |   32|   0|   32|          0|
    |localB_13_load_8_reg_13544                         |   32|   0|   32|          0|
    |localB_13_load_9_reg_13624                         |   32|   0|   32|          0|
    |localB_13_load_reg_10984                           |   32|   0|   32|          0|
    |localB_14_load_10_reg_14189                        |   32|   0|   32|          0|
    |localB_14_load_11_reg_14269                        |   32|   0|   32|          0|
    |localB_14_load_12_reg_14829                        |   32|   0|   32|          0|
    |localB_14_load_13_reg_14909                        |   32|   0|   32|          0|
    |localB_14_load_14_reg_15453                        |   32|   0|   32|          0|
    |localB_14_load_15_reg_15533                        |   32|   0|   32|          0|
    |localB_14_load_1_reg_11069                         |   32|   0|   32|          0|
    |localB_14_load_2_reg_11629                         |   32|   0|   32|          0|
    |localB_14_load_3_reg_11709                         |   32|   0|   32|          0|
    |localB_14_load_4_reg_12269                         |   32|   0|   32|          0|
    |localB_14_load_5_reg_12349                         |   32|   0|   32|          0|
    |localB_14_load_6_reg_12909                         |   32|   0|   32|          0|
    |localB_14_load_7_reg_12989                         |   32|   0|   32|          0|
    |localB_14_load_8_reg_13549                         |   32|   0|   32|          0|
    |localB_14_load_9_reg_13629                         |   32|   0|   32|          0|
    |localB_14_load_reg_10989                           |   32|   0|   32|          0|
    |localB_15_load_10_reg_14194                        |   32|   0|   32|          0|
    |localB_15_load_11_reg_14274                        |   32|   0|   32|          0|
    |localB_15_load_12_reg_14834                        |   32|   0|   32|          0|
    |localB_15_load_13_reg_14914                        |   32|   0|   32|          0|
    |localB_15_load_14_reg_15458                        |   32|   0|   32|          0|
    |localB_15_load_15_reg_15538                        |   32|   0|   32|          0|
    |localB_15_load_1_reg_11074                         |   32|   0|   32|          0|
    |localB_15_load_2_reg_11634                         |   32|   0|   32|          0|
    |localB_15_load_3_reg_11714                         |   32|   0|   32|          0|
    |localB_15_load_4_reg_12274                         |   32|   0|   32|          0|
    |localB_15_load_5_reg_12354                         |   32|   0|   32|          0|
    |localB_15_load_6_reg_12914                         |   32|   0|   32|          0|
    |localB_15_load_7_reg_12994                         |   32|   0|   32|          0|
    |localB_15_load_8_reg_13554                         |   32|   0|   32|          0|
    |localB_15_load_9_reg_13634                         |   32|   0|   32|          0|
    |localB_15_load_reg_10994                           |   32|   0|   32|          0|
    |localB_1_load_10_reg_14124                         |   32|   0|   32|          0|
    |localB_1_load_11_reg_14204                         |   32|   0|   32|          0|
    |localB_1_load_12_reg_14764                         |   32|   0|   32|          0|
    |localB_1_load_13_reg_14844                         |   32|   0|   32|          0|
    |localB_1_load_14_reg_15388                         |   32|   0|   32|          0|
    |localB_1_load_15_reg_15468                         |   32|   0|   32|          0|
    |localB_1_load_1_reg_11004                          |   32|   0|   32|          0|
    |localB_1_load_2_reg_11564                          |   32|   0|   32|          0|
    |localB_1_load_3_reg_11644                          |   32|   0|   32|          0|
    |localB_1_load_4_reg_12204                          |   32|   0|   32|          0|
    |localB_1_load_5_reg_12284                          |   32|   0|   32|          0|
    |localB_1_load_6_reg_12844                          |   32|   0|   32|          0|
    |localB_1_load_7_reg_12924                          |   32|   0|   32|          0|
    |localB_1_load_8_reg_13484                          |   32|   0|   32|          0|
    |localB_1_load_9_reg_13564                          |   32|   0|   32|          0|
    |localB_1_load_reg_10924                            |   32|   0|   32|          0|
    |localB_2_load_10_reg_14129                         |   32|   0|   32|          0|
    |localB_2_load_11_reg_14209                         |   32|   0|   32|          0|
    |localB_2_load_12_reg_14769                         |   32|   0|   32|          0|
    |localB_2_load_13_reg_14849                         |   32|   0|   32|          0|
    |localB_2_load_14_reg_15393                         |   32|   0|   32|          0|
    |localB_2_load_15_reg_15473                         |   32|   0|   32|          0|
    |localB_2_load_1_reg_11009                          |   32|   0|   32|          0|
    |localB_2_load_2_reg_11569                          |   32|   0|   32|          0|
    |localB_2_load_3_reg_11649                          |   32|   0|   32|          0|
    |localB_2_load_4_reg_12209                          |   32|   0|   32|          0|
    |localB_2_load_5_reg_12289                          |   32|   0|   32|          0|
    |localB_2_load_6_reg_12849                          |   32|   0|   32|          0|
    |localB_2_load_7_reg_12929                          |   32|   0|   32|          0|
    |localB_2_load_8_reg_13489                          |   32|   0|   32|          0|
    |localB_2_load_9_reg_13569                          |   32|   0|   32|          0|
    |localB_2_load_reg_10929                            |   32|   0|   32|          0|
    |localB_3_load_10_reg_14134                         |   32|   0|   32|          0|
    |localB_3_load_11_reg_14214                         |   32|   0|   32|          0|
    |localB_3_load_12_reg_14774                         |   32|   0|   32|          0|
    |localB_3_load_13_reg_14854                         |   32|   0|   32|          0|
    |localB_3_load_14_reg_15398                         |   32|   0|   32|          0|
    |localB_3_load_15_reg_15478                         |   32|   0|   32|          0|
    |localB_3_load_1_reg_11014                          |   32|   0|   32|          0|
    |localB_3_load_2_reg_11574                          |   32|   0|   32|          0|
    |localB_3_load_3_reg_11654                          |   32|   0|   32|          0|
    |localB_3_load_4_reg_12214                          |   32|   0|   32|          0|
    |localB_3_load_5_reg_12294                          |   32|   0|   32|          0|
    |localB_3_load_6_reg_12854                          |   32|   0|   32|          0|
    |localB_3_load_7_reg_12934                          |   32|   0|   32|          0|
    |localB_3_load_8_reg_13494                          |   32|   0|   32|          0|
    |localB_3_load_9_reg_13574                          |   32|   0|   32|          0|
    |localB_3_load_reg_10934                            |   32|   0|   32|          0|
    |localB_4_load_10_reg_14139                         |   32|   0|   32|          0|
    |localB_4_load_11_reg_14219                         |   32|   0|   32|          0|
    |localB_4_load_12_reg_14779                         |   32|   0|   32|          0|
    |localB_4_load_13_reg_14859                         |   32|   0|   32|          0|
    |localB_4_load_14_reg_15403                         |   32|   0|   32|          0|
    |localB_4_load_15_reg_15483                         |   32|   0|   32|          0|
    |localB_4_load_1_reg_11019                          |   32|   0|   32|          0|
    |localB_4_load_2_reg_11579                          |   32|   0|   32|          0|
    |localB_4_load_3_reg_11659                          |   32|   0|   32|          0|
    |localB_4_load_4_reg_12219                          |   32|   0|   32|          0|
    |localB_4_load_5_reg_12299                          |   32|   0|   32|          0|
    |localB_4_load_6_reg_12859                          |   32|   0|   32|          0|
    |localB_4_load_7_reg_12939                          |   32|   0|   32|          0|
    |localB_4_load_8_reg_13499                          |   32|   0|   32|          0|
    |localB_4_load_9_reg_13579                          |   32|   0|   32|          0|
    |localB_4_load_reg_10939                            |   32|   0|   32|          0|
    |localB_5_load_10_reg_14144                         |   32|   0|   32|          0|
    |localB_5_load_11_reg_14224                         |   32|   0|   32|          0|
    |localB_5_load_12_reg_14784                         |   32|   0|   32|          0|
    |localB_5_load_13_reg_14864                         |   32|   0|   32|          0|
    |localB_5_load_14_reg_15408                         |   32|   0|   32|          0|
    |localB_5_load_15_reg_15488                         |   32|   0|   32|          0|
    |localB_5_load_1_reg_11024                          |   32|   0|   32|          0|
    |localB_5_load_2_reg_11584                          |   32|   0|   32|          0|
    |localB_5_load_3_reg_11664                          |   32|   0|   32|          0|
    |localB_5_load_4_reg_12224                          |   32|   0|   32|          0|
    |localB_5_load_5_reg_12304                          |   32|   0|   32|          0|
    |localB_5_load_6_reg_12864                          |   32|   0|   32|          0|
    |localB_5_load_7_reg_12944                          |   32|   0|   32|          0|
    |localB_5_load_8_reg_13504                          |   32|   0|   32|          0|
    |localB_5_load_9_reg_13584                          |   32|   0|   32|          0|
    |localB_5_load_reg_10944                            |   32|   0|   32|          0|
    |localB_6_load_10_reg_14149                         |   32|   0|   32|          0|
    |localB_6_load_11_reg_14229                         |   32|   0|   32|          0|
    |localB_6_load_12_reg_14789                         |   32|   0|   32|          0|
    |localB_6_load_13_reg_14869                         |   32|   0|   32|          0|
    |localB_6_load_14_reg_15413                         |   32|   0|   32|          0|
    |localB_6_load_15_reg_15493                         |   32|   0|   32|          0|
    |localB_6_load_1_reg_11029                          |   32|   0|   32|          0|
    |localB_6_load_2_reg_11589                          |   32|   0|   32|          0|
    |localB_6_load_3_reg_11669                          |   32|   0|   32|          0|
    |localB_6_load_4_reg_12229                          |   32|   0|   32|          0|
    |localB_6_load_5_reg_12309                          |   32|   0|   32|          0|
    |localB_6_load_6_reg_12869                          |   32|   0|   32|          0|
    |localB_6_load_7_reg_12949                          |   32|   0|   32|          0|
    |localB_6_load_8_reg_13509                          |   32|   0|   32|          0|
    |localB_6_load_9_reg_13589                          |   32|   0|   32|          0|
    |localB_6_load_reg_10949                            |   32|   0|   32|          0|
    |localB_7_load_10_reg_14154                         |   32|   0|   32|          0|
    |localB_7_load_11_reg_14234                         |   32|   0|   32|          0|
    |localB_7_load_12_reg_14794                         |   32|   0|   32|          0|
    |localB_7_load_13_reg_14874                         |   32|   0|   32|          0|
    |localB_7_load_14_reg_15418                         |   32|   0|   32|          0|
    |localB_7_load_15_reg_15498                         |   32|   0|   32|          0|
    |localB_7_load_1_reg_11034                          |   32|   0|   32|          0|
    |localB_7_load_2_reg_11594                          |   32|   0|   32|          0|
    |localB_7_load_3_reg_11674                          |   32|   0|   32|          0|
    |localB_7_load_4_reg_12234                          |   32|   0|   32|          0|
    |localB_7_load_5_reg_12314                          |   32|   0|   32|          0|
    |localB_7_load_6_reg_12874                          |   32|   0|   32|          0|
    |localB_7_load_7_reg_12954                          |   32|   0|   32|          0|
    |localB_7_load_8_reg_13514                          |   32|   0|   32|          0|
    |localB_7_load_9_reg_13594                          |   32|   0|   32|          0|
    |localB_7_load_reg_10954                            |   32|   0|   32|          0|
    |localB_8_load_10_reg_14159                         |   32|   0|   32|          0|
    |localB_8_load_11_reg_14239                         |   32|   0|   32|          0|
    |localB_8_load_12_reg_14799                         |   32|   0|   32|          0|
    |localB_8_load_13_reg_14879                         |   32|   0|   32|          0|
    |localB_8_load_14_reg_15423                         |   32|   0|   32|          0|
    |localB_8_load_15_reg_15503                         |   32|   0|   32|          0|
    |localB_8_load_1_reg_11039                          |   32|   0|   32|          0|
    |localB_8_load_2_reg_11599                          |   32|   0|   32|          0|
    |localB_8_load_3_reg_11679                          |   32|   0|   32|          0|
    |localB_8_load_4_reg_12239                          |   32|   0|   32|          0|
    |localB_8_load_5_reg_12319                          |   32|   0|   32|          0|
    |localB_8_load_6_reg_12879                          |   32|   0|   32|          0|
    |localB_8_load_7_reg_12959                          |   32|   0|   32|          0|
    |localB_8_load_8_reg_13519                          |   32|   0|   32|          0|
    |localB_8_load_9_reg_13599                          |   32|   0|   32|          0|
    |localB_8_load_reg_10959                            |   32|   0|   32|          0|
    |localB_9_load_10_reg_14164                         |   32|   0|   32|          0|
    |localB_9_load_11_reg_14244                         |   32|   0|   32|          0|
    |localB_9_load_12_reg_14804                         |   32|   0|   32|          0|
    |localB_9_load_13_reg_14884                         |   32|   0|   32|          0|
    |localB_9_load_14_reg_15428                         |   32|   0|   32|          0|
    |localB_9_load_15_reg_15508                         |   32|   0|   32|          0|
    |localB_9_load_1_reg_11044                          |   32|   0|   32|          0|
    |localB_9_load_2_reg_11604                          |   32|   0|   32|          0|
    |localB_9_load_3_reg_11684                          |   32|   0|   32|          0|
    |localB_9_load_4_reg_12244                          |   32|   0|   32|          0|
    |localB_9_load_5_reg_12324                          |   32|   0|   32|          0|
    |localB_9_load_6_reg_12884                          |   32|   0|   32|          0|
    |localB_9_load_7_reg_12964                          |   32|   0|   32|          0|
    |localB_9_load_8_reg_13524                          |   32|   0|   32|          0|
    |localB_9_load_9_reg_13604                          |   32|   0|   32|          0|
    |localB_9_load_reg_10964                            |   32|   0|   32|          0|
    |localB_load_10_reg_14119                           |   32|   0|   32|          0|
    |localB_load_11_reg_14199                           |   32|   0|   32|          0|
    |localB_load_12_reg_14759                           |   32|   0|   32|          0|
    |localB_load_13_reg_14839                           |   32|   0|   32|          0|
    |localB_load_14_reg_15383                           |   32|   0|   32|          0|
    |localB_load_15_reg_15463                           |   32|   0|   32|          0|
    |localB_load_1_reg_10999                            |   32|   0|   32|          0|
    |localB_load_2_reg_11559                            |   32|   0|   32|          0|
    |localB_load_3_reg_11639                            |   32|   0|   32|          0|
    |localB_load_4_reg_12199                            |   32|   0|   32|          0|
    |localB_load_5_reg_12279                            |   32|   0|   32|          0|
    |localB_load_6_reg_12839                            |   32|   0|   32|          0|
    |localB_load_7_reg_12919                            |   32|   0|   32|          0|
    |localB_load_8_reg_13479                            |   32|   0|   32|          0|
    |localB_load_9_reg_13559                            |   32|   0|   32|          0|
    |localB_load_reg_10919                              |   32|   0|   32|          0|
    |mul237_reg_15543                                   |   32|   0|   32|          0|
    |mul60_reg_10264                                    |   32|   0|   32|          0|
    |mul_reg_10254                                      |   32|   0|   32|          0|
    |trunc_ln100_2_reg_10269                            |   62|   0|   62|          0|
    |trunc_ln164_1_reg_10274                            |   62|   0|   62|          0|
    |trunc_ln81_2_reg_10259                             |   62|   0|   62|          0|
    +---------------------------------------------------+-----+----+-----+-----------+
    |Total                                              |16974|   0|16974|          0|
    +---------------------------------------------------+-----+----+-----+-----------+



================================================================
== Interface
================================================================
* Summary: 
+-----------------------+-----+-----+------------+--------------+--------------+
|       RTL Ports       | Dir | Bits|  Protocol  | Source Object|    C Type    |
+-----------------------+-----+-----+------------+--------------+--------------+
|s_axi_control_AWVALID  |   in|    1|       s_axi|       control|        scalar|
|s_axi_control_AWREADY  |  out|    1|       s_axi|       control|        scalar|
|s_axi_control_AWADDR   |   in|    7|       s_axi|       control|        scalar|
|s_axi_control_WVALID   |   in|    1|       s_axi|       control|        scalar|
|s_axi_control_WREADY   |  out|    1|       s_axi|       control|        scalar|
|s_axi_control_WDATA    |   in|   32|       s_axi|       control|        scalar|
|s_axi_control_WSTRB    |   in|    4|       s_axi|       control|        scalar|
|s_axi_control_ARVALID  |   in|    1|       s_axi|       control|        scalar|
|s_axi_control_ARREADY  |  out|    1|       s_axi|       control|        scalar|
|s_axi_control_ARADDR   |   in|    7|       s_axi|       control|        scalar|
|s_axi_control_RVALID   |  out|    1|       s_axi|       control|        scalar|
|s_axi_control_RREADY   |   in|    1|       s_axi|       control|        scalar|
|s_axi_control_RDATA    |  out|   32|       s_axi|       control|        scalar|
|s_axi_control_RRESP    |  out|    2|       s_axi|       control|        scalar|
|s_axi_control_BVALID   |  out|    1|       s_axi|       control|        scalar|
|s_axi_control_BREADY   |   in|    1|       s_axi|       control|        scalar|
|s_axi_control_BRESP    |  out|    2|       s_axi|       control|        scalar|
|ap_clk                 |   in|    1|  ap_ctrl_hs|         mmult|  return value|
|ap_rst_n               |   in|    1|  ap_ctrl_hs|         mmult|  return value|
|interrupt              |  out|    1|  ap_ctrl_hs|         mmult|  return value|
|m_axi_gmem0_AWVALID    |  out|    1|       m_axi|         gmem0|       pointer|
|m_axi_gmem0_AWREADY    |   in|    1|       m_axi|         gmem0|       pointer|
|m_axi_gmem0_AWADDR     |  out|   64|       m_axi|         gmem0|       pointer|
|m_axi_gmem0_AWID       |  out|    1|       m_axi|         gmem0|       pointer|
|m_axi_gmem0_AWLEN      |  out|    8|       m_axi|         gmem0|       pointer|
|m_axi_gmem0_AWSIZE     |  out|    3|       m_axi|         gmem0|       pointer|
|m_axi_gmem0_AWBURST    |  out|    2|       m_axi|         gmem0|       pointer|
|m_axi_gmem0_AWLOCK     |  out|    2|       m_axi|         gmem0|       pointer|
|m_axi_gmem0_AWCACHE    |  out|    4|       m_axi|         gmem0|       pointer|
|m_axi_gmem0_AWPROT     |  out|    3|       m_axi|         gmem0|       pointer|
|m_axi_gmem0_AWQOS      |  out|    4|       m_axi|         gmem0|       pointer|
|m_axi_gmem0_AWREGION   |  out|    4|       m_axi|         gmem0|       pointer|
|m_axi_gmem0_AWUSER     |  out|    1|       m_axi|         gmem0|       pointer|
|m_axi_gmem0_WVALID     |  out|    1|       m_axi|         gmem0|       pointer|
|m_axi_gmem0_WREADY     |   in|    1|       m_axi|         gmem0|       pointer|
|m_axi_gmem0_WDATA      |  out|   32|       m_axi|         gmem0|       pointer|
|m_axi_gmem0_WSTRB      |  out|    4|       m_axi|         gmem0|       pointer|
|m_axi_gmem0_WLAST      |  out|    1|       m_axi|         gmem0|       pointer|
|m_axi_gmem0_WID        |  out|    1|       m_axi|         gmem0|       pointer|
|m_axi_gmem0_WUSER      |  out|    1|       m_axi|         gmem0|       pointer|
|m_axi_gmem0_ARVALID    |  out|    1|       m_axi|         gmem0|       pointer|
|m_axi_gmem0_ARREADY    |   in|    1|       m_axi|         gmem0|       pointer|
|m_axi_gmem0_ARADDR     |  out|   64|       m_axi|         gmem0|       pointer|
|m_axi_gmem0_ARID       |  out|    1|       m_axi|         gmem0|       pointer|
|m_axi_gmem0_ARLEN      |  out|    8|       m_axi|         gmem0|       pointer|
|m_axi_gmem0_ARSIZE     |  out|    3|       m_axi|         gmem0|       pointer|
|m_axi_gmem0_ARBURST    |  out|    2|       m_axi|         gmem0|       pointer|
|m_axi_gmem0_ARLOCK     |  out|    2|       m_axi|         gmem0|       pointer|
|m_axi_gmem0_ARCACHE    |  out|    4|       m_axi|         gmem0|       pointer|
|m_axi_gmem0_ARPROT     |  out|    3|       m_axi|         gmem0|       pointer|
|m_axi_gmem0_ARQOS      |  out|    4|       m_axi|         gmem0|       pointer|
|m_axi_gmem0_ARREGION   |  out|    4|       m_axi|         gmem0|       pointer|
|m_axi_gmem0_ARUSER     |  out|    1|       m_axi|         gmem0|       pointer|
|m_axi_gmem0_RVALID     |   in|    1|       m_axi|         gmem0|       pointer|
|m_axi_gmem0_RREADY     |  out|    1|       m_axi|         gmem0|       pointer|
|m_axi_gmem0_RDATA      |   in|   32|       m_axi|         gmem0|       pointer|
|m_axi_gmem0_RLAST      |   in|    1|       m_axi|         gmem0|       pointer|
|m_axi_gmem0_RID        |   in|    1|       m_axi|         gmem0|       pointer|
|m_axi_gmem0_RUSER      |   in|    1|       m_axi|         gmem0|       pointer|
|m_axi_gmem0_RRESP      |   in|    2|       m_axi|         gmem0|       pointer|
|m_axi_gmem0_BVALID     |   in|    1|       m_axi|         gmem0|       pointer|
|m_axi_gmem0_BREADY     |  out|    1|       m_axi|         gmem0|       pointer|
|m_axi_gmem0_BRESP      |   in|    2|       m_axi|         gmem0|       pointer|
|m_axi_gmem0_BID        |   in|    1|       m_axi|         gmem0|       pointer|
|m_axi_gmem0_BUSER      |   in|    1|       m_axi|         gmem0|       pointer|
|m_axi_gmem1_AWVALID    |  out|    1|       m_axi|         gmem1|       pointer|
|m_axi_gmem1_AWREADY    |   in|    1|       m_axi|         gmem1|       pointer|
|m_axi_gmem1_AWADDR     |  out|   64|       m_axi|         gmem1|       pointer|
|m_axi_gmem1_AWID       |  out|    1|       m_axi|         gmem1|       pointer|
|m_axi_gmem1_AWLEN      |  out|    8|       m_axi|         gmem1|       pointer|
|m_axi_gmem1_AWSIZE     |  out|    3|       m_axi|         gmem1|       pointer|
|m_axi_gmem1_AWBURST    |  out|    2|       m_axi|         gmem1|       pointer|
|m_axi_gmem1_AWLOCK     |  out|    2|       m_axi|         gmem1|       pointer|
|m_axi_gmem1_AWCACHE    |  out|    4|       m_axi|         gmem1|       pointer|
|m_axi_gmem1_AWPROT     |  out|    3|       m_axi|         gmem1|       pointer|
|m_axi_gmem1_AWQOS      |  out|    4|       m_axi|         gmem1|       pointer|
|m_axi_gmem1_AWREGION   |  out|    4|       m_axi|         gmem1|       pointer|
|m_axi_gmem1_AWUSER     |  out|    1|       m_axi|         gmem1|       pointer|
|m_axi_gmem1_WVALID     |  out|    1|       m_axi|         gmem1|       pointer|
|m_axi_gmem1_WREADY     |   in|    1|       m_axi|         gmem1|       pointer|
|m_axi_gmem1_WDATA      |  out|   32|       m_axi|         gmem1|       pointer|
|m_axi_gmem1_WSTRB      |  out|    4|       m_axi|         gmem1|       pointer|
|m_axi_gmem1_WLAST      |  out|    1|       m_axi|         gmem1|       pointer|
|m_axi_gmem1_WID        |  out|    1|       m_axi|         gmem1|       pointer|
|m_axi_gmem1_WUSER      |  out|    1|       m_axi|         gmem1|       pointer|
|m_axi_gmem1_ARVALID    |  out|    1|       m_axi|         gmem1|       pointer|
|m_axi_gmem1_ARREADY    |   in|    1|       m_axi|         gmem1|       pointer|
|m_axi_gmem1_ARADDR     |  out|   64|       m_axi|         gmem1|       pointer|
|m_axi_gmem1_ARID       |  out|    1|       m_axi|         gmem1|       pointer|
|m_axi_gmem1_ARLEN      |  out|    8|       m_axi|         gmem1|       pointer|
|m_axi_gmem1_ARSIZE     |  out|    3|       m_axi|         gmem1|       pointer|
|m_axi_gmem1_ARBURST    |  out|    2|       m_axi|         gmem1|       pointer|
|m_axi_gmem1_ARLOCK     |  out|    2|       m_axi|         gmem1|       pointer|
|m_axi_gmem1_ARCACHE    |  out|    4|       m_axi|         gmem1|       pointer|
|m_axi_gmem1_ARPROT     |  out|    3|       m_axi|         gmem1|       pointer|
|m_axi_gmem1_ARQOS      |  out|    4|       m_axi|         gmem1|       pointer|
|m_axi_gmem1_ARREGION   |  out|    4|       m_axi|         gmem1|       pointer|
|m_axi_gmem1_ARUSER     |  out|    1|       m_axi|         gmem1|       pointer|
|m_axi_gmem1_RVALID     |   in|    1|       m_axi|         gmem1|       pointer|
|m_axi_gmem1_RREADY     |  out|    1|       m_axi|         gmem1|       pointer|
|m_axi_gmem1_RDATA      |   in|   32|       m_axi|         gmem1|       pointer|
|m_axi_gmem1_RLAST      |   in|    1|       m_axi|         gmem1|       pointer|
|m_axi_gmem1_RID        |   in|    1|       m_axi|         gmem1|       pointer|
|m_axi_gmem1_RUSER      |   in|    1|       m_axi|         gmem1|       pointer|
|m_axi_gmem1_RRESP      |   in|    2|       m_axi|         gmem1|       pointer|
|m_axi_gmem1_BVALID     |   in|    1|       m_axi|         gmem1|       pointer|
|m_axi_gmem1_BREADY     |  out|    1|       m_axi|         gmem1|       pointer|
|m_axi_gmem1_BRESP      |   in|    2|       m_axi|         gmem1|       pointer|
|m_axi_gmem1_BID        |   in|    1|       m_axi|         gmem1|       pointer|
|m_axi_gmem1_BUSER      |   in|    1|       m_axi|         gmem1|       pointer|
|m_axi_gmem2_AWVALID    |  out|    1|       m_axi|         gmem2|       pointer|
|m_axi_gmem2_AWREADY    |   in|    1|       m_axi|         gmem2|       pointer|
|m_axi_gmem2_AWADDR     |  out|   64|       m_axi|         gmem2|       pointer|
|m_axi_gmem2_AWID       |  out|    1|       m_axi|         gmem2|       pointer|
|m_axi_gmem2_AWLEN      |  out|    8|       m_axi|         gmem2|       pointer|
|m_axi_gmem2_AWSIZE     |  out|    3|       m_axi|         gmem2|       pointer|
|m_axi_gmem2_AWBURST    |  out|    2|       m_axi|         gmem2|       pointer|
|m_axi_gmem2_AWLOCK     |  out|    2|       m_axi|         gmem2|       pointer|
|m_axi_gmem2_AWCACHE    |  out|    4|       m_axi|         gmem2|       pointer|
|m_axi_gmem2_AWPROT     |  out|    3|       m_axi|         gmem2|       pointer|
|m_axi_gmem2_AWQOS      |  out|    4|       m_axi|         gmem2|       pointer|
|m_axi_gmem2_AWREGION   |  out|    4|       m_axi|         gmem2|       pointer|
|m_axi_gmem2_AWUSER     |  out|    1|       m_axi|         gmem2|       pointer|
|m_axi_gmem2_WVALID     |  out|    1|       m_axi|         gmem2|       pointer|
|m_axi_gmem2_WREADY     |   in|    1|       m_axi|         gmem2|       pointer|
|m_axi_gmem2_WDATA      |  out|   32|       m_axi|         gmem2|       pointer|
|m_axi_gmem2_WSTRB      |  out|    4|       m_axi|         gmem2|       pointer|
|m_axi_gmem2_WLAST      |  out|    1|       m_axi|         gmem2|       pointer|
|m_axi_gmem2_WID        |  out|    1|       m_axi|         gmem2|       pointer|
|m_axi_gmem2_WUSER      |  out|    1|       m_axi|         gmem2|       pointer|
|m_axi_gmem2_ARVALID    |  out|    1|       m_axi|         gmem2|       pointer|
|m_axi_gmem2_ARREADY    |   in|    1|       m_axi|         gmem2|       pointer|
|m_axi_gmem2_ARADDR     |  out|   64|       m_axi|         gmem2|       pointer|
|m_axi_gmem2_ARID       |  out|    1|       m_axi|         gmem2|       pointer|
|m_axi_gmem2_ARLEN      |  out|    8|       m_axi|         gmem2|       pointer|
|m_axi_gmem2_ARSIZE     |  out|    3|       m_axi|         gmem2|       pointer|
|m_axi_gmem2_ARBURST    |  out|    2|       m_axi|         gmem2|       pointer|
|m_axi_gmem2_ARLOCK     |  out|    2|       m_axi|         gmem2|       pointer|
|m_axi_gmem2_ARCACHE    |  out|    4|       m_axi|         gmem2|       pointer|
|m_axi_gmem2_ARPROT     |  out|    3|       m_axi|         gmem2|       pointer|
|m_axi_gmem2_ARQOS      |  out|    4|       m_axi|         gmem2|       pointer|
|m_axi_gmem2_ARREGION   |  out|    4|       m_axi|         gmem2|       pointer|
|m_axi_gmem2_ARUSER     |  out|    1|       m_axi|         gmem2|       pointer|
|m_axi_gmem2_RVALID     |   in|    1|       m_axi|         gmem2|       pointer|
|m_axi_gmem2_RREADY     |  out|    1|       m_axi|         gmem2|       pointer|
|m_axi_gmem2_RDATA      |   in|   32|       m_axi|         gmem2|       pointer|
|m_axi_gmem2_RLAST      |   in|    1|       m_axi|         gmem2|       pointer|
|m_axi_gmem2_RID        |   in|    1|       m_axi|         gmem2|       pointer|
|m_axi_gmem2_RUSER      |   in|    1|       m_axi|         gmem2|       pointer|
|m_axi_gmem2_RRESP      |   in|    2|       m_axi|         gmem2|       pointer|
|m_axi_gmem2_BVALID     |   in|    1|       m_axi|         gmem2|       pointer|
|m_axi_gmem2_BREADY     |  out|    1|       m_axi|         gmem2|       pointer|
|m_axi_gmem2_BRESP      |   in|    2|       m_axi|         gmem2|       pointer|
|m_axi_gmem2_BID        |   in|    1|       m_axi|         gmem2|       pointer|
|m_axi_gmem2_BUSER      |   in|    1|       m_axi|         gmem2|       pointer|
+-----------------------+-----+-----+------------+--------------+--------------+

