

================================================================
== Vitis HLS Report for 'mmult_Pipeline_init'
================================================================
* Date:           Wed Dec  4 13:26:31 2024

* Version:        2022.1 (Build 3526262 on Mon Apr 18 15:47:01 MDT 2022)
* Project:        SA_propagating
* Solution:       solution1 (Vivado IP Flow Target)
* Product family: virtexuplus
* Target device:  xcu50-fsvh2104-2-e


================================================================
== Performance Estimates
================================================================
+ Timing: 
    * Summary: 
    +--------+----------+----------+------------+
    |  Clock |  Target  | Estimated| Uncertainty|
    +--------+----------+----------+------------+
    |ap_clk  |  10.00 ns|  1.094 ns|     2.70 ns|
    +--------+----------+----------+------------+

+ Latency: 
    * Summary: 
    +---------+---------+----------+----------+-----+-----+---------+
    |  Latency (cycles) |  Latency (absolute) |  Interval | Pipeline|
    |   min   |   max   |    min   |    max   | min | max |   Type  |
    +---------+---------+----------+----------+-----+-----+---------+
    |       18|       18|  0.180 us|  0.180 us|   18|   18|       no|
    +---------+---------+----------+----------+-----+-----+---------+

    + Detail: 
        * Instance: 
        N/A

        * Loop: 
        +----------+---------+---------+----------+-----------+-----------+------+----------+
        |          |  Latency (cycles) | Iteration|  Initiation Interval  | Trip |          |
        | Loop Name|   min   |   max   |  Latency |  achieved |   target  | Count| Pipelined|
        +----------+---------+---------+----------+-----------+-----------+------+----------+
        |- init    |       16|       16|         1|          1|          1|    16|       yes|
        +----------+---------+---------+----------+-----------+-----------+------+----------+



================================================================
== Utilization Estimates
================================================================
* Summary: 
+---------------------+---------+------+---------+--------+-----+
|         Name        | BRAM_18K|  DSP |    FF   |   LUT  | URAM|
+---------------------+---------+------+---------+--------+-----+
|DSP                  |        -|     -|        -|       -|    -|
|Expression           |        -|     -|        0|      22|    -|
|FIFO                 |        -|     -|        -|       -|    -|
|Instance             |        -|     -|        -|       -|    -|
|Memory               |        -|     -|        -|       -|    -|
|Multiplexer          |        -|     -|        -|      27|    -|
|Register             |        -|     -|        7|       -|    -|
+---------------------+---------+------+---------+--------+-----+
|Total                |        0|     0|        7|      49|    0|
+---------------------+---------+------+---------+--------+-----+
|Available SLR        |     1344|  2976|   871680|  435840|  320|
+---------------------+---------+------+---------+--------+-----+
|Utilization SLR (%)  |        0|     0|       ~0|      ~0|    0|
+---------------------+---------+------+---------+--------+-----+
|Available            |     2688|  5952|  1743360|  871680|  640|
+---------------------+---------+------+---------+--------+-----+
|Utilization (%)      |        0|     0|       ~0|      ~0|    0|
+---------------------+---------+------+---------+--------+-----+

+ Detail: 
    * Instance: 
    N/A

    * DSP: 
    N/A

    * Memory: 
    N/A

    * FIFO: 
    N/A

    * Expression: 
    +---------------------+----------+----+---+----+------------+------------+
    |    Variable Name    | Operation| DSP| FF| LUT| Bitwidth P0| Bitwidth P1|
    +---------------------+----------+----+---+----+------------+------------+
    |add_ln62_fu_698_p2   |         +|   0|  0|  12|           5|           1|
    |icmp_ln62_fu_692_p2  |      icmp|   0|  0|  10|           5|           6|
    +---------------------+----------+----+---+----+------------+------------+
    |Total                |          |   0|  0|  22|          10|           7|
    +---------------------+----------+----+---+----+------------+------------+

    * Multiplexer: 
    +----------------------+----+-----------+-----+-----------+
    |         Name         | LUT| Input Size| Bits| Total Bits|
    +----------------------+----+-----------+-----+-----------+
    |ap_done_int           |   9|          2|    1|          2|
    |ap_sig_allocacmp_i_3  |   9|          2|    5|         10|
    |i_fu_152              |   9|          2|    5|         10|
    +----------------------+----+-----------+-----+-----------+
    |Total                 |  27|          6|   11|         22|
    +----------------------+----+-----------+-----+-----------+

    * Register: 
    +-------------+---+----+-----+-----------+
    |     Name    | FF| LUT| Bits| Const Bits|
    +-------------+---+----+-----+-----------+
    |ap_CS_fsm    |  1|   0|    1|          0|
    |ap_done_reg  |  1|   0|    1|          0|
    |i_fu_152     |  5|   0|    5|          0|
    +-------------+---+----+-----+-----------+
    |Total        |  7|   0|    7|          0|
    +-------------+---+----+-----+-----------+



================================================================
== Interface
================================================================
* Summary: 
+----------------------------------------+-----+-----+------------+---------------------------------+--------------+
|                RTL Ports               | Dir | Bits|  Protocol  |          Source Object          |    C Type    |
+----------------------------------------+-----+-----+------------+---------------------------------+--------------+
|ap_clk                                  |   in|    1|  ap_ctrl_hs|              mmult_Pipeline_init|  return value|
|ap_rst                                  |   in|    1|  ap_ctrl_hs|              mmult_Pipeline_init|  return value|
|ap_start                                |   in|    1|  ap_ctrl_hs|              mmult_Pipeline_init|  return value|
|ap_done                                 |  out|    1|  ap_ctrl_hs|              mmult_Pipeline_init|  return value|
|ap_idle                                 |  out|    1|  ap_ctrl_hs|              mmult_Pipeline_init|  return value|
|ap_ready                                |  out|    1|  ap_ctrl_hs|              mmult_Pipeline_init|  return value|
|inB_15_0_out                            |  out|   32|      ap_vld|                     inB_15_0_out|       pointer|
|inB_15_0_out_ap_vld                     |  out|    1|      ap_vld|                     inB_15_0_out|       pointer|
|inB_14_0_out                            |  out|   32|      ap_vld|                     inB_14_0_out|       pointer|
|inB_14_0_out_ap_vld                     |  out|    1|      ap_vld|                     inB_14_0_out|       pointer|
|inB_13_0_out                            |  out|   32|      ap_vld|                     inB_13_0_out|       pointer|
|inB_13_0_out_ap_vld                     |  out|    1|      ap_vld|                     inB_13_0_out|       pointer|
|inB_12_0_out                            |  out|   32|      ap_vld|                     inB_12_0_out|       pointer|
|inB_12_0_out_ap_vld                     |  out|    1|      ap_vld|                     inB_12_0_out|       pointer|
|inB_11_0_out                            |  out|   32|      ap_vld|                     inB_11_0_out|       pointer|
|inB_11_0_out_ap_vld                     |  out|    1|      ap_vld|                     inB_11_0_out|       pointer|
|inB_10_0_out                            |  out|   32|      ap_vld|                     inB_10_0_out|       pointer|
|inB_10_0_out_ap_vld                     |  out|    1|      ap_vld|                     inB_10_0_out|       pointer|
|inB_9_0_out                             |  out|   32|      ap_vld|                      inB_9_0_out|       pointer|
|inB_9_0_out_ap_vld                      |  out|    1|      ap_vld|                      inB_9_0_out|       pointer|
|inB_8_0_out                             |  out|   32|      ap_vld|                      inB_8_0_out|       pointer|
|inB_8_0_out_ap_vld                      |  out|    1|      ap_vld|                      inB_8_0_out|       pointer|
|inB_7_0_out                             |  out|   32|      ap_vld|                      inB_7_0_out|       pointer|
|inB_7_0_out_ap_vld                      |  out|    1|      ap_vld|                      inB_7_0_out|       pointer|
|inB_6_0_out                             |  out|   32|      ap_vld|                      inB_6_0_out|       pointer|
|inB_6_0_out_ap_vld                      |  out|    1|      ap_vld|                      inB_6_0_out|       pointer|
|inB_5_0_out                             |  out|   32|      ap_vld|                      inB_5_0_out|       pointer|
|inB_5_0_out_ap_vld                      |  out|    1|      ap_vld|                      inB_5_0_out|       pointer|
|inB_4_0_out                             |  out|   32|      ap_vld|                      inB_4_0_out|       pointer|
|inB_4_0_out_ap_vld                      |  out|    1|      ap_vld|                      inB_4_0_out|       pointer|
|inB_3_0_out                             |  out|   32|      ap_vld|                      inB_3_0_out|       pointer|
|inB_3_0_out_ap_vld                      |  out|    1|      ap_vld|                      inB_3_0_out|       pointer|
|inB_2_0_out                             |  out|   32|      ap_vld|                      inB_2_0_out|       pointer|
|inB_2_0_out_ap_vld                      |  out|    1|      ap_vld|                      inB_2_0_out|       pointer|
|inB_1_0_out                             |  out|   32|      ap_vld|                      inB_1_0_out|       pointer|
|inB_1_0_out_ap_vld                      |  out|    1|      ap_vld|                      inB_1_0_out|       pointer|
|inB_0_out                               |  out|   32|      ap_vld|                        inB_0_out|       pointer|
|inB_0_out_ap_vld                        |  out|    1|      ap_vld|                        inB_0_out|       pointer|
|inA_225_0_out                           |  out|   32|      ap_vld|                    inA_225_0_out|       pointer|
|inA_225_0_out_ap_vld                    |  out|    1|      ap_vld|                    inA_225_0_out|       pointer|
|inA_210_0_out                           |  out|   32|      ap_vld|                    inA_210_0_out|       pointer|
|inA_210_0_out_ap_vld                    |  out|    1|      ap_vld|                    inA_210_0_out|       pointer|
|inA_195_0_out                           |  out|   32|      ap_vld|                    inA_195_0_out|       pointer|
|inA_195_0_out_ap_vld                    |  out|    1|      ap_vld|                    inA_195_0_out|       pointer|
|inA_180_0_out                           |  out|   32|      ap_vld|                    inA_180_0_out|       pointer|
|inA_180_0_out_ap_vld                    |  out|    1|      ap_vld|                    inA_180_0_out|       pointer|
|inA_165_0_out                           |  out|   32|      ap_vld|                    inA_165_0_out|       pointer|
|inA_165_0_out_ap_vld                    |  out|    1|      ap_vld|                    inA_165_0_out|       pointer|
|inA_150_0_out                           |  out|   32|      ap_vld|                    inA_150_0_out|       pointer|
|inA_150_0_out_ap_vld                    |  out|    1|      ap_vld|                    inA_150_0_out|       pointer|
|inA_135_0_out                           |  out|   32|      ap_vld|                    inA_135_0_out|       pointer|
|inA_135_0_out_ap_vld                    |  out|    1|      ap_vld|                    inA_135_0_out|       pointer|
|inA_120_0_out                           |  out|   32|      ap_vld|                    inA_120_0_out|       pointer|
|inA_120_0_out_ap_vld                    |  out|    1|      ap_vld|                    inA_120_0_out|       pointer|
|inA_105_0_out                           |  out|   32|      ap_vld|                    inA_105_0_out|       pointer|
|inA_105_0_out_ap_vld                    |  out|    1|      ap_vld|                    inA_105_0_out|       pointer|
|inA_90_0_out                            |  out|   32|      ap_vld|                     inA_90_0_out|       pointer|
|inA_90_0_out_ap_vld                     |  out|    1|      ap_vld|                     inA_90_0_out|       pointer|
|inA_75_0_out                            |  out|   32|      ap_vld|                     inA_75_0_out|       pointer|
|inA_75_0_out_ap_vld                     |  out|    1|      ap_vld|                     inA_75_0_out|       pointer|
|inA_60_0_out                            |  out|   32|      ap_vld|                     inA_60_0_out|       pointer|
|inA_60_0_out_ap_vld                     |  out|    1|      ap_vld|                     inA_60_0_out|       pointer|
|inA_45_0_out                            |  out|   32|      ap_vld|                     inA_45_0_out|       pointer|
|inA_45_0_out_ap_vld                     |  out|    1|      ap_vld|                     inA_45_0_out|       pointer|
|inA_30_0_out                            |  out|   32|      ap_vld|                     inA_30_0_out|       pointer|
|inA_30_0_out_ap_vld                     |  out|    1|      ap_vld|                     inA_30_0_out|       pointer|
|inA_15_0_out                            |  out|   32|      ap_vld|                     inA_15_0_out|       pointer|
|inA_15_0_out_ap_vld                     |  out|    1|      ap_vld|                     inA_15_0_out|       pointer|
|inA_0_out                               |  out|   32|      ap_vld|                        inA_0_out|       pointer|
|inA_0_out_ap_vld                        |  out|    1|      ap_vld|                        inA_0_out|       pointer|
|arrayidx2224_15_15_promoted_out         |  out|   32|      ap_vld|  arrayidx2224_15_15_promoted_out|       pointer|
|arrayidx2224_15_15_promoted_out_ap_vld  |  out|    1|      ap_vld|  arrayidx2224_15_15_promoted_out|       pointer|
|arrayidx2224_14_15_promoted_out         |  out|   32|      ap_vld|  arrayidx2224_14_15_promoted_out|       pointer|
|arrayidx2224_14_15_promoted_out_ap_vld  |  out|    1|      ap_vld|  arrayidx2224_14_15_promoted_out|       pointer|
|arrayidx2224_13_15_promoted_out         |  out|   32|      ap_vld|  arrayidx2224_13_15_promoted_out|       pointer|
|arrayidx2224_13_15_promoted_out_ap_vld  |  out|    1|      ap_vld|  arrayidx2224_13_15_promoted_out|       pointer|
|arrayidx2224_12_15_promoted_out         |  out|   32|      ap_vld|  arrayidx2224_12_15_promoted_out|       pointer|
|arrayidx2224_12_15_promoted_out_ap_vld  |  out|    1|      ap_vld|  arrayidx2224_12_15_promoted_out|       pointer|
|arrayidx2224_11_15_promoted_out         |  out|   32|      ap_vld|  arrayidx2224_11_15_promoted_out|       pointer|
|arrayidx2224_11_15_promoted_out_ap_vld  |  out|    1|      ap_vld|  arrayidx2224_11_15_promoted_out|       pointer|
|arrayidx2224_10_15_promoted_out         |  out|   32|      ap_vld|  arrayidx2224_10_15_promoted_out|       pointer|
|arrayidx2224_10_15_promoted_out_ap_vld  |  out|    1|      ap_vld|  arrayidx2224_10_15_promoted_out|       pointer|
|arrayidx2224_9_15_promoted_out          |  out|   32|      ap_vld|   arrayidx2224_9_15_promoted_out|       pointer|
|arrayidx2224_9_15_promoted_out_ap_vld   |  out|    1|      ap_vld|   arrayidx2224_9_15_promoted_out|       pointer|
|arrayidx2224_8_15_promoted_out          |  out|   32|      ap_vld|   arrayidx2224_8_15_promoted_out|       pointer|
|arrayidx2224_8_15_promoted_out_ap_vld   |  out|    1|      ap_vld|   arrayidx2224_8_15_promoted_out|       pointer|
|arrayidx2224_7_15_promoted_out          |  out|   32|      ap_vld|   arrayidx2224_7_15_promoted_out|       pointer|
|arrayidx2224_7_15_promoted_out_ap_vld   |  out|    1|      ap_vld|   arrayidx2224_7_15_promoted_out|       pointer|
|arrayidx2224_6_15_promoted_out          |  out|   32|      ap_vld|   arrayidx2224_6_15_promoted_out|       pointer|
|arrayidx2224_6_15_promoted_out_ap_vld   |  out|    1|      ap_vld|   arrayidx2224_6_15_promoted_out|       pointer|
|arrayidx2224_5_15_promoted_out          |  out|   32|      ap_vld|   arrayidx2224_5_15_promoted_out|       pointer|
|arrayidx2224_5_15_promoted_out_ap_vld   |  out|    1|      ap_vld|   arrayidx2224_5_15_promoted_out|       pointer|
|arrayidx2224_4_15_promoted_out          |  out|   32|      ap_vld|   arrayidx2224_4_15_promoted_out|       pointer|
|arrayidx2224_4_15_promoted_out_ap_vld   |  out|    1|      ap_vld|   arrayidx2224_4_15_promoted_out|       pointer|
|arrayidx2224_3_15_promoted_out          |  out|   32|      ap_vld|   arrayidx2224_3_15_promoted_out|       pointer|
|arrayidx2224_3_15_promoted_out_ap_vld   |  out|    1|      ap_vld|   arrayidx2224_3_15_promoted_out|       pointer|
|arrayidx2224_2_15_promoted_out          |  out|   32|      ap_vld|   arrayidx2224_2_15_promoted_out|       pointer|
|arrayidx2224_2_15_promoted_out_ap_vld   |  out|    1|      ap_vld|   arrayidx2224_2_15_promoted_out|       pointer|
|arrayidx2224_1_15_promoted_out          |  out|   32|      ap_vld|   arrayidx2224_1_15_promoted_out|       pointer|
|arrayidx2224_1_15_promoted_out_ap_vld   |  out|    1|      ap_vld|   arrayidx2224_1_15_promoted_out|       pointer|
|arrayidx2224_15226_promoted_out         |  out|   32|      ap_vld|  arrayidx2224_15226_promoted_out|       pointer|
|arrayidx2224_15226_promoted_out_ap_vld  |  out|    1|      ap_vld|  arrayidx2224_15226_promoted_out|       pointer|
+----------------------------------------+-----+-----+------------+---------------------------------+--------------+

