

================================================================
== Vitis HLS Report for 'mmult_Pipeline_writeC'
================================================================
* Date:           Wed Dec  4 13:26:37 2024

* Version:        2022.1 (Build 3526262 on Mon Apr 18 15:47:01 MDT 2022)
* Project:        SA_propagating
* Solution:       solution1 (Vivado IP Flow Target)
* Product family: virtexuplus
* Target device:  xcu50-fsvh2104-2-e


================================================================
== Performance Estimates
================================================================
+ Timing: 
    * Summary: 
    +--------+----------+----------+------------+
    |  Clock |  Target  | Estimated| Uncertainty|
    +--------+----------+----------+------------+
    |ap_clk  |  10.00 ns|  7.300 ns|     2.70 ns|
    +--------+----------+----------+------------+

+ Latency: 
    * Summary: 
    +---------+---------+----------+----------+-----+-----+---------+
    |  Latency (cycles) |  Latency (absolute) |  Interval | Pipeline|
    |   min   |   max   |    min   |    max   | min | max |   Type  |
    +---------+---------+----------+----------+-----+-----+---------+
    |        ?|        ?|         ?|         ?|    ?|    ?|       no|
    +---------+---------+----------+----------+-----+-----+---------+

    + Detail: 
        * Instance: 
        N/A

        * Loop: 
        +----------+---------+---------+----------+-----------+-----------+------+----------+
        |          |  Latency (cycles) | Iteration|  Initiation Interval  | Trip |          |
        | Loop Name|   min   |   max   |  Latency |  achieved |   target  | Count| Pipelined|
        +----------+---------+---------+----------+-----------+-----------+------+----------+
        |- writeC  |        ?|        ?|         2|          1|          1|     ?|       yes|
        +----------+---------+---------+----------+-----------+-----------+------+----------+



================================================================
== Utilization Estimates
================================================================
* Summary: 
+---------------------+---------+------+---------+--------+-----+
|         Name        | BRAM_18K|  DSP |    FF   |   LUT  | URAM|
+---------------------+---------+------+---------+--------+-----+
|DSP                  |        -|     -|        -|       -|    -|
|Expression           |        -|     -|        0|     227|    -|
|FIFO                 |        -|     -|        -|       -|    -|
|Instance             |        -|     -|        0|    1105|    -|
|Memory               |        -|     -|        -|       -|    -|
|Multiplexer          |        -|     -|        -|     111|    -|
|Register             |        -|     -|      137|       -|    -|
+---------------------+---------+------+---------+--------+-----+
|Total                |        0|     0|      137|    1443|    0|
+---------------------+---------+------+---------+--------+-----+
|Available SLR        |     1344|  2976|   871680|  435840|  320|
+---------------------+---------+------+---------+--------+-----+
|Utilization SLR (%)  |        0|     0|       ~0|      ~0|    0|
+---------------------+---------+------+---------+--------+-----+
|Available            |     2688|  5952|  1743360|  871680|  640|
+---------------------+---------+------+---------+--------+-----+
|Utilization (%)      |        0|     0|       ~0|      ~0|    0|
+---------------------+---------+------+---------+--------+-----+

+ Detail: 
    * Instance: 
    +-----------------------+-----------------+---------+----+---+----+-----+
    |        Instance       |      Module     | BRAM_18K| DSP| FF| LUT| URAM|
    +-----------------------+-----------------+---------+----+---+----+-----+
    |mux_1632_32_1_1_U1198  |mux_1632_32_1_1  |        0|   0|  0|  65|    0|
    |mux_1632_32_1_1_U1199  |mux_1632_32_1_1  |        0|   0|  0|  65|    0|
    |mux_1632_32_1_1_U1200  |mux_1632_32_1_1  |        0|   0|  0|  65|    0|
    |mux_1632_32_1_1_U1201  |mux_1632_32_1_1  |        0|   0|  0|  65|    0|
    |mux_1632_32_1_1_U1202  |mux_1632_32_1_1  |        0|   0|  0|  65|    0|
    |mux_1632_32_1_1_U1203  |mux_1632_32_1_1  |        0|   0|  0|  65|    0|
    |mux_1632_32_1_1_U1204  |mux_1632_32_1_1  |        0|   0|  0|  65|    0|
    |mux_1632_32_1_1_U1205  |mux_1632_32_1_1  |        0|   0|  0|  65|    0|
    |mux_1632_32_1_1_U1206  |mux_1632_32_1_1  |        0|   0|  0|  65|    0|
    |mux_1632_32_1_1_U1207  |mux_1632_32_1_1  |        0|   0|  0|  65|    0|
    |mux_1632_32_1_1_U1208  |mux_1632_32_1_1  |        0|   0|  0|  65|    0|
    |mux_1632_32_1_1_U1209  |mux_1632_32_1_1  |        0|   0|  0|  65|    0|
    |mux_1632_32_1_1_U1210  |mux_1632_32_1_1  |        0|   0|  0|  65|    0|
    |mux_1632_32_1_1_U1211  |mux_1632_32_1_1  |        0|   0|  0|  65|    0|
    |mux_1632_32_1_1_U1212  |mux_1632_32_1_1  |        0|   0|  0|  65|    0|
    |mux_1632_32_1_1_U1213  |mux_1632_32_1_1  |        0|   0|  0|  65|    0|
    |mux_1632_32_1_1_U1214  |mux_1632_32_1_1  |        0|   0|  0|  65|    0|
    +-----------------------+-----------------+---------+----+---+----+-----+
    |Total                  |                 |        0|   0|  0|1105|    0|
    +-----------------------+-----------------+---------+----+---+----+-----+

    * DSP: 
    N/A

    * Memory: 
    N/A

    * FIFO: 
    N/A

    * Expression: 
    +---------------------------+----------+----+---+----+------------+------------+
    |       Variable Name       | Operation| DSP| FF| LUT| Bitwidth P0| Bitwidth P1|
    +---------------------------+----------+----+---+----+------------+------------+
    |add_ln158_fu_2190_p2       |         +|   0|  0|  39|          32|           1|
    |add_ln161_fu_2207_p2       |         +|   0|  0|  39|          32|           1|
    |j_2_fu_2619_p2             |         +|   0|  0|  39|          32|           1|
    |ap_block_pp0_stage0_11001  |       and|   0|  0|   2|           1|           1|
    |icmp_ln158_fu_2185_p2      |      icmp|   0|  0|  20|          32|          32|
    |icmp_ln160_fu_2202_p2      |      icmp|   0|  0|  20|          32|          32|
    |i_1_fu_2213_p3             |    select|   0|  0|  32|           1|          32|
    |j_1_fu_2221_p3             |    select|   0|  0|  32|           1|           1|
    |ap_enable_pp0              |       xor|   0|  0|   2|           1|           2|
    |ap_enable_reg_pp0_iter1    |       xor|   0|  0|   2|           2|           1|
    +---------------------------+----------+----+---+----+------------+------------+
    |Total                      |          |   0|  0| 227|         166|         104|
    +---------------------------+----------+----+---+----+------------+------------+

    * Multiplexer: 
    +-------------------------+----+-----------+-----+-----------+
    |           Name          | LUT| Input Size| Bits| Total Bits|
    +-------------------------+----+-----------+-----+-----------+
    |ap_NS_fsm                |  43|          8|    1|          8|
    |ap_enable_reg_pp0_iter1  |  14|          3|    1|          3|
    |gmem2_blk_n_AW           |   9|          2|    1|          2|
    |gmem2_blk_n_B            |   9|          2|    1|          2|
    |gmem2_blk_n_W            |   9|          2|    1|          2|
    |i_fu_568                 |   9|          2|   32|         64|
    |j_fu_572                 |   9|          2|   32|         64|
    |loc_fu_576               |   9|          2|   32|         64|
    +-------------------------+----+-----------+-----+-----------+
    |Total                    | 111|         23|  101|        209|
    +-------------------------+----+-----------+-----+-----------+

    * Register: 
    +-------------------------+----+----+-----+-----------+
    |           Name          | FF | LUT| Bits| Const Bits|
    +-------------------------+----+----+-----+-----------+
    |ap_CS_fsm                |   7|   0|    7|          0|
    |ap_enable_reg_pp0_iter0  |   1|   0|    1|          0|
    |ap_enable_reg_pp0_iter1  |   1|   0|    1|          0|
    |i_fu_568                 |  32|   0|   32|          0|
    |j_fu_572                 |  32|   0|   32|          0|
    |loc_fu_576               |  32|   0|   32|          0|
    |tmp_16_reg_3960          |  32|   0|   32|          0|
    +-------------------------+----+----+-----+-----------+
    |Total                    | 137|   0|  137|          0|
    +-------------------------+----+----+-----+-----------+



================================================================
== Interface
================================================================
* Summary: 
+----------------------+-----+-----+------------+-----------------------+--------------+
|       RTL Ports      | Dir | Bits|  Protocol  |     Source Object     |    C Type    |
+----------------------+-----+-----+------------+-----------------------+--------------+
|ap_clk                |   in|    1|  ap_ctrl_hs|  mmult_Pipeline_writeC|  return value|
|ap_rst                |   in|    1|  ap_ctrl_hs|  mmult_Pipeline_writeC|  return value|
|ap_start              |   in|    1|  ap_ctrl_hs|  mmult_Pipeline_writeC|  return value|
|ap_done               |  out|    1|  ap_ctrl_hs|  mmult_Pipeline_writeC|  return value|
|ap_idle               |  out|    1|  ap_ctrl_hs|  mmult_Pipeline_writeC|  return value|
|ap_ready              |  out|    1|  ap_ctrl_hs|  mmult_Pipeline_writeC|  return value|
|m_axi_gmem2_AWVALID   |  out|    1|       m_axi|                  gmem2|       pointer|
|m_axi_gmem2_AWREADY   |   in|    1|       m_axi|                  gmem2|       pointer|
|m_axi_gmem2_AWADDR    |  out|   64|       m_axi|                  gmem2|       pointer|
|m_axi_gmem2_AWID      |  out|    1|       m_axi|                  gmem2|       pointer|
|m_axi_gmem2_AWLEN     |  out|   32|       m_axi|                  gmem2|       pointer|
|m_axi_gmem2_AWSIZE    |  out|    3|       m_axi|                  gmem2|       pointer|
|m_axi_gmem2_AWBURST   |  out|    2|       m_axi|                  gmem2|       pointer|
|m_axi_gmem2_AWLOCK    |  out|    2|       m_axi|                  gmem2|       pointer|
|m_axi_gmem2_AWCACHE   |  out|    4|       m_axi|                  gmem2|       pointer|
|m_axi_gmem2_AWPROT    |  out|    3|       m_axi|                  gmem2|       pointer|
|m_axi_gmem2_AWQOS     |  out|    4|       m_axi|                  gmem2|       pointer|
|m_axi_gmem2_AWREGION  |  out|    4|       m_axi|                  gmem2|       pointer|
|m_axi_gmem2_AWUSER    |  out|    1|       m_axi|                  gmem2|       pointer|
|m_axi_gmem2_WVALID    |  out|    1|       m_axi|                  gmem2|       pointer|
|m_axi_gmem2_WREADY    |   in|    1|       m_axi|                  gmem2|       pointer|
|m_axi_gmem2_WDATA     |  out|   32|       m_axi|                  gmem2|       pointer|
|m_axi_gmem2_WSTRB     |  out|    4|       m_axi|                  gmem2|       pointer|
|m_axi_gmem2_WLAST     |  out|    1|       m_axi|                  gmem2|       pointer|
|m_axi_gmem2_WID       |  out|    1|       m_axi|                  gmem2|       pointer|
|m_axi_gmem2_WUSER     |  out|    1|       m_axi|                  gmem2|       pointer|
|m_axi_gmem2_ARVALID   |  out|    1|       m_axi|                  gmem2|       pointer|
|m_axi_gmem2_ARREADY   |   in|    1|       m_axi|                  gmem2|       pointer|
|m_axi_gmem2_ARADDR    |  out|   64|       m_axi|                  gmem2|       pointer|
|m_axi_gmem2_ARID      |  out|    1|       m_axi|                  gmem2|       pointer|
|m_axi_gmem2_ARLEN     |  out|   32|       m_axi|                  gmem2|       pointer|
|m_axi_gmem2_ARSIZE    |  out|    3|       m_axi|                  gmem2|       pointer|
|m_axi_gmem2_ARBURST   |  out|    2|       m_axi|                  gmem2|       pointer|
|m_axi_gmem2_ARLOCK    |  out|    2|       m_axi|                  gmem2|       pointer|
|m_axi_gmem2_ARCACHE   |  out|    4|       m_axi|                  gmem2|       pointer|
|m_axi_gmem2_ARPROT    |  out|    3|       m_axi|                  gmem2|       pointer|
|m_axi_gmem2_ARQOS     |  out|    4|       m_axi|                  gmem2|       pointer|
|m_axi_gmem2_ARREGION  |  out|    4|       m_axi|                  gmem2|       pointer|
|m_axi_gmem2_ARUSER    |  out|    1|       m_axi|                  gmem2|       pointer|
|m_axi_gmem2_RVALID    |   in|    1|       m_axi|                  gmem2|       pointer|
|m_axi_gmem2_RREADY    |  out|    1|       m_axi|                  gmem2|       pointer|
|m_axi_gmem2_RDATA     |   in|   32|       m_axi|                  gmem2|       pointer|
|m_axi_gmem2_RLAST     |   in|    1|       m_axi|                  gmem2|       pointer|
|m_axi_gmem2_RID       |   in|    1|       m_axi|                  gmem2|       pointer|
|m_axi_gmem2_RFIFONUM  |   in|    9|       m_axi|                  gmem2|       pointer|
|m_axi_gmem2_RUSER     |   in|    1|       m_axi|                  gmem2|       pointer|
|m_axi_gmem2_RRESP     |   in|    2|       m_axi|                  gmem2|       pointer|
|m_axi_gmem2_BVALID    |   in|    1|       m_axi|                  gmem2|       pointer|
|m_axi_gmem2_BREADY    |  out|    1|       m_axi|                  gmem2|       pointer|
|m_axi_gmem2_BRESP     |   in|    2|       m_axi|                  gmem2|       pointer|
|m_axi_gmem2_BID       |   in|    1|       m_axi|                  gmem2|       pointer|
|m_axi_gmem2_BUSER     |   in|    1|       m_axi|                  gmem2|       pointer|
|sext_ln164_1          |   in|   62|     ap_none|           sext_ln164_1|        scalar|
|mul237                |   in|   32|     ap_none|                 mul237|        scalar|
|b_col                 |   in|   32|     ap_none|                  b_col|        scalar|
|localC_reload         |   in|   32|     ap_none|          localC_reload|        scalar|
|localC_1_reload       |   in|   32|     ap_none|        localC_1_reload|        scalar|
|localC_2_reload       |   in|   32|     ap_none|        localC_2_reload|        scalar|
|localC_3_reload       |   in|   32|     ap_none|        localC_3_reload|        scalar|
|localC_4_reload       |   in|   32|     ap_none|        localC_4_reload|        scalar|
|localC_5_reload       |   in|   32|     ap_none|        localC_5_reload|        scalar|
|localC_6_reload       |   in|   32|     ap_none|        localC_6_reload|        scalar|
|localC_7_reload       |   in|   32|     ap_none|        localC_7_reload|        scalar|
|localC_8_reload       |   in|   32|     ap_none|        localC_8_reload|        scalar|
|localC_9_reload       |   in|   32|     ap_none|        localC_9_reload|        scalar|
|localC_10_reload      |   in|   32|     ap_none|       localC_10_reload|        scalar|
|localC_11_reload      |   in|   32|     ap_none|       localC_11_reload|        scalar|
|localC_12_reload      |   in|   32|     ap_none|       localC_12_reload|        scalar|
|localC_13_reload      |   in|   32|     ap_none|       localC_13_reload|        scalar|
|localC_14_reload      |   in|   32|     ap_none|       localC_14_reload|        scalar|
|localC_15_reload      |   in|   32|     ap_none|       localC_15_reload|        scalar|
|localC_16_reload      |   in|   32|     ap_none|       localC_16_reload|        scalar|
|localC_17_reload      |   in|   32|     ap_none|       localC_17_reload|        scalar|
|localC_18_reload      |   in|   32|     ap_none|       localC_18_reload|        scalar|
|localC_19_reload      |   in|   32|     ap_none|       localC_19_reload|        scalar|
|localC_20_reload      |   in|   32|     ap_none|       localC_20_reload|        scalar|
|localC_21_reload      |   in|   32|     ap_none|       localC_21_reload|        scalar|
|localC_22_reload      |   in|   32|     ap_none|       localC_22_reload|        scalar|
|localC_23_reload      |   in|   32|     ap_none|       localC_23_reload|        scalar|
|localC_24_reload      |   in|   32|     ap_none|       localC_24_reload|        scalar|
|localC_25_reload      |   in|   32|     ap_none|       localC_25_reload|        scalar|
|localC_26_reload      |   in|   32|     ap_none|       localC_26_reload|        scalar|
|localC_27_reload      |   in|   32|     ap_none|       localC_27_reload|        scalar|
|localC_28_reload      |   in|   32|     ap_none|       localC_28_reload|        scalar|
|localC_29_reload      |   in|   32|     ap_none|       localC_29_reload|        scalar|
|localC_30_reload      |   in|   32|     ap_none|       localC_30_reload|        scalar|
|localC_31_reload      |   in|   32|     ap_none|       localC_31_reload|        scalar|
|localC_32_reload      |   in|   32|     ap_none|       localC_32_reload|        scalar|
|localC_33_reload      |   in|   32|     ap_none|       localC_33_reload|        scalar|
|localC_34_reload      |   in|   32|     ap_none|       localC_34_reload|        scalar|
|localC_35_reload      |   in|   32|     ap_none|       localC_35_reload|        scalar|
|localC_36_reload      |   in|   32|     ap_none|       localC_36_reload|        scalar|
|localC_37_reload      |   in|   32|     ap_none|       localC_37_reload|        scalar|
|localC_38_reload      |   in|   32|     ap_none|       localC_38_reload|        scalar|
|localC_39_reload      |   in|   32|     ap_none|       localC_39_reload|        scalar|
|localC_40_reload      |   in|   32|     ap_none|       localC_40_reload|        scalar|
|localC_41_reload      |   in|   32|     ap_none|       localC_41_reload|        scalar|
|localC_42_reload      |   in|   32|     ap_none|       localC_42_reload|        scalar|
|localC_43_reload      |   in|   32|     ap_none|       localC_43_reload|        scalar|
|localC_44_reload      |   in|   32|     ap_none|       localC_44_reload|        scalar|
|localC_45_reload      |   in|   32|     ap_none|       localC_45_reload|        scalar|
|localC_46_reload      |   in|   32|     ap_none|       localC_46_reload|        scalar|
|localC_47_reload      |   in|   32|     ap_none|       localC_47_reload|        scalar|
|localC_48_reload      |   in|   32|     ap_none|       localC_48_reload|        scalar|
|localC_49_reload      |   in|   32|     ap_none|       localC_49_reload|        scalar|
|localC_50_reload      |   in|   32|     ap_none|       localC_50_reload|        scalar|
|localC_51_reload      |   in|   32|     ap_none|       localC_51_reload|        scalar|
|localC_52_reload      |   in|   32|     ap_none|       localC_52_reload|        scalar|
|localC_53_reload      |   in|   32|     ap_none|       localC_53_reload|        scalar|
|localC_54_reload      |   in|   32|     ap_none|       localC_54_reload|        scalar|
|localC_55_reload      |   in|   32|     ap_none|       localC_55_reload|        scalar|
|localC_56_reload      |   in|   32|     ap_none|       localC_56_reload|        scalar|
|localC_57_reload      |   in|   32|     ap_none|       localC_57_reload|        scalar|
|localC_58_reload      |   in|   32|     ap_none|       localC_58_reload|        scalar|
|localC_59_reload      |   in|   32|     ap_none|       localC_59_reload|        scalar|
|localC_60_reload      |   in|   32|     ap_none|       localC_60_reload|        scalar|
|localC_61_reload      |   in|   32|     ap_none|       localC_61_reload|        scalar|
|localC_62_reload      |   in|   32|     ap_none|       localC_62_reload|        scalar|
|localC_63_reload      |   in|   32|     ap_none|       localC_63_reload|        scalar|
|localC_64_reload      |   in|   32|     ap_none|       localC_64_reload|        scalar|
|localC_65_reload      |   in|   32|     ap_none|       localC_65_reload|        scalar|
|localC_66_reload      |   in|   32|     ap_none|       localC_66_reload|        scalar|
|localC_67_reload      |   in|   32|     ap_none|       localC_67_reload|        scalar|
|localC_68_reload      |   in|   32|     ap_none|       localC_68_reload|        scalar|
|localC_69_reload      |   in|   32|     ap_none|       localC_69_reload|        scalar|
|localC_70_reload      |   in|   32|     ap_none|       localC_70_reload|        scalar|
|localC_71_reload      |   in|   32|     ap_none|       localC_71_reload|        scalar|
|localC_72_reload      |   in|   32|     ap_none|       localC_72_reload|        scalar|
|localC_73_reload      |   in|   32|     ap_none|       localC_73_reload|        scalar|
|localC_74_reload      |   in|   32|     ap_none|       localC_74_reload|        scalar|
|localC_75_reload      |   in|   32|     ap_none|       localC_75_reload|        scalar|
|localC_76_reload      |   in|   32|     ap_none|       localC_76_reload|        scalar|
|localC_77_reload      |   in|   32|     ap_none|       localC_77_reload|        scalar|
|localC_78_reload      |   in|   32|     ap_none|       localC_78_reload|        scalar|
|localC_79_reload      |   in|   32|     ap_none|       localC_79_reload|        scalar|
|localC_80_reload      |   in|   32|     ap_none|       localC_80_reload|        scalar|
|localC_81_reload      |   in|   32|     ap_none|       localC_81_reload|        scalar|
|localC_82_reload      |   in|   32|     ap_none|       localC_82_reload|        scalar|
|localC_83_reload      |   in|   32|     ap_none|       localC_83_reload|        scalar|
|localC_84_reload      |   in|   32|     ap_none|       localC_84_reload|        scalar|
|localC_85_reload      |   in|   32|     ap_none|       localC_85_reload|        scalar|
|localC_86_reload      |   in|   32|     ap_none|       localC_86_reload|        scalar|
|localC_87_reload      |   in|   32|     ap_none|       localC_87_reload|        scalar|
|localC_88_reload      |   in|   32|     ap_none|       localC_88_reload|        scalar|
|localC_89_reload      |   in|   32|     ap_none|       localC_89_reload|        scalar|
|localC_90_reload      |   in|   32|     ap_none|       localC_90_reload|        scalar|
|localC_91_reload      |   in|   32|     ap_none|       localC_91_reload|        scalar|
|localC_92_reload      |   in|   32|     ap_none|       localC_92_reload|        scalar|
|localC_93_reload      |   in|   32|     ap_none|       localC_93_reload|        scalar|
|localC_94_reload      |   in|   32|     ap_none|       localC_94_reload|        scalar|
|localC_95_reload      |   in|   32|     ap_none|       localC_95_reload|        scalar|
|localC_96_reload      |   in|   32|     ap_none|       localC_96_reload|        scalar|
|localC_97_reload      |   in|   32|     ap_none|       localC_97_reload|        scalar|
|localC_98_reload      |   in|   32|     ap_none|       localC_98_reload|        scalar|
|localC_99_reload      |   in|   32|     ap_none|       localC_99_reload|        scalar|
|localC_100_reload     |   in|   32|     ap_none|      localC_100_reload|        scalar|
|localC_101_reload     |   in|   32|     ap_none|      localC_101_reload|        scalar|
|localC_102_reload     |   in|   32|     ap_none|      localC_102_reload|        scalar|
|localC_103_reload     |   in|   32|     ap_none|      localC_103_reload|        scalar|
|localC_104_reload     |   in|   32|     ap_none|      localC_104_reload|        scalar|
|localC_105_reload     |   in|   32|     ap_none|      localC_105_reload|        scalar|
|localC_106_reload     |   in|   32|     ap_none|      localC_106_reload|        scalar|
|localC_107_reload     |   in|   32|     ap_none|      localC_107_reload|        scalar|
|localC_108_reload     |   in|   32|     ap_none|      localC_108_reload|        scalar|
|localC_109_reload     |   in|   32|     ap_none|      localC_109_reload|        scalar|
|localC_110_reload     |   in|   32|     ap_none|      localC_110_reload|        scalar|
|localC_111_reload     |   in|   32|     ap_none|      localC_111_reload|        scalar|
|localC_112_reload     |   in|   32|     ap_none|      localC_112_reload|        scalar|
|localC_113_reload     |   in|   32|     ap_none|      localC_113_reload|        scalar|
|localC_114_reload     |   in|   32|     ap_none|      localC_114_reload|        scalar|
|localC_115_reload     |   in|   32|     ap_none|      localC_115_reload|        scalar|
|localC_116_reload     |   in|   32|     ap_none|      localC_116_reload|        scalar|
|localC_117_reload     |   in|   32|     ap_none|      localC_117_reload|        scalar|
|localC_118_reload     |   in|   32|     ap_none|      localC_118_reload|        scalar|
|localC_119_reload     |   in|   32|     ap_none|      localC_119_reload|        scalar|
|localC_120_reload     |   in|   32|     ap_none|      localC_120_reload|        scalar|
|localC_121_reload     |   in|   32|     ap_none|      localC_121_reload|        scalar|
|localC_122_reload     |   in|   32|     ap_none|      localC_122_reload|        scalar|
|localC_123_reload     |   in|   32|     ap_none|      localC_123_reload|        scalar|
|localC_124_reload     |   in|   32|     ap_none|      localC_124_reload|        scalar|
|localC_125_reload     |   in|   32|     ap_none|      localC_125_reload|        scalar|
|localC_126_reload     |   in|   32|     ap_none|      localC_126_reload|        scalar|
|localC_127_reload     |   in|   32|     ap_none|      localC_127_reload|        scalar|
|localC_128_reload     |   in|   32|     ap_none|      localC_128_reload|        scalar|
|localC_129_reload     |   in|   32|     ap_none|      localC_129_reload|        scalar|
|localC_130_reload     |   in|   32|     ap_none|      localC_130_reload|        scalar|
|localC_131_reload     |   in|   32|     ap_none|      localC_131_reload|        scalar|
|localC_132_reload     |   in|   32|     ap_none|      localC_132_reload|        scalar|
|localC_133_reload     |   in|   32|     ap_none|      localC_133_reload|        scalar|
|localC_134_reload     |   in|   32|     ap_none|      localC_134_reload|        scalar|
|localC_135_reload     |   in|   32|     ap_none|      localC_135_reload|        scalar|
|localC_136_reload     |   in|   32|     ap_none|      localC_136_reload|        scalar|
|localC_137_reload     |   in|   32|     ap_none|      localC_137_reload|        scalar|
|localC_138_reload     |   in|   32|     ap_none|      localC_138_reload|        scalar|
|localC_139_reload     |   in|   32|     ap_none|      localC_139_reload|        scalar|
|localC_140_reload     |   in|   32|     ap_none|      localC_140_reload|        scalar|
|localC_141_reload     |   in|   32|     ap_none|      localC_141_reload|        scalar|
|localC_142_reload     |   in|   32|     ap_none|      localC_142_reload|        scalar|
|localC_143_reload     |   in|   32|     ap_none|      localC_143_reload|        scalar|
|localC_144_reload     |   in|   32|     ap_none|      localC_144_reload|        scalar|
|localC_145_reload     |   in|   32|     ap_none|      localC_145_reload|        scalar|
|localC_146_reload     |   in|   32|     ap_none|      localC_146_reload|        scalar|
|localC_147_reload     |   in|   32|     ap_none|      localC_147_reload|        scalar|
|localC_148_reload     |   in|   32|     ap_none|      localC_148_reload|        scalar|
|localC_149_reload     |   in|   32|     ap_none|      localC_149_reload|        scalar|
|localC_150_reload     |   in|   32|     ap_none|      localC_150_reload|        scalar|
|localC_151_reload     |   in|   32|     ap_none|      localC_151_reload|        scalar|
|localC_152_reload     |   in|   32|     ap_none|      localC_152_reload|        scalar|
|localC_153_reload     |   in|   32|     ap_none|      localC_153_reload|        scalar|
|localC_154_reload     |   in|   32|     ap_none|      localC_154_reload|        scalar|
|localC_155_reload     |   in|   32|     ap_none|      localC_155_reload|        scalar|
|localC_156_reload     |   in|   32|     ap_none|      localC_156_reload|        scalar|
|localC_157_reload     |   in|   32|     ap_none|      localC_157_reload|        scalar|
|localC_158_reload     |   in|   32|     ap_none|      localC_158_reload|        scalar|
|localC_159_reload     |   in|   32|     ap_none|      localC_159_reload|        scalar|
|localC_160_reload     |   in|   32|     ap_none|      localC_160_reload|        scalar|
|localC_161_reload     |   in|   32|     ap_none|      localC_161_reload|        scalar|
|localC_162_reload     |   in|   32|     ap_none|      localC_162_reload|        scalar|
|localC_163_reload     |   in|   32|     ap_none|      localC_163_reload|        scalar|
|localC_164_reload     |   in|   32|     ap_none|      localC_164_reload|        scalar|
|localC_165_reload     |   in|   32|     ap_none|      localC_165_reload|        scalar|
|localC_166_reload     |   in|   32|     ap_none|      localC_166_reload|        scalar|
|localC_167_reload     |   in|   32|     ap_none|      localC_167_reload|        scalar|
|localC_168_reload     |   in|   32|     ap_none|      localC_168_reload|        scalar|
|localC_169_reload     |   in|   32|     ap_none|      localC_169_reload|        scalar|
|localC_170_reload     |   in|   32|     ap_none|      localC_170_reload|        scalar|
|localC_171_reload     |   in|   32|     ap_none|      localC_171_reload|        scalar|
|localC_172_reload     |   in|   32|     ap_none|      localC_172_reload|        scalar|
|localC_173_reload     |   in|   32|     ap_none|      localC_173_reload|        scalar|
|localC_174_reload     |   in|   32|     ap_none|      localC_174_reload|        scalar|
|localC_175_reload     |   in|   32|     ap_none|      localC_175_reload|        scalar|
|localC_176_reload     |   in|   32|     ap_none|      localC_176_reload|        scalar|
|localC_177_reload     |   in|   32|     ap_none|      localC_177_reload|        scalar|
|localC_178_reload     |   in|   32|     ap_none|      localC_178_reload|        scalar|
|localC_179_reload     |   in|   32|     ap_none|      localC_179_reload|        scalar|
|localC_180_reload     |   in|   32|     ap_none|      localC_180_reload|        scalar|
|localC_181_reload     |   in|   32|     ap_none|      localC_181_reload|        scalar|
|localC_182_reload     |   in|   32|     ap_none|      localC_182_reload|        scalar|
|localC_183_reload     |   in|   32|     ap_none|      localC_183_reload|        scalar|
|localC_184_reload     |   in|   32|     ap_none|      localC_184_reload|        scalar|
|localC_185_reload     |   in|   32|     ap_none|      localC_185_reload|        scalar|
|localC_186_reload     |   in|   32|     ap_none|      localC_186_reload|        scalar|
|localC_187_reload     |   in|   32|     ap_none|      localC_187_reload|        scalar|
|localC_188_reload     |   in|   32|     ap_none|      localC_188_reload|        scalar|
|localC_189_reload     |   in|   32|     ap_none|      localC_189_reload|        scalar|
|localC_190_reload     |   in|   32|     ap_none|      localC_190_reload|        scalar|
|localC_191_reload     |   in|   32|     ap_none|      localC_191_reload|        scalar|
|localC_192_reload     |   in|   32|     ap_none|      localC_192_reload|        scalar|
|localC_193_reload     |   in|   32|     ap_none|      localC_193_reload|        scalar|
|localC_194_reload     |   in|   32|     ap_none|      localC_194_reload|        scalar|
|localC_195_reload     |   in|   32|     ap_none|      localC_195_reload|        scalar|
|localC_196_reload     |   in|   32|     ap_none|      localC_196_reload|        scalar|
|localC_197_reload     |   in|   32|     ap_none|      localC_197_reload|        scalar|
|localC_198_reload     |   in|   32|     ap_none|      localC_198_reload|        scalar|
|localC_199_reload     |   in|   32|     ap_none|      localC_199_reload|        scalar|
|localC_200_reload     |   in|   32|     ap_none|      localC_200_reload|        scalar|
|localC_201_reload     |   in|   32|     ap_none|      localC_201_reload|        scalar|
|localC_202_reload     |   in|   32|     ap_none|      localC_202_reload|        scalar|
|localC_203_reload     |   in|   32|     ap_none|      localC_203_reload|        scalar|
|localC_204_reload     |   in|   32|     ap_none|      localC_204_reload|        scalar|
|localC_205_reload     |   in|   32|     ap_none|      localC_205_reload|        scalar|
|localC_206_reload     |   in|   32|     ap_none|      localC_206_reload|        scalar|
|localC_207_reload     |   in|   32|     ap_none|      localC_207_reload|        scalar|
|localC_208_reload     |   in|   32|     ap_none|      localC_208_reload|        scalar|
|localC_209_reload     |   in|   32|     ap_none|      localC_209_reload|        scalar|
|localC_210_reload     |   in|   32|     ap_none|      localC_210_reload|        scalar|
|localC_211_reload     |   in|   32|     ap_none|      localC_211_reload|        scalar|
|localC_212_reload     |   in|   32|     ap_none|      localC_212_reload|        scalar|
|localC_213_reload     |   in|   32|     ap_none|      localC_213_reload|        scalar|
|localC_214_reload     |   in|   32|     ap_none|      localC_214_reload|        scalar|
|localC_215_reload     |   in|   32|     ap_none|      localC_215_reload|        scalar|
|localC_216_reload     |   in|   32|     ap_none|      localC_216_reload|        scalar|
|localC_217_reload     |   in|   32|     ap_none|      localC_217_reload|        scalar|
|localC_218_reload     |   in|   32|     ap_none|      localC_218_reload|        scalar|
|localC_219_reload     |   in|   32|     ap_none|      localC_219_reload|        scalar|
|localC_220_reload     |   in|   32|     ap_none|      localC_220_reload|        scalar|
|localC_221_reload     |   in|   32|     ap_none|      localC_221_reload|        scalar|
|localC_222_reload     |   in|   32|     ap_none|      localC_222_reload|        scalar|
|localC_223_reload     |   in|   32|     ap_none|      localC_223_reload|        scalar|
|localC_224_reload     |   in|   32|     ap_none|      localC_224_reload|        scalar|
|localC_225_reload     |   in|   32|     ap_none|      localC_225_reload|        scalar|
|localC_226_reload     |   in|   32|     ap_none|      localC_226_reload|        scalar|
|localC_227_reload     |   in|   32|     ap_none|      localC_227_reload|        scalar|
|localC_228_reload     |   in|   32|     ap_none|      localC_228_reload|        scalar|
|localC_229_reload     |   in|   32|     ap_none|      localC_229_reload|        scalar|
|localC_230_reload     |   in|   32|     ap_none|      localC_230_reload|        scalar|
|localC_231_reload     |   in|   32|     ap_none|      localC_231_reload|        scalar|
|localC_232_reload     |   in|   32|     ap_none|      localC_232_reload|        scalar|
|localC_233_reload     |   in|   32|     ap_none|      localC_233_reload|        scalar|
|localC_234_reload     |   in|   32|     ap_none|      localC_234_reload|        scalar|
|localC_235_reload     |   in|   32|     ap_none|      localC_235_reload|        scalar|
|localC_236_reload     |   in|   32|     ap_none|      localC_236_reload|        scalar|
|localC_237_reload     |   in|   32|     ap_none|      localC_237_reload|        scalar|
|localC_238_reload     |   in|   32|     ap_none|      localC_238_reload|        scalar|
|localC_239_reload     |   in|   32|     ap_none|      localC_239_reload|        scalar|
|localC_240_reload     |   in|   32|     ap_none|      localC_240_reload|        scalar|
|localC_241_reload     |   in|   32|     ap_none|      localC_241_reload|        scalar|
|localC_242_reload     |   in|   32|     ap_none|      localC_242_reload|        scalar|
|localC_243_reload     |   in|   32|     ap_none|      localC_243_reload|        scalar|
|localC_244_reload     |   in|   32|     ap_none|      localC_244_reload|        scalar|
|localC_245_reload     |   in|   32|     ap_none|      localC_245_reload|        scalar|
|localC_246_reload     |   in|   32|     ap_none|      localC_246_reload|        scalar|
|localC_247_reload     |   in|   32|     ap_none|      localC_247_reload|        scalar|
|localC_248_reload     |   in|   32|     ap_none|      localC_248_reload|        scalar|
|localC_249_reload     |   in|   32|     ap_none|      localC_249_reload|        scalar|
|localC_250_reload     |   in|   32|     ap_none|      localC_250_reload|        scalar|
|localC_251_reload     |   in|   32|     ap_none|      localC_251_reload|        scalar|
|localC_252_reload     |   in|   32|     ap_none|      localC_252_reload|        scalar|
|localC_253_reload     |   in|   32|     ap_none|      localC_253_reload|        scalar|
|localC_254_reload     |   in|   32|     ap_none|      localC_254_reload|        scalar|
|localC_255_reload     |   in|   32|     ap_none|      localC_255_reload|        scalar|
|c                     |   in|   64|     ap_none|                      c|        scalar|
+----------------------+-----+-----+------------+-----------------------+--------------+

